[1] "Category_005"
     Product_Category                          Date Order_Demand
1        Category_005 <environment: 0x7fba05b07938>       385765
2        Category_005 <environment: 0x7fba05b25d38>       720685
3        Category_005 <environment: 0x7fba05b3bb50>       901025
4        Category_005 <environment: 0x7fba05b63508>       685745
5        Category_005 <environment: 0x7fba05b6d310>       727900
6        Category_005 <environment: 0x7fba05b7ea40>       785800
7        Category_005 <environment: 0x7fba05ba7cd8>       743925
8        Category_005 <environment: 0x7fba05bd3e88>       760275
9        Category_005 <environment: 0x7fba05bdafa8>       810445
10       Category_005 <environment: 0x7fba05be5e88>       885165
11       Category_005 <environment: 0x7fba05c18c88>       734075
12       Category_005 <environment: 0x7fba05c20390>       583270
13       Category_005 <environment: 0x7fba05c2dc10>       618370
14       Category_005 <environment: 0x7fba05c46da0>       910275
15       Category_005 <environment: 0x7fba05fe8da8>       484680
16       Category_005 <environment: 0x7fba0600b580>       679055
17       Category_005 <environment: 0x7fba060132a8>       533440
18       Category_005 <environment: 0x7fba06023bd8>       525240
19       Category_005 <environment: 0x7fba06045008>      1041150
20       Category_005 <environment: 0x7fba06051190>       695680
21       Category_005 <environment: 0x7fba060770e8>       811530
22       Category_005 <environment: 0x7fba060f2f60>       581010
23       Category_005 <environment: 0x7fba0615e6d8>       693625
24       Category_005 <environment: 0x7fba0619da50>       885475
25       Category_005 <environment: 0x7fba061c99e0>       858765
26       Category_005 <environment: 0x7fba061ddb68>       621525
27       Category_005 <environment: 0x7fba061e9e78>       784970
28       Category_005 <environment: 0x7fba061f0630>       670825
29       Category_005 <environment: 0x7fba0620dba0>       581370
30       Category_005 <environment: 0x7fba06218400>       653710
31       Category_005 <environment: 0x7fba06220400>       630345
32       Category_005 <environment: 0x7fba0622a2e8>       745600
33       Category_005 <environment: 0x7fba0623dba0>       239425
34       Category_005 <environment: 0x7fba06247b30>       772860
35       Category_005 <environment: 0x7fba0624fa88>       616000
36       Category_005 <environment: 0x7fba06257b68>       834920
37       Category_005 <environment: 0x7fba06261c10>       505820
38       Category_005 <environment: 0x7fba06269970>       592135
39       Category_005 <environment: 0x7fba06271970>       663525
40       Category_005 <environment: 0x7fba0627ba50>       849075
41       Category_005 <environment: 0x7fba06285af8>       381605
42       Category_005 <environment: 0x7fba0628fc48>       555075
43       Category_005 <environment: 0x7fba06297d60>       623600
44       Category_005 <environment: 0x7fba062a74a0>       766500
45       Category_005 <environment: 0x7fba062b1580>       713355
46       Category_005 <environment: 0x7fba062bb660>       599350
47       Category_005 <environment: 0x7fba062c56d0>       492115
48       Category_005 <environment: 0x7fba062cd7e8>       587635
49       Category_005 <environment: 0x7fba151edd00>       735770
50       Category_005 <environment: 0x7fba855107a8>       620375
51       Category_005 <environment: 0x7fba85798e88>       623810
52       Category_005 <environment: 0x7fba857ad3a0>       457900
53       Category_005 <environment: 0x7fba150b3cf0>       311725
54       Category_005 <environment: 0x7fba150bbd60>       952125
55       Category_005 <environment: 0x7fba15093e40>       558650
56       Category_005 <environment: 0x7fba15069f58>       721015
57       Category_005 <environment: 0x7fba15074070>       637525
58       Category_005 <environment: 0x7fba8556b2e0>       756895
59       Category_005 <environment: 0x7fba15452eb0>       382625
60       Category_005 <environment: 0x7fba15460bc8>       687740
61       Category_005 <environment: 0x7fba15468a78>       592150
62       Category_005 <environment: 0x7fba154728f0>       756270
63       Category_005 <environment: 0x7fba15479f88>       761765
64       Category_005 <environment: 0x7fba1548fce8>       571575
65       Category_005 <environment: 0x7fba154999a0>       757950
66       Category_005 <environment: 0x7fba154a1a80>       719875
67       Category_005 <environment: 0x7fba154a9498>       509500
68       Category_005 <environment: 0x7fba154b3070>       618375
69       Category_005 <environment: 0x7fba154bea08>       545250
70       Category_005 <environment: 0x7fba154c61f0>       561670
71       Category_005 <environment: 0x7fba154ce1b8>       571145
72       Category_005 <environment: 0x7fba154d7a80>       989625
73       Category_005 <environment: 0x7fba154dfb28>       798385
74       Category_005 <environment: 0x7fba154e7bd0>       707080
75       Category_005 <environment: 0x7fba154f1c78>       789195
76       Category_005 <environment: 0x7fba154f9c78>       601700
77       Category_005 <environment: 0x7fba15506ae8>       611575
78       Category_005 <environment: 0x7fba155158c0>       852550
79       Category_005 <environment: 0x7fba1551fb98>       740885
80       Category_005 <environment: 0x7fba1552c4c8>       490890
81       Category_005 <environment: 0x7fba15533498>       677345
82       Category_005 <environment: 0x7fba1553cfc8>       906450
83       Category_005 <environment: 0x7fba1554ac38>       730510
84       Category_005 <environment: 0x7fba15553bd0>       607195
85       Category_005 <environment: 0x7fba15561af0>       377925
86       Category_005 <environment: 0x7fba1557a228>       706000
87       Category_005 <environment: 0x7fba15584228>       945475
88       Category_005 <environment: 0x7fba155973f0>       723350
89       Category_005 <environment: 0x7fba155a86f8>       791425
90       Category_005 <environment: 0x7fba155f3d90>       707000
91       Category_005 <environment: 0x7fba155fb850>       691500
92       Category_005 <environment: 0x7fba15603700>       790325
93       Category_005 <environment: 0x7fba1560d4d0>       599660
94       Category_005 <environment: 0x7fba15614f90>       605050
95       Category_005 <environment: 0x7fba15622180>      1153275
96       Category_005 <environment: 0x7fba1562bf18>       610600
97       Category_005 <environment: 0x7fba15633e70>       751525
98       Category_005 <environment: 0x7fba15640148>       602300
99       Category_005 <environment: 0x7fba1566d3b8>       713775
100      Category_005 <environment: 0x7fba15686490>       662645
101      Category_005 <environment: 0x7fba15691888>       843720
102      Category_005 <environment: 0x7fba15699578>       911675
103      Category_005 <environment: 0x7fba156a5508>       834775
104      Category_005 <environment: 0x7fba156b11f8>       557420
105      Category_005 <environment: 0x7fba156bc880>       347800
106      Category_005 <environment: 0x7fba156ce9d0>       903025
107      Category_005 <environment: 0x7fba156d6ab0>      1074475
108      Category_005 <environment: 0x7fba156ef070>       863510
109      Category_005 <environment: 0x7fba1570b508>       681920
110      Category_005 <environment: 0x7fba15718180>       628550
111      Category_005 <environment: 0x7fba1571fb60>       630350
112      Category_005 <environment: 0x7fba15729968>       907145
113      Category_005 <environment: 0x7fba15734768>       769130
114      Category_005 <environment: 0x7fba15741578>       844475
115      Category_005 <environment: 0x7fba15751bd0>       832905
116      Category_005 <environment: 0x7fba1575dfc0>       839365
117      Category_005 <environment: 0x7fba157730a8>      1012535
118      Category_005 <environment: 0x7fba1577ce08>       757210
119      Category_005 <environment: 0x7fba15788458>       811170
120      Category_005 <environment: 0x7fba15791428>      1154225
121      Category_005 <environment: 0x7fba15799508>       607900
122      Category_005 <environment: 0x7fba157a3540>       741775
123      Category_005 <environment: 0x7fba157ad578>       689350
124      Category_005 <environment: 0x7fba65089498>       790950
125      Category_005 <environment: 0x7fba062da550>       872680
126      Category_005 <environment: 0x7fba062e4518>       862070
127      Category_005 <environment: 0x7fba062ec588>       788450
128      Category_005 <environment: 0x7fba062f6668>       814910
129      Category_005 <environment: 0x7fba062fe710>       869390
130      Category_005 <environment: 0x7fba063067f0>       584370
131      Category_005 <environment: 0x7fba06310828>      1025675
132      Category_005 <environment: 0x7fba06318588>       879410
133      Category_005 <environment: 0x7fba06320588>       553650
134      Category_005 <environment: 0x7fba0632c588>       639925
135      Category_005 <environment: 0x7fba06340670>       957875
136      Category_005 <environment: 0x7fba06344808>       742780
137      Category_005 <environment: 0x7fba06357b80>       455550
138      Category_005 <environment: 0x7fba0635f9f8>       966470
139      Category_005 <environment: 0x7fba063678a8>       671025
140      Category_005 <environment: 0x7fba063733d8>       761565
141      Category_005 <environment: 0x7fba0637b0c8>       943040
142      Category_005 <environment: 0x7fba06383058>       849810
143      Category_005 <environment: 0x7fba0638e990>       735695
144      Category_005 <environment: 0x7fba0639a0c0>      1537490
145      Category_005 <environment: 0x7fba063a1fe0>       733550
146      Category_005 <environment: 0x7fba063ab090>       666000
147      Category_005 <environment: 0x7fba063b4fb0>       863650
148      Category_005 <environment: 0x7fba063cf838>      1138615
149      Category_005 <environment: 0x7fba063dc520>       731050
150      Category_005 <environment: 0x7fba063e5138>       864460
151      Category_005 <environment: 0x7fba063ed100>      1246810
152      Category_005 <environment: 0x7fba063f71a8>      1177510
153      Category_005 <environment: 0x7fba063ff218>       951850
154      Category_005 <environment: 0x7fba06434248>       907620
155      Category_005 <environment: 0x7fba0643c280>      1007165
156      Category_005 <environment: 0x7fba06445988>       740970
157      Category_005 <environment: 0x7fba06451608>       400500
158      Category_005 <environment: 0x7fba0645fa30>      1447635
159      Category_005 <environment: 0x7fba06486920>      1953800
160      Category_005 <environment: 0x7fba064a1448>       798735
161      Category_005 <environment: 0x7fba0668a328>       665275
162      Category_005 <environment: 0x7fba06692130>      1009110
163      Category_005 <environment: 0x7fba0669aed0>      1339450
164      Category_005 <environment: 0x7fba066a6a38>      1204590
165      Category_005 <environment: 0x7fba066bb2c0>      1158915
166      Category_005 <environment: 0x7fba066ca6e0>       900045
167      Category_005 <environment: 0x7fba066d3cd0>       972025
168      Category_005 <environment: 0x7fba066dbd08>       946140
169      Category_005 <environment: 0x7fba066e5db0>      1505760
170      Category_005 <environment: 0x7fba066edcd0>      1138650
171      Category_005 <environment: 0x7fba066fcf08>       860060
172      Category_005 <environment: 0x7fba06706d80>       853400
173      Category_005 <environment: 0x7fba067142f0>       804770
174      Category_005 <environment: 0x7fba0673dc60>       704060
175      Category_005 <environment: 0x7fba067473a0>       487575
176      Category_005 <environment: 0x7fba0674f3d8>       802210
177      Category_005 <environment: 0x7fba06756fb0>       758725
178      Category_005 <environment: 0x7fba06763020>       901875
179      Category_005 <environment: 0x7fba0676ad48>       703250
180      Category_005 <environment: 0x7fba06772d80>       719010
181      Category_005 <environment: 0x7fba0677c878>      1022580
182      Category_005 <environment: 0x7fba0678a6e0>       617855
183      Category_005 <environment: 0x7fba06798ed0>       866850
184      Category_005 <environment: 0x7fba067aa3d0>       617320
185      Category_005 <environment: 0x7fba067b1f38>       599645
186      Category_005 <environment: 0x7fba067c4db8>       962260
187      Category_005 <environment: 0x7fba067cf720>      1013550
188      Category_005 <environment: 0x7fba067dd870>       622545
189      Category_005 <environment: 0x7fba067e4db8>       267200
190      Category_005 <environment: 0x7fba067ec8e8>      1139615
191      Category_005 <environment: 0x7fba067fb218>       492135
192      Category_005 <environment: 0x7fba0680f468>      1165380
193      Category_005 <environment: 0x7fba06816f60>       543405
194      Category_005 <environment: 0x7fba06823ee8>       676350
195      Category_005 <environment: 0x7fba0682bba0>      1027085
196      Category_005 <environment: 0x7fba06833a50>       758635
197      Category_005 <environment: 0x7fba0683b778>       669950
198      Category_005 <environment: 0x7fba0684a550>       838350
199      Category_005 <environment: 0x7fba068614a0>       671845
200      Category_005 <environment: 0x7fba06877938>       911595
201      Category_005 <environment: 0x7fba06881008>       590225
202      Category_005 <environment: 0x7fba06888710>       558855
203      Category_005 <environment: 0x7fba06897660>      1192210
204      Category_005 <environment: 0x7fba0689f350>       762810
205      Category_005 <environment: 0x7fba068a9040>      1109400
206      Category_005 <environment: 0x7fba068b4be0>       860610
207      Category_005 <environment: 0x7fba068be588>       603960
208      Category_005 <environment: 0x7fba068c9698>      1051625
209      Category_005 <environment: 0x7fba068f2e80>       409750
210      Category_005 <environment: 0x7fba068fe710>      1110580
211      Category_005 <environment: 0x7fba069086a0>       824430
212      Category_005 <environment: 0x7fba06919778>       843620
213      Category_005 <environment: 0x7fba06922b00>       683975
214      Category_005 <environment: 0x7fba0692a860>       742400
215      Category_005 <environment: 0x7fba069345f8>       516160
216      Category_005 <environment: 0x7fba0693c518>       898075
217      Category_005 <environment: 0x7fba06949158>       676730
218      Category_005 <environment: 0x7fba06955ac0>       975890
219      Category_005 <environment: 0x7fba06960240>       595100
220      Category_005 <environment: 0x7fba0697e828>       866785
221      Category_005 <environment: 0x7fba06989120>       718500
222      Category_005 <environment: 0x7fba06995708>       933530
223      Category_005 <environment: 0x7fba0699e668>       612525
224      Category_005 <environment: 0x7fba069b15b8>       768860
225      Category_005 <environment: 0x7fba06a1f5b8>       897450
226      Category_005 <environment: 0x7fba06a28cc0>       731775
227      Category_005 <environment: 0x7fba06a35f58>       545700
228      Category_005 <environment: 0x7fba06a3ca20>       715425
229      Category_005 <environment: 0x7fba06a49970>       798760
230      Category_005 <environment: 0x7fba06a72d68>       830910
231      Category_005 <environment: 0x7fba06a7ac88>       919825
232      Category_005 <environment: 0x7fba06a84c50>       456575
233      Category_005 <environment: 0x7fba06a90ac8>       453330
234      Category_005 <environment: 0x7fba06acf900>       672170
235      Category_005 <environment: 0x7fba06add740>       767600
236      Category_005 <environment: 0x7fba06aef8c8>       503710
237      Category_005 <environment: 0x7fba06af7548>       806500
238      Category_005 <environment: 0x7fba06b015b8>       445365
239      Category_005 <environment: 0x7fba06b093f8>       656650
240      Category_005 <environment: 0x7fba06b11270>       599825
241      Category_005 <environment: 0x7fba06b28860>       390200
242      Category_005 <environment: 0x7fba06b305f8>       850425
243      Category_005 <environment: 0x7fba06b3c0e0>       706975
244      Category_005 <environment: 0x7fba06b60f98>       876365
245      Category_005 <environment: 0x7fba06b6aba8>       469325
246      Category_005 <environment: 0x7fba06b77f90>       620725
247      Category_005 <environment: 0x7fba06ba20e0>       512075
248      Category_005 <environment: 0x7fba06ba9200>      1042875
249      Category_005 <environment: 0x7fba06bb2710>       689560
250      Category_005 <environment: 0x7fba06bbf1d0>       781300
251      Category_005 <environment: 0x7fba06bcfd08>       770105
252      Category_005 <environment: 0x7fba06be67b0>       628510
253      Category_005 <environment: 0x7fba06befe10>       844650
254      Category_005 <environment: 0x7fba06bfad98>       712875
255      Category_005 <environment: 0x7fba06c065c0>       817930
256      Category_005 <environment: 0x7fba06c12518>       679960
257      Category_005 <environment: 0x7fba06c1c390>      1325895
258      Category_005 <environment: 0x7fba06c3b4e8>       717675
259      Category_005 <environment: 0x7fba06c745c0>       666700
260      Category_005 <environment: 0x7fba06c7b4e8>       702800
261      Category_005 <environment: 0x7fba06c886d8>       853100
262      Category_006 <environment: 0x7fba06ca3678>      1937725
263      Category_006 <environment: 0x7fba06cb08a0>      1634534
264      Category_006 <environment: 0x7fba06cb9800>      1308601
265      Category_006 <environment: 0x7fba14e2b2c0>      1008368
266      Category_006 <environment: 0x7fba14b9cf28>      1422566
267      Category_006 <environment: 0x7fba14b487f0>      2261507
268      Category_006 <environment: 0x7fba14b35c80>      1133425
269      Category_006 <environment: 0x7fba14b17698>       999618
270      Category_006 <environment: 0x7fba14b0d200>      2366886
271      Category_006 <environment: 0x7fba14afe710>      1561106
272      Category_006 <environment: 0x7fba14af7468>      1366316
273      Category_006 <environment: 0x7fba14aedeb0>       787024
274      Category_006 <environment: 0x7fba14ae2d30>      1237146
275      Category_006 <environment: 0x7fba14adb7b0>      1675824
276      Category_006 <environment: 0x7fba14aca400>      1107213
277      Category_006 <environment: 0x7fba14abe278>      1264628
278      Category_006 <environment: 0x7fba14a8ac88>      1718522
279      Category_006 <environment: 0x7fba14a802b0>       912045
280      Category_006 <environment: 0x7fba14a78208>      1262838
281      Category_006 <environment: 0x7fba14a6f078>      1535479
282      Category_006 <environment: 0x7fba16304ce8>      1672337
283      Category_006 <environment: 0x7fba162f1078>      1418130
284      Category_006 <environment: 0x7fba162e77e8>      1876127
285      Category_006 <environment: 0x7fba162dc770>      1086245
286      Category_006 <environment: 0x7fba162d4b60>      1628917
287      Category_006 <environment: 0x7fba162cac08>       727843
288      Category_006 <environment: 0x7fba162bf548>      1093364
289      Category_006 <environment: 0x7fba162b20a8>      1673245
290      Category_006 <environment: 0x7fba16286968>      1037428
291      Category_006 <environment: 0x7fba16277510>       662778
292      Category_006 <environment: 0x7fba1626fc48>      1458092
293      Category_006 <environment: 0x7fba16263318>      1585331
294      Category_006 <environment: 0x7fba1625b510>       383023
295      Category_006 <environment: 0x7fba16251938>      1781166
296      Category_006 <environment: 0x7fba1624a380>      1076225
297      Category_006 <environment: 0x7fba1623a658>      1042868
298      Category_006 <environment: 0x7fba1622ba50>      1065933
299      Category_006 <environment: 0x7fba161a9f90>       801602
300      Category_006 <environment: 0x7fba16192cb0>      1224307
301      Category_006 <environment: 0x7fba161886c8>      1287696
302      Category_006 <environment: 0x7fba1614b740>       915554
303      Category_006 <environment: 0x7fba161419a8>      1608873
304      Category_006 <environment: 0x7fba160f27e0>       890626
305      Category_006 <environment: 0x7fba160e1e08>      1162875
306      Category_006 <environment: 0x7fba160d7008>      1243658
307      Category_006 <environment: 0x7fba160cde78>      1184933
308      Category_006 <environment: 0x7fba15e79198>       976428
309      Category_006 <environment: 0x7fba148c06d8>      1074729
310      Category_006 <environment: 0x7fba1487ee48>      1496366
311      Category_006 <environment: 0x7fba148726a0>      1547527
312      Category_006 <environment: 0x7fba1486ab38>      1229810
313      Category_006 <environment: 0x7fba1485e470>       387043
314      Category_006 <environment: 0x7fba15c38578>       105960
315      Category_006 <environment: 0x7fba15bb7e78>      2040012
316      Category_006 <environment: 0x7fba15ba7250>      1259511
317      Category_006 <environment: 0x7fba1595e238>      1817145
318      Category_006 <environment: 0x7fba1590aac0>      1673778
319      Category_006 <environment: 0x7fba152962d0>      1414756
320      Category_006 <environment: 0x7fba15288f20>       642438
321      Category_006 <environment: 0x7fba15282110>      1393671
322      Category_006 <environment: 0x7fba15277a48>      1164057
323      Category_006 <environment: 0x7fba15265bd0>      1965320
324      Category_006 <environment: 0x7fba15256030>      1465928
325      Category_006 <environment: 0x7fba15171468>      1481178
326      Category_006 <environment: 0x7fba1515e828>       856947
327      Category_006 <environment: 0x7fba15152518>      1967026
328      Category_006 <environment: 0x7fba15149430>      1692845
329      Category_006 <environment: 0x7fba1513e240>      1156922
330      Category_006 <environment: 0x7fba15135b68>      2065942
331      Category_006 <environment: 0x7fba15124668>       977023
332      Category_006 <environment: 0x7fba1511d078>      1832634
333      Category_006 <environment: 0x7fba150d9008>      1449013
334      Category_006 <environment: 0x7fba150567b8>      2129209
335      Category_006 <environment: 0x7fba15049468>      1388869
336      Category_006 <environment: 0x7fba15041c80>      1620533
337      Category_006 <environment: 0x7fba15037a88>      1628113
338      Category_006 <environment: 0x7fba1500c940>       890289
339      Category_006 <environment: 0x7fba857d90d8>      1775656
340      Category_006 <environment: 0x7fba857c07e0>      1414814
341      Category_006 <environment: 0x7fba85782900>      1748235
342      Category_006 <environment: 0x7fba85776eb0>      1431249
343      Category_006 <environment: 0x7fba85766cb8>      2013066
344      Category_006 <environment: 0x7fba8575af20>      2222782
345      Category_006 <environment: 0x7fba85750d28>       911677
346      Category_006 <environment: 0x7fba85746510>       766589
347      Category_006 <environment: 0x7fba8573a5b8>      1990704
348      Category_006 <environment: 0x7fba85432380>       985874
349      Category_006 <environment: 0x7fba854550d0>      2819516
350      Category_006 <environment: 0x7fba8546c5e0>      1519502
351      Category_006 <environment: 0x7fba85448f70>      1114232
352      Category_006 <environment: 0x7fba8547a538>      1409169
353      Category_006 <environment: 0x7fba8554d6c0>      2502680
354      Category_006 <environment: 0x7fba854637b8>      1887087
355      Category_006 <environment: 0x7fba94cafb40>      1234730
356      Category_006 <environment: 0x7fba94c89de0>      1702627
357      Category_006 <environment: 0x7fba55f96340>      2594022
358      Category_006 <environment: 0x7fba34d69120>      1290167
359      Category_006 <environment: 0x7fba34e4bb68>      1686720
360      Category_006 <environment: 0x7fba34e63120>      1952192
361      Category_006 <environment: 0x7fba34eb1628>      1411350
362      Category_006 <environment: 0x7fba34ec8668>      2320586
363      Category_006 <environment: 0x7fba34ed22e8>      1179806
364      Category_006 <environment: 0x7fba34eddcb8>      2216652
365      Category_006 <environment: 0x7fba34ee5af8>      1058562
366      Category_006 <environment: 0x7fba34eef970>       287600
367      Category_006 <environment: 0x7fba34efbcf0>      2042312
368      Category_006 <environment: 0x7fba34f02978>      1436523
369      Category_006 <environment: 0x7fba34f22be0>      1603942
370      Category_006 <environment: 0x7fba34f2fee8>      1590625
371      Category_006 <environment: 0x7fba34f45200>      1713154
372      Category_006 <environment: 0x7fba34f5d858>      1226771
373      Category_006 <environment: 0x7fba34f69ba0>      1989813
374      Category_006 <environment: 0x7fba34f719e0>      1259072
375      Category_006 <environment: 0x7fba34f7ee48>      1944088
376      Category_006 <environment: 0x7fba34f86ef0>      1457191
377      Category_006 <environment: 0x7fba34f90908>       995249
378      Category_006 <environment: 0x7fba34f9b9a8>      1792059
379      Category_006 <environment: 0x7fba34fa3548>      2380981
380      Category_006 <environment: 0x7fba34facf28>      1502884
381      Category_006 <environment: 0x7fba34fb6908>      1230676
382      Category_006 <environment: 0x7fba34fbe518>      1263344
383      Category_006 <environment: 0x7fba34fd39a8>      1772160
384      Category_006 <environment: 0x7fba34ff35b8>      1303842
385      Category_006 <environment: 0x7fba34ffd350>      1320084
386      Category_006 <environment: 0x7fba048114a0>      1030861
387      Category_006 <environment: 0x7fba04826470>      1291061
388      Category_006 <environment: 0x7fba04830588>      2394231
389      Category_006 <environment: 0x7fba0483c070>      1505415
390      Category_006 <environment: 0x7fba04845f58>       717524
391      Category_006 <environment: 0x7fba0484fe78>      1577452
392      Category_006 <environment: 0x7fba04859548>      1450397
393      Category_006 <environment: 0x7fba04863430>      1526419
394      Category_006 <environment: 0x7fba0486b120>       836218
395      Category_006 <environment: 0x7fba048751c8>      1411605
396      Category_006 <environment: 0x7fba0487cda0>       910460
397      Category_006 <environment: 0x7fba04886e80>      1191560
398      Category_006 <environment: 0x7fba0488ed68>      1048705
399      Category_006 <environment: 0x7fba048985c0>      1736478
400      Category_006 <environment: 0x7fba048a3e40>      1737965
401      Category_006 <environment: 0x7fba048aadd8>      2813870
402      Category_006 <environment: 0x7fba048b4c18>       928372
403      Category_006 <environment: 0x7fba048bc668>      1614771
404      Category_006 <environment: 0x7fba048c7f90>      1337119
405      Category_006 <environment: 0x7fba048d1d98>      2467368
406      Category_006 <environment: 0x7fba048d9cb8>      1291943
407      Category_006 <environment: 0x7fba048f3e40>      1506215
408      Category_006 <environment: 0x7fba048fdf20>      1005223
409      Category_006 <environment: 0x7fba04906070>      2439746
410      Category_006 <environment: 0x7fba04910c88>      2270331
411      Category_006 <environment: 0x7fba04925468>      2180941
412      Category_006 <environment: 0x7fba0492f120>      1861232
413      Category_006 <environment: 0x7fba04936da0>      1158163
414      Category_006 <environment: 0x7fba049444a8>      2733442
415      Category_006 <environment: 0x7fba04950780>      2193731
416      Category_006 <environment: 0x7fba0496f580>      1639524
417      Category_006 <environment: 0x7fba049765c0>      1089894
418      Category_006 <environment: 0x7fba04983f90>       406000
419      Category_006 <environment: 0x7fba0498d190>      2461259
420      Category_006 <environment: 0x7fba04994c88>      1508438
421      Category_006 <environment: 0x7fba0499c630>      2802442
422      Category_006 <environment: 0x7fba049a4240>      1447350
423      Category_006 <environment: 0x7fba049b1318>      4145260
424      Category_006 <environment: 0x7fba049b8860>      1524911
425      Category_006 <environment: 0x7fba049cae48>      3198272
426      Category_006 <environment: 0x7fba049d2320>      1231234
427      Category_006 <environment: 0x7fba049dd890>      1687348
428      Category_006 <environment: 0x7fba049e6b38>      1972495
429      Category_006 <environment: 0x7fba049f1b30>      1987933
430      Category_006 <environment: 0x7fba049fb0b0>      2819138
431      Category_006 <environment: 0x7fba04a300e0>      1995027
432      Category_006 <environment: 0x7fba04a38ba8>      1451722
433      Category_006 <environment: 0x7fba04a43dd0>      1776793
434      Category_006 <environment: 0x7fba04a4eef0>      1986332
435      Category_006 <environment: 0x7fba04a66000>       757132
436      Category_006 <environment: 0x7fba04a6f350>      1407730
437      Category_006 <environment: 0x7fba04aac038>      1362333
438      Category_006 <environment: 0x7fba04ab6038>      1151710
439      Category_006 <environment: 0x7fba04abea58>      1761340
440      Category_006 <environment: 0x7fba04ac8f28>      2074883
441      Category_006 <environment: 0x7fba04ad7fc8>      1998276
442      Category_006 <environment: 0x7fba04aea2b0>      1282669
443      Category_006 <environment: 0x7fba04b07e78>      1703088
444      Category_006 <environment: 0x7fba04b1dc48>      2914253
445      Category_006 <environment: 0x7fba04b4fcf0>      1910954
446      Category_006 <environment: 0x7fba04b5bfc8>      1406728
447      Category_006 <environment: 0x7fba04b653c0>      1128144
448      Category_006 <environment: 0x7fba04b6ca90>      2843076
449      Category_006 <environment: 0x7fba04b8df90>      2587637
450      Category_006 <environment: 0x7fba04b950e8>       330609
451      Category_006 <environment: 0x7fba04ba1970>      1149263
452      Category_006 <environment: 0x7fba04ba82e8>      2705903
453      Category_006 <environment: 0x7fba04bb34d8>      1658982
454      Category_006 <environment: 0x7fba04bbc3c8>      1654774
455      Category_006 <environment: 0x7fba04bc78c8>      1006349
456      Category_006 <environment: 0x7fba04bce9e8>      1129113
457      Category_006 <environment: 0x7fba04bd8240>      1558462
458      Category_006 <environment: 0x7fba04be3970>      1528723
459      Category_006 <environment: 0x7fba04beb0b0>      1724510
460      Category_006 <environment: 0x7fba04bf48d0>      1227210
461      Category_006 <environment: 0x7fba04c01e78>      1537935
462      Category_006 <environment: 0x7fba04c094d8>      2734378
463      Category_006 <environment: 0x7fba04c12550>      1686828
464      Category_006 <environment: 0x7fba04c22780>       978346
465      Category_006 <environment: 0x7fba04c2df58>      1494229
466      Category_006 <environment: 0x7fba04c379e0>      2672075
467      Category_006 <environment: 0x7fba04c49858>      2052043
468      Category_006 <environment: 0x7fba04c599a8>      1177765
469      Category_006 <environment: 0x7fba04c635b8>      1317446
470      Category_006 <environment: 0x7fba04c6abe0>       462453
471      Category_006 <environment: 0x7fba04c74978>      2343788
472      Category_006 <environment: 0x7fba04c8a940>       857697
473      Category_006 <environment: 0x7fba04c97f90>      1112724
474      Category_006 <environment: 0x7fba04ca0d68>      1079685
475      Category_006 <environment: 0x7fba04cc7cf0>      2963296
476      Category_006 <environment: 0x7fba04cd40e0>      1595933
477      Category_006 <environment: 0x7fba04cdbf58>      1164216
478      Category_006 <environment: 0x7fba04ce32e0>      1304127
479      Category_006 <environment: 0x7fba04cecac8>      1529225
480      Category_006 <environment: 0x7fba04cf4a58>      1028654
481      Category_006 <environment: 0x7fba04d01dd0>      1149581
482      Category_006 <environment: 0x7fba04d09c48>      2711928
483      Category_006 <environment: 0x7fba04d13510>      1102023
484      Category_006 <environment: 0x7fba04d1cd68>      1737732
485      Category_006 <environment: 0x7fba04d24d30>      1893642
486      Category_006 <environment: 0x7fba04d2e780>      1215922
487      Category_006 <environment: 0x7fba04d366d8>       993844
488      Category_006 <environment: 0x7fba04d40240>      1285515
489      Category_006 <environment: 0x7fba04d4de40>      1621907
490      Category_006 <environment: 0x7fba04d55430>      1826965
491      Category_006 <environment: 0x7fba04d5ee10>      2108556
492      Category_006 <environment: 0x7fba04d84da0>      1687945
493      Category_006 <environment: 0x7fba04db3ee8>       798938
494      Category_006 <environment: 0x7fba04dbb350>      1860921
495      Category_006 <environment: 0x7fba04dc2630>      1986480
496      Category_006 <environment: 0x7fba04dcfa18>      2864007
497      Category_006 <environment: 0x7fba04dd6ef0>      1395109
498      Category_006 <environment: 0x7fba04de1cb8>      1913008
499      Category_006 <environment: 0x7fba04deabe0>      1111038
500      Category_006 <environment: 0x7fba04df55f0>      1174665
501      Category_006 <environment: 0x7fba04e01d60>      2433578
502      Category_006 <environment: 0x7fba04e0dfc8>       756605
503      Category_006 <environment: 0x7fba04e18b00>      1294216
504      Category_006 <environment: 0x7fba04e20470>      1160836
505      Category_006 <environment: 0x7fba04e2db30>      1551352
506      Category_006 <environment: 0x7fba04e3edd8>      2208616
507      Category_006 <environment: 0x7fba04e4cc88>       789725
508      Category_006 <environment: 0x7fba04e5bd28>      1259473
509      Category_006 <environment: 0x7fba04e69b68>      1495920
510      Category_006 <environment: 0x7fba04e717e8>      1834473
511      Category_006 <environment: 0x7fba04ed9580>      1604188
512      Category_006 <environment: 0x7fba04ee2978>      1395921
513      Category_006 <environment: 0x7fba04eed7b0>      1165121
514      Category_006 <environment: 0x7fba04efbdd0>      1339812
515      Category_006 <environment: 0x7fba04f06668>      2172476
516      Category_006 <environment: 0x7fba04f11b30>      2262829
517      Category_006 <environment: 0x7fba04f1ad68>       871730
518      Category_006 <environment: 0x7fba04f27580>      3641728
519      Category_006 <environment: 0x7fba04f305c0>      2442216
520      Category_006 <environment: 0x7fba04f3dac0>       947865
521      Category_006 <environment: 0x7fba04f47430>       870803
522      Category_006 <environment: 0x7fba04f4ea20>       664712
523      Category_007 <environment: 0x7fba04f5bcb8>       687953
524      Category_007 <environment: 0x7fba04f65510>       326569
525      Category_007 <environment: 0x7fba04f6cd68>       367456
526      Category_007 <environment: 0x7fba04f76630>       257725
527      Category_007 <environment: 0x7fba04f7e240>      1513165
528      Category_007 <environment: 0x7fba04f939a8>       160168
529      Category_007 <environment: 0x7fba04f9b200>       852883
530      Category_007 <environment: 0x7fba04fa49e8>       163195
531      Category_007 <environment: 0x7fba04faf740>       372354
532      Category_007 <environment: 0x7fba04fb73f8>       375616
533      Category_007 <environment: 0x7fba04fc0710>       463906
534      Category_007 <environment: 0x7fba04fc8208>       289604
535      Category_007 <environment: 0x7fba04fd5b30>      1143245
536      Category_007 <environment: 0x7fba04fe4978>       324602
537      Category_007 <environment: 0x7fba04ff0f98>       454912
538      Category_007 <environment: 0x7fba04ffa908>       435039
539      Category_007 <environment: 0x7fba050130b0>      1570089
540      Category_007 <environment: 0x7fba0503c000>       184012
541      Category_007 <environment: 0x7fba05042780>       409518
542      Category_007 <environment: 0x7fba0504fc80>       263109
543      Category_007 <environment: 0x7fba05056d30>       420034
544      Category_007 <environment: 0x7fba05063ba0>       732261
545      Category_007 <environment: 0x7fba050b94d8>       163211
546      Category_007 <environment: 0x7fba050c9ba0>       113344
547      Category_007 <environment: 0x7fba050d07b8>       302326
548      Category_007 <environment: 0x7fba050dda50>      1017165
549      Category_007 <environment: 0x7fba050e6be0>       173917
550      Category_007 <environment: 0x7fba050f0d68>       333670
551      Category_007 <environment: 0x7fba050fa278>       420554
552      Category_007 <environment: 0x7fba05106eb8>       314336
553      Category_007 <environment: 0x7fba0510e470>       504031
554      Category_007 <environment: 0x7fba0511b698>       258578
555      Category_007 <environment: 0x7fba0512cda0>       211754
556      Category_007 <environment: 0x7fba051346d8>       761053
557      Category_007 <environment: 0x7fba05141e78>       816905
558      Category_007 <environment: 0x7fba0514b3f8>       527019
559      Category_007 <environment: 0x7fba051523c8>       457824
560      Category_007 <environment: 0x7fba05161628>       116144
561      Category_007 <environment: 0x7fba0516eb38>       277956
562      Category_007 <environment: 0x7fba05178208>      1021493
563      Category_007 <environment: 0x7fba051ade78>       130922
564      Category_007 <environment: 0x7fba051bf318>       513087
565      Category_007 <environment: 0x7fba051cfba0>       369051
566      Category_007 <environment: 0x7fba051da898>       591771
567      Category_007 <environment: 0x7fba051e2278>       474616
568      Category_007 <environment: 0x7fba051ff008>       701120
569      Category_007 <environment: 0x7fba052090e8>       483316
570      Category_007 <environment: 0x7fba052159a8>       394629
571      Category_007 <environment: 0x7fba0521d858>       471334
572      Category_007 <environment: 0x7fba052270b0>       221305
573      Category_007 <environment: 0x7fba05236cf8>       696926
574      Category_007 <environment: 0x7fba0523e3c8>        68709
575      Category_007 <environment: 0x7fba0524c070>        29619
576      Category_007 <environment: 0x7fba05256038>       907845
577      Category_007 <environment: 0x7fba0525d778>       489345
578      Category_007 <environment: 0x7fba05266630>       439553
579      Category_007 <environment: 0x7fba0526e5f8>       936810
580      Category_007 <environment: 0x7fba05278550>       548995
581      Category_007 <environment: 0x7fba05285318>       153754
582      Category_007 <environment: 0x7fba0528d2e0>       783555
583      Category_007 <environment: 0x7fba05294da0>      1742317
584      Category_007 <environment: 0x7fba0529eb38>       488381
585      Category_007 <environment: 0x7fba052a6b00>       365016
586      Category_007 <environment: 0x7fba052ae9b0>       504043
587      Category_007 <environment: 0x7fba052b82e8>       616726
588      Category_007 <environment: 0x7fba052c0400>       436048
589      Category_007 <environment: 0x7fba052c8208>       724257
590      Category_007 <environment: 0x7fba052d5468>       395049
591      Category_007 <environment: 0x7fba052dd580>       548336
592      Category_007 <environment: 0x7fba052e5388>       730022
593      Category_007 <environment: 0x7fba052ef2e0>       205331
594      Category_007 <environment: 0x7fba052f6f98>       604305
595      Category_007 <environment: 0x7fba05300cf8>       595445
596      Category_007 <environment: 0x7fba05308cc0>       883483
597      Category_007 <environment: 0x7fba05312b38>       125483
598      Category_007 <environment: 0x7fba0531deb0>       344506
599      Category_007 <environment: 0x7fba05327e78>       506535
600      Category_007 <environment: 0x7fba05331bd8>      1206897
601      Category_007 <environment: 0x7fba05339820>       352684
602      Category_007 <environment: 0x7fba053437e8>       345913
603      Category_007 <environment: 0x7fba0534a5c0>       209258
604      Category_007 <environment: 0x7fba053580a8>       322367
605      Category_007 <environment: 0x7fba0535c2b0>       257233
606      Category_007 <environment: 0x7fba05368eb8>       378073
607      Category_007 <environment: 0x7fba05375350>       359597
608      Category_007 <environment: 0x7fba0538fd60>       700010
609      Category_007 <environment: 0x7fba0539ce10>       921339
610      Category_007 <environment: 0x7fba053a4cc0>       186704
611      Category_007 <environment: 0x7fba053b4dd8>       438980
612      Category_007 <environment: 0x7fba053c1e78>       206354
613      Category_007 <environment: 0x7fba053c9ee8>       330068
614      Category_007 <environment: 0x7fba053d4038>      1200961
615      Category_007 <environment: 0x7fba053d8278>       431837
616      Category_007 <environment: 0x7fba053e03c8>       529948
617      Category_007 <environment: 0x7fba053ea4a8>       787652
618      Category_007 <environment: 0x7fba053f25f8>       612502
619      Category_007 <environment: 0x7fba053fc748>       521633
620      Category_007 <environment: 0x7fba05404898>       485351
621      Category_007 <environment: 0x7fba0540e9e8>       381122
622      Category_007 <environment: 0x7fba05416b38>       559787
623      Category_007 <environment: 0x7fba05420c88>       988191
624      Category_007 <environment: 0x7fba05428b00>       423942
625      Category_007 <environment: 0x7fba05432c50>       276312
626      Category_007 <environment: 0x7fba0543cda0>       448059
627      Category_007 <environment: 0x7fba05444ef0>        18538
628      Category_007 <environment: 0x7fba0544ee80>      1088715
629      Category_007 <environment: 0x7fba05456f98>       351896
630      Category_007 <environment: 0x7fba054610b0>       732663
631      Category_007 <environment: 0x7fba05469158>       407806
632      Category_007 <environment: 0x7fba0547ccc0>       506282
633      Category_007 <environment: 0x7fba054869b0>       546118
634      Category_007 <environment: 0x7fba054909e8>       820200
635      Category_007 <environment: 0x7fba05498898>       581896
636      Category_007 <environment: 0x7fba054a0908>       715090
637      Category_007 <environment: 0x7fba054ad708>       534125
638      Category_007 <environment: 0x7fba054b5778>      1017846
639      Category_007 <environment: 0x7fba054bd890>       431907
640      Category_007 <environment: 0x7fba054c79e0>       612295
641      Category_007 <environment: 0x7fba054cfb30>      1013887
642      Category_007 <environment: 0x7fba054d78c8>       259500
643      Category_007 <environment: 0x7fba054df9a8>       304688
644      Category_007 <environment: 0x7fba054f4518>       437176
645      Category_007 <environment: 0x7fba054fe5c0>       508684
646      Category_007 <environment: 0x7fba0550bd98>       331410
647      Category_007 <environment: 0x7fba05523858>       369962
648      Category_007 <environment: 0x7fba0553c2b0>       681591
649      Category_007 <environment: 0x7fba055495f0>       714741
650      Category_007 <environment: 0x7fba05550dd8>       394856
651      Category_007 <environment: 0x7fba0555ad68>       264924
652      Category_007 <environment: 0x7fba05568038>       561405
653      Category_007 <environment: 0x7fba05570038>       775302
654      Category_007 <environment: 0x7fba05574208>       484051
655      Category_007 <environment: 0x7fba05596278>       113103
656      Category_007 <environment: 0x7fba055a1f90>       539890
657      Category_007 <environment: 0x7fba055abfc8>       282674
658      Category_007 <environment: 0x7fba055b0208>       664663
659      Category_007 <environment: 0x7fba055bdf58>        52446
660      Category_007 <environment: 0x7fba055c7d60>       465101
661      Category_007 <environment: 0x7fba055cfd28>      1274737
662      Category_007 <environment: 0x7fba055d7e78>       166743
663      Category_007 <environment: 0x7fba055e3c10>       233018
664      Category_007 <environment: 0x7fba055f1cb8>       248036
665      Category_007 <environment: 0x7fba055fbba0>       239547
666      Category_007 <environment: 0x7fba05605c48>       937713
667      Category_007 <environment: 0x7fba05627a88>       326602
668      Category_007 <environment: 0x7fba0562f858>       590979
669      Category_007 <environment: 0x7fba0563bf90>       381507
670      Category_007 <environment: 0x7fba05644898>      1286532
671      Category_007 <environment: 0x7fba0564c390>       502841
672      Category_007 <environment: 0x7fba05659ac0>       145383
673      Category_007 <environment: 0x7fba056609e8>       233992
674      Category_007 <environment: 0x7fba0566f238>       932237
675      Category_007 <environment: 0x7fba0567ce48>       287792
676      Category_007 <environment: 0x7fba05688470>       412471
677      Category_007 <environment: 0x7fba056932e0>       332245
678      Category_007 <environment: 0x7fba0569ae10>       774808
679      Category_007 <environment: 0x7fba056a4b00>        38172
680      Category_007 <environment: 0x7fba056acb70>      1024676
681      Category_007 <environment: 0x7fba056b7b68>       312673
682      Category_007 <environment: 0x7fba056c1c48>       192562
683      Category_007 <environment: 0x7fba056c99e0>       216278
684      Category_007 <environment: 0x7fba056d1a50>       446273
685      Category_007 <environment: 0x7fba056dbba0>       885064
686      Category_007 <environment: 0x7fba056e3bd8>       604470
687      Category_007 <environment: 0x7fba056eb5f0>       155829
688      Category_007 <environment: 0x7fba05713740>       681125
689      Category_007 <environment: 0x7fba0571b740>       689480
690      Category_007 <environment: 0x7fba057256d0>       478146
691      Category_007 <environment: 0x7fba0572d6d0>      1640622
692      Category_007 <environment: 0x7fba057376d0>      1890135
693      Category_007 <environment: 0x7fba057417e8>       877187
694      Category_007 <environment: 0x7fba0579f350>       577664
695      Category_007 <environment: 0x7fba057a7468>       114379
696      Category_007 <environment: 0x7fba057af5b8>      1130181
697      Category_007 <environment: 0x7fba057b9708>       113710
698      Category_007 <environment: 0x7fba057c1858>       596084
699      Category_007 <environment: 0x7fba057c99a8>       433703
700      Category_007 <environment: 0x7fba057d3af8>       310775
701      Category_007 <environment: 0x7fba057dbc48>       104931
702      Category_007 <environment: 0x7fba057e3740>       375690
703      Category_007 <environment: 0x7fba057ed820>       122757
704      Category_007 <environment: 0x7fba057f5970>       294718
705      Category_007 <environment: 0x7fba05809ac0>       861685
706      Category_007 <environment: 0x7fba05811938>       312220
707      Category_007 <environment: 0x7fba0581c710>       307621
708      Category_007 <environment: 0x7fba05826860>       134769
709      Category_007 <environment: 0x7fba0582e9b0>       272157
710      Category_007 <environment: 0x7fba05838b00>       459445
711      Category_007 <environment: 0x7fba05840c50>       189028
712      Category_007 <environment: 0x7fba05850e80>       295631
713      Category_007 <environment: 0x7fba0585f7e8>       385053
714      Category_007 <environment: 0x7fba058697e8>       783701
715      Category_007 <environment: 0x7fba05871938>       131633
716      Category_007 <environment: 0x7fba0587ba88>       347897
717      Category_007 <environment: 0x7fba05883ba0>       136845
718      Category_007 <environment: 0x7fba0588cd30>      2046209
719      Category_007 <environment: 0x7fba05894e80>       280922
720      Category_007 <environment: 0x7fba0589efd0>       628280
721      Category_007 <environment: 0x7fba058aa320>       307297
722      Category_007 <environment: 0x7fba058b5e08>       210020
723      Category_007 <environment: 0x7fba058bff20>       724420
724      Category_007 <environment: 0x7fba058c62e8>       220336
725      Category_007 <environment: 0x7fba058ce3c8>       135813
726      Category_007 <environment: 0x7fba058d84e0>       247655
727      Category_007 <environment: 0x7fba058e05c0>       646059
728      Category_007 <environment: 0x7fba058e86a0>       553420
729      Category_007 <environment: 0x7fba058f2438>       116968
730      Category_007 <environment: 0x7fba05903ac0>       210813
731      Category_007 <environment: 0x7fba0590db30>       471317
732      Category_007 <environment: 0x7fba05915a88>       228729
733      Category_007 <environment: 0x7fba05925ac0>       283979
734      Category_007 <environment: 0x7fba0592ccc0>       102558
735      Category_007 <environment: 0x7fba059367b8>      1037268
736      Category_007 <environment: 0x7fba05975698>       497144
737      Category_007 <environment: 0x7fba0597cbe0>       585287
738      Category_007 <environment: 0x7fba05986be0>       235152
739      Category_007 <environment: 0x7fba0598ea58>       389182
740      Category_007 <environment: 0x7fba0599e000>       761812
741      Category_007 <environment: 0x7fba059a60e0>       680013
742      Category_007 <environment: 0x7fba059ae0e0>       353043
743      Category_007 <environment: 0x7fba059b42b0>       404700
744      Category_007 <environment: 0x7fba059be908>       945684
745      Category_007 <environment: 0x7fba059c8588>      1006405
746      Category_007 <environment: 0x7fba059d0518>       222184
747      Category_007 <environment: 0x7fba05a0a2b0>       634971
748      Category_007 <environment: 0x7fba05a1af28>       932460
749      Category_007 <environment: 0x7fba05a279e0>        42190
750      Category_007 <environment: 0x7fba05a34070>       329656
751      Category_007 <environment: 0x7fba05a3c2b0>       128521
752      Category_007 <environment: 0x7fba05a486d8>       151914
753      Category_007 <environment: 0x7fba05a524e0>       392121
754      Category_007 <environment: 0x7fba05a5fc10>       490072
755      Category_007 <environment: 0x7fba05a68320>       124529
756      Category_007 <environment: 0x7fba05a754d8>        98871
757      Category_007 <environment: 0x7fba05a8e7f0>      1423012
758      Category_007 <environment: 0x7fba05aaccc0>       445709
759      Category_007 <environment: 0x7fba05ab4470>       488001
760      Category_007 <environment: 0x7fba05ae2828>       201057
761      Category_007 <environment: 0x7fba05aeda50>       739498
762      Category_007 <environment: 0x7fba05af7008>       258341
763      Category_007 <environment: 0x7fba05b02438>       225740
764      Category_007 <environment: 0x7fba05b23e88>       186648
765      Category_007 <environment: 0x7fba05b2d830>       355509
766      Category_007 <environment: 0x7fba05b4bdf0>       776558
767      Category_007 <environment: 0x7fba05b6b000>       767182
768      Category_007 <environment: 0x7fba05b776c8>        75297
769      Category_007 <environment: 0x7fba05b830a8>       345613
770      Category_007 <environment: 0x7fba05bd19b8>       868491
771      Category_007 <environment: 0x7fba05bd8e90>       292662
772      Category_007 <environment: 0x7fba05be3520>       190060
773      Category_007 <environment: 0x7fba05c164e0>       326094
774      Category_007 <environment: 0x7fba05c21820>       922321
775      Category_007 <environment: 0x7fba05c2b008>       206650
776      Category_007 <environment: 0x7fba05c42828>       441421
777      Category_007 <environment: 0x7fba05fe5f38>       249135
778      Category_007 <environment: 0x7fba05ffde20>       256320
779      Category_007 <environment: 0x7fba06010208>       431547
780      Category_007 <environment: 0x7fba06021270>       233376
781      Category_007 <environment: 0x7fba06045d28>       314232
782      Category_007 <environment: 0x7fba06051c80>       741318
783      Category_007 <environment: 0x7fba06077e40>        97993
784      Category_019 <environment: 0x7fba060f3938>     13685930
785      Category_019 <environment: 0x7fba0615c7b8>     14223951
786      Category_019 <environment: 0x7fba0619e0a8>     13488881
787      Category_019 <environment: 0x7fba061c4470>     10814476
788      Category_019 <environment: 0x7fba061de038>     17975601
789      Category_019 <environment: 0x7fba061e7cb8>     21091853
790      Category_019 <environment: 0x7fba061f0828>     14856372
791      Category_019 <environment: 0x7fba062065f8>     17068654
792      Category_019 <environment: 0x7fba06218390>     19587845
793      Category_019 <environment: 0x7fba06224070>     19419962
794      Category_019 <environment: 0x7fba0622deb0>     13458086
795      Category_019 <environment: 0x7fba0623d740>     11977347
796      Category_019 <environment: 0x7fba062475b8>     17571590
797      Category_019 <environment: 0x7fba0624f3f8>     16726125
798      Category_019 <environment: 0x7fba062573c0>     12855956
799      Category_019 <environment: 0x7fba06261350>     15996266
800      Category_019 <environment: 0x7fba06268e80>     15238812
801      Category_019 <environment: 0x7fba06270e80>      8823136
802      Category_019 <environment: 0x7fba0627ae48>     20052897
803      Category_019 <environment: 0x7fba06284dd8>     15882371
804      Category_019 <environment: 0x7fba0628ee10>     16087036
805      Category_019 <environment: 0x7fba06296e10>     15679670
806      Category_019 <environment: 0x7fba062a6438>     15050629
807      Category_019 <environment: 0x7fba062b0400>     18817202
808      Category_019 <environment: 0x7fba062ba390>     16333569
809      Category_019 <environment: 0x7fba062c4320>     15205455
810      Category_019 <environment: 0x7fba062cc320>     23010987
811      Category_019 <environment: 0x7fba151ec720>     14494486
812      Category_019 <environment: 0x7fba8550f0b0>     13299365
813      Category_019 <environment: 0x7fba85797640>     17889242
814      Category_019 <environment: 0x7fba857aba78>     16814998
815      Category_019 <environment: 0x7fba150b22b0>     14126358
816      Category_019 <environment: 0x7fba150be0e0>      7165404
817      Category_019 <environment: 0x7fba150960e0>     15633962
818      Category_019 <environment: 0x7fba1506e0e0>     14214282
819      Category_019 <environment: 0x7fba85565270>     15486407
820      Category_019 <environment: 0x7fba8556f238>     14675314
821      Category_019 <environment: 0x7fba15458bc8>     10344153
822      Category_019 <environment: 0x7fba15462810>     11025308
823      Category_019 <environment: 0x7fba1546a618>     16702645
824      Category_019 <environment: 0x7fba154743e8>     15792184
825      Category_019 <environment: 0x7fba15488228>     14452364
826      Category_019 <environment: 0x7fba154913b8>     13841909
827      Category_019 <environment: 0x7fba1549b0e0>     15638775
828      Category_019 <environment: 0x7fba154a30a8>     16264749
829      Category_019 <environment: 0x7fba154ae6c0>     11796153
830      Category_019 <environment: 0x7fba154b81b8>     11790010
831      Category_019 <environment: 0x7fba154bfcb0>     18201288
832      Category_019 <environment: 0x7fba154c7310>     18273160
833      Category_019 <environment: 0x7fba154d4a40>     15911228
834      Category_019 <environment: 0x7fba154dc928>     13193435
835      Category_019 <environment: 0x7fba154e48b8>     12059483
836      Category_019 <environment: 0x7fba154ec848>      7041563
837      Category_019 <environment: 0x7fba154f6730>     18950215
838      Category_019 <environment: 0x7fba154fdbd0>     16384554
839      Category_019 <environment: 0x7fba1550a0a0>     17163745
840      Category_019 <environment: 0x7fba1551c2d0>     17247307
841      Category_019 <environment: 0x7fba15528ae8>     19217241
842      Category_019 <environment: 0x7fba1552fa80>     11547386
843      Category_019 <environment: 0x7fba15539658>     13732250
844      Category_019 <environment: 0x7fba15541380>     14555379
845      Category_019 <environment: 0x7fba1554fd90>     17954797
846      Category_019 <environment: 0x7fba1555a998>     18792749
847      Category_019 <environment: 0x7fba1556f9a0>     13421712
848      Category_019 <environment: 0x7fba1557ce78>     14387836
849      Category_019 <environment: 0x7fba15590538>     18811468
850      Category_019 <environment: 0x7fba155a23e8>     14135559
851      Category_019 <environment: 0x7fba155ab770>     15831964
852      Category_019 <environment: 0x7fba155f7268>     17814226
853      Category_019 <environment: 0x7fba155ff070>     10764630
854      Category_019 <environment: 0x7fba1560cce0>     15364200
855      Category_019 <environment: 0x7fba156147d8>     15833484
856      Category_019 <environment: 0x7fba1561be00>     13131425
857      Category_019 <environment: 0x7fba15627428>     16655491
858      Category_019 <environment: 0x7fba1562f348>     17984990
859      Category_019 <environment: 0x7fba156371c0>     16211884
860      Category_019 <environment: 0x7fba15666ab0>     13480840
861      Category_019 <environment: 0x7fba15674180>     15552722
862      Category_019 <environment: 0x7fba15690c38>     16010317
863      Category_019 <environment: 0x7fba156983e8>     13054846
864      Category_019 <environment: 0x7fba156a42d0>     15270554
865      Category_019 <environment: 0x7fba156afd20>     17970341
866      Category_019 <environment: 0x7fba156b7380>     18549401
867      Category_019 <environment: 0x7fba156ca228>     15289184
868      Category_019 <environment: 0x7fba156d1348>      8598961
869      Category_019 <environment: 0x7fba156ed8c0>     17660309
870      Category_019 <environment: 0x7fba156f75e8>     14353152
871      Category_019 <environment: 0x7fba157110e0>     20360785
872      Category_019 <environment: 0x7fba1571dea8>     14889263
873      Category_019 <environment: 0x7fba15727c08>     12212447
874      Category_019 <environment: 0x7fba157328b8>     14992058
875      Category_019 <environment: 0x7fba157407d8>     18127456
876      Category_019 <environment: 0x7fba1574fab8>     22898572
877      Category_019 <environment: 0x7fba1575bd90>     13371100
878      Category_019 <environment: 0x7fba15774c70>     17328618
879      Category_019 <environment: 0x7fba1577ec70>     17664929
880      Category_019 <environment: 0x7fba15785f88>     16705489
881      Category_019 <environment: 0x7fba15792c70>     19894184
882      Category_019 <environment: 0x7fba1579ac38>     17644209
883      Category_019 <environment: 0x7fba157a4b58>     20513659
884      Category_019 <environment: 0x7fba157aeab0>     17764596
885      Category_019 <environment: 0x7fba6508a998>     15948338
886      Category_019 <environment: 0x7fba062db820>     19421374
887      Category_019 <environment: 0x7fba062e56d0>     15883818
888      Category_019 <environment: 0x7fba062ed628>      3823071
889      Category_019 <environment: 0x7fba062f75f0>     21350671
890      Category_019 <environment: 0x7fba062ff5f0>     16191261
891      Category_019 <environment: 0x7fba06307548>     19654708
892      Category_019 <environment: 0x7fba06311468>     12843991
893      Category_019 <environment: 0x7fba063190e8>     15506049
894      Category_019 <environment: 0x7fba06320f98>     18605004
895      Category_019 <environment: 0x7fba0632cef0>     17535761
896      Category_019 <environment: 0x7fba0633cf40>     16418448
897      Category_019 <environment: 0x7fba06344ed0>     17574868
898      Category_019 <environment: 0x7fba06358130>     17392392
899      Category_019 <environment: 0x7fba0635fe90>     21297898
900      Category_019 <environment: 0x7fba06367c28>     18926899
901      Category_019 <environment: 0x7fba06373640>     20717608
902      Category_019 <environment: 0x7fba0637b218>     16240827
903      Category_019 <environment: 0x7fba06383090>     17808011
904      Category_019 <environment: 0x7fba063926e0>     16263292
905      Category_019 <environment: 0x7fba06399db0>     15736283
906      Category_019 <environment: 0x7fba063a1b10>     12847673
907      Category_019 <environment: 0x7fba063aab88>     18222618
908      Category_019 <environment: 0x7fba063b4958>     19300944
909      Category_019 <environment: 0x7fba063cf0c8>     14305296
910      Category_019 <environment: 0x7fba063dbc60>     18679631
911      Category_019 <environment: 0x7fba063e86a8>     17553941
912      Category_019 <environment: 0x7fba063f0590>     20339284
913      Category_019 <environment: 0x7fba063fa4e8>     16641363
914      Category_019 <environment: 0x7fba0641d1e0>     17844129
915      Category_019 <environment: 0x7fba06433410>     16065129
916      Category_019 <environment: 0x7fba0643b3a0>     20009261
917      Category_019 <environment: 0x7fba06444990>     15786726
918      Category_019 <environment: 0x7fba06455560>     19664525
919      Category_019 <environment: 0x7fba064626e0>     15290126
920      Category_019 <environment: 0x7fba06488840>      7480633
921      Category_019 <environment: 0x7fba064a3ec8>     13754435
922      Category_019 <environment: 0x7fba06688d48>     14402359
923      Category_019 <environment: 0x7fba066938a8>     16925588
924      Category_019 <environment: 0x7fba0669ca70>     18871842
925      Category_019 <environment: 0x7fba066a9058>     17919214
926      Category_019 <environment: 0x7fba066c06a8>     14599426
927      Category_019 <environment: 0x7fba066ce0c0>     17401238
928      Category_019 <environment: 0x7fba066d5fe0>     16152810
929      Category_019 <environment: 0x7fba066ddec8>     14752541
930      Category_019 <environment: 0x7fba066e7e58>     17209206
931      Category_019 <environment: 0x7fba066efa68>     19104484
932      Category_019 <environment: 0x7fba066fedb8>     17641861
933      Category_019 <environment: 0x7fba06708aa8>     17795095
934      Category_019 <environment: 0x7fba067384b0>     17593505
935      Category_019 <environment: 0x7fba0673f218>     18745836
936      Category_019 <environment: 0x7fba06748d80>     25166340
937      Category_019 <environment: 0x7fba06750808>     19292290
938      Category_019 <environment: 0x7fba0675c6e0>     18539796
939      Category_019 <environment: 0x7fba06768398>     12851387
940      Category_019 <environment: 0x7fba06770210>      3190812
941      Category_019 <environment: 0x7fba06779f00>     24389498
942      Category_019 <environment: 0x7fba06781ad8>     18032022
943      Category_019 <environment: 0x7fba067942b8>     20183321
944      Category_019 <environment: 0x7fba067a1988>     21924884
945      Category_019 <environment: 0x7fba067ab170>     18824574
946      Category_019 <environment: 0x7fba067b6360>     18487562
947      Category_019 <environment: 0x7fba067c91a8>     15709019
948      Category_019 <environment: 0x7fba067d5f00>     15812086
949      Category_019 <environment: 0x7fba067e20f8>     17741885
950      Category_019 <environment: 0x7fba067e94f0>     20796635
951      Category_019 <environment: 0x7fba067f29c8>     15768104
952      Category_019 <environment: 0x7fba06808eb8>     21000341
953      Category_019 <environment: 0x7fba068139a8>     21279928
954      Category_019 <environment: 0x7fba0681c550>     15496156
955      Category_019 <environment: 0x7fba06827f20>     15304333
956      Category_019 <environment: 0x7fba0682fe78>     19363538
957      Category_019 <environment: 0x7fba06837a88>     15527758
958      Category_019 <environment: 0x7fba06846630>     12662589
959      Category_019 <environment: 0x7fba06851e08>     16339273
960      Category_019 <environment: 0x7fba06864860>     20023111
961      Category_019 <environment: 0x7fba0687b008>     16285277
962      Category_019 <environment: 0x7fba068847b8>     15747828
963      Category_019 <environment: 0x7fba06893190>     17500917
964      Category_019 <environment: 0x7fba0689afd0>     17203942
965      Category_019 <environment: 0x7fba068a4b00>     17706355
966      Category_019 <environment: 0x7fba068ac6d8>     25211183
967      Category_019 <environment: 0x7fba068bdba0>     14933777
968      Category_019 <environment: 0x7fba068c5820>     19638789
969      Category_019 <environment: 0x7fba068efcb8>     16744063
970      Category_019 <environment: 0x7fba068fdc48>     20282635
971      Category_019 <environment: 0x7fba06904a58>     20701464
972      Category_019 <environment: 0x7fba069149b0>      7993991
973      Category_019 <environment: 0x7fba06921b68>     19998267
974      Category_019 <environment: 0x7fba06929660>     14620684
975      Category_019 <environment: 0x7fba069312a8>     21011304
976      Category_019 <environment: 0x7fba0693b270>     19276603
977      Category_019 <environment: 0x7fba06942c88>     14493115
978      Category_019 <environment: 0x7fba06950c18>      9469484
979      Category_019 <environment: 0x7fba0695eb38>     19168283
980      Category_019 <environment: 0x7fba06969f90>     20262454
981      Category_019 <environment: 0x7fba06987970>     15761527
982      Category_019 <environment: 0x7fba06993f58>     15435767
983      Category_019 <environment: 0x7fba0699b628>     15797656
984      Category_019 <environment: 0x7fba069aa5f8>     14432907
985      Category_019 <environment: 0x7fba069b9ee8>     15567490
986      Category_019 <environment: 0x7fba06a26dd8>     16954444
987      Category_019 <environment: 0x7fba06a2e748>     14039200
988      Category_019 <environment: 0x7fba06a3aa90>     18149258
989      Category_019 <environment: 0x7fba06a47970>     19085739
990      Category_019 <environment: 0x7fba06a709e8>     17385033
991      Category_019 <environment: 0x7fba06a787b8>     14239107
992      Category_019 <environment: 0x7fba06a82630>      7350998
993      Category_019 <environment: 0x7fba06a8e4a8>     16914266
994      Category_019 <environment: 0x7fba06acd660>     17439213
995      Category_019 <environment: 0x7fba06ad4400>     19041651
996      Category_019 <environment: 0x7fba06aed0e8>     12308274
997      Category_019 <environment: 0x7fba06af4ba8>     18963210
998      Category_019 <environment: 0x7fba06afe908>     10464392
999      Category_019 <environment: 0x7fba06b06630>     12611772
1000     Category_019 <environment: 0x7fba06b0e358>     13670173
1001     Category_019 <environment: 0x7fba06b297b0>     18570315
1002     Category_019 <environment: 0x7fba06b313c0>     16047002
1003     Category_019 <environment: 0x7fba06b38ef0>     20168838
1004     Category_019 <environment: 0x7fba07c6e340>     14117064
1005     Category_019 <environment: 0x7fba06ca1838>     16351736
1006     Category_019 <environment: 0x7fba14894c88>     16298618
1007     Category_019 <environment: 0x7fba160c4d58>     14419089
1008     Category_019 <environment: 0x7fba07c00278>     16363229
1009     Category_019 <environment: 0x7fba076773e0>     13405741
1010     Category_019 <environment: 0x7fba077b75a8>      9636963
1011     Category_019 <environment: 0x7fba066bc808>     18456110
1012     Category_019 <environment: 0x7fba06b3d740>     15869474
1013     Category_019 <environment: 0x7fba94c97788>     16641908
1014     Category_019 <environment: 0x7fba05c26518>     16012034
1015     Category_019 <environment: 0x7fba06dde500>     15142555
1016     Category_019 <environment: 0x7fba14e2c2f0>     12011557
1017     Category_019 <environment: 0x7fba14b992e0>     15573466
1018     Category_019 <environment: 0x7fba14b48ef0>     17800484
1019     Category_019 <environment: 0x7fba14b32780>     19060642
1020     Category_019 <environment: 0x7fba14b14240>     14469315
1021     Category_019 <environment: 0x7fba14b0dc80>     14626519
1022     Category_019 <environment: 0x7fba14aff2e0>     23214084
1023     Category_019 <environment: 0x7fba14af80a8>     17691749
1024     Category_019 <environment: 0x7fba14aeacf8>     12022160
1025     Category_019 <environment: 0x7fba14ae3c48>     11480016
1026     Category_019 <environment: 0x7fba14ad87f0>     15421303
1027     Category_019 <environment: 0x7fba14acb4a0>     15245060
1028     Category_019 <environment: 0x7fba14abf3f8>     14014417
1029     Category_019 <environment: 0x7fba14a8bf20>     12774541
1030     Category_019 <environment: 0x7fba14a81660>     11545493
1031     Category_019 <environment: 0x7fba14a796d0>     19288874
1032     Category_019 <environment: 0x7fba1630a038>     14267335
1033     Category_019 <environment: 0x7fba16300578>     17711158
1034     Category_019 <environment: 0x7fba162f2e70>     18111904
1035     Category_019 <environment: 0x7fba162e5200>     16125720
1036     Category_019 <environment: 0x7fba162da460>     15478625
1037     Category_019 <environment: 0x7fba162d29a0>     17939514
1038     Category_019 <environment: 0x7fba162c8e00>     16303251
1039     Category_019 <environment: 0x7fba162bdaf8>     17053998
1040     Category_019 <environment: 0x7fba162a81c0>     20253370
1041     Category_019 <environment: 0x7fba16281d28>     18314466
1042     Category_019 <environment: 0x7fba16275778>     16450229
1043     Category_019 <environment: 0x7fba1626e0a8>     15482871
1044     Category_019 <environment: 0x7fba16261858>      7239676
1045     Category_028 <environment: 0x7fba16259af8>       106139
1046     Category_028 <environment: 0x7fba16250540>       121582
1047     Category_028 <environment: 0x7fba1623f900>       122792
1048     Category_028 <environment: 0x7fba16235890>        84103
1049     Category_028 <environment: 0x7fba1622a578>       104419
1050     Category_028 <environment: 0x7fba1619c348>       114419
1051     Category_028 <environment: 0x7fba1618db30>       127128
1052     Category_028 <environment: 0x7fba16184930>       110036
1053     Category_028 <environment: 0x7fba1614a6c8>       107950
1054     Category_028 <environment: 0x7fba1613d078>       185543
1055     Category_028 <environment: 0x7fba160e7858>       148934
1056     Category_028 <environment: 0x7fba160dd120>       113525
1057     Category_028 <environment: 0x7fba160d6d20>        84103
1058     Category_028 <environment: 0x7fba160c7698>        85446
1059     Category_028 <environment: 0x7fba148c9548>       105966
1060     Category_028 <environment: 0x7fba1489bbd8>        81976
1061     Category_028 <environment: 0x7fba14879430>        97391
1062     Category_028 <environment: 0x7fba14872070>        44771
1063     Category_028 <environment: 0x7fba148666a0>        48073
1064     Category_028 <environment: 0x7fba15c4dd60>       200501
1065     Category_028 <environment: 0x7fba15c30378>       407361
1066     Category_028 <environment: 0x7fba15bb4a00>        85118
1067     Category_028 <environment: 0x7fba15b9c038>       611556
1068     Category_028 <environment: 0x7fba159563c0>        62992
1069     Category_028 <environment: 0x7fba1529db98>       152851
1070     Category_028 <environment: 0x7fba152925a8>       316914
1071     Category_028 <environment: 0x7fba15285ee0>       267120
1072     Category_028 <environment: 0x7fba1527b380>       277876
1073     Category_028 <environment: 0x7fba15269038>       157978
1074     Category_028 <environment: 0x7fba1525a1b8>        98632
1075     Category_028 <environment: 0x7fba1524c110>        81723
1076     Category_028 <environment: 0x7fba1516a9e8>       223773
1077     Category_028 <environment: 0x7fba15158940>       105215
1078     Category_028 <environment: 0x7fba1514cd30>       162854
1079     Category_028 <environment: 0x7fba151429b0>        88280
1080     Category_028 <environment: 0x7fba15136438>       266740
1081     Category_028 <environment: 0x7fba15129040>       199203
1082     Category_028 <environment: 0x7fba15121890>       226312
1083     Category_028 <environment: 0x7fba150ddb68>        98320
1084     Category_028 <environment: 0x7fba150d3430>       260341
1085     Category_028 <environment: 0x7fba1504e208>       133352
1086     Category_028 <environment: 0x7fba150430b0>       324982
1087     Category_028 <environment: 0x7fba1503b2e0>        96929
1088     Category_028 <environment: 0x7fba15011238>       175753
1089     Category_028 <environment: 0x7fba857fd458>        70651
1090     Category_028 <environment: 0x7fba857cbf20>        59341
1091     Category_028 <environment: 0x7fba85796a98>        74026
1092     Category_028 <environment: 0x7fba857781c8>        71505
1093     Category_028 <environment: 0x7fba8576abd8>       103679
1094     Category_028 <environment: 0x7fba8575de48>       376458
1095     Category_028 <environment: 0x7fba85752350>       133108
1096     Category_028 <environment: 0x7fba857475f8>        44167
1097     Category_028 <environment: 0x7fba8573c388>       133002
1098     Category_028 <environment: 0x7fba854342a0>       182484
1099     Category_028 <environment: 0x7fba85456ff0>       119555
1100     Category_028 <environment: 0x7fba8546e8b8>       169764
1101     Category_028 <environment: 0x7fba8544b210>       237158
1102     Category_028 <environment: 0x7fba8547c730>       375073
1103     Category_028 <environment: 0x7fba85612480>        48569
1104     Category_028 <environment: 0x7fba8555b948>       192677
1105     Category_028 <environment: 0x7fba8549c998>       145490
1106     Category_028 <environment: 0x7fba94c8bd00>       113945
1107     Category_028 <environment: 0x7fba55fb23e8>        64552
1108     Category_028 <environment: 0x7fba65b24bd8>       149625
1109     Category_028 <environment: 0x7fba34e41708>       113848
1110     Category_028 <environment: 0x7fba34e60240>       244582
1111     Category_028 <environment: 0x7fba34ea50e8>       145118
1112     Category_028 <environment: 0x7fba34ec9430>       209633
1113     Category_028 <environment: 0x7fba34ed30b0>       142758
1114     Category_028 <environment: 0x7fba34eda908>        53195
1115     Category_028 <environment: 0x7fba34ee2630>       292098
1116     Category_028 <environment: 0x7fba34eec390>       124567
1117     Category_028 <environment: 0x7fba34ef8710>       105247
1118     Category_028 <environment: 0x7fba34f03120>       126839
1119     Category_028 <environment: 0x7fba34f23190>       196229
1120     Category_028 <environment: 0x7fba34f2c470>       119110
1121     Category_028 <environment: 0x7fba34f45580>       123806
1122     Category_028 <environment: 0x7fba34f5dac0>       223047
1123     Category_028 <environment: 0x7fba34f69cf0>       187542
1124     Category_028 <environment: 0x7fba34f71a18>       164151
1125     Category_028 <environment: 0x7fba34f7ec88>       154113
1126     Category_028 <environment: 0x7fba34f86c18>       154775
1127     Category_028 <environment: 0x7fba34f90518>       200558
1128     Category_028 <environment: 0x7fba34f9b468>       177929
1129     Category_028 <environment: 0x7fba34fa2f28>       147835
1130     Category_028 <environment: 0x7fba34faff90>       216361
1131     Category_028 <environment: 0x7fba34fb9f90>       346139
1132     Category_028 <environment: 0x7fba34fc2ba8>       132567
1133     Category_028 <environment: 0x7fba34fd2f28>       206774
1134     Category_028 <environment: 0x7fba34ff2a20>       273559
1135     Category_028 <environment: 0x7fba34ffc6a0>       263046
1136     Category_028 <environment: 0x7fba048106d8>       211688
1137     Category_028 <environment: 0x7fba048294a0>       255801
1138     Category_028 <environment: 0x7fba04833468>        95908
1139     Category_028 <environment: 0x7fba0483af60>       201013
1140     Category_028 <environment: 0x7fba04844d30>       283894
1141     Category_028 <environment: 0x7fba048506a0>       128988
1142     Category_028 <environment: 0x7fba0485bfc8>       228473
1143     Category_028 <environment: 0x7fba04865dd0>       171975
1144     Category_028 <environment: 0x7fba0486d9a8>       145906
1145     Category_028 <environment: 0x7fba04877938>       264977
1146     Category_028 <environment: 0x7fba048813f8>       128454
1147     Category_028 <environment: 0x7fba048893c0>       117249
1148     Category_028 <environment: 0x7fba04893190>       141228
1149     Category_028 <environment: 0x7fba0489a4e0>       133804
1150     Category_028 <environment: 0x7fba048a5f58>       166437
1151     Category_028 <environment: 0x7fba048aee48>       199690
1152     Category_028 <environment: 0x7fba048b6be0>       143576
1153     Category_028 <environment: 0x7fba048be320>        81957
1154     Category_028 <environment: 0x7fba048cbc10>       142367
1155     Category_028 <environment: 0x7fba048d3820>       141675
1156     Category_028 <environment: 0x7fba048db5f0>       410440
1157     Category_028 <environment: 0x7fba048f5890>       207489
1158     Category_028 <environment: 0x7fba048ff858>       250156
1159     Category_028 <environment: 0x7fba04907890>       299862
1160     Category_028 <environment: 0x7fba04912390>       123067
1161     Category_028 <environment: 0x7fba04926898>       257540
1162     Category_028 <environment: 0x7fba049303c8>       247338
1163     Category_028 <environment: 0x7fba0493deb0>       133000
1164     Category_028 <environment: 0x7fba04949580>       212576
1165     Category_028 <environment: 0x7fba04955468>        96969
1166     Category_028 <environment: 0x7fba04973c80>        77824
1167     Category_028 <environment: 0x7fba0497d270>       162910
1168     Category_028 <environment: 0x7fba04984b00>       151747
1169     Category_028 <environment: 0x7fba04991a18>       191714
1170     Category_028 <environment: 0x7fba049992e0>       211403
1171     Category_028 <environment: 0x7fba049a0dd8>       113115
1172     Category_028 <environment: 0x7fba049aa2e8>       101798
1173     Category_028 <environment: 0x7fba049b53f8>       190653
1174     Category_028 <environment: 0x7fba049bca58>        99371
1175     Category_028 <environment: 0x7fba049ceef0>       161578
1176     Category_028 <environment: 0x7fba049d6278>       154483
1177     Category_028 <environment: 0x7fba049e1698>       107946
1178     Category_028 <environment: 0x7fba049ea2e8>       225157
1179     Category_028 <environment: 0x7fba049f5580>        69773
1180     Category_028 <environment: 0x7fba049fe470>       162387
1181     Category_028 <environment: 0x7fba04a330e8>        99669
1182     Category_028 <environment: 0x7fba04a3c4a8>       212734
1183     Category_028 <environment: 0x7fba04a4b2e0>       249657
1184     Category_028 <environment: 0x7fba04a5c6a0>       169043
1185     Category_028 <environment: 0x7fba04a6b158>       223737
1186     Category_028 <environment: 0x7fba04aa27b8>       286795
1187     Category_028 <environment: 0x7fba04ab1ba0>       114959
1188     Category_028 <environment: 0x7fba04ab8860>       221761
1189     Category_028 <environment: 0x7fba04ac4e10>       338445
1190     Category_028 <environment: 0x7fba04acf5f0>        97176
1191     Category_028 <environment: 0x7fba04ae2f98>       184423
1192     Category_028 <environment: 0x7fba04b01dd0>       137260
1193     Category_028 <environment: 0x7fba04b10d30>       342327
1194     Category_028 <environment: 0x7fba04b3fd98>       294114
1195     Category_028 <environment: 0x7fba04b576d0>        75891
1196     Category_028 <environment: 0x7fba04b5e860>       666541
1197     Category_028 <environment: 0x7fba04b6b6d0>       265079
1198     Category_028 <environment: 0x7fba04b89820>       250671
1199     Category_028 <environment: 0x7fba04b93b68>       105554
1200     Category_028 <environment: 0x7fba04b9c828>        49218
1201     Category_028 <environment: 0x7fba04ba7008>        87152
1202     Category_028 <environment: 0x7fba04bb20e0>       369270
1203     Category_028 <environment: 0x7fba04bbb078>       132603
1204     Category_028 <environment: 0x7fba04bc5e08>       215319
1205     Category_028 <environment: 0x7fba04bccfd0>       169294
1206     Category_028 <environment: 0x7fba04bd6748>       138777
1207     Category_028 <environment: 0x7fba04be1cb8>       155203
1208     Category_028 <environment: 0x7fba04be9190>       160135
1209     Category_028 <environment: 0x7fba04bf27f0>       265867
1210     Category_028 <environment: 0x7fba04bfdd60>       215862
1211     Category_028 <environment: 0x7fba04c07158>       157108
1212     Category_028 <environment: 0x7fba04c108d0>       341536
1213     Category_028 <environment: 0x7fba04c20518>       167008
1214     Category_028 <environment: 0x7fba04c2bac0>       316416
1215     Category_028 <environment: 0x7fba04c353c0>       241622
1216     Category_028 <environment: 0x7fba04c41580>       258752
1217     Category_028 <environment: 0x7fba04c56f98>       206003
1218     Category_028 <environment: 0x7fba04c60ac8>       142290
1219     Category_028 <environment: 0x7fba04c6bee8>       189658
1220     Category_028 <environment: 0x7fba04c75af8>       205587
1221     Category_028 <environment: 0x7fba04c8b938>       168690
1222     Category_028 <environment: 0x7fba04c92f98>        60576
1223     Category_028 <environment: 0x7fba04ca1eb0>        77575
1224     Category_028 <environment: 0x7fba04cc4a90>       188338
1225     Category_028 <environment: 0x7fba04cd0da0>       738588
1226     Category_028 <environment: 0x7fba04cd8ac8>       150392
1227     Category_028 <environment: 0x7fba04ce3c48>       139888
1228     Category_028 <environment: 0x7fba04ced318>       106548
1229     Category_028 <environment: 0x7fba04cf5270>       177800
1230     Category_028 <environment: 0x7fba04cfe4e0>        65976
1231     Category_028 <environment: 0x7fba04d06278>       357609
1232     Category_028 <environment: 0x7fba04d13970>       195193
1233     Category_028 <environment: 0x7fba04d1d040>        88704
1234     Category_028 <environment: 0x7fba04d24ef0>       264795
1235     Category_028 <environment: 0x7fba04d2e828>        75082
1236     Category_028 <environment: 0x7fba04d365c0>       148934
1237     Category_028 <environment: 0x7fba04d43eb0>       177147
1238     Category_028 <environment: 0x7fba04d4dac0>       154514
1239     Category_028 <environment: 0x7fba04d54f98>       109435
1240     Category_028 <environment: 0x7fba04d5e860>       238830
1241     Category_028 <environment: 0x7fba04da6898>       171944
1242     Category_028 <environment: 0x7fba04db36d0>       163344
1243     Category_028 <environment: 0x7fba04dbaa20>       256200
1244     Category_028 <environment: 0x7fba04dc5b30>       330083
1245     Category_028 <environment: 0x7fba04dceeb8>       151900
1246     Category_028 <environment: 0x7fba04dd62b0>       264817
1247     Category_028 <environment: 0x7fba04de0e80>       308326
1248     Category_028 <environment: 0x7fba04ded6d0>       220656
1249     Category_028 <environment: 0x7fba04df45c0>       171359
1250     Category_028 <environment: 0x7fba04e00c50>       153836
1251     Category_028 <environment: 0x7fba04e0cb00>       175820
1252     Category_028 <environment: 0x7fba04e1b740>      1446679
1253     Category_028 <environment: 0x7fba04e22da0>        97059
1254     Category_028 <environment: 0x7fba04e2f580>       130215
1255     Category_028 <environment: 0x7fba04e416d0>        57008
1256     Category_028 <environment: 0x7fba04e4f430>       171096
1257     Category_028 <environment: 0x7fba04e5a4e0>       147361
1258     Category_028 <environment: 0x7fba04e6c038>       141564
1259     Category_028 <environment: 0x7fba04e73b30>       186984
1260     Category_028 <environment: 0x7fba04edb4a0>       169375
1261     Category_028 <environment: 0x7fba04ee4550>        66572
1262     Category_028 <environment: 0x7fba04eef858>        79122
1263     Category_028 <environment: 0x7fba04eff270>        93545
1264     Category_028 <environment: 0x7fba04f08208>       413691
1265     Category_028 <environment: 0x7fba04f152e0>        51509
1266     Category_028 <environment: 0x7fba04f1c908>       317813
1267     Category_028 <environment: 0x7fba04f28fd0>       193737
1268     Category_028 <environment: 0x7fba04f37f20>       285831
1269     Category_028 <environment: 0x7fba04f3ee10>        83444
1270     Category_028 <environment: 0x7fba04f486a0>       213747
1271     Category_028 <environment: 0x7fba04f55430>       330586
1272     Category_028 <environment: 0x7fba04f5cac8>       110350
1273     Category_028 <environment: 0x7fba04f66780>       310205
1274     Category_028 <environment: 0x7fba04f71c10>       178177
1275     Category_028 <environment: 0x7fba04f7b388>       154225
1276     Category_028 <environment: 0x7fba04f87040>       177296
1277     Category_028 <environment: 0x7fba04f94860>       219796
1278     Category_028 <environment: 0x7fba04f9fb68>       115786
1279     Category_028 <environment: 0x7fba04fa9580>       278813
1280     Category_028 <environment: 0x7fba04fb0400>       536732
1281     Category_028 <environment: 0x7fba04fbb430>       188817
[KILLED BY ORCHESTRATOR]
1282     Category_028 <environment: 0x7fba04fc4e48>       128373
1283     Category_028 <environment: 0x7fba04fcc710>        81320
1284     Category_028 <environment: 0x7fba04fdfb30>       152737
1285     Category_028 <environment: 0x7fba04fe8c50>        66329
1286     Category_028 <environment: 0x7fba04ff70b0>       504021
1287     Category_028 <environment: 0x7fba0500ac18>       264275
1288     Category_028 <environment: 0x7fba050173f8>       138669
1289     Category_028 <environment: 0x7fba0503ee48>        76829
1290     Category_028 <environment: 0x7fba050465c0>       659652
1291     Category_028 <environment: 0x7fba050535f0>        96980
1292     Category_028 <environment: 0x7fba0505fb30>        98551
1293     Category_028 <environment: 0x7fba05067388>       165424
1294     Category_028 <environment: 0x7fba050c2978>       389917
1295     Category_028 <environment: 0x7fba050cc5f8>       123286
1296     Category_028 <environment: 0x7fba050d7ba0>        96351
1297     Category_028 <environment: 0x7fba050e2d30>       103490
1298     Category_028 <environment: 0x7fba050ede40>        88217
1299     Category_028 <environment: 0x7fba050f9d28>       134483
1300     Category_028 <environment: 0x7fba051012e0>       109488
1301     Category_028 <environment: 0x7fba0510e0a8>       160560
1302     Category_028 <environment: 0x7fba05116e80>       133733
1303     Category_028 <environment: 0x7fba05128320>        94802
1304     Category_028 <environment: 0x7fba05133c48>        62418
1305     Category_028 <environment: 0x7fba0513d0e8>        10986
Evaluation error: Only strings can be converted to symbols.
