    Product_Category Date Order_Demand
1       Category_028 <NA>       106139
2       Category_028 <NA>       121582
3       Category_028 <NA>       122792
4       Category_028 <NA>        84103
5       Category_028 <NA>       104419
6       Category_028 <NA>       114419
7       Category_028 <NA>       127128
8       Category_028 <NA>       110036
9       Category_028 <NA>       107950
10      Category_028 <NA>       185543
11      Category_028 <NA>       148934
12      Category_028 <NA>       113525
[KILLED BY ORCHESTRATOR]
13      Category_028 <NA>        84103
14      Category_028 <NA>        85446
15      Category_028 <NA>       105966
16      Category_028 <NA>        81976
17      Category_028 <NA>        97391
18      Category_028 <NA>        44771
19      Category_028 <NA>        48073
20      Category_028 <NA>       200501
21      Category_028 <NA>       407361
22      Category_028 <NA>        85118
23      Category_028 <NA>       611556
24      Category_028 <NA>        62992
25      Category_028 <NA>       152851
26      Category_028 <NA>       316914
27      Category_028 <NA>       267120
28      Category_028 <NA>       277876
29      Category_028 <NA>       157978
30      Category_028 <NA>        98632
31      Category_028 <NA>        81723
32      Category_028 <NA>       223773
33      Category_028 <NA>       105215
34      Category_028 <NA>       162854
35      Category_028 <NA>        88280
36      Category_028 <NA>       266740
37      Category_028 <NA>       199203
38      Category_028 <NA>       226312
39      Category_028 <NA>        98320
40      Category_028 <NA>       260341
41      Category_028 <NA>       133352
42      Category_028 <NA>       324982
43      Category_028 <NA>        96929
44      Category_028 <NA>       175753
45      Category_028 <NA>        70651
46      Category_028 <NA>        59341
47      Category_028 <NA>        74026
48      Category_028 <NA>        71505
49      Category_028 <NA>       103679
50      Category_028 <NA>       376458
51      Category_028 <NA>       133108
52      Category_028 <NA>        44167
53      Category_028 <NA>       133002
54      Category_028 <NA>       182484
55      Category_028 <NA>       119555
56      Category_028 <NA>       169764
57      Category_028 <NA>       237158
58      Category_028 <NA>       375073
59      Category_028 <NA>        48569
60      Category_028 <NA>       192677
61      Category_028 <NA>       145490
62      Category_028 <NA>       113945
63      Category_028 <NA>        64552
64      Category_028 <NA>       149625
65      Category_028 <NA>       113848
66      Category_028 <NA>       244582
67      Category_028 <NA>       145118
68      Category_028 <NA>       209633
69      Category_028 <NA>       142758
70      Category_028 <NA>        53195
71      Category_028 <NA>       292098
72      Category_028 <NA>       124567
73      Category_028 <NA>       105247
74      Category_028 <NA>       126839
75      Category_028 <NA>       196229
76      Category_028 <NA>       119110
77      Category_028 <NA>       123806
78      Category_028 <NA>       223047
79      Category_028 <NA>       187542
80      Category_028 <NA>       164151
81      Category_028 <NA>       154113
82      Category_028 <NA>       154775
83      Category_028 <NA>       200558
84      Category_028 <NA>       177929
85      Category_028 <NA>       147835
86      Category_028 <NA>       216361
87      Category_028 <NA>       346139
88      Category_028 <NA>       132567
89      Category_028 <NA>       206774
90      Category_028 <NA>       273559
91      Category_028 <NA>       263046
92      Category_028 <NA>       211688
93      Category_028 <NA>       255801
94      Category_028 <NA>        95908
95      Category_028 <NA>       201013
96      Category_028 <NA>       283894
97      Category_028 <NA>       128988
98      Category_028 <NA>       228473
99      Category_028 <NA>       171975
100     Category_028 <NA>       145906
101     Category_028 <NA>       264977
102     Category_028 <NA>       128454
103     Category_028 <NA>       117249
104     Category_028 <NA>       141228
105     Category_028 <NA>       133804
106     Category_028 <NA>       166437
107     Category_028 <NA>       199690
108     Category_028 <NA>       143576
109     Category_028 <NA>        81957
110     Category_028 <NA>       142367
111     Category_028 <NA>       141675
112     Category_028 <NA>       410440
113     Category_028 <NA>       207489
114     Category_028 <NA>       250156
115     Category_028 <NA>       299862
116     Category_028 <NA>       123067
117     Category_028 <NA>       257540
118     Category_028 <NA>       247338
119     Category_028 <NA>       133000
120     Category_028 <NA>       212576
121     Category_028 <NA>        96969
122     Category_028 <NA>        77824
123     Category_028 <NA>       162910
124     Category_028 <NA>       151747
125     Category_028 <NA>       191714
126     Category_028 <NA>       211403
127     Category_028 <NA>       113115
128     Category_028 <NA>       101798
129     Category_028 <NA>       190653
130     Category_028 <NA>        99371
131     Category_028 <NA>       161578
132     Category_028 <NA>       154483
133     Category_028 <NA>       107946
134     Category_028 <NA>       225157
135     Category_028 <NA>        69773
136     Category_028 <NA>       162387
137     Category_028 <NA>        99669
138     Category_028 <NA>       212734
139     Category_028 <NA>       249657
140     Category_028 <NA>       169043
141     Category_028 <NA>       223737
142     Category_028 <NA>       286795
143     Category_028 <NA>       114959
144     Category_028 <NA>       221761
145     Category_028 <NA>       338445
146     Category_028 <NA>        97176
147     Category_028 <NA>       184423
148     Category_028 <NA>       137260
149     Category_028 <NA>       342327
150     Category_028 <NA>       294114
151     Category_028 <NA>        75891
152     Category_028 <NA>       666541
153     Category_028 <NA>       265079
154     Category_028 <NA>       250671
155     Category_028 <NA>       105554
156     Category_028 <NA>        49218
157     Category_028 <NA>        87152
158     Category_028 <NA>       369270
159     Category_028 <NA>       132603
160     Category_028 <NA>       215319
161     Category_028 <NA>       169294
162     Category_028 <NA>       138777
163     Category_028 <NA>       155203
164     Category_028 <NA>       160135
165     Category_028 <NA>       265867
166     Category_028 <NA>       215862
167     Category_028 <NA>       157108
168     Category_028 <NA>       341536
169     Category_028 <NA>       167008
170     Category_028 <NA>       316416
171     Category_028 <NA>       241622
172     Category_028 <NA>       258752
173     Category_028 <NA>       206003
174     Category_028 <NA>       142290
175     Category_028 <NA>       189658
176     Category_028 <NA>       205587
177     Category_028 <NA>       168690
178     Category_028 <NA>        60576
179     Category_028 <NA>        77575
180     Category_028 <NA>       188338
181     Category_028 <NA>       738588
182     Category_028 <NA>       150392
183     Category_028 <NA>       139888
184     Category_028 <NA>       106548
185     Category_028 <NA>       177800
186     Category_028 <NA>        65976
187     Category_028 <NA>       357609
188     Category_028 <NA>       195193
189     Category_028 <NA>        88704
190     Category_028 <NA>       264795
191     Category_028 <NA>        75082
192     Category_028 <NA>       148934
193     Category_028 <NA>       177147
194     Category_028 <NA>       154514
195     Category_028 <NA>       109435
196     Category_028 <NA>       238830
197     Category_028 <NA>       171944
198     Category_028 <NA>       163344
199     Category_028 <NA>       256200
200     Category_028 <NA>       330083
201     Category_028 <NA>       151900
202     Category_028 <NA>       264817
203     Category_028 <NA>       308326
204     Category_028 <NA>       220656
205     Category_028 <NA>       171359
206     Category_028 <NA>       153836
207     Category_028 <NA>       175820
208     Category_028 <NA>      1446679
209     Category_028 <NA>        97059
210     Category_028 <NA>       130215
211     Category_028 <NA>        57008
212     Category_028 <NA>       171096
213     Category_028 <NA>       147361
214     Category_028 <NA>       141564
215     Category_028 <NA>       186984
216     Category_028 <NA>       169375
217     Category_028 <NA>        66572
218     Category_028 <NA>        79122
219     Category_028 <NA>        93545
220     Category_028 <NA>       413691
221     Category_028 <NA>        51509
222     Category_028 <NA>       317813
223     Category_028 <NA>       193737
224     Category_028 <NA>       285831
225     Category_028 <NA>        83444
226     Category_028 <NA>       213747
227     Category_028 <NA>       330586
228     Category_028 <NA>       110350
229     Category_028 <NA>       310205
230     Category_028 <NA>       178177
231     Category_028 <NA>       154225
232     Category_028 <NA>       177296
233     Category_028 <NA>       219796
234     Category_028 <NA>       115786
235     Category_028 <NA>       278813
236     Category_028 <NA>       536732
237     Category_028 <NA>       188817
238     Category_028 <NA>       128373
239     Category_028 <NA>        81320
240     Category_028 <NA>       152737
241     Category_028 <NA>        66329
242     Category_028 <NA>       504021
243     Category_028 <NA>       264275
244     Category_028 <NA>       138669
245     Category_028 <NA>        76829
246     Category_028 <NA>       659652
247     Category_028 <NA>        96980
248     Category_028 <NA>        98551
249     Category_028 <NA>       165424
250     Category_028 <NA>       389917
251     Category_028 <NA>       123286
252     Category_028 <NA>        96351
253     Category_028 <NA>       103490
254     Category_028 <NA>        88217
255     Category_028 <NA>       134483
256     Category_028 <NA>       109488
257     Category_028 <NA>       160560
258     Category_028 <NA>       133733
259     Category_028 <NA>        94802
260     Category_028 <NA>        62418
261     Category_028 <NA>        10986
Evaluation error: Problem with `filter()` input `..1`.
[31mx[39m missing value where TRUE/FALSE needed
[34mℹ[39m Input `..1` is `Date %>% between_time("start", idx[1] %+time% period)`..
