[1] "Category_007"
     Product_Category                          Date Order_Demand
1        Category_005 <environment: 0x7f99dc943938>       385765
2        Category_005 <environment: 0x7f99dc961d38>       720685
3        Category_005 <environment: 0x7f99dc977b50>       901025
4        Category_005 <environment: 0x7f99dc99f508>       685745
5        Category_005 <environment: 0x7f99dc9a9310>       727900
6        Category_005 <environment: 0x7f99dc9baa40>       785800
7        Category_005 <environment: 0x7f99dc9e3cd8>       743925
8        Category_005 <environment: 0x7f99dca0fe88>       760275
9        Category_005 <environment: 0x7f99dca16fa8>       810445
10       Category_005 <environment: 0x7f99dca21e88>       885165
11       Category_005 <environment: 0x7f99dca54c88>       734075
12       Category_005 <environment: 0x7f99dca5c390>       583270
13       Category_005 <environment: 0x7f99dca69c10>       618370
14       Category_005 <environment: 0x7f99dca82da0>       910275
15       Category_005 <environment: 0x7f99dc4999a8>       484680
16       Category_005 <environment: 0x7f99dc4b3580>       679055
17       Category_005 <environment: 0x7f99dc4bb2a8>       533440
18       Category_005 <environment: 0x7f99dc4cbbd8>       525240
19       Category_005 <environment: 0x7f99dc4ed008>      1041150
20       Category_005 <environment: 0x7f99dc4f9190>       695680
21       Category_005 <environment: 0x7f99dc51f0e8>       811530
22       Category_005 <environment: 0x7f99dc59af60>       581010
23       Category_005 <environment: 0x7f99dc6066d8>       693625
24       Category_005 <environment: 0x7f99dc645a50>       885475
25       Category_005 <environment: 0x7f99dc6719e0>       858765
26       Category_005 <environment: 0x7f99dc685b68>       621525
27       Category_005 <environment: 0x7f99dc691e78>       784970
28       Category_005 <environment: 0x7f99dc698630>       670825
29       Category_005 <environment: 0x7f99dc6b5ba0>       581370
30       Category_005 <environment: 0x7f99dc6c0400>       653710
31       Category_005 <environment: 0x7f99dc6c8400>       630345
32       Category_005 <environment: 0x7f99dc6d22e8>       745600
33       Category_005 <environment: 0x7f99dc6e5ba0>       239425
34       Category_005 <environment: 0x7f99dc6efb30>       772860
35       Category_005 <environment: 0x7f99dc6f7a88>       616000
36       Category_005 <environment: 0x7f99dc6ffb68>       834920
37       Category_005 <environment: 0x7f99dc709c10>       505820
38       Category_005 <environment: 0x7f99dc711970>       592135
39       Category_005 <environment: 0x7f99dc719970>       663525
40       Category_005 <environment: 0x7f99dc723a50>       849075
41       Category_005 <environment: 0x7f99dc72daf8>       381605
42       Category_005 <environment: 0x7f99dc737c48>       555075
43       Category_005 <environment: 0x7f99dc73fd60>       623600
44       Category_005 <environment: 0x7f99dc74f4a0>       766500
45       Category_005 <environment: 0x7f99dc759580>       713355
46       Category_005 <environment: 0x7f99dc763660>       599350
47       Category_005 <environment: 0x7f99dc76d6d0>       492115
48       Category_005 <environment: 0x7f99dc7757e8>       587635
49       Category_005 <environment: 0x7f99dc77f900>       735770
50       Category_005 <environment: 0x7f99dc7879a8>       620375
51       Category_005 <environment: 0x7f99dc78fa88>       623810
52       Category_005 <environment: 0x7f99dc797ba0>       457900
53       Category_005 <environment: 0x7f99dc7a1cf0>       311725
54       Category_005 <environment: 0x7f99dc7a9d60>       952125
55       Category_005 <environment: 0x7f99dc7b1e40>       558650
56       Category_005 <environment: 0x7f99dc7b7f58>       721015
57       Category_005 <environment: 0x7f99dc7c2070>       637525
58       Category_005 <environment: 0x7f99dc7ca0e0>       756895
59       Category_005 <environment: 0x7f99dc7d02b0>       382625
60       Category_005 <environment: 0x7f99dc7ddfc8>       687740
61       Category_005 <environment: 0x7f99dc7e5e78>       592150
62       Category_005 <environment: 0x7f99dc7efcf0>       756270
63       Category_005 <environment: 0x7f99dc7f7388>       761765
64       Category_005 <environment: 0x7f99dd0170e8>       571575
65       Category_005 <environment: 0x7f99dd020da0>       757950
66       Category_005 <environment: 0x7f99dd028e80>       719875
67       Category_005 <environment: 0x7f99dd030898>       509500
68       Category_005 <environment: 0x7f99dd03a470>       618375
69       Category_005 <environment: 0x7f99dd045e08>       545250
70       Category_005 <environment: 0x7f99dd04d5f0>       561670
71       Category_005 <environment: 0x7f99dd0555b8>       571145
72       Category_005 <environment: 0x7f99dd05ee80>       989625
73       Category_005 <environment: 0x7f99dd066f28>       798385
74       Category_005 <environment: 0x7f99dd06efd0>       707080
75       Category_005 <environment: 0x7f99dd079078>       789195
76       Category_005 <environment: 0x7f99dd081078>       601700
77       Category_005 <environment: 0x7f99dd08dee8>       611575
78       Category_005 <environment: 0x7f99dd09ccc0>       852550
79       Category_005 <environment: 0x7f99dd0a6f98>       740885
80       Category_005 <environment: 0x7f99dd0b38c8>       490890
81       Category_005 <environment: 0x7f99dd0ba898>       677345
82       Category_005 <environment: 0x7f99dd0c43c8>       906450
83       Category_005 <environment: 0x7f99dd0d2038>       730510
84       Category_005 <environment: 0x7f99dd0dafd0>       607195
85       Category_005 <environment: 0x7f99dd0e8ef0>       377925
86       Category_005 <environment: 0x7f99dd101628>       706000
87       Category_005 <environment: 0x7f99dd10b628>       945475
88       Category_005 <environment: 0x7f99dd11e7f0>       723350
89       Category_005 <environment: 0x7f99dd12faf8>       791425
90       Category_005 <environment: 0x7f99dd17b190>       707000
91       Category_005 <environment: 0x7f99dd182c50>       691500
92       Category_005 <environment: 0x7f99dd18ab00>       790325
93       Category_005 <environment: 0x7f99dd1948d0>       599660
94       Category_005 <environment: 0x7f99dd19c390>       605050
95       Category_005 <environment: 0x7f99dd1a9580>      1153275
96       Category_005 <environment: 0x7f99dd1b3318>       610600
97       Category_005 <environment: 0x7f99dd1bb270>       751525
98       Category_005 <environment: 0x7f99dd1c7548>       602300
99       Category_005 <environment: 0x7f99dd1f47b8>       713775
100      Category_005 <environment: 0x7f99dd20d890>       662645
101      Category_005 <environment: 0x7f99dd218c88>       843720
102      Category_005 <environment: 0x7f99dd220978>       911675
103      Category_005 <environment: 0x7f99dd22c908>       834775
104      Category_005 <environment: 0x7f99dd2385f8>       557420
105      Category_005 <environment: 0x7f99dd241c80>       347800
106      Category_005 <environment: 0x7f99dd253dd0>       903025
107      Category_005 <environment: 0x7f99dd25beb0>      1074475
108      Category_005 <environment: 0x7f99dd274470>       863510
109      Category_005 <environment: 0x7f99dd290908>       681920
110      Category_005 <environment: 0x7f99dd29d580>       628550
111      Category_005 <environment: 0x7f99dd2a4f60>       630350
112      Category_005 <environment: 0x7f99dd2aed68>       907145
113      Category_005 <environment: 0x7f99dd2b9b68>       769130
114      Category_005 <environment: 0x7f99dd2c6978>       844475
115      Category_005 <environment: 0x7f99dd2d6fd0>       832905
116      Category_005 <environment: 0x7f99dd2e33c0>       839365
117      Category_005 <environment: 0x7f99dd2f84a8>      1012535
118      Category_005 <environment: 0x7f99dd302208>       757210
119      Category_005 <environment: 0x7f99dd30d858>       811170
120      Category_005 <environment: 0x7f99dd316828>      1154225
121      Category_005 <environment: 0x7f99dd31e908>       607900
122      Category_005 <environment: 0x7f99dd328940>       741775
123      Category_005 <environment: 0x7f99dd332978>       689350
124      Category_005 <environment: 0x7f99dd33c898>       790950
125      Category_005 <environment: 0x7f99dd344550>       872680
126      Category_005 <environment: 0x7f99dd34e518>       862070
127      Category_005 <environment: 0x7f99dd356588>       788450
128      Category_005 <environment: 0x7f99dd360668>       814910
129      Category_005 <environment: 0x7f99dd368710>       869390
130      Category_005 <environment: 0x7f99dd3707f0>       584370
131      Category_005 <environment: 0x7f99dd37a828>      1025675
132      Category_005 <environment: 0x7f99dd382588>       879410
133      Category_005 <environment: 0x7f99dd38a588>       553650
134      Category_005 <environment: 0x7f99dd396588>       639925
135      Category_005 <environment: 0x7f99dd3aa070>       957875
136      Category_005 <environment: 0x7f99dd3ae208>       742780
137      Category_005 <environment: 0x7f99dd3c1580>       455550
138      Category_005 <environment: 0x7f99dd3c93f8>       966470
139      Category_005 <environment: 0x7f99dd3d12a8>       671025
140      Category_005 <environment: 0x7f99dd3dcdd8>       761565
141      Category_005 <environment: 0x7f99dd3e4ac8>       943040
142      Category_005 <environment: 0x7f99dd3eca58>       849810
143      Category_005 <environment: 0x7f99dd3f8390>       735695
144      Category_005 <environment: 0x7f99dd403ac0>      1537490
145      Category_005 <environment: 0x7f99dd40b9e0>       733550
146      Category_005 <environment: 0x7f99dd414a90>       666000
147      Category_005 <environment: 0x7f99dd41e9b0>       863650
148      Category_005 <environment: 0x7f99dd439238>      1138615
149      Category_005 <environment: 0x7f99dd445f20>       731050
150      Category_005 <environment: 0x7f99dd44eb38>       864460
151      Category_005 <environment: 0x7f99dd456b00>      1246810
152      Category_005 <environment: 0x7f99dd460ba8>      1177510
153      Category_005 <environment: 0x7f99dd468c18>       951850
154      Category_005 <environment: 0x7f99dd49dc48>       907620
155      Category_005 <environment: 0x7f99dd4a5c80>      1007165
156      Category_005 <environment: 0x7f99dd4af388>       740970
157      Category_005 <environment: 0x7f99db135008>       400500
158      Category_005 <environment: 0x7f99dcc40430>      1447635
159      Category_005 <environment: 0x7f99dcc67320>      1953800
160      Category_005 <environment: 0x7f99dcc81e48>       798735
161      Category_005 <environment: 0x7f99dce6ad28>       665275
162      Category_005 <environment: 0x7f99dce72b30>      1009110
163      Category_005 <environment: 0x7f99dce7b8d0>      1339450
164      Category_005 <environment: 0x7f99dce87438>      1204590
165      Category_005 <environment: 0x7f99dce9bcc0>      1158915
166      Category_005 <environment: 0x7f99dceab0e0>       900045
167      Category_005 <environment: 0x7f99dceb46d0>       972025
168      Category_005 <environment: 0x7f99dcebc708>       946140
169      Category_005 <environment: 0x7f99dcec67b0>      1505760
170      Category_005 <environment: 0x7f99dcece6d0>      1138650
171      Category_005 <environment: 0x7f99dcedd908>       860060
172      Category_005 <environment: 0x7f99dcee7780>       853400
173      Category_005 <environment: 0x7f99dcef4cf0>       804770
174      Category_005 <environment: 0x7f99dcf1e660>       704060
175      Category_005 <environment: 0x7f99dcf27da0>       487575
176      Category_005 <environment: 0x7f99dcf2fdd8>       802210
177      Category_005 <environment: 0x7f99dcf379b0>       758725
178      Category_005 <environment: 0x7f99dcf43a20>       901875
179      Category_005 <environment: 0x7f99dcf4b748>       703250
180      Category_005 <environment: 0x7f99dcf53780>       719010
181      Category_005 <environment: 0x7f99dcf5d278>      1022580
182      Category_005 <environment: 0x7f99dcf6b0e0>       617855
183      Category_005 <environment: 0x7f99dcf798d0>       866850
184      Category_005 <environment: 0x7f99dcf8add0>       617320
185      Category_005 <environment: 0x7f99dcf92938>       599645
186      Category_005 <environment: 0x7f99dcfa57b8>       962260
187      Category_005 <environment: 0x7f99dcfb0120>      1013550
188      Category_005 <environment: 0x7f99dcfbe270>       622545
189      Category_005 <environment: 0x7f99dcfc57b8>       267200
190      Category_005 <environment: 0x7f99dcfcd2e8>      1139615
191      Category_005 <environment: 0x7f99dcfdbc18>       492135
192      Category_005 <environment: 0x7f99dcfe6468>      1165380
193      Category_005 <environment: 0x7f99dcfedf60>       543405
194      Category_005 <environment: 0x7f99dcffaee8>       676350
195      Category_005 <environment: 0x7f99dd80bba0>      1027085
196      Category_005 <environment: 0x7f99dd813a50>       758635
197      Category_005 <environment: 0x7f99dd81b778>       669950
198      Category_005 <environment: 0x7f99dd82a550>       838350
199      Category_005 <environment: 0x7f99dd8414a0>       671845
200      Category_005 <environment: 0x7f99dd857938>       911595
201      Category_005 <environment: 0x7f99dd861008>       590225
202      Category_005 <environment: 0x7f99dd868710>       558855
203      Category_005 <environment: 0x7f99dd877660>      1192210
204      Category_005 <environment: 0x7f99dd87f350>       762810
205      Category_005 <environment: 0x7f99dd889040>      1109400
206      Category_005 <environment: 0x7f99dd894be0>       860610
207      Category_005 <environment: 0x7f99dd89e588>       603960
208      Category_005 <environment: 0x7f99dd8a9698>      1051625
209      Category_005 <environment: 0x7f99dd8d2e80>       409750
210      Category_005 <environment: 0x7f99dd8de710>      1110580
211      Category_005 <environment: 0x7f99dd8e86a0>       824430
212      Category_005 <environment: 0x7f99dd8f9778>       843620
213      Category_005 <environment: 0x7f99dd902b00>       683975
214      Category_005 <environment: 0x7f99dd90a860>       742400
215      Category_005 <environment: 0x7f99dd9145f8>       516160
216      Category_005 <environment: 0x7f99dd91c518>       898075
217      Category_005 <environment: 0x7f99dd929158>       676730
218      Category_005 <environment: 0x7f99dd935ac0>       975890
219      Category_005 <environment: 0x7f99dd940240>       595100
220      Category_005 <environment: 0x7f99dd95e828>       866785
221      Category_005 <environment: 0x7f99dd969120>       718500
222      Category_005 <environment: 0x7f99dd975708>       933530
223      Category_005 <environment: 0x7f99dd97e668>       612525
224      Category_005 <environment: 0x7f99dd9915b8>       768860
225      Category_005 <environment: 0x7f99dd9ff5b8>       897450
226      Category_005 <environment: 0x7f99dda08cc0>       731775
227      Category_005 <environment: 0x7f99dda15f58>       545700
228      Category_005 <environment: 0x7f99dda1ca20>       715425
229      Category_005 <environment: 0x7f99dda29970>       798760
230      Category_005 <environment: 0x7f99dda52d68>       830910
231      Category_005 <environment: 0x7f99dda5ac88>       919825
232      Category_005 <environment: 0x7f99dda64c50>       456575
233      Category_005 <environment: 0x7f99dda70ac8>       453330
234      Category_005 <environment: 0x7f99ddaaf900>       672170
235      Category_005 <environment: 0x7f99ddabd740>       767600
236      Category_005 <environment: 0x7f99ddacf8c8>       503710
237      Category_005 <environment: 0x7f99ddad7548>       806500
238      Category_005 <environment: 0x7f99ddae15b8>       445365
239      Category_005 <environment: 0x7f99ddae93f8>       656650
240      Category_005 <environment: 0x7f99ddaf1270>       599825
241      Category_005 <environment: 0x7f99ddb08860>       390200
242      Category_005 <environment: 0x7f99ddb105f8>       850425
243      Category_005 <environment: 0x7f99ddb1c0e0>       706975
244      Category_005 <environment: 0x7f99ddb40f98>       876365
245      Category_005 <environment: 0x7f99ddb4aba8>       469325
246      Category_005 <environment: 0x7f99ddb57f90>       620725
247      Category_005 <environment: 0x7f99ddb820e0>       512075
248      Category_005 <environment: 0x7f99ddb89200>      1042875
249      Category_005 <environment: 0x7f99ddb92710>       689560
250      Category_005 <environment: 0x7f99ddb9fdd0>       781300
251      Category_005 <environment: 0x7f99ddbb0908>       770105
252      Category_005 <environment: 0x7f99ddbc73b0>       628510
253      Category_005 <environment: 0x7f99ddbd0a10>       844650
254      Category_005 <environment: 0x7f99ddbdb998>       712875
255      Category_005 <environment: 0x7f99ddbe71c0>       817930
256      Category_005 <environment: 0x7f99ddbf3118>       679960
257      Category_005 <environment: 0x7f99ddbfcf90>      1325895
258      Category_005 <environment: 0x7f99ddc1c0e8>       717675
259      Category_005 <environment: 0x7f99ddc551c0>       666700
260      Category_005 <environment: 0x7f99ddc5c0e8>       702800
261      Category_005 <environment: 0x7f99ddc692d8>       853100
262      Category_006 <environment: 0x7f99ddc84278>      1937725
263      Category_006 <environment: 0x7f99ddc914a0>      1634534
264      Category_006 <environment: 0x7f99ddc9a400>      1308601
265      Category_006 <environment: 0x7f99dabe28c0>      1008368
266      Category_006 <environment: 0x7f99da93e328>      1422566
267      Category_006 <environment: 0x7f99da8e27f0>      2261507
268      Category_006 <environment: 0x7f99da8cfc80>      1133425
269      Category_006 <environment: 0x7f99da8b1698>       999618
270      Category_006 <environment: 0x7f99da8a7200>      2366886
271      Category_006 <environment: 0x7f99da898710>      1561106
272      Category_006 <environment: 0x7f99da891468>      1366316
273      Category_006 <environment: 0x7f99da887eb0>       787024
274      Category_006 <environment: 0x7f99da87cd30>      1237146
275      Category_006 <environment: 0x7f99da8757b0>      1675824
276      Category_006 <environment: 0x7f99da864400>      1107213
277      Category_006 <environment: 0x7f99da858278>      1264628
278      Category_006 <environment: 0x7f99da822c88>      1718522
279      Category_006 <environment: 0x7f99da8182b0>       912045
280      Category_006 <environment: 0x7f99da810208>      1262838
281      Category_006 <environment: 0x7f99da7fd478>      1535479
282      Category_006 <environment: 0x7f99da4802e8>      1672337
283      Category_006 <environment: 0x7f99da46c678>      1418130
284      Category_006 <environment: 0x7f99da462de8>      1876127
285      Category_006 <environment: 0x7f99da457d70>      1086245
286      Category_006 <environment: 0x7f99da450160>      1628917
287      Category_006 <environment: 0x7f99da446208>       727843
288      Category_006 <environment: 0x7f99da43ab48>      1093364
289      Category_006 <environment: 0x7f99da42d6a8>      1673245
290      Category_006 <environment: 0x7f99da401f68>      1037428
291      Category_006 <environment: 0x7f99da3f2b10>       662778
292      Category_006 <environment: 0x7f99da3eb248>      1458092
293      Category_006 <environment: 0x7f99da3de918>      1585331
294      Category_006 <environment: 0x7f99da3d6b10>       383023
295      Category_006 <environment: 0x7f99da3ccf38>      1781166
296      Category_006 <environment: 0x7f99da3c5980>      1076225
297      Category_006 <environment: 0x7f99da3b5c58>      1042868
298      Category_006 <environment: 0x7f99da3a7050>      1065933
299      Category_006 <environment: 0x7f99da325590>       801602
300      Category_006 <environment: 0x7f99da30e2b0>      1224307
301      Category_006 <environment: 0x7f99da303cc8>      1287696
302      Category_006 <environment: 0x7f99da2c6d40>       915554
303      Category_006 <environment: 0x7f99da2bcfa8>      1608873
304      Category_006 <environment: 0x7f99da26dde0>       890626
305      Category_006 <environment: 0x7f99da25d408>      1162875
306      Category_006 <environment: 0x7f99da252608>      1243658
307      Category_006 <environment: 0x7f99da249478>      1184933
308      Category_006 <environment: 0x7f99d9ff4398>       976428
309      Category_006 <environment: 0x7f99d9ec24d8>      1074729
310      Category_006 <environment: 0x7f99d9e77648>      1496366
311      Category_006 <environment: 0x7f99d9e6aea0>      1547527
312      Category_006 <environment: 0x7f99d9e63338>      1229810
313      Category_006 <environment: 0x7f99d9e56c70>       387043
314      Category_006 <environment: 0x7f99d9c4c378>       105960
315      Category_006 <environment: 0x7f99d9bcbc78>      2040012
316      Category_006 <environment: 0x7f99d9bbb050>      1259511
317      Category_006 <environment: 0x7f99d9972038>      1817145
318      Category_006 <environment: 0x7f99d991e8c0>      1673778
319      Category_006 <environment: 0x7f99d94bbad0>      1414756
320      Category_006 <environment: 0x7f99d94ae720>       642438
321      Category_006 <environment: 0x7f99d94a7910>      1393671
322      Category_006 <environment: 0x7f99d949d248>      1164057
323      Category_006 <environment: 0x7f99d948b3d0>      1965320
324      Category_006 <environment: 0x7f99d947b830>      1465928
325      Category_006 <environment: 0x7f99d9334e68>      1481178
326      Category_006 <environment: 0x7f99d9322228>       856947
327      Category_006 <environment: 0x7f99d9315f18>      1967026
328      Category_006 <environment: 0x7f99d930ce30>      1692845
329      Category_006 <environment: 0x7f99d9301c40>      1156922
330      Category_006 <environment: 0x7f99d92f9568>      2065942
331      Category_006 <environment: 0x7f99d92e8068>       977023
332      Category_006 <environment: 0x7f99d92e0a78>      1832634
333      Category_006 <environment: 0x7f99d929ca08>      1449013
334      Category_006 <environment: 0x7f99d92171b8>      2129209
335      Category_006 <environment: 0x7f99d9209e68>      1388869
336      Category_006 <environment: 0x7f99d9202680>      1620533
337      Category_006 <environment: 0x7f99d91f8488>      1628113
338      Category_006 <environment: 0x7f99d91cd340>       890289
339      Category_006 <environment: 0x7f99d91a1ed8>      1775656
340      Category_006 <environment: 0x7f99d91895e0>      1414814
341      Category_006 <environment: 0x7f99d9149900>      1748235
342      Category_006 <environment: 0x7f99d913deb0>      1431249
343      Category_006 <environment: 0x7f99d912dcb8>      2013066
344      Category_006 <environment: 0x7f99d9121f20>      2222782
345      Category_006 <environment: 0x7f99d9117d28>       911677
346      Category_006 <environment: 0x7f99d910d510>       766589
347      Category_006 <environment: 0x7f99d91015b8>      1990704
348      Category_006 <environment: 0x7f99d90d5580>       985874
349      Category_006 <environment: 0x7f99d90c88d0>      2819516
350      Category_006 <environment: 0x7f99d90c19e0>      1519502
351      Category_006 <environment: 0x7f99d90b5970>      1114232
352      Category_006 <environment: 0x7f99d9095938>      1409169
353      Category_006 <environment: 0x7f99d9023ac0>      2502680
354      Category_006 <environment: 0x7f99d90107b8>      1887087
355      Category_006 <environment: 0x7f99fafe0540>      1234730
356      Category_006 <environment: 0x7f99fafba7e0>      1702627
357      Category_006 <environment: 0x7f99fc87db40>      2594022
358      Category_006 <environment: 0x7f99fce09320>      1290167
359      Category_006 <environment: 0x7f99fceebd68>      1686720
360      Category_006 <environment: 0x7f99fcf03320>      1952192
361      Category_006 <environment: 0x7f99fcf51828>      1411350
362      Category_006 <environment: 0x7f99fcf68868>      2320586
363      Category_006 <environment: 0x7f99fcf724e8>      1179806
364      Category_006 <environment: 0x7f99fcf7deb8>      2216652
365      Category_006 <environment: 0x7f99fcf85cf8>      1058562
366      Category_006 <environment: 0x7f99fcf8fb70>       287600
367      Category_006 <environment: 0x7f99fcf9bef0>      2042312
368      Category_006 <environment: 0x7f99fcfa2b78>      1436523
369      Category_006 <environment: 0x7f99fcfc2de0>      1603942
370      Category_006 <environment: 0x7f99fcfd00e8>      1590625
371      Category_006 <environment: 0x7f99fcfe5400>      1713154
372      Category_006 <environment: 0x7f99fcffda58>      1226771
373      Category_006 <environment: 0x7f99db013ba0>      1989813
374      Category_006 <environment: 0x7f99db01b9e0>      1259072
375      Category_006 <environment: 0x7f99db028e48>      1944088
376      Category_006 <environment: 0x7f99db030ef0>      1457191
377      Category_006 <environment: 0x7f99db03a908>       995249
378      Category_006 <environment: 0x7f99db0459a8>      1792059
379      Category_006 <environment: 0x7f99db04d548>      2380981
380      Category_006 <environment: 0x7f99db056f28>      1502884
381      Category_006 <environment: 0x7f99db060908>      1230676
382      Category_006 <environment: 0x7f99db068518>      1263344
383      Category_006 <environment: 0x7f99db07d9a8>      1772160
384      Category_006 <environment: 0x7f99db09d5b8>      1303842
385      Category_006 <environment: 0x7f99db0a7350>      1320084
386      Category_006 <environment: 0x7f99db0b14a0>      1030861
387      Category_006 <environment: 0x7f99db0c6470>      1291061
388      Category_006 <environment: 0x7f99db0d0588>      2394231
389      Category_006 <environment: 0x7f99db0dc070>      1505415
390      Category_006 <environment: 0x7f99db0e5f58>       717524
391      Category_006 <environment: 0x7f99db0efe78>      1577452
392      Category_006 <environment: 0x7f99db0f9548>      1450397
393      Category_006 <environment: 0x7f99db103430>      1526419
394      Category_006 <environment: 0x7f99db10b120>       836218
395      Category_006 <environment: 0x7f99db1151c8>      1411605
396      Category_006 <environment: 0x7f99db11cda0>       910460
397      Category_006 <environment: 0x7f99db126e80>      1191560
398      Category_006 <environment: 0x7f99db12ed68>      1048705
399      Category_006 <environment: 0x7f9a1930c7c0>      1736478
400      Category_006 <environment: 0x7f9a193aa840>      1737965
401      Category_006 <environment: 0x7f99e93ed5d8>      2813870
402      Category_006 <environment: 0x7f99e93e0418>       928372
403      Category_006 <environment: 0x7f99e942a668>      1614771
404      Category_006 <environment: 0x7f99e9435f90>      1337119
405      Category_006 <environment: 0x7f99e943fd98>      2467368
406      Category_006 <environment: 0x7f99e9447cb8>      1291943
407      Category_006 <environment: 0x7f99e9461e40>      1506215
408      Category_006 <environment: 0x7f99e946bf20>      1005223
409      Category_006 <environment: 0x7f99e9474070>      2439746
410      Category_006 <environment: 0x7f99e947ec88>      2270331
411      Category_006 <environment: 0x7f99e9493468>      2180941
412      Category_006 <environment: 0x7f99e949d120>      1861232
413      Category_006 <environment: 0x7f99e94a4da0>      1158163
414      Category_006 <environment: 0x7f99e94b24a8>      2733442
415      Category_006 <environment: 0x7f99e94be780>      2193731
416      Category_006 <environment: 0x7f99e94dd580>      1639524
417      Category_006 <environment: 0x7f99e94e45c0>      1089894
418      Category_006 <environment: 0x7f99e94f1f90>       406000
419      Category_006 <environment: 0x7f99e94fb190>      2461259
420      Category_006 <environment: 0x7f99e9502c88>      1508438
421      Category_006 <environment: 0x7f99e950a630>      2802442
422      Category_006 <environment: 0x7f99e9512240>      1447350
423      Category_006 <environment: 0x7f99e951f318>      4145260
424      Category_006 <environment: 0x7f99e9526860>      1524911
425      Category_006 <environment: 0x7f99e9538e48>      3198272
426      Category_006 <environment: 0x7f99e9540320>      1231234
427      Category_006 <environment: 0x7f99e954b890>      1687348
428      Category_006 <environment: 0x7f99e9554b38>      1972495
429      Category_006 <environment: 0x7f99e955fb30>      1987933
430      Category_006 <environment: 0x7f99e95690b0>      2819138
431      Category_006 <environment: 0x7f99e959e0e0>      1995027
432      Category_006 <environment: 0x7f99e95a6ba8>      1451722
433      Category_006 <environment: 0x7f99e95b1dd0>      1776793
434      Category_006 <environment: 0x7f99e95bcef0>      1986332
435      Category_006 <environment: 0x7f99e95d4000>       757132
436      Category_006 <environment: 0x7f99e95dd350>      1407730
437      Category_006 <environment: 0x7f99e961a038>      1362333
438      Category_006 <environment: 0x7f99e9624038>      1151710
439      Category_006 <environment: 0x7f99e962ca58>      1761340
440      Category_006 <environment: 0x7f99e9636f28>      2074883
441      Category_006 <environment: 0x7f99e9645fc8>      1998276
442      Category_006 <environment: 0x7f99e96582b0>      1282669
443      Category_006 <environment: 0x7f99e9675e78>      1703088
444      Category_006 <environment: 0x7f99e968bc48>      2914253
445      Category_006 <environment: 0x7f99e96bdcf0>      1910954
446      Category_006 <environment: 0x7f99e96c9fc8>      1406728
447      Category_006 <environment: 0x7f99e96d33c0>      1128144
448      Category_006 <environment: 0x7f99e96daa90>      2843076
449      Category_006 <environment: 0x7f99e96fbf90>      2587637
450      Category_006 <environment: 0x7f99e97030e8>       330609
451      Category_006 <environment: 0x7f99e970f970>      1149263
452      Category_006 <environment: 0x7f99e97162e8>      2705903
453      Category_006 <environment: 0x7f99e97214d8>      1658982
454      Category_006 <environment: 0x7f99e972a3c8>      1654774
455      Category_006 <environment: 0x7f99e97358c8>      1006349
456      Category_006 <environment: 0x7f99e973c9e8>      1129113
457      Category_006 <environment: 0x7f99e9746240>      1558462
458      Category_006 <environment: 0x7f99e9751970>      1528723
459      Category_006 <environment: 0x7f99e97590b0>      1724510
460      Category_006 <environment: 0x7f99e97628d0>      1227210
461      Category_006 <environment: 0x7f99e976fe78>      1537935
462      Category_006 <environment: 0x7f99e97774d8>      2734378
463      Category_006 <environment: 0x7f99e9780550>      1686828
464      Category_006 <environment: 0x7f99e9790780>       978346
465      Category_006 <environment: 0x7f99e979bf58>      1494229
466      Category_006 <environment: 0x7f99e97a59e0>      2672075
467      Category_006 <environment: 0x7f99e97b7858>      2052043
468      Category_006 <environment: 0x7f99e97c79a8>      1177765
469      Category_006 <environment: 0x7f99e97d15b8>      1317446
470      Category_006 <environment: 0x7f99e97d8be0>       462453
471      Category_006 <environment: 0x7f99e97e2978>      2343788
472      Category_006 <environment: 0x7f99e97f8940>       857697
473      Category_006 <environment: 0x7f99db80ff90>      1112724
474      Category_006 <environment: 0x7f99db818d68>      1079685
475      Category_006 <environment: 0x7f99db83fcf0>      2963296
476      Category_006 <environment: 0x7f99db84c0e0>      1595933
477      Category_006 <environment: 0x7f99db853f58>      1164216
478      Category_006 <environment: 0x7f99db85b2e0>      1304127
479      Category_006 <environment: 0x7f99db864ac8>      1529225
480      Category_006 <environment: 0x7f99db86ca58>      1028654
481      Category_006 <environment: 0x7f99db879dd0>      1149581
482      Category_006 <environment: 0x7f99db881c48>      2711928
483      Category_006 <environment: 0x7f99db88b510>      1102023
484      Category_006 <environment: 0x7f99db894d68>      1737732
485      Category_006 <environment: 0x7f99db89cd30>      1893642
486      Category_006 <environment: 0x7f99db8a6780>      1215922
487      Category_006 <environment: 0x7f99db8ae6d8>       993844
488      Category_006 <environment: 0x7f99db8b8240>      1285515
489      Category_006 <environment: 0x7f99db8c5e40>      1621907
490      Category_006 <environment: 0x7f99db8cd430>      1826965
491      Category_006 <environment: 0x7f99db8d6e10>      2108556
492      Category_006 <environment: 0x7f99db8fcda0>      1687945
493      Category_006 <environment: 0x7f99db92bee8>       798938
494      Category_006 <environment: 0x7f99db933350>      1860921
495      Category_006 <environment: 0x7f99db93a630>      1986480
496      Category_006 <environment: 0x7f99db947a18>      2864007
497      Category_006 <environment: 0x7f99db94eef0>      1395109
498      Category_006 <environment: 0x7f99db959cb8>      1913008
499      Category_006 <environment: 0x7f99db962be0>      1111038
500      Category_006 <environment: 0x7f99db96d5f0>      1174665
501      Category_006 <environment: 0x7f99db979d60>      2433578
502      Category_006 <environment: 0x7f99db985fc8>       756605
503      Category_006 <environment: 0x7f99db990b00>      1294216
504      Category_006 <environment: 0x7f99db998470>      1160836
505      Category_006 <environment: 0x7f99db9a5b30>      1551352
506      Category_006 <environment: 0x7f99db9b6dd8>      2208616
507      Category_006 <environment: 0x7f99db9c4c88>       789725
508      Category_006 <environment: 0x7f99db9d3d28>      1259473
509      Category_006 <environment: 0x7f99db9e1b68>      1495920
510      Category_006 <environment: 0x7f99db9e97e8>      1834473
511      Category_006 <environment: 0x7f99dba51580>      1604188
512      Category_006 <environment: 0x7f99dba5a978>      1395921
513      Category_006 <environment: 0x7f99dba657b0>      1165121
514      Category_006 <environment: 0x7f99dba73dd0>      1339812
515      Category_006 <environment: 0x7f99dba7e668>      2172476
516      Category_006 <environment: 0x7f99dba89b30>      2262829
517      Category_006 <environment: 0x7f99dba92d68>       871730
518      Category_006 <environment: 0x7f99dba9f580>      3641728
519      Category_006 <environment: 0x7f99dbaa85c0>      2442216
520      Category_006 <environment: 0x7f99dbab5ac0>       947865
521      Category_006 <environment: 0x7f99dbabf430>       870803
522      Category_006 <environment: 0x7f99dbac6a20>       664712
523      Category_007 <environment: 0x7f99dbad3cb8>       687953
524      Category_007 <environment: 0x7f99dbadd510>       326569
525      Category_007 <environment: 0x7f99dbae4d68>       367456
526      Category_007 <environment: 0x7f99dbaee630>       257725
527      Category_007 <environment: 0x7f99dbaf6240>      1513165
528      Category_007 <environment: 0x7f99dbb0b9a8>       160168
529      Category_007 <environment: 0x7f99dbb13200>       852883
530      Category_007 <environment: 0x7f99dbb1c9e8>       163195
531      Category_007 <environment: 0x7f99dbb27740>       372354
532      Category_007 <environment: 0x7f99dbb2f3f8>       375616
533      Category_007 <environment: 0x7f99dbb38710>       463906
534      Category_007 <environment: 0x7f99dbb40208>       289604
535      Category_007 <environment: 0x7f99dbb4db30>      1143245
536      Category_007 <environment: 0x7f99dbb5c978>       324602
537      Category_007 <environment: 0x7f99dbb68f98>       454912
538      Category_007 <environment: 0x7f99dbb72908>       435039
539      Category_007 <environment: 0x7f99dbb810b0>      1570089
540      Category_007 <environment: 0x7f99dbbaa000>       184012
541      Category_007 <environment: 0x7f99dbbb0780>       409518
542      Category_007 <environment: 0x7f99fa6ece80>       263109
543      Category_007 <environment: 0x7f99fa6f3f30>       420034
544      Category_007 <environment: 0x7f99fa6d71a0>       732261
545      Category_007 <environment: 0x7f99fa6856d8>       163211
546      Category_007 <environment: 0x7f99fa671da0>       113344
547      Category_007 <environment: 0x7f99fa6549b8>       302326
548      Category_007 <environment: 0x7f99fa641850>      1017165
549      Category_007 <environment: 0x7f99fa64a9e0>       173917
550      Category_007 <environment: 0x7f99fa634768>       333670
551      Category_007 <environment: 0x7f99fa5dea78>       420554
552      Category_007 <environment: 0x7f99fa5eb6b8>       314336
553      Category_007 <environment: 0x7f99fa5cbe70>       504031
554      Category_007 <environment: 0x7f99fa5d9098>       258578
555      Category_007 <environment: 0x7f99fa5bfba0>       211754
556      Category_007 <environment: 0x7f99fa5134d8>       761053
557      Category_007 <environment: 0x7f99fa520c78>       816905
558      Category_007 <environment: 0x7f99fa52a1f8>       527019
559      Category_007 <environment: 0x7f99fa5311c8>       457824
560      Category_007 <environment: 0x7f99fa540428>       116144
561      Category_007 <environment: 0x7f99fa54d938>       277956
562      Category_007 <environment: 0x7f99fa557008>      1021493
563      Category_007 <environment: 0x7f99fa71ce78>       130922
564      Category_007 <environment: 0x7f99fa72e318>       513087
565      Category_007 <environment: 0x7f99fa73eba0>       369051
566      Category_007 <environment: 0x7f99fa749898>       591771
567      Category_007 <environment: 0x7f99fa751278>       474616
568      Category_007 <environment: 0x7f99fa76e008>       701120
569      Category_007 <environment: 0x7f99fa7780e8>       483316
570      Category_007 <environment: 0x7f99fa7849a8>       394629
571      Category_007 <environment: 0x7f99fa78c858>       471334
572      Category_007 <environment: 0x7f99fa7960b0>       221305
573      Category_007 <environment: 0x7f99fa7a5cf8>       696926
574      Category_007 <environment: 0x7f99fa7ad3c8>        68709
575      Category_007 <environment: 0x7f99fa7bb070>        29619
576      Category_007 <environment: 0x7f99fa7c5038>       907845
577      Category_007 <environment: 0x7f99fa7cc778>       489345
578      Category_007 <environment: 0x7f99fa7d5630>       439553
579      Category_007 <environment: 0x7f99fa7dd5f8>       936810
580      Category_007 <environment: 0x7f99fa7e7550>       548995
581      Category_007 <environment: 0x7f99fa7f4318>       153754
582      Category_007 <environment: 0x7f99fa7fc2e0>       783555
583      Category_007 <environment: 0x7f99dc00cda0>      1742317
584      Category_007 <environment: 0x7f99dc016b38>       488381
585      Category_007 <environment: 0x7f99dc01eb00>       365016
586      Category_007 <environment: 0x7f99dc0269b0>       504043
587      Category_007 <environment: 0x7f99dc0302e8>       616726
588      Category_007 <environment: 0x7f99dc038400>       436048
589      Category_007 <environment: 0x7f99dc040208>       724257
590      Category_007 <environment: 0x7f99dc04d468>       395049
591      Category_007 <environment: 0x7f99dc055580>       548336
592      Category_007 <environment: 0x7f99dc05d388>       730022
593      Category_007 <environment: 0x7f99dc0672e0>       205331
594      Category_007 <environment: 0x7f99dc06ef98>       604305
595      Category_007 <environment: 0x7f99dc078cf8>       595445
596      Category_007 <environment: 0x7f99dc080cc0>       883483
597      Category_007 <environment: 0x7f99dc08ab38>       125483
598      Category_007 <environment: 0x7f99dc095eb0>       344506
599      Category_007 <environment: 0x7f99dc09fe78>       506535
600      Category_007 <environment: 0x7f99dc0a9bd8>      1206897
601      Category_007 <environment: 0x7f99dc0b1820>       352684
602      Category_007 <environment: 0x7f99dc0bb7e8>       345913
603      Category_007 <environment: 0x7f99dc0c25c0>       209258
604      Category_007 <environment: 0x7f99dc0d00a8>       322367
605      Category_007 <environment: 0x7f99dc0d42b0>       257233
606      Category_007 <environment: 0x7f99dc0e0eb8>       378073
607      Category_007 <environment: 0x7f99dc0ed350>       359597
608      Category_007 <environment: 0x7f99dc107d60>       700010
609      Category_007 <environment: 0x7f99dc114e10>       921339
610      Category_007 <environment: 0x7f99dc11ccc0>       186704
611      Category_007 <environment: 0x7f99dc12cdd8>       438980
612      Category_007 <environment: 0x7f99dc139e78>       206354
613      Category_007 <environment: 0x7f99dc141ee8>       330068
614      Category_007 <environment: 0x7f99dc14c038>      1200961
615      Category_007 <environment: 0x7f99dc150278>       431837
616      Category_007 <environment: 0x7f99dc1583c8>       529948
617      Category_007 <environment: 0x7f99dc1624a8>       787652
618      Category_007 <environment: 0x7f99dc16a5f8>       612502
619      Category_007 <environment: 0x7f99dc174748>       521633
620      Category_007 <environment: 0x7f99dc17c898>       485351
621      Category_007 <environment: 0x7f99dc1869e8>       381122
622      Category_007 <environment: 0x7f99dc18eb38>       559787
623      Category_007 <environment: 0x7f99dc198c88>       988191
624      Category_007 <environment: 0x7f99dc1a0b00>       423942
625      Category_007 <environment: 0x7f99dc1aac50>       276312
626      Category_007 <environment: 0x7f99dc1b4da0>       448059
627      Category_007 <environment: 0x7f99dc1bcef0>        18538
628      Category_007 <environment: 0x7f99dc1c6e80>      1088715
629      Category_007 <environment: 0x7f99dc1cef98>       351896
630      Category_007 <environment: 0x7f99dc1d90b0>       732663
631      Category_007 <environment: 0x7f99dc1e1158>       407806
632      Category_007 <environment: 0x7f99dc1f4cc0>       506282
633      Category_007 <environment: 0x7f99dc1fe9b0>       546118
634      Category_007 <environment: 0x7f99dc2089e8>       820200
635      Category_007 <environment: 0x7f99dc210898>       581896
636      Category_007 <environment: 0x7f99dc218908>       715090
637      Category_007 <environment: 0x7f99dc225708>       534125
638      Category_007 <environment: 0x7f99dc22d778>      1017846
639      Category_007 <environment: 0x7f99dc235890>       431907
640      Category_007 <environment: 0x7f99dc23f9e0>       612295
641      Category_007 <environment: 0x7f99dc247b30>      1013887
642      Category_007 <environment: 0x7f99dc24f8c8>       259500
643      Category_007 <environment: 0x7f99dc2579a8>       304688
644      Category_007 <environment: 0x7f99dc26c518>       437176
645      Category_007 <environment: 0x7f99dc2765c0>       508684
646      Category_007 <environment: 0x7f99dc283d98>       331410
647      Category_007 <environment: 0x7f99dc29b858>       369962
648      Category_007 <environment: 0x7f99dc2b42b0>       681591
649      Category_007 <environment: 0x7f99dc2c15f0>       714741
650      Category_007 <environment: 0x7f99dc2c8dd8>       394856
651      Category_007 <environment: 0x7f99dc2d2d68>       264924
652      Category_007 <environment: 0x7f99dc2e0038>       561405
653      Category_007 <environment: 0x7f99dc2e8038>       775302
654      Category_007 <environment: 0x7f99dc2ec208>       484051
655      Category_007 <environment: 0x7f99dbbd2278>       113103
656      Category_007 <environment: 0x7f99dbbddf90>       539890
657      Category_007 <environment: 0x7f99dbbe7fc8>       282674
658      Category_007 <environment: 0x7f99dbbec208>       664663
659      Category_007 <environment: 0x7f99dbbf9f58>        52446
660      Category_007 <environment: 0x7f99dbc03d60>       465101
661      Category_007 <environment: 0x7f99dbc0bd28>      1274737
662      Category_007 <environment: 0x7f99dbc13e78>       166743
663      Category_007 <environment: 0x7f99dbc1fc10>       233018
664      Category_007 <environment: 0x7f99dbc2dcb8>       248036
665      Category_007 <environment: 0x7f99dbc37ba0>       239547
666      Category_007 <environment: 0x7f99dbc41c48>       937713
667      Category_007 <environment: 0x7f99dbc63a88>       326602
668      Category_007 <environment: 0x7f99dbc6b858>       590979
669      Category_007 <environment: 0x7f99dbc77f90>       381507
670      Category_007 <environment: 0x7f99dbc80898>      1286532
671      Category_007 <environment: 0x7f99dbc88390>       502841
672      Category_007 <environment: 0x7f99dbc95ac0>       145383
673      Category_007 <environment: 0x7f99dbc9c9e8>       233992
674      Category_007 <environment: 0x7f99dbcab238>       932237
675      Category_007 <environment: 0x7f99dbcb8e48>       287792
676      Category_007 <environment: 0x7f99dbcc4470>       412471
677      Category_007 <environment: 0x7f99dbccf2e0>       332245
678      Category_007 <environment: 0x7f99dbcd6e10>       774808
679      Category_007 <environment: 0x7f99dbce0b00>        38172
680      Category_007 <environment: 0x7f99dbce8b70>      1024676
681      Category_007 <environment: 0x7f99dbcf3b68>       312673
682      Category_007 <environment: 0x7f99dbcfdc48>       192562
683      Category_007 <environment: 0x7f99dbd059e0>       216278
684      Category_007 <environment: 0x7f99dbd0da50>       446273
685      Category_007 <environment: 0x7f99dbd17ba0>       885064
686      Category_007 <environment: 0x7f99dbd1fbd8>       604470
687      Category_007 <environment: 0x7f99dbd275f0>       155829
688      Category_007 <environment: 0x7f99dbd4f740>       681125
689      Category_007 <environment: 0x7f99dbd57740>       689480
690      Category_007 <environment: 0x7f99dbd616d0>       478146
691      Category_007 <environment: 0x7f99dbd696d0>      1640622
692      Category_007 <environment: 0x7f99dbd736d0>      1890135
693      Category_007 <environment: 0x7f99dbd7d7e8>       877187
694      Category_007 <environment: 0x7f99dbddb350>       577664
695      Category_007 <environment: 0x7f99dbde3468>       114379
696      Category_007 <environment: 0x7f99dbdeb5b8>      1130181
697      Category_007 <environment: 0x7f99dbdf5708>       113710
698      Category_007 <environment: 0x7f99dbdfd858>       596084
699      Category_007 <environment: 0x7f99dbe059a8>       433703
700      Category_007 <environment: 0x7f99dbe0faf8>       310775
701      Category_007 <environment: 0x7f99dbe17c48>       104931
702      Category_007 <environment: 0x7f99dbe1f740>       375690
703      Category_007 <environment: 0x7f99dbe29820>       122757
704      Category_007 <environment: 0x7f99dbe31970>       294718
705      Category_007 <environment: 0x7f99dbe3bac0>       861685
706      Category_007 <environment: 0x7f99dbe43938>       312220
707      Category_007 <environment: 0x7f99dbe4e710>       307621
708      Category_007 <environment: 0x7f99dbe58860>       134769
709      Category_007 <environment: 0x7f99dbe609b0>       272157
710      Category_007 <environment: 0x7f99dbe6ab00>       459445
711      Category_007 <environment: 0x7f99dbe72c50>       189028
712      Category_007 <environment: 0x7f99dbe82e80>       295631
713      Category_007 <environment: 0x7f99dbe917e8>       385053
714      Category_007 <environment: 0x7f99dbe9b7e8>       783701
715      Category_007 <environment: 0x7f99dbea3938>       131633
716      Category_007 <environment: 0x7f99dbeada88>       347897
717      Category_007 <environment: 0x7f99dbeb5ba0>       136845
718      Category_007 <environment: 0x7f99dbebed30>      2046209
719      Category_007 <environment: 0x7f99dbec6e80>       280922
720      Category_007 <environment: 0x7f99dbed0fd0>       628280
721      Category_007 <environment: 0x7f99dbedc320>       307297
722      Category_007 <environment: 0x7f99dbee7e08>       210020
723      Category_007 <environment: 0x7f99dbef1f20>       724420
724      Category_007 <environment: 0x7f99dbef82e8>       220336
725      Category_007 <environment: 0x7f99dbf003c8>       135813
726      Category_007 <environment: 0x7f99dbf0a4e0>       247655
727      Category_007 <environment: 0x7f99dbf125c0>       646059
728      Category_007 <environment: 0x7f99dbf1a6a0>       553420
729      Category_007 <environment: 0x7f99dbf24438>       116968
730      Category_007 <environment: 0x7f99dbf35ac0>       210813
731      Category_007 <environment: 0x7f99dbf3fb30>       471317
732      Category_007 <environment: 0x7f99dbf47a88>       228729
733      Category_007 <environment: 0x7f99dbf57ac0>       283979
734      Category_007 <environment: 0x7f99dbf5ecc0>       102558
735      Category_007 <environment: 0x7f99dbf687b8>      1037268
736      Category_007 <environment: 0x7f99dbfa7698>       497144
737      Category_007 <environment: 0x7f99dbfaebe0>       585287
738      Category_007 <environment: 0x7f99dbfb8be0>       235152
739      Category_007 <environment: 0x7f99dbfc0a58>       389182
740      Category_007 <environment: 0x7f99dbfd0000>       761812
741      Category_007 <environment: 0x7f99dbfd80e0>       680013
742      Category_007 <environment: 0x7f99dbfe00e0>       353043
743      Category_007 <environment: 0x7f99dbfe62b0>       404700
744      Category_007 <environment: 0x7f99dbff0908>       945684
745      Category_007 <environment: 0x7f99dbffa588>      1006405
746      Category_007 <environment: 0x7f99dc80c518>       222184
747      Category_007 <environment: 0x7f99dc8462b0>       634971
748      Category_007 <environment: 0x7f99dc856f28>       932460
749      Category_007 <environment: 0x7f99dc8639e0>        42190
750      Category_007 <environment: 0x7f99dc870070>       329656
751      Category_007 <environment: 0x7f99dc8782b0>       128521
752      Category_007 <environment: 0x7f99dc8846d8>       151914
753      Category_007 <environment: 0x7f99dc88e4e0>       392121
754      Category_007 <environment: 0x7f99dc89bc10>       490072
755      Category_007 <environment: 0x7f99dc8a4320>       124529
756      Category_007 <environment: 0x7f99dc8b14d8>        98871
757      Category_007 <environment: 0x7f99dc8ca7f0>      1423012
758      Category_007 <environment: 0x7f99dc8e8cc0>       445709
759      Category_007 <environment: 0x7f99dc8f0470>       488001
760      Category_007 <environment: 0x7f99dc91e828>       201057
761      Category_007 <environment: 0x7f99dc929a50>       739498
762      Category_007 <environment: 0x7f99dc933008>       258341
763      Category_007 <environment: 0x7f99dc93e438>       225740
764      Category_007 <environment: 0x7f99dc95fe88>       186648
765      Category_007 <environment: 0x7f99dc969830>       355509
766      Category_007 <environment: 0x7f99dc987df0>       776558
767      Category_007 <environment: 0x7f99dc9a7000>       767182
768      Category_007 <environment: 0x7f99dc9b36c8>        75297
769      Category_007 <environment: 0x7f99dc9bf0a8>       345613
770      Category_007 <environment: 0x7f99dca0d9b8>       868491
771      Category_007 <environment: 0x7f99dca14e90>       292662
772      Category_007 <environment: 0x7f99dca1f520>       190060
773      Category_007 <environment: 0x7f99dca524e0>       326094
774      Category_007 <environment: 0x7f99dca5d820>       922321
775      Category_007 <environment: 0x7f99dca67008>       206650
776      Category_007 <environment: 0x7f99dca7e828>       441421
777      Category_007 <environment: 0x7f99dc496b38>       249135
778      Category_007 <environment: 0x7f99dc4aea20>       256320
779      Category_007 <environment: 0x7f99dc4b8208>       431547
780      Category_007 <environment: 0x7f99dc4c9270>       233376
781      Category_007 <environment: 0x7f99dc4edd28>       314232
782      Category_007 <environment: 0x7f99dc4f9c80>       741318
783      Category_007 <environment: 0x7f99dc51fe40>        97993
784      Category_019 <environment: 0x7f99dc59b938>     13685930
785      Category_019 <environment: 0x7f99dc6047b8>     14223951
786      Category_019 <environment: 0x7f99dc6460a8>     13488881
787      Category_019 <environment: 0x7f99dc66c470>     10814476
788      Category_019 <environment: 0x7f99dc686038>     17975601
789      Category_019 <environment: 0x7f99dc68fcb8>     21091853
790      Category_019 <environment: 0x7f99dc698828>     14856372
791      Category_019 <environment: 0x7f99dc6ae5f8>     17068654
792      Category_019 <environment: 0x7f99dc6c0390>     19587845
793      Category_019 <environment: 0x7f99dc6cc070>     19419962
794      Category_019 <environment: 0x7f99dc6d5eb0>     13458086
795      Category_019 <environment: 0x7f99dc6e5740>     11977347
796      Category_019 <environment: 0x7f99dc6ef5b8>     17571590
797      Category_019 <environment: 0x7f99dc6f73f8>     16726125
798      Category_019 <environment: 0x7f99dc6ff3c0>     12855956
799      Category_019 <environment: 0x7f99dc709350>     15996266
800      Category_019 <environment: 0x7f99dc710e80>     15238812
801      Category_019 <environment: 0x7f99dc718e80>      8823136
802      Category_019 <environment: 0x7f99dc722e48>     20052897
803      Category_019 <environment: 0x7f99dc72cdd8>     15882371
804      Category_019 <environment: 0x7f99dc736e10>     16087036
805      Category_019 <environment: 0x7f99dc73ee10>     15679670
806      Category_019 <environment: 0x7f99dc74e438>     15050629
807      Category_019 <environment: 0x7f99dc758400>     18817202
808      Category_019 <environment: 0x7f99dc762390>     16333569
809      Category_019 <environment: 0x7f99dc76c320>     15205455
810      Category_019 <environment: 0x7f99dc774320>     23010987
811      Category_019 <environment: 0x7f99dc77e320>     14494486
812      Category_019 <environment: 0x7f99dc7862b0>     13299365
813      Category_019 <environment: 0x7f99dc78e240>     17889242
814      Category_019 <environment: 0x7f99dc796278>     16814998
815      Category_019 <environment: 0x7f99dc7a02b0>     14126358
816      Category_019 <environment: 0x7f99dc7ac0e0>      7165404
817      Category_019 <environment: 0x7f99dc7b40e0>     15633962
818      Category_019 <environment: 0x7f99dc7bc0e0>     14214282
819      Category_019 <environment: 0x7f99dc7c4070>     15486407
820      Category_019 <environment: 0x7f99dc7ce038>     14675314
821      Category_019 <environment: 0x7f99dc7d5fc8>     10344153
822      Category_019 <environment: 0x7f99dc7dfc10>     11025308
823      Category_019 <environment: 0x7f99dc7e7a18>     16702645
824      Category_019 <environment: 0x7f99dc7f17e8>     15792184
825      Category_019 <environment: 0x7f99dd00f628>     14452364
826      Category_019 <environment: 0x7f99dd0187b8>     13841909
827      Category_019 <environment: 0x7f99dd0224e0>     15638775
828      Category_019 <environment: 0x7f99dd02a4a8>     16264749
829      Category_019 <environment: 0x7f99dd035ac0>     11796153
830      Category_019 <environment: 0x7f99dd03f5b8>     11790010
831      Category_019 <environment: 0x7f99dd0470b0>     18201288
832      Category_019 <environment: 0x7f99dd04e710>     18273160
833      Category_019 <environment: 0x7f99dd05be40>     15911228
834      Category_019 <environment: 0x7f99dd063d28>     13193435
835      Category_019 <environment: 0x7f99dd06bcb8>     12059483
836      Category_019 <environment: 0x7f99dd073c48>      7041563
837      Category_019 <environment: 0x7f99dd07db30>     18950215
838      Category_019 <environment: 0x7f99dd084fd0>     16384554
839      Category_019 <environment: 0x7f99dd0914a0>     17163745
840      Category_019 <environment: 0x7f99dd0a36d0>     17247307
841      Category_019 <environment: 0x7f99dd0afee8>     19217241
842      Category_019 <environment: 0x7f99dd0b6e80>     11547386
843      Category_019 <environment: 0x7f99dd0c0a58>     13732250
844      Category_019 <environment: 0x7f99dd0c8780>     14555379
845      Category_019 <environment: 0x7f99dd0d7190>     17954797
846      Category_019 <environment: 0x7f99dd0e1d98>     18792749
847      Category_019 <environment: 0x7f99dd0f6da0>     13421712
848      Category_019 <environment: 0x7f99dd104278>     14387836
849      Category_019 <environment: 0x7f99dd117938>     18811468
850      Category_019 <environment: 0x7f99dd1297e8>     14135559
851      Category_019 <environment: 0x7f99dd132b70>     15831964
852      Category_019 <environment: 0x7f99dd17e668>     17814226
853      Category_019 <environment: 0x7f99dd186470>     10764630
854      Category_019 <environment: 0x7f99dd1940e0>     15364200
855      Category_019 <environment: 0x7f99dd19bbd8>     15833484
856      Category_019 <environment: 0x7f99dd1a3200>     13131425
857      Category_019 <environment: 0x7f99dd1ae828>     16655491
858      Category_019 <environment: 0x7f99dd1b6748>     17984990
859      Category_019 <environment: 0x7f99dd1be5c0>     16211884
860      Category_019 <environment: 0x7f99dd1edeb0>     13480840
861      Category_019 <environment: 0x7f99dd1fb580>     15552722
862      Category_019 <environment: 0x7f99dd218038>     16010317
863      Category_019 <environment: 0x7f99dd21f7e8>     13054846
864      Category_019 <environment: 0x7f99dd22b6d0>     15270554
865      Category_019 <environment: 0x7f99dd237120>     17970341
866      Category_019 <environment: 0x7f99dd23e780>     18549401
867      Category_019 <environment: 0x7f99dd24f628>     15289184
868      Category_019 <environment: 0x7f99dd256748>      8598961
869      Category_019 <environment: 0x7f99dd272cc0>     17660309
870      Category_019 <environment: 0x7f99dd27c9e8>     14353152
871      Category_019 <environment: 0x7f99dd2964e0>     20360785
872      Category_019 <environment: 0x7f99dd2a32a8>     14889263
873      Category_019 <environment: 0x7f99dd2ad008>     12212447
874      Category_019 <environment: 0x7f99dd2b7cb8>     14992058
875      Category_019 <environment: 0x7f99dd2c5bd8>     18127456
876      Category_019 <environment: 0x7f99dd2d4eb8>     22898572
877      Category_019 <environment: 0x7f99dd2e1190>     13371100
878      Category_019 <environment: 0x7f99dd2fa070>     17328618
879      Category_019 <environment: 0x7f99dd304070>     17664929
880      Category_019 <environment: 0x7f99dd30b388>     16705489
881      Category_019 <environment: 0x7f99dd318070>     19894184
882      Category_019 <environment: 0x7f99dd320038>     17644209
883      Category_019 <environment: 0x7f99dd329f58>     20513659
884      Category_019 <environment: 0x7f99dd333eb0>     17764596
885      Category_019 <environment: 0x7f99dd33dd98>     15948338
886      Category_019 <environment: 0x7f99dd345820>     19421374
887      Category_019 <environment: 0x7f99dd34f6d0>     15883818
888      Category_019 <environment: 0x7f99dd357628>      3823071
889      Category_019 <environment: 0x7f99dd3615f0>     21350671
890      Category_019 <environment: 0x7f99dd3695f0>     16191261
891      Category_019 <environment: 0x7f99dd371548>     19654708
892      Category_019 <environment: 0x7f99dd37b468>     12843991
893      Category_019 <environment: 0x7f99dd3830e8>     15506049
894      Category_019 <environment: 0x7f99dd38af98>     18605004
895      Category_019 <environment: 0x7f99dd396ef0>     17535761
896      Category_019 <environment: 0x7f99dd3a6940>     16418448
897      Category_019 <environment: 0x7f99dd3ae8d0>     17574868
898      Category_019 <environment: 0x7f99dd3c1b30>     17392392
899      Category_019 <environment: 0x7f99dd3c9890>     21297898
900      Category_019 <environment: 0x7f99dd3d1628>     18926899
901      Category_019 <environment: 0x7f99dd3dd040>     20717608
902      Category_019 <environment: 0x7f99dd3e4c18>     16240827
903      Category_019 <environment: 0x7f99dd3eca90>     17808011
904      Category_019 <environment: 0x7f99dd3fc0e0>     16263292
905      Category_019 <environment: 0x7f99dd4037b0>     15736283
906      Category_019 <environment: 0x7f99dd40b510>     12847673
907      Category_019 <environment: 0x7f99dd414588>     18222618
908      Category_019 <environment: 0x7f99dd41e358>     19300944
909      Category_019 <environment: 0x7f99dd438ac8>     14305296
910      Category_019 <environment: 0x7f99dd445660>     18679631
911      Category_019 <environment: 0x7f99dd4520a8>     17553941
912      Category_019 <environment: 0x7f99dd459f90>     20339284
913      Category_019 <environment: 0x7f99dd463ee8>     16641363
914      Category_019 <environment: 0x7f99dd486be0>     17844129
915      Category_019 <environment: 0x7f99dd49ce10>     16065129
916      Category_019 <environment: 0x7f99dd4a4da0>     20009261
917      Category_019 <environment: 0x7f99dd4ae390>     15786726
918      Category_019 <environment: 0x7f99dcc35f60>     19664525
919      Category_019 <environment: 0x7f99dcc430e0>     15290126
920      Category_019 <environment: 0x7f99dcc69240>      7480633
921      Category_019 <environment: 0x7f99dcc848c8>     13754435
922      Category_019 <environment: 0x7f99dce69748>     14402359
923      Category_019 <environment: 0x7f99dce742a8>     16925588
924      Category_019 <environment: 0x7f99dce7d470>     18871842
925      Category_019 <environment: 0x7f99dce89a58>     17919214
926      Category_019 <environment: 0x7f99dcea10a8>     14599426
927      Category_019 <environment: 0x7f99dceaeac0>     17401238
928      Category_019 <environment: 0x7f99dceb69e0>     16152810
929      Category_019 <environment: 0x7f99dcebe8c8>     14752541
930      Category_019 <environment: 0x7f99dcec8858>     17209206
931      Category_019 <environment: 0x7f99dced0468>     19104484
932      Category_019 <environment: 0x7f99dcedf7b8>     17641861
933      Category_019 <environment: 0x7f99dcee94a8>     17795095
934      Category_019 <environment: 0x7f99dcf18eb0>     17593505
935      Category_019 <environment: 0x7f99dcf1fc18>     18745836
936      Category_019 <environment: 0x7f99dcf29780>     25166340
937      Category_019 <environment: 0x7f99dcf31208>     19292290
938      Category_019 <environment: 0x7f99dcf3d0e0>     18539796
939      Category_019 <environment: 0x7f99dcf48d98>     12851387
940      Category_019 <environment: 0x7f99dcf50c10>      3190812
941      Category_019 <environment: 0x7f99dcf5a900>     24389498
942      Category_019 <environment: 0x7f99dcf624d8>     18032022
943      Category_019 <environment: 0x7f99dcf74cb8>     20183321
944      Category_019 <environment: 0x7f99dcf82388>     21924884
945      Category_019 <environment: 0x7f99dcf8bb70>     18824574
946      Category_019 <environment: 0x7f99dcf96d60>     18487562
947      Category_019 <environment: 0x7f99dcfa9ba8>     15709019
948      Category_019 <environment: 0x7f99dcfb6900>     15812086
949      Category_019 <environment: 0x7f99dcfc2af8>     17741885
950      Category_019 <environment: 0x7f99dcfc9ef0>     20796635
951      Category_019 <environment: 0x7f99dcfd33c8>     15768104
952      Category_019 <environment: 0x7f99dcfdfeb8>     21000341
953      Category_019 <environment: 0x7f99dcfea9a8>     21279928
954      Category_019 <environment: 0x7f99dcff3550>     15496156
955      Category_019 <environment: 0x7f99dcffef20>     15304333
956      Category_019 <environment: 0x7f99dd80fe78>     19363538
957      Category_019 <environment: 0x7f99dd817a88>     15527758
958      Category_019 <environment: 0x7f99dd826630>     12662589
959      Category_019 <environment: 0x7f99dd831e08>     16339273
960      Category_019 <environment: 0x7f99dd844860>     20023111
961      Category_019 <environment: 0x7f99dd85b008>     16285277
962      Category_019 <environment: 0x7f99dd8647b8>     15747828
963      Category_019 <environment: 0x7f99dd873190>     17500917
964      Category_019 <environment: 0x7f99dd87afd0>     17203942
965      Category_019 <environment: 0x7f99dd884b00>     17706355
966      Category_019 <environment: 0x7f99dd88c6d8>     25211183
967      Category_019 <environment: 0x7f99dd89dba0>     14933777
968      Category_019 <environment: 0x7f99dd8a5820>     19638789
969      Category_019 <environment: 0x7f99dd8cfcb8>     16744063
970      Category_019 <environment: 0x7f99dd8ddc48>     20282635
971      Category_019 <environment: 0x7f99dd8e4a58>     20701464
972      Category_019 <environment: 0x7f99dd8f49b0>      7993991
973      Category_019 <environment: 0x7f99dd901b68>     19998267
974      Category_019 <environment: 0x7f99dd909660>     14620684
975      Category_019 <environment: 0x7f99dd9112a8>     21011304
976      Category_019 <environment: 0x7f99dd91b270>     19276603
977      Category_019 <environment: 0x7f99dd922c88>     14493115
978      Category_019 <environment: 0x7f99dd930c18>      9469484
979      Category_019 <environment: 0x7f99dd93eb38>     19168283
980      Category_019 <environment: 0x7f99dd949f90>     20262454
981      Category_019 <environment: 0x7f99dd967970>     15761527
982      Category_019 <environment: 0x7f99dd973f58>     15435767
983      Category_019 <environment: 0x7f99dd97b628>     15797656
984      Category_019 <environment: 0x7f99dd98a5f8>     14432907
985      Category_019 <environment: 0x7f99dd999ee8>     15567490
986      Category_019 <environment: 0x7f99dda06dd8>     16954444
987      Category_019 <environment: 0x7f99dda0e748>     14039200
988      Category_019 <environment: 0x7f99dda1aa90>     18149258
989      Category_019 <environment: 0x7f99dda27970>     19085739
990      Category_019 <environment: 0x7f99dda509e8>     17385033
991      Category_019 <environment: 0x7f99dda587b8>     14239107
992      Category_019 <environment: 0x7f99dda62630>      7350998
993      Category_019 <environment: 0x7f99dda6e4a8>     16914266
994      Category_019 <environment: 0x7f99ddaad660>     17439213
995      Category_019 <environment: 0x7f99ddab4400>     19041651
996      Category_019 <environment: 0x7f99ddacd0e8>     12308274
997      Category_019 <environment: 0x7f99ddad4ba8>     18963210
998      Category_019 <environment: 0x7f99ddade908>     10464392
999      Category_019 <environment: 0x7f99ddae6630>     12611772
1000     Category_019 <environment: 0x7f99ddaee358>     13670173
1001     Category_019 <environment: 0x7f99ddb097b0>     18570315
1002     Category_019 <environment: 0x7f99ddb113c0>     16047002
1003     Category_019 <environment: 0x7f99ddb18ef0>     20168838
1004     Category_019 <environment: 0x7f99dec36b40>     14117064
1005     Category_019 <environment: 0x7f99ddc82438>     16351736
1006     Category_019 <environment: 0x7f99d9e8d488>     16298618
1007     Category_019 <environment: 0x7f99da240358>     14419089
1008     Category_019 <environment: 0x7f99debc8678>     16363229
1009     Category_019 <environment: 0x7f99de6419e0>     13405741
1010     Category_019 <environment: 0x7f99de781ba8>      9636963
1011     Category_019 <environment: 0x7f99dce9d208>     18456110
1012     Category_019 <environment: 0x7f99ddb1d740>     15869474
1013     Category_019 <environment: 0x7f99fafc8188>     16641908
1014     Category_019 <environment: 0x7f99dca62518>     16012034
1015     Category_019 <environment: 0x7f99dddbf100>     15142555
1016     Category_019 <environment: 0x7f99dabe38f0>     12011557
1017     Category_019 <environment: 0x7f99da9390e0>     15573466
1018     Category_019 <environment: 0x7f99da8e2ef0>     17800484
1019     Category_019 <environment: 0x7f99da8cc780>     19060642
1020     Category_019 <environment: 0x7f99da8ae240>     14469315
1021     Category_019 <environment: 0x7f99da8a7c80>     14626519
1022     Category_019 <environment: 0x7f99da8992e0>     23214084
1023     Category_019 <environment: 0x7f99da8920a8>     17691749
1024     Category_019 <environment: 0x7f99da884cf8>     12022160
1025     Category_019 <environment: 0x7f99da87dc48>     11480016
1026     Category_019 <environment: 0x7f99da8727f0>     15421303
1027     Category_019 <environment: 0x7f99da8654a0>     15245060
1028     Category_019 <environment: 0x7f99da8593f8>     14014417
1029     Category_019 <environment: 0x7f99da823f20>     12774541
1030     Category_019 <environment: 0x7f99da819660>     11545493
1031     Category_019 <environment: 0x7f99da8116d0>     19288874
1032     Category_019 <environment: 0x7f99da485638>     14267335
1033     Category_019 <environment: 0x7f99da47bb78>     17711158
1034     Category_019 <environment: 0x7f99da46e470>     18111904
1035     Category_019 <environment: 0x7f99da460800>     16125720
1036     Category_019 <environment: 0x7f99da455a60>     15478625
1037     Category_019 <environment: 0x7f99da44dfa0>     17939514
1038     Category_019 <environment: 0x7f99da444400>     16303251
1039     Category_019 <environment: 0x7f99da4390f8>     17053998
1040     Category_019 <environment: 0x7f99da4237c0>     20253370
1041     Category_019 <environment: 0x7f99da3fd328>     18314466
1042     Category_019 <environment: 0x7f99da3f0d78>     16450229
1043     Category_019 <environment: 0x7f99da3e96a8>     15482871
1044     Category_019 <environment: 0x7f99da3dce58>      7239676
1045     Category_028 <environment: 0x7f99da3d50f8>       106139
1046     Category_028 <environment: 0x7f99da3cbb40>       121582
1047     Category_028 <environment: 0x7f99da3baf00>       122792
1048     Category_028 <environment: 0x7f99da3b0e90>        84103
1049     Category_028 <environment: 0x7f99da3a5b78>       104419
1050     Category_028 <environment: 0x7f99da317948>       114419
1051     Category_028 <environment: 0x7f99da309130>       127128
1052     Category_028 <environment: 0x7f99da2fff30>       110036
1053     Category_028 <environment: 0x7f99da2c5cc8>       107950
1054     Category_028 <environment: 0x7f99da2b8678>       185543
1055     Category_028 <environment: 0x7f99da262e58>       148934
1056     Category_028 <environment: 0x7f99da258720>       113525
1057     Category_028 <environment: 0x7f99da252320>        84103
1058     Category_028 <environment: 0x7f99da242c98>        85446
1059     Category_028 <environment: 0x7f99d9ecc348>       105966
1060     Category_028 <environment: 0x7f99d9e943d8>        81976
1061     Category_028 <environment: 0x7f99d9e71c30>        97391
1062     Category_028 <environment: 0x7f99d9e6a870>        44771
1063     Category_028 <environment: 0x7f99d9e5eea0>        48073
1064     Category_028 <environment: 0x7f99d9c61b60>       200501
1065     Category_028 <environment: 0x7f99d9c44178>       407361
1066     Category_028 <environment: 0x7f99d9bc8800>        85118
1067     Category_028 <environment: 0x7f99d9bafe38>       611556
1068     Category_028 <environment: 0x7f99d996a1c0>        62992
1069     Category_028 <environment: 0x7f99d94c3398>       152851
1070     Category_028 <environment: 0x7f99d94b7da8>       316914
1071     Category_028 <environment: 0x7f99d94ab6e0>       267120
1072     Category_028 <environment: 0x7f99d94a0b80>       277876
1073     Category_028 <environment: 0x7f99d948e838>       157978
1074     Category_028 <environment: 0x7f99d947f9b8>        98632
1075     Category_028 <environment: 0x7f99d9471910>        81723
1076     Category_028 <environment: 0x7f99d932e3e8>       223773
1077     Category_028 <environment: 0x7f99d931c340>       105215
1078     Category_028 <environment: 0x7f99d9310730>       162854
1079     Category_028 <environment: 0x7f99d93063b0>        88280
1080     Category_028 <environment: 0x7f99d92f9e38>       266740
1081     Category_028 <environment: 0x7f99d92eca40>       199203
1082     Category_028 <environment: 0x7f99d92e5290>       226312
1083     Category_028 <environment: 0x7f99d92a1568>        98320
1084     Category_028 <environment: 0x7f99d9296e30>       260341
1085     Category_028 <environment: 0x7f99d920ec08>       133352
1086     Category_028 <environment: 0x7f99d9203ab0>       324982
1087     Category_028 <environment: 0x7f99d91fbce0>        96929
1088     Category_028 <environment: 0x7f99d91d1c38>       175753
1089     Category_028 <environment: 0x7f99d91c6258>        70651
1090     Category_028 <environment: 0x7f99d9194d20>        59341
1091     Category_028 <environment: 0x7f99d915e698>        74026
1092     Category_028 <environment: 0x7f99d913f1c8>        71505
1093     Category_028 <environment: 0x7f99d9131bd8>       103679
1094     Category_028 <environment: 0x7f99d9124e48>       376458
1095     Category_028 <environment: 0x7f99d9119350>       133108
1096     Category_028 <environment: 0x7f99d910e5f8>        44167
1097     Category_028 <environment: 0x7f99d9103388>       133002
1098     Category_028 <environment: 0x7f99d90d74a0>       182484
1099     Category_028 <environment: 0x7f99d90ca7f0>       119555
1100     Category_028 <environment: 0x7f99d90c3cb8>       169764
1101     Category_028 <environment: 0x7f99d90b7c10>       237158
1102     Category_028 <environment: 0x7f99d9097b30>       375073
1103     Category_028 <environment: 0x7f99d9027880>        48569
1104     Category_028 <environment: 0x7f99d9012748>       192677
1105     Category_028 <environment: 0x7f99fafeab98>       145490
1106     Category_028 <environment: 0x7f99fafbc700>       113945
1107     Category_028 <environment: 0x7f99fc899be8>        64552
1108     Category_028 <environment: 0x7f9a193441d8>       149625
1109     Category_028 <environment: 0x7f99fcee1908>       113848
1110     Category_028 <environment: 0x7f99fcf00440>       244582
1111     Category_028 <environment: 0x7f99fcf452e8>       145118
1112     Category_028 <environment: 0x7f99fcf69630>       209633
1113     Category_028 <environment: 0x7f99fcf732b0>       142758
1114     Category_028 <environment: 0x7f99fcf7ab08>        53195
1115     Category_028 <environment: 0x7f99fcf82830>       292098
1116     Category_028 <environment: 0x7f99fcf8c590>       124567
1117     Category_028 <environment: 0x7f99fcf98910>       105247
1118     Category_028 <environment: 0x7f99fcfa3320>       126839
1119     Category_028 <environment: 0x7f99fcfc3390>       196229
1120     Category_028 <environment: 0x7f99fcfcc670>       119110
1121     Category_028 <environment: 0x7f99fcfe5780>       123806
1122     Category_028 <environment: 0x7f99fcffdcc0>       223047
1123     Category_028 <environment: 0x7f99db013cf0>       187542
1124     Category_028 <environment: 0x7f99db01ba18>       164151
1125     Category_028 <environment: 0x7f99db028c88>       154113
1126     Category_028 <environment: 0x7f99db030c18>       154775
1127     Category_028 <environment: 0x7f99db03a518>       200558
1128     Category_028 <environment: 0x7f99db045468>       177929
1129     Category_028 <environment: 0x7f99db04cf28>       147835
1130     Category_028 <environment: 0x7f99db059f90>       216361
1131     Category_028 <environment: 0x7f99db063f90>       346139
1132     Category_028 <environment: 0x7f99db06cba8>       132567
1133     Category_028 <environment: 0x7f99db07cf28>       206774
1134     Category_028 <environment: 0x7f99db09ca20>       273559
1135     Category_028 <environment: 0x7f99db0a66a0>       263046
1136     Category_028 <environment: 0x7f99db0b06d8>       211688
1137     Category_028 <environment: 0x7f99db0c94a0>       255801
1138     Category_028 <environment: 0x7f99db0d3468>        95908
1139     Category_028 <environment: 0x7f99db0daf60>       201013
1140     Category_028 <environment: 0x7f99db0e4d30>       283894
1141     Category_028 <environment: 0x7f99db0f06a0>       128988
1142     Category_028 <environment: 0x7f99db0fbfc8>       228473
1143     Category_028 <environment: 0x7f99db105dd0>       171975
1144     Category_028 <environment: 0x7f99db10d9a8>       145906
1145     Category_028 <environment: 0x7f99db117938>       264977
1146     Category_028 <environment: 0x7f99db1213f8>       128454
1147     Category_028 <environment: 0x7f99db1293c0>       117249
1148     Category_028 <environment: 0x7f99db133190>       141228
1149     Category_028 <environment: 0x7f9a192f86e0>       133804
1150     Category_028 <environment: 0x7f9a192e9558>       166437
1151     Category_028 <environment: 0x7f99e93da648>       199690
1152     Category_028 <environment: 0x7f99e93e23e0>       143576
1153     Category_028 <environment: 0x7f99e942c320>        81957
1154     Category_028 <environment: 0x7f99e9439c10>       142367
1155     Category_028 <environment: 0x7f99e9441820>       141675
1156     Category_028 <environment: 0x7f99e94495f0>       410440
1157     Category_028 <environment: 0x7f99e9463890>       207489
1158     Category_028 <environment: 0x7f99e946d858>       250156
1159     Category_028 <environment: 0x7f99e9475890>       299862
1160     Category_028 <environment: 0x7f99e9480390>       123067
1161     Category_028 <environment: 0x7f99e9494898>       257540
1162     Category_028 <environment: 0x7f99e949e3c8>       247338
1163     Category_028 <environment: 0x7f99e94abeb0>       133000
1164     Category_028 <environment: 0x7f99e94b7580>       212576
1165     Category_028 <environment: 0x7f99e94c3468>        96969
1166     Category_028 <environment: 0x7f99e94e1c80>        77824
1167     Category_028 <environment: 0x7f99e94eb270>       162910
1168     Category_028 <environment: 0x7f99e94f2b00>       151747
1169     Category_028 <environment: 0x7f99e94ffa18>       191714
1170     Category_028 <environment: 0x7f99e95072e0>       211403
1171     Category_028 <environment: 0x7f99e950edd8>       113115
1172     Category_028 <environment: 0x7f99e95182e8>       101798
1173     Category_028 <environment: 0x7f99e95233f8>       190653
1174     Category_028 <environment: 0x7f99e952aa58>        99371
1175     Category_028 <environment: 0x7f99e953cef0>       161578
1176     Category_028 <environment: 0x7f99e9544278>       154483
1177     Category_028 <environment: 0x7f99e954f698>       107946
1178     Category_028 <environment: 0x7f99e95582e8>       225157
1179     Category_028 <environment: 0x7f99e9563580>        69773
1180     Category_028 <environment: 0x7f99e956c470>       162387
1181     Category_028 <environment: 0x7f99e95a10e8>        99669
1182     Category_028 <environment: 0x7f99e95aa4a8>       212734
1183     Category_028 <environment: 0x7f99e95b92e0>       249657
1184     Category_028 <environment: 0x7f99e95ca6a0>       169043
1185     Category_028 <environment: 0x7f99e95d9158>       223737
1186     Category_028 <environment: 0x7f99e96107b8>       286795
1187     Category_028 <environment: 0x7f99e961fba0>       114959
1188     Category_028 <environment: 0x7f99e9626860>       221761
1189     Category_028 <environment: 0x7f99e9632e10>       338445
1190     Category_028 <environment: 0x7f99e963d5f0>        97176
1191     Category_028 <environment: 0x7f99e9650f98>       184423
1192     Category_028 <environment: 0x7f99e966fdd0>       137260
1193     Category_028 <environment: 0x7f99e967ed30>       342327
1194     Category_028 <environment: 0x7f99e96add98>       294114
1195     Category_028 <environment: 0x7f99e96c56d0>        75891
1196     Category_028 <environment: 0x7f99e96cc860>       666541
1197     Category_028 <environment: 0x7f99e96d96d0>       265079
1198     Category_028 <environment: 0x7f99e96f7820>       250671
1199     Category_028 <environment: 0x7f99e9701b68>       105554
1200     Category_028 <environment: 0x7f99e970a828>        49218
1201     Category_028 <environment: 0x7f99e9715008>        87152
1202     Category_028 <environment: 0x7f99e97200e0>       369270
1203     Category_028 <environment: 0x7f99e9729078>       132603
1204     Category_028 <environment: 0x7f99e9733e08>       215319
1205     Category_028 <environment: 0x7f99e973afd0>       169294
1206     Category_028 <environment: 0x7f99e9744748>       138777
1207     Category_028 <environment: 0x7f99e974fcb8>       155203
1208     Category_028 <environment: 0x7f99e9757190>       160135
1209     Category_028 <environment: 0x7f99e97607f0>       265867
1210     Category_028 <environment: 0x7f99e976bd60>       215862
1211     Category_028 <environment: 0x7f99e9775158>       157108
1212     Category_028 <environment: 0x7f99e977e8d0>       341536
1213     Category_028 <environment: 0x7f99e978e518>       167008
1214     Category_028 <environment: 0x7f99e9799ac0>       316416
1215     Category_028 <environment: 0x7f99e97a33c0>       241622
1216     Category_028 <environment: 0x7f99e97af580>       258752
1217     Category_028 <environment: 0x7f99e97c4f98>       206003
1218     Category_028 <environment: 0x7f99e97ceac8>       142290
1219     Category_028 <environment: 0x7f99e97d9ee8>       189658
1220     Category_028 <environment: 0x7f99e97e3af8>       205587
1221     Category_028 <environment: 0x7f99e97f9938>       168690
1222     Category_028 <environment: 0x7f99db80af98>        60576
1223     Category_028 <environment: 0x7f99db819eb0>        77575
1224     Category_028 <environment: 0x7f99db83ca90>       188338
1225     Category_028 <environment: 0x7f99db848da0>       738588
1226     Category_028 <environment: 0x7f99db850ac8>       150392
1227     Category_028 <environment: 0x7f99db85bc48>       139888
1228     Category_028 <environment: 0x7f99db865318>       106548
1229     Category_028 <environment: 0x7f99db86d270>       177800
1230     Category_028 <environment: 0x7f99db8764e0>        65976
1231     Category_028 <environment: 0x7f99db87e278>       357609
1232     Category_028 <environment: 0x7f99db88b970>       195193
1233     Category_028 <environment: 0x7f99db895040>        88704
1234     Category_028 <environment: 0x7f99db89cef0>       264795
1235     Category_028 <environment: 0x7f99db8a6828>        75082
1236     Category_028 <environment: 0x7f99db8ae5c0>       148934
1237     Category_028 <environment: 0x7f99db8bbeb0>       177147
1238     Category_028 <environment: 0x7f99db8c5ac0>       154514
1239     Category_028 <environment: 0x7f99db8ccf98>       109435
1240     Category_028 <environment: 0x7f99db8d6860>       238830
1241     Category_028 <environment: 0x7f99db91e898>       171944
1242     Category_028 <environment: 0x7f99db92b6d0>       163344
1243     Category_028 <environment: 0x7f99db932a20>       256200
1244     Category_028 <environment: 0x7f99db93db30>       330083
1245     Category_028 <environment: 0x7f99db946eb8>       151900
1246     Category_028 <environment: 0x7f99db94e2b0>       264817
1247     Category_028 <environment: 0x7f99db958e80>       308326
1248     Category_028 <environment: 0x7f99db9656d0>       220656
1249     Category_028 <environment: 0x7f99db96c5c0>       171359
1250     Category_028 <environment: 0x7f99db978c50>       153836
1251     Category_028 <environment: 0x7f99db984b00>       175820
1252     Category_028 <environment: 0x7f99db993740>      1446679
1253     Category_028 <environment: 0x7f99db99ada0>        97059
1254     Category_028 <environment: 0x7f99db9a7580>       130215
1255     Category_028 <environment: 0x7f99db9b96d0>        57008
1256     Category_028 <environment: 0x7f99db9c7430>       171096
1257     Category_028 <environment: 0x7f99db9d24e0>       147361
1258     Category_028 <environment: 0x7f99db9e4038>       141564
1259     Category_028 <environment: 0x7f99db9ebb30>       186984
1260     Category_028 <environment: 0x7f99dba534a0>       169375
1261     Category_028 <environment: 0x7f99dba5c550>        66572
1262     Category_028 <environment: 0x7f99dba67858>        79122
1263     Category_028 <environment: 0x7f99dba77270>        93545
1264     Category_028 <environment: 0x7f99dba80208>       413691
1265     Category_028 <environment: 0x7f99dba8d2e0>        51509
1266     Category_028 <environment: 0x7f99dba94908>       317813
1267     Category_028 <environment: 0x7f99dbaa0fd0>       193737
1268     Category_028 <environment: 0x7f99dbaaff20>       285831
1269     Category_028 <environment: 0x7f99dbab6e10>        83444
1270     Category_028 <environment: 0x7f99dbac06a0>       213747
1271     Category_028 <environment: 0x7f99dbacd430>       330586
1272     Category_028 <environment: 0x7f99dbad4ac8>       110350
1273     Category_028 <environment: 0x7f99dbade780>       310205
1274     Category_028 <environment: 0x7f99dbae9c10>       178177
1275     Category_028 <environment: 0x7f99dbaf3388>       154225
1276     Category_028 <environment: 0x7f99dbaff040>       177296
1277     Category_028 <environment: 0x7f99dbb0c860>       219796
1278     Category_028 <environment: 0x7f99dbb17b68>       115786
1279     Category_028 <environment: 0x7f99dbb21580>       278813
1280     Category_028 <environment: 0x7f99dbb28400>       536732
1281     Category_028 <environment: 0x7f99dbb33430>       188817
1282     Category_028 <environment: 0x7f99dbb3ce48>       128373
1283     Category_028 <environment: 0x7f99dbb44710>        81320
1284     Category_028 <environment: 0x7f99dbb57b30>       152737
1285     Category_028 <environment: 0x7f99dbb60c50>        66329
1286     Category_028 <environment: 0x7f99dbb6f0b0>       504021
[KILLED BY ORCHESTRATOR]
1287     Category_028 <environment: 0x7f99dbb78c18>       264275
1288     Category_028 <environment: 0x7f99dbb853f8>       138669
1289     Category_028 <environment: 0x7f99dbbace48>        76829
1290     Category_028 <environment: 0x7f99fa5f39c0>       659652
1291     Category_028 <environment: 0x7f99fa6f07f0>        96980
1292     Category_028 <environment: 0x7f99fa6fcd30>        98551
1293     Category_028 <environment: 0x7f99fa6da988>       165424
1294     Category_028 <environment: 0x7f99fa66ab78>       389917
1295     Category_028 <environment: 0x7f99fa6747f8>       123286
1296     Category_028 <environment: 0x7f99fa65bda0>        96351
1297     Category_028 <environment: 0x7f99fa646b30>       103490
1298     Category_028 <environment: 0x7f99fa631840>        88217
1299     Category_028 <environment: 0x7f99fa5de528>       134483
1300     Category_028 <environment: 0x7f99fa5e5ae0>       109488
1301     Category_028 <environment: 0x7f99fa5cbaa8>       160560
1302     Category_028 <environment: 0x7f99fa5d4880>       133733
1303     Category_028 <environment: 0x7f99fa5bb120>        94802
1304     Category_028 <environment: 0x7f99fa512a48>        62418
1305     Category_028 <environment: 0x7f99fa51bee8>        10986
Evaluation error: Only strings can be converted to symbols.
