    Product_Category Date Order_Demand
1       Category_007 <NA>       687953
2       Category_007 <NA>       326569
3       Category_007 <NA>       367456
4       Category_007 <NA>       257725
5       Category_007 <NA>      1513165
6       Category_007 <NA>       160168
7       Category_007 <NA>       852883
8       Category_007 <NA>       163195
9       Category_007 <NA>       372354
10      Category_007 <NA>       375616
11      Category_007 <NA>       463906
12      Category_007 <NA>       289604
13      Category_007 <NA>      1143245
14      Category_007 <NA>       324602
15      Category_007 <NA>       454912
16      Category_007 <NA>       435039
17      Category_007 <NA>      1570089
18      Category_007 <NA>       184012
19      Category_007 <NA>       409518
20      Category_007 <NA>       263109
21      Category_007 <NA>       420034
22      Category_007 <NA>       732261
23      Category_007 <NA>       163211
24      Category_007 <NA>       113344
25      Category_007 <NA>       302326
26      Category_007 <NA>      1017165
[KILLED BY ORCHESTRATOR]
27      Category_007 <NA>       173917
28      Category_007 <NA>       333670
29      Category_007 <NA>       420554
30      Category_007 <NA>       314336
31      Category_007 <NA>       504031
32      Category_007 <NA>       258578
33      Category_007 <NA>       211754
34      Category_007 <NA>       761053
35      Category_007 <NA>       816905
36      Category_007 <NA>       527019
37      Category_007 <NA>       457824
38      Category_007 <NA>       116144
39      Category_007 <NA>       277956
40      Category_007 <NA>      1021493
41      Category_007 <NA>       130922
42      Category_007 <NA>       513087
43      Category_007 <NA>       369051
44      Category_007 <NA>       591771
45      Category_007 <NA>       474616
46      Category_007 <NA>       701120
47      Category_007 <NA>       483316
48      Category_007 <NA>       394629
49      Category_007 <NA>       471334
50      Category_007 <NA>       221305
51      Category_007 <NA>       696926
52      Category_007 <NA>        68709
53      Category_007 <NA>        29619
54      Category_007 <NA>       907845
55      Category_007 <NA>       489345
56      Category_007 <NA>       439553
57      Category_007 <NA>       936810
58      Category_007 <NA>       548995
59      Category_007 <NA>       153754
60      Category_007 <NA>       783555
61      Category_007 <NA>      1742317
62      Category_007 <NA>       488381
63      Category_007 <NA>       365016
64      Category_007 <NA>       504043
65      Category_007 <NA>       616726
66      Category_007 <NA>       436048
67      Category_007 <NA>       724257
68      Category_007 <NA>       395049
69      Category_007 <NA>       548336
70      Category_007 <NA>       730022
71      Category_007 <NA>       205331
72      Category_007 <NA>       604305
73      Category_007 <NA>       595445
74      Category_007 <NA>       883483
75      Category_007 <NA>       125483
76      Category_007 <NA>       344506
77      Category_007 <NA>       506535
78      Category_007 <NA>      1206897
79      Category_007 <NA>       352684
80      Category_007 <NA>       345913
81      Category_007 <NA>       209258
82      Category_007 <NA>       322367
83      Category_007 <NA>       257233
84      Category_007 <NA>       378073
85      Category_007 <NA>       359597
86      Category_007 <NA>       700010
87      Category_007 <NA>       921339
88      Category_007 <NA>       186704
89      Category_007 <NA>       438980
90      Category_007 <NA>       206354
91      Category_007 <NA>       330068
92      Category_007 <NA>      1200961
93      Category_007 <NA>       431837
94      Category_007 <NA>       529948
95      Category_007 <NA>       787652
96      Category_007 <NA>       612502
97      Category_007 <NA>       521633
98      Category_007 <NA>       485351
99      Category_007 <NA>       381122
100     Category_007 <NA>       559787
101     Category_007 <NA>       988191
102     Category_007 <NA>       423942
103     Category_007 <NA>       276312
104     Category_007 <NA>       448059
105     Category_007 <NA>        18538
106     Category_007 <NA>      1088715
107     Category_007 <NA>       351896
108     Category_007 <NA>       732663
109     Category_007 <NA>       407806
110     Category_007 <NA>       506282
111     Category_007 <NA>       546118
112     Category_007 <NA>       820200
113     Category_007 <NA>       581896
114     Category_007 <NA>       715090
115     Category_007 <NA>       534125
116     Category_007 <NA>      1017846
117     Category_007 <NA>       431907
118     Category_007 <NA>       612295
119     Category_007 <NA>      1013887
120     Category_007 <NA>       259500
121     Category_007 <NA>       304688
122     Category_007 <NA>       437176
123     Category_007 <NA>       508684
124     Category_007 <NA>       331410
125     Category_007 <NA>       369962
126     Category_007 <NA>       681591
127     Category_007 <NA>       714741
128     Category_007 <NA>       394856
129     Category_007 <NA>       264924
130     Category_007 <NA>       561405
131     Category_007 <NA>       775302
132     Category_007 <NA>       484051
133     Category_007 <NA>       113103
134     Category_007 <NA>       539890
135     Category_007 <NA>       282674
136     Category_007 <NA>       664663
137     Category_007 <NA>        52446
138     Category_007 <NA>       465101
139     Category_007 <NA>      1274737
140     Category_007 <NA>       166743
141     Category_007 <NA>       233018
142     Category_007 <NA>       248036
143     Category_007 <NA>       239547
144     Category_007 <NA>       937713
145     Category_007 <NA>       326602
146     Category_007 <NA>       590979
147     Category_007 <NA>       381507
148     Category_007 <NA>      1286532
149     Category_007 <NA>       502841
150     Category_007 <NA>       145383
151     Category_007 <NA>       233992
152     Category_007 <NA>       932237
153     Category_007 <NA>       287792
154     Category_007 <NA>       412471
155     Category_007 <NA>       332245
156     Category_007 <NA>       774808
157     Category_007 <NA>        38172
158     Category_007 <NA>      1024676
159     Category_007 <NA>       312673
160     Category_007 <NA>       192562
161     Category_007 <NA>       216278
162     Category_007 <NA>       446273
163     Category_007 <NA>       885064
164     Category_007 <NA>       604470
165     Category_007 <NA>       155829
166     Category_007 <NA>       681125
167     Category_007 <NA>       689480
168     Category_007 <NA>       478146
169     Category_007 <NA>      1640622
170     Category_007 <NA>      1890135
171     Category_007 <NA>       877187
172     Category_007 <NA>       577664
173     Category_007 <NA>       114379
174     Category_007 <NA>      1130181
175     Category_007 <NA>       113710
176     Category_007 <NA>       596084
177     Category_007 <NA>       433703
178     Category_007 <NA>       310775
179     Category_007 <NA>       104931
180     Category_007 <NA>       375690
181     Category_007 <NA>       122757
182     Category_007 <NA>       294718
183     Category_007 <NA>       861685
184     Category_007 <NA>       312220
185     Category_007 <NA>       307621
186     Category_007 <NA>       134769
187     Category_007 <NA>       272157
188     Category_007 <NA>       459445
189     Category_007 <NA>       189028
190     Category_007 <NA>       295631
191     Category_007 <NA>       385053
192     Category_007 <NA>       783701
193     Category_007 <NA>       131633
194     Category_007 <NA>       347897
195     Category_007 <NA>       136845
196     Category_007 <NA>      2046209
197     Category_007 <NA>       280922
198     Category_007 <NA>       628280
199     Category_007 <NA>       307297
200     Category_007 <NA>       210020
201     Category_007 <NA>       724420
202     Category_007 <NA>       220336
203     Category_007 <NA>       135813
204     Category_007 <NA>       247655
205     Category_007 <NA>       646059
206     Category_007 <NA>       553420
207     Category_007 <NA>       116968
208     Category_007 <NA>       210813
209     Category_007 <NA>       471317
210     Category_007 <NA>       228729
211     Category_007 <NA>       283979
212     Category_007 <NA>       102558
213     Category_007 <NA>      1037268
214     Category_007 <NA>       497144
215     Category_007 <NA>       585287
216     Category_007 <NA>       235152
217     Category_007 <NA>       389182
218     Category_007 <NA>       761812
219     Category_007 <NA>       680013
220     Category_007 <NA>       353043
221     Category_007 <NA>       404700
222     Category_007 <NA>       945684
223     Category_007 <NA>      1006405
224     Category_007 <NA>       222184
225     Category_007 <NA>       634971
226     Category_007 <NA>       932460
227     Category_007 <NA>        42190
228     Category_007 <NA>       329656
229     Category_007 <NA>       128521
230     Category_007 <NA>       151914
231     Category_007 <NA>       392121
232     Category_007 <NA>       490072
233     Category_007 <NA>       124529
234     Category_007 <NA>        98871
235     Category_007 <NA>      1423012
236     Category_007 <NA>       445709
237     Category_007 <NA>       488001
238     Category_007 <NA>       201057
239     Category_007 <NA>       739498
240     Category_007 <NA>       258341
241     Category_007 <NA>       225740
242     Category_007 <NA>       186648
243     Category_007 <NA>       355509
244     Category_007 <NA>       776558
245     Category_007 <NA>       767182
246     Category_007 <NA>        75297
247     Category_007 <NA>       345613
248     Category_007 <NA>       868491
249     Category_007 <NA>       292662
250     Category_007 <NA>       190060
251     Category_007 <NA>       326094
252     Category_007 <NA>       922321
253     Category_007 <NA>       206650
254     Category_007 <NA>       441421
255     Category_007 <NA>       249135
256     Category_007 <NA>       256320
257     Category_007 <NA>       431547
258     Category_007 <NA>       233376
259     Category_007 <NA>       314232
260     Category_007 <NA>       741318
261     Category_007 <NA>        97993
Evaluation error: Problem with `filter()` input `..1`.
[31mx[39m missing value where TRUE/FALSE needed
[34mℹ[39m Input `..1` is `Date %>% between_time("start", idx[1] %+time% period)`..
