[1] "Category_028"
    Product_Category                          Date Order_Demand
1       Category_028 <environment: 0x7ff6c5579c20>       106139
2       Category_028 <environment: 0x7ff6c556d248>       121582
3       Category_028 <environment: 0x7ff6c55620f0>       122792
4       Category_028 <environment: 0x7ff6c555a198>        84103
5       Category_028 <environment: 0x7ff6c554cec8>       104419
6       Category_028 <environment: 0x7ff6c5546470>       114419
7       Category_028 <environment: 0x7ff6c54f3fa0>       127128
8       Category_028 <environment: 0x7ff6c54e6cd0>       110036
9       Category_028 <environment: 0x7ff6c54da918>       107950
10      Category_028 <environment: 0x7ff6c547c8a8>       185543
11      Category_028 <environment: 0x7ff6c54759b8>       148934
12      Category_028 <environment: 0x7ff6c5443600>       113525
13      Category_028 <environment: 0x7ff6c5436a30>        84103
14      Category_028 <environment: 0x7ff6c541c4a8>        85446
15      Category_028 <environment: 0x7ff6c5411c20>       105966
16      Category_028 <environment: 0x7ff6c54028e0>        81976
17      Category_028 <environment: 0x7ff6c53f9d38>        97391
18      Category_028 <environment: 0x7ff6c53f20b8>        44771
19      Category_028 <environment: 0x7ff6c53e5408>        48073
20      Category_028 <environment: 0x7ff6c53d8ad8>       200501
21      Category_028 <environment: 0x7ff6c53d18a0>       407361
22      Category_028 <environment: 0x7ff6c53c6240>        85118
23      Category_028 <environment: 0x7ff6c5374bf0>       611556
24      Category_028 <environment: 0x7ff6c5369fd8>        62992
25      Category_028 <environment: 0x7ff6b6aa53b8>       152851
26      Category_028 <environment: 0x7ff6b6a83640>       316914
27      Category_028 <environment: 0x7ff6b6a57fe0>       267120
28      Category_028 <environment: 0x7ff6b6a45058>       277876
29      Category_028 <environment: 0x7ff6b673ac10>       157978
30      Category_028 <environment: 0x7ff6b67168c8>        98632
31      Category_028 <environment: 0x7ff6b670ae40>        81723
32      Category_028 <environment: 0x7ff6b66f22e0>       223773
33      Category_028 <environment: 0x7ff6b66b9540>       105215
34      Category_028 <environment: 0x7ff6b6685af0>       162854
35      Category_028 <environment: 0x7ff6b667a350>        88280
36      Category_028 <environment: 0x7ff6b66713f0>       266740
37      Category_028 <environment: 0x7ff6b61e8538>       199203
38      Category_028 <environment: 0x7ff6b61d17e0>       226312
39      Category_028 <environment: 0x7ff6b61c72d8>        98320
40      Category_028 <environment: 0x7ff6b61b4810>       260341
41      Category_028 <environment: 0x7ff6b61a9cb0>       133352
42      Category_028 <environment: 0x7ff6b619bbd0>       324982
43      Category_028 <environment: 0x7ff6b6055ba0>        96929
44      Category_028 <environment: 0x7ff6b6044be0>       175753
45      Category_028 <environment: 0x7ff6b603a710>        70651
46      Category_028 <environment: 0x7ff6b602c6a0>        59341
47      Category_028 <environment: 0x7ff6b6012400>        74026
48      Category_028 <environment: 0x7ff71673f3b0>        71505
49      Category_028 <environment: 0x7ff716735bc8>       103679
50      Category_028 <environment: 0x7ff716728d20>       376458
51      Category_028 <environment: 0x7ff71671af88>       133108
52      Category_028 <environment: 0x7ff716713420>        44167
53      Category_028 <environment: 0x7ff7167097a0>       133002
54      Category_028 <environment: 0x7ff7166faff8>       182484
55      Category_028 <environment: 0x7ff7166eec78>       119555
56      Category_028 <environment: 0x7ff7166cf458>       169764
57      Category_028 <environment: 0x7ff7166c5ce0>       237158
58      Category_028 <environment: 0x7ff7166ace00>       375073
59      Category_028 <environment: 0x7ff71666c7b0>        48569
60      Category_028 <environment: 0x7ff71665d070>       192677
61      Category_028 <environment: 0x7ff716647e48>       145490
62      Category_028 <environment: 0x7ff71663db00>       113945
63      Category_028 <environment: 0x7ff71662aaf8>        64552
64      Category_028 <environment: 0x7ff7165f9a58>       149625
65      Category_028 <environment: 0x7ff7165ecd28>       113848
66      Category_028 <environment: 0x7ff7165ddeb8>       244582
67      Category_028 <environment: 0x7ff7165b9a20>       145118
68      Category_028 <environment: 0x7ff6c0867318>       209633
69      Category_028 <environment: 0x7ff6c0a25510>       142758
70      Category_028 <environment: 0x7ff6c0a53708>        53195
71      Category_028 <environment: 0x7ff6c0a817b0>       292098
72      Category_028 <environment: 0x7ff6c0a97f20>       124567
73      Category_028 <environment: 0x7ff6c0a9f970>       105247
74      Category_028 <environment: 0x7ff6c0aa94a0>       126839
75      Category_028 <environment: 0x7ff6c0ab10e8>       196229
76      Category_028 <environment: 0x7ff6c0abafd0>       119110
77      Category_028 <environment: 0x7ff6c0ac87b8>       123806
78      Category_028 <environment: 0x7ff6c0ad2f28>       223047
79      Category_028 <environment: 0x7ff6c0b03f90>       187542
80      Category_028 <environment: 0x7ff6c0b515b8>       164151
81      Category_028 <environment: 0x7ff6c0b5b008>       154113
82      Category_028 <environment: 0x7ff6c0b757b0>       154775
83      Category_028 <environment: 0x7ff6c0b7cf60>       200558
84      Category_028 <environment: 0x7ff6c0b95c80>       177929
85      Category_028 <environment: 0x7ff6c0b9d4a0>       147835
86      Category_028 <environment: 0x7ff6c0ba6c18>       216361
87      Category_028 <environment: 0x7ff6c0bb45c0>       346139
88      Category_028 <environment: 0x7ff6c0bbc518>       132567
89      Category_028 <environment: 0x7ff6c0bc9dd0>       206774
90      Category_028 <environment: 0x7ff6c0bd08d0>       273559
[KILLED BY ORCHESTRATOR]
91      Category_028 <environment: 0x7ff6c0bda898>       263046
92      Category_028 <environment: 0x7ff6c0be7270>       211688
93      Category_028 <environment: 0x7ff6c0bf4518>       255801
94      Category_028 <environment: 0x7ff6c0c02a20>        95908
95      Category_028 <environment: 0x7ff6c0c27f90>       201013
96      Category_028 <environment: 0x7ff6c0c2ffc8>       283894
97      Category_028 <environment: 0x7ff6c0c38000>       128988
98      Category_028 <environment: 0x7ff6c0c4ceb8>       228473
99      Category_028 <environment: 0x7ff6c0c54e80>       171975
100     Category_028 <environment: 0x7ff6c0c5eb38>       145906
101     Category_028 <environment: 0x7ff6c0c66940>       264977
102     Category_028 <environment: 0x7ff6c0c706d8>       128454
103     Category_028 <environment: 0x7ff6c0c7dc10>       117249
104     Category_028 <environment: 0x7ff6c0c879a8>       141228
105     Category_028 <environment: 0x7ff6c0c917b0>       133804
106     Category_028 <environment: 0x7ff6c0c992a8>       166437
107     Category_028 <environment: 0x7ff6c0ca2f98>       199690
108     Category_028 <environment: 0x7ff6c0caac50>       143576
109     Category_028 <environment: 0x7ff6c0cb4a20>        81957
110     Category_028 <environment: 0x7ff6c0cbe470>       142367
111     Category_028 <environment: 0x7ff6c0cc9890>       141675
112     Category_028 <environment: 0x7ff6c0cd2358>       410440
113     Category_028 <environment: 0x7ff6c0cddf90>       207489
114     Category_028 <environment: 0x7ff6c0cf1e78>       250156
115     Category_028 <environment: 0x7ff6c0cf9d98>       299862
116     Category_028 <environment: 0x7ff6c0d03c80>       123067
117     Category_028 <environment: 0x7ff6c0d0c400>       257540
118     Category_028 <environment: 0x7ff6c0d21900>       247338
119     Category_028 <environment: 0x7ff6c0d294a0>       133000
120     Category_028 <environment: 0x7ff6c0d310b0>       212576
121     Category_028 <environment: 0x7ff6c0d40400>        96969
122     Category_028 <environment: 0x7ff6c0d4fee8>        77824
123     Category_028 <environment: 0x7ff6c0d57eb0>       162910
124     Category_028 <environment: 0x7ff6c0d61e08>       151747
125     Category_028 <environment: 0x7ff6c0d6b9e0>       191714
126     Category_028 <environment: 0x7ff6c0d76978>       211403
127     Category_028 <environment: 0x7ff6c0d95778>       113115
128     Category_028 <environment: 0x7ff6c0d9e8d0>       101798
129     Category_028 <environment: 0x7ff6c0dabf20>       190653
130     Category_028 <environment: 0x7ff6c0db3548>        99371
131     Category_028 <environment: 0x7ff6c0dbd078>       161578
132     Category_028 <environment: 0x7ff6c0dc4908>       154483
133     Category_028 <environment: 0x7ff6c0dce358>       107946
134     Category_028 <environment: 0x7ff6c0dd95b8>       225157
135     Category_028 <environment: 0x7ff6c0de2a58>        69773
136     Category_028 <environment: 0x7ff6c0df4ef0>       162387
137     Category_028 <environment: 0x7ff6c0e01f20>        99669
138     Category_028 <environment: 0x7ff6c0e09430>       212734
139     Category_028 <environment: 0x7ff6c0e102e8>       249657
140     Category_028 <environment: 0x7ff6c0e1d628>       169043
141     Category_028 <environment: 0x7ff6c0e27d60>       223737
142     Category_028 <environment: 0x7ff6c0e56eb8>       286795
143     Category_028 <environment: 0x7ff6c0e9aa90>       114959
144     Category_028 <environment: 0x7ff6c0ea55f0>       221761
145     Category_028 <environment: 0x7ff6c0eb0b00>       338445
146     Category_028 <environment: 0x7ff6c0ebd0b0>        97176
147     Category_028 <environment: 0x7ff6c0ecb158>       184423
148     Category_028 <environment: 0x7ff6c0ee2ac8>       137260
149     Category_028 <environment: 0x7ff6c0f01b30>       342327
150     Category_028 <environment: 0x7ff6c0f0f190>       294114
151     Category_028 <environment: 0x7ff6c0f26710>        75891
152     Category_028 <environment: 0x7ff6c0f33eb0>       666541
153     Category_028 <environment: 0x7ff6c0f45a88>       265079
154     Category_028 <environment: 0x7ff6c0f65858>       250671
155     Category_028 <environment: 0x7ff6c0f6c438>       105554
156     Category_028 <environment: 0x7ff6c0f78f28>        49218
157     Category_028 <environment: 0x7ff6c0f86038>        87152
158     Category_028 <environment: 0x7ff6c0f8c940>       369270
159     Category_028 <environment: 0x7ff6c0f99dd0>       132603
160     Category_028 <environment: 0x7ff6c0fb6b70>       215319
161     Category_028 <environment: 0x7ff6c0fc15f0>       169294
162     Category_028 <environment: 0x7ff6c0fcd938>       138777
163     Category_028 <environment: 0x7ff6c0fd69e8>       155203
164     Category_028 <environment: 0x7ff6c0fe1e78>       160135
165     Category_028 <environment: 0x7ff6c0feb698>       265867
166     Category_028 <environment: 0x7ff6c0ff4d30>       215862
167     Category_028 <environment: 0x7ff6c0ffc2b0>       157108
168     Category_028 <environment: 0x7ff6c10118c8>       341536
169     Category_028 <environment: 0x7ff6c101af60>       167008
170     Category_028 <environment: 0x7ff6c10223c8>       316416
171     Category_028 <environment: 0x7ff6c1035f58>       241622
172     Category_028 <environment: 0x7ff6c103d698>       258752
173     Category_028 <environment: 0x7ff6c1044d30>       206003
174     Category_028 <environment: 0x7ff6c1050b38>       142290
175     Category_028 <environment: 0x7ff6c105bd28>       189658
176     Category_028 <environment: 0x7ff6c10632a8>       205587
177     Category_028 <environment: 0x7ff6c106cb00>       168690
178     Category_028 <environment: 0x7ff6c1080b38>        60576
179     Category_028 <environment: 0x7ff6c108c208>        77575
180     Category_028 <environment: 0x7ff6c1097938>       188338
181     Category_028 <environment: 0x7ff6c10a1510>       738588
182     Category_028 <environment: 0x7ff6c10af740>       150392
183     Category_028 <environment: 0x7ff6c10c0fd0>       139888
184     Category_028 <environment: 0x7ff6c10ca630>       106548
185     Category_028 <environment: 0x7ff6c10f44e0>       177800
186     Category_028 <environment: 0x7ff6c1100710>        65976
187     Category_028 <environment: 0x7ff6c1108278>       357609
188     Category_028 <environment: 0x7ff6c1115468>       195193
189     Category_028 <environment: 0x7ff6c111d158>        88704
190     Category_028 <environment: 0x7ff6c1124ac8>       264795
191     Category_028 <environment: 0x7ff6c1131cf0>        75082
192     Category_028 <environment: 0x7ff6c11397b0>       148934
193     Category_028 <environment: 0x7ff6c11410e8>       177147
194     Category_028 <environment: 0x7ff6c114af60>       154514
195     Category_028 <environment: 0x7ff6c1152828>       109435
196     Category_028 <environment: 0x7ff6c115a630>       238830
197     Category_028 <environment: 0x7ff6c1167e78>       171944
198     Category_028 <environment: 0x7ff6c116f970>       163344
199     Category_028 <environment: 0x7ff6c1192da0>       256200
200     Category_028 <environment: 0x7ff6c119fd98>       330083
201     Category_028 <environment: 0x7ff6c11a9008>       151900
202     Category_028 <environment: 0x7ff6c11b0748>       264817
203     Category_028 <environment: 0x7ff6c11e1120>       308326
204     Category_028 <environment: 0x7ff6c11ede08>       220656
205     Category_028 <environment: 0x7ff6c11f6a20>       171359
206     Category_028 <environment: 0x7ff6c11fe208>       153836
207     Category_028 <environment: 0x7ff6c120b200>       175820
208     Category_028 <environment: 0x7ff6c1215d60>      1446679
209     Category_028 <environment: 0x7ff6c121ce10>        97059
210     Category_028 <environment: 0x7ff6c1228dd8>       130215
211     Category_028 <environment: 0x7ff6c1233318>        57008
212     Category_028 <environment: 0x7ff6c123d200>       171096
213     Category_028 <environment: 0x7ff6c124bd28>       147361
214     Category_028 <environment: 0x7ff6c1253938>       141564
215     Category_028 <environment: 0x7ff6c125b970>       186984
216     Category_028 <environment: 0x7ff6c1273200>       169375
217     Category_028 <environment: 0x7ff6c127ec88>        66572
218     Category_028 <environment: 0x7ff6c128d628>        79122
219     Category_028 <environment: 0x7ff6c1296fd0>        93545
220     Category_028 <environment: 0x7ff6c12a3eb0>       413691
221     Category_028 <environment: 0x7ff6c130c2b0>        51509
222     Category_028 <environment: 0x7ff6c131d9e0>       317813
223     Category_028 <environment: 0x7ff6c1326cc0>       193737
224     Category_028 <environment: 0x7ff6c13320a8>       285831
225     Category_028 <environment: 0x7ff6c13389e8>        83444
226     Category_028 <environment: 0x7ff6c1345a50>       213747
227     Category_028 <environment: 0x7ff6c134cd68>       330586
228     Category_028 <environment: 0x7ff6c1357c48>       110350
229     Category_028 <environment: 0x7ff6c1361548>       310205
230     Category_028 <environment: 0x7ff6c136a2b0>       178177
231     Category_028 <environment: 0x7ff6c1377778>       154225
232     Category_028 <environment: 0x7ff6c1383660>       177296
233     Category_028 <environment: 0x7ff6c138ada0>       219796
234     Category_028 <environment: 0x7ff6c1394780>       115786
235     Category_028 <environment: 0x7ff6c13a1ac0>       278813
236     Category_028 <environment: 0x7ff6c13a9580>       536732
237     Category_028 <environment: 0x7ff6c13b2a90>       188817
238     Category_028 <environment: 0x7ff6c13c5cf0>       128373
239     Category_028 <environment: 0x7ff6c13cf238>        81320
240     Category_028 <environment: 0x7ff6c13de940>       152737
241     Category_028 <environment: 0x7ff6c13eada0>        66329
242     Category_028 <environment: 0x7ff6c13f92e0>       504021
243     Category_028 <environment: 0x7ff6c1402668>       264275
244     Category_028 <environment: 0x7ff6c140f158>       138669
245     Category_028 <environment: 0x7ff6c1430278>        76829
246     Category_028 <environment: 0x7ff6c143d5f0>       659652
247     Category_028 <environment: 0x7ff6c1444b38>        96980
248     Category_028 <environment: 0x7ff6c144c4e0>        98551
249     Category_028 <environment: 0x7ff6c1459190>       165424
250     Category_028 <environment: 0x7ff6c1464038>       389917
251     Category_028 <environment: 0x7ff6c146d778>       123286
252     Category_028 <environment: 0x7ff6c14744a8>        96351
253     Category_028 <environment: 0x7ff6c14814d8>       103490
254     Category_028 <environment: 0x7ff6c148a208>        88217
255     Category_028 <environment: 0x7ff6c14e7708>       134483
256     Category_028 <environment: 0x7ff6c14f4780>       109488
257     Category_028 <environment: 0x7ff6c15031c8>       160560
258     Category_028 <environment: 0x7ff6c150a710>       133733
259     Category_028 <environment: 0x7ff6c1517970>        94802
260     Category_028 <environment: 0x7ff6c1520630>        62418
261     Category_028 <environment: 0x7ff6c152ba50>        10986
Evaluation error: Only strings can be converted to symbols.
