[1] "Category_006"
     Product_Category                          Date Order_Demand
1        Category_005 <environment: 0x7fdd8283b938>       385765
2        Category_005 <environment: 0x7fdd81d69d38>       720685
3        Category_005 <environment: 0x7fdd81d7fb50>       901025
4        Category_005 <environment: 0x7fdd81da7508>       685745
5        Category_005 <environment: 0x7fdd81db1310>       727900
6        Category_005 <environment: 0x7fdd81dc2a40>       785800
7        Category_005 <environment: 0x7fdd81de9cd8>       743925
8        Category_005 <environment: 0x7fdd81e15e88>       760275
9        Category_005 <environment: 0x7fdd81e1cfa8>       810445
10       Category_005 <environment: 0x7fdd81e27e88>       885165
11       Category_005 <environment: 0x7fdd75efe488>       734075
12       Category_005 <environment: 0x7fdd75f05b90>       583270
13       Category_005 <environment: 0x7fdd75f13410>       618370
14       Category_005 <environment: 0x7fdd75f2c5a0>       910275
15       Category_005 <environment: 0x7fdd8325b9a8>       484680
16       Category_005 <environment: 0x7fdd83275580>       679055
17       Category_005 <environment: 0x7fdd8327d2a8>       533440
18       Category_005 <environment: 0x7fdd8328dbd8>       525240
19       Category_005 <environment: 0x7fdd832af008>      1041150
20       Category_005 <environment: 0x7fdd832bb190>       695680
21       Category_005 <environment: 0x7fdd832e10e8>       811530
22       Category_005 <environment: 0x7fdd8335cf60>       581010
23       Category_005 <environment: 0x7fdd833c86d8>       693625
24       Category_005 <environment: 0x7fdd83407a50>       885475
25       Category_005 <environment: 0x7fdd834339e0>       858765
26       Category_005 <environment: 0x7fdd83447b68>       621525
27       Category_005 <environment: 0x7fdd83453e78>       784970
28       Category_005 <environment: 0x7fdd8345a630>       670825
29       Category_005 <environment: 0x7fdd83477ba0>       581370
30       Category_005 <environment: 0x7fdd83482400>       653710
31       Category_005 <environment: 0x7fdd8348a400>       630345
32       Category_005 <environment: 0x7fdd834942e8>       745600
33       Category_005 <environment: 0x7fdd834a7ba0>       239425
34       Category_005 <environment: 0x7fdd834b1b30>       772860
35       Category_005 <environment: 0x7fdd834b9a88>       616000
36       Category_005 <environment: 0x7fdd82845b68>       834920
37       Category_005 <environment: 0x7fdd8284fc10>       505820
38       Category_005 <environment: 0x7fdd82857970>       592135
39       Category_005 <environment: 0x7fdd8285f970>       663525
40       Category_005 <environment: 0x7fdd82869a50>       849075
41       Category_005 <environment: 0x7fdd82873af8>       381605
42       Category_005 <environment: 0x7fdd8287dc48>       555075
43       Category_005 <environment: 0x7fdd82885d60>       623600
44       Category_005 <environment: 0x7fdd828954a0>       766500
45       Category_005 <environment: 0x7fdd8289f580>       713355
46       Category_005 <environment: 0x7fdd828a9660>       599350
47       Category_005 <environment: 0x7fdd828b36d0>       492115
48       Category_005 <environment: 0x7fdd828bb7e8>       587635
49       Category_005 <environment: 0x7fdd828c5900>       735770
50       Category_005 <environment: 0x7fdd828cd9a8>       620375
51       Category_005 <environment: 0x7fdd828d5a88>       623810
52       Category_005 <environment: 0x7fdd828ddba0>       457900
53       Category_005 <environment: 0x7fdd828e7cf0>       311725
54       Category_005 <environment: 0x7fdd828efd60>       952125
55       Category_005 <environment: 0x7fdd828f7e40>       558650
56       Category_005 <environment: 0x7fdd828fff58>       721015
57       Category_005 <environment: 0x7fdd8290a070>       637525
58       Category_005 <environment: 0x7fdd829120e0>       756895
59       Category_005 <environment: 0x7fdd829182b0>       382625
60       Category_005 <environment: 0x7fdd82925fc8>       687740
61       Category_005 <environment: 0x7fdd8292de78>       592150
62       Category_005 <environment: 0x7fdd82937cf0>       756270
63       Category_005 <environment: 0x7fdd8293f388>       761765
64       Category_005 <environment: 0x7fdd829550e8>       571575
65       Category_005 <environment: 0x7fdd8295eda0>       757950
66       Category_005 <environment: 0x7fdd82966e80>       719875
67       Category_005 <environment: 0x7fdd8296e898>       509500
68       Category_005 <environment: 0x7fdd82978470>       618375
69       Category_005 <environment: 0x7fdd82983e08>       545250
70       Category_005 <environment: 0x7fdd8298b5f0>       561670
71       Category_005 <environment: 0x7fdd829935b8>       571145
72       Category_005 <environment: 0x7fdd8299ce80>       989625
73       Category_005 <environment: 0x7fdd829a4f28>       798385
74       Category_005 <environment: 0x7fdd829acfd0>       707080
75       Category_005 <environment: 0x7fdd829b7078>       789195
76       Category_005 <environment: 0x7fdd829bf078>       601700
77       Category_005 <environment: 0x7fdd829cbee8>       611575
78       Category_005 <environment: 0x7fdd829dacc0>       852550
79       Category_005 <environment: 0x7fdd829e4f98>       740885
80       Category_005 <environment: 0x7fdd829f18c8>       490890
81       Category_005 <environment: 0x7fdd829f8898>       677345
82       Category_005 <environment: 0x7fdd82a023c8>       906450
83       Category_005 <environment: 0x7fdd82a10038>       730510
84       Category_005 <environment: 0x7fdd82a18fd0>       607195
85       Category_005 <environment: 0x7fdd82a26ef0>       377925
86       Category_005 <environment: 0x7fdd82a3f628>       706000
87       Category_005 <environment: 0x7fdd82a49628>       945475
88       Category_005 <environment: 0x7fdd82a5c7f0>       723350
89       Category_005 <environment: 0x7fdd82a6daf8>       791425
90       Category_005 <environment: 0x7fdd82ab9190>       707000
91       Category_005 <environment: 0x7fdd82ac0c50>       691500
92       Category_005 <environment: 0x7fdd82ac8b00>       790325
93       Category_005 <environment: 0x7fdd82ad28d0>       599660
94       Category_005 <environment: 0x7fdd82ada390>       605050
95       Category_005 <environment: 0x7fdd82ae7580>      1153275
96       Category_005 <environment: 0x7fdd82af1318>       610600
97       Category_005 <environment: 0x7fdd82af9270>       751525
98       Category_005 <environment: 0x7fdd82b05548>       602300
99       Category_005 <environment: 0x7fdd82b327b8>       713775
100      Category_005 <environment: 0x7fdd82b4b890>       662645
101      Category_005 <environment: 0x7fdd82b56c88>       843720
102      Category_005 <environment: 0x7fdd82b5e978>       911675
103      Category_005 <environment: 0x7fdd82b6a908>       834775
104      Category_005 <environment: 0x7fdd82b765f8>       557420
105      Category_005 <environment: 0x7fdd82b81c80>       347800
106      Category_005 <environment: 0x7fdd82b93dd0>       903025
107      Category_005 <environment: 0x7fdd82b9beb0>      1074475
108      Category_005 <environment: 0x7fdd82bb4470>       863510
109      Category_005 <environment: 0x7fdd82bd0908>       681920
110      Category_005 <environment: 0x7fdd82bdd580>       628550
111      Category_005 <environment: 0x7fdd82be4f60>       630350
112      Category_005 <environment: 0x7fdd82beed68>       907145
113      Category_005 <environment: 0x7fdd82bf9b68>       769130
114      Category_005 <environment: 0x7fdd82c06978>       844475
115      Category_005 <environment: 0x7fdd82c16fd0>       832905
116      Category_005 <environment: 0x7fdd82c233c0>       839365
117      Category_005 <environment: 0x7fdd82c384a8>      1012535
118      Category_005 <environment: 0x7fdd82c42208>       757210
119      Category_005 <environment: 0x7fdd82c4d858>       811170
120      Category_005 <environment: 0x7fdd82c56828>      1154225
121      Category_005 <environment: 0x7fdd82c5e908>       607900
122      Category_005 <environment: 0x7fdd82c68940>       741775
123      Category_005 <environment: 0x7fdd82c72978>       689350
124      Category_005 <environment: 0x7fdd82c7c898>       790950
125      Category_005 <environment: 0x7fdd82c84550>       872680
126      Category_005 <environment: 0x7fdd82c8e518>       862070
127      Category_005 <environment: 0x7fdd82c96588>       788450
128      Category_005 <environment: 0x7fdd82ca0668>       814910
129      Category_005 <environment: 0x7fdd82ca8710>       869390
130      Category_005 <environment: 0x7fdd82cb07f0>       584370
131      Category_005 <environment: 0x7fdd82cba828>      1025675
132      Category_005 <environment: 0x7fdd82cc2588>       879410
133      Category_005 <environment: 0x7fdd82cca588>       553650
134      Category_005 <environment: 0x7fdd82cd6588>       639925
135      Category_005 <environment: 0x7fdd82cea070>       957875
136      Category_005 <environment: 0x7fdd82cee208>       742780
137      Category_005 <environment: 0x7fdd82d01580>       455550
138      Category_005 <environment: 0x7fdd82d093f8>       966470
139      Category_005 <environment: 0x7fdd82d112a8>       671025
140      Category_005 <environment: 0x7fdd82d1cdd8>       761565
141      Category_005 <environment: 0x7fdd82d24ac8>       943040
142      Category_005 <environment: 0x7fdd82d2ca58>       849810
143      Category_005 <environment: 0x7fdd82d38390>       735695
144      Category_005 <environment: 0x7fdd82d43ac0>      1537490
145      Category_005 <environment: 0x7fdd82d4b9e0>       733550
146      Category_005 <environment: 0x7fdd82d54a90>       666000
147      Category_005 <environment: 0x7fdd82d5e9b0>       863650
148      Category_005 <environment: 0x7fdd82d79238>      1138615
149      Category_005 <environment: 0x7fdd82d85f20>       731050
150      Category_005 <environment: 0x7fdd82d8eb38>       864460
151      Category_005 <environment: 0x7fdd82d96b00>      1246810
152      Category_005 <environment: 0x7fdd82da0ba8>      1177510
153      Category_005 <environment: 0x7fdd82da8c18>       951850
154      Category_005 <environment: 0x7fdd82dddc48>       907620
155      Category_005 <environment: 0x7fdd82de5c80>      1007165
156      Category_005 <environment: 0x7fdd82def388>       740970
157      Category_005 <environment: 0x7fdd82dfb008>       400500
158      Category_005 <environment: 0x7fdd82e09430>      1447635
159      Category_005 <environment: 0x7fdd82e30320>      1953800
160      Category_005 <environment: 0x7fdd82e4ae48>       798735
161      Category_005 <environment: 0x7fdd8383dd28>       665275
162      Category_005 <environment: 0x7fdd83845b30>      1009110
163      Category_005 <environment: 0x7fdd8384e8d0>      1339450
164      Category_005 <environment: 0x7fdd8385a438>      1204590
165      Category_005 <environment: 0x7fdd8386ecc0>      1158915
166      Category_005 <environment: 0x7fdd8387e0e0>       900045
167      Category_005 <environment: 0x7fdd838876d0>       972025
168      Category_005 <environment: 0x7fdd8388f708>       946140
169      Category_005 <environment: 0x7fdd838997b0>      1505760
170      Category_005 <environment: 0x7fdd838a16d0>      1138650
171      Category_005 <environment: 0x7fdd838b0908>       860060
172      Category_005 <environment: 0x7fdd838ba780>       853400
173      Category_005 <environment: 0x7fdd838c7cf0>       804770
174      Category_005 <environment: 0x7fdd838f1660>       704060
175      Category_005 <environment: 0x7fdd838fada0>       487575
176      Category_005 <environment: 0x7fdd83902dd8>       802210
177      Category_005 <environment: 0x7fdd8390a9b0>       758725
178      Category_005 <environment: 0x7fdd83916a20>       901875
179      Category_005 <environment: 0x7fdd8391e748>       703250
180      Category_005 <environment: 0x7fdd83926780>       719010
181      Category_005 <environment: 0x7fdd83930278>      1022580
182      Category_005 <environment: 0x7fdd8393e0e0>       617855
183      Category_005 <environment: 0x7fdd8394c8d0>       866850
184      Category_005 <environment: 0x7fdd8395ddd0>       617320
185      Category_005 <environment: 0x7fdd83965938>       599645
186      Category_005 <environment: 0x7fdd839787b8>       962260
187      Category_005 <environment: 0x7fdd83983120>      1013550
188      Category_005 <environment: 0x7fdd83991270>       622545
189      Category_005 <environment: 0x7fdd839987b8>       267200
190      Category_005 <environment: 0x7fdd839a02e8>      1139615
191      Category_005 <environment: 0x7fdd839aec18>       492135
192      Category_005 <environment: 0x7fdd839b9468>      1165380
193      Category_005 <environment: 0x7fdd839c0f60>       543405
194      Category_005 <environment: 0x7fdd839cdee8>       676350
195      Category_005 <environment: 0x7fdd839d5ba0>      1027085
196      Category_005 <environment: 0x7fdd839dda50>       758635
197      Category_005 <environment: 0x7fdd839e5778>       669950
198      Category_005 <environment: 0x7fdd839f4550>       838350
199      Category_005 <environment: 0x7fdd83a0b4a0>       671845
200      Category_005 <environment: 0x7fdd83a21938>       911595
201      Category_005 <environment: 0x7fdd83a2b008>       590225
202      Category_005 <environment: 0x7fdd83a32710>       558855
203      Category_005 <environment: 0x7fdd83a41660>      1192210
204      Category_005 <environment: 0x7fdd83a49350>       762810
205      Category_005 <environment: 0x7fdd83a53040>      1109400
206      Category_005 <environment: 0x7fdd83a5ebe0>       860610
207      Category_005 <environment: 0x7fdd83a68588>       603960
208      Category_005 <environment: 0x7fdd83a73698>      1051625
209      Category_005 <environment: 0x7fdd83a9ce80>       409750
210      Category_005 <environment: 0x7fdd83aa8710>      1110580
211      Category_005 <environment: 0x7fdd83ab26a0>       824430
212      Category_005 <environment: 0x7fdd83ac3778>       843620
213      Category_005 <environment: 0x7fdd83accb00>       683975
214      Category_005 <environment: 0x7fdd83ad4860>       742400
215      Category_005 <environment: 0x7fdd83ade5f8>       516160
216      Category_005 <environment: 0x7fdd83ae6518>       898075
217      Category_005 <environment: 0x7fdd83af3158>       676730
218      Category_005 <environment: 0x7fdd83affac0>       975890
219      Category_005 <environment: 0x7fdd83b0a240>       595100
220      Category_005 <environment: 0x7fdd83b28828>       866785
221      Category_005 <environment: 0x7fdd83b33120>       718500
222      Category_005 <environment: 0x7fdd83b3f708>       933530
223      Category_005 <environment: 0x7fdd83b48668>       612525
224      Category_005 <environment: 0x7fdd83b5b5b8>       768860
225      Category_005 <environment: 0x7fdd83bc95b8>       897450
226      Category_005 <environment: 0x7fdd83bd2cc0>       731775
227      Category_005 <environment: 0x7fdd83bdff58>       545700
228      Category_005 <environment: 0x7fdd83be6a20>       715425
229      Category_005 <environment: 0x7fdd834c3970>       798760
230      Category_005 <environment: 0x7fdd834ecd68>       830910
231      Category_005 <environment: 0x7fdd834f4c88>       919825
232      Category_005 <environment: 0x7fdd834fec50>       456575
233      Category_005 <environment: 0x7fdd8350aac8>       453330
234      Category_005 <environment: 0x7fdd83549900>       672170
235      Category_005 <environment: 0x7fdd83557740>       767600
236      Category_005 <environment: 0x7fdd835698c8>       503710
237      Category_005 <environment: 0x7fdd83571548>       806500
238      Category_005 <environment: 0x7fdd8357b5b8>       445365
239      Category_005 <environment: 0x7fdd835833f8>       656650
240      Category_005 <environment: 0x7fdd8358b270>       599825
241      Category_005 <environment: 0x7fdd835a2860>       390200
242      Category_005 <environment: 0x7fdd835aa5f8>       850425
243      Category_005 <environment: 0x7fdd835b60e0>       706975
244      Category_005 <environment: 0x7fdd835daf98>       876365
245      Category_005 <environment: 0x7fdd835e4ba8>       469325
246      Category_005 <environment: 0x7fdd835f1f90>       620725
247      Category_005 <environment: 0x7fdd8361c0e0>       512075
248      Category_005 <environment: 0x7fdd83623200>      1042875
249      Category_005 <environment: 0x7fdd8362c710>       689560
250      Category_005 <environment: 0x7fdd83636fd0>       781300
251      Category_005 <environment: 0x7fdd83643708>       770105
252      Category_005 <environment: 0x7fdd836557b0>       628510
253      Category_005 <environment: 0x7fdd8365ee10>       844650
254      Category_005 <environment: 0x7fdd83669d98>       712875
255      Category_005 <environment: 0x7fdd836733c0>       817930
256      Category_005 <environment: 0x7fdd8367f318>       679960
257      Category_005 <environment: 0x7fdd83689190>      1325895
258      Category_005 <environment: 0x7fdd836a82e8>       717675
259      Category_005 <environment: 0x7fdd836dfbc0>       666700
260      Category_005 <environment: 0x7fdd836e6ae8>       702800
261      Category_005 <environment: 0x7fdd836f3cd8>       853100
262      Category_006 <environment: 0x7fdd83704a78>      1937725
263      Category_006 <environment: 0x7fdd83711ca0>      1634534
264      Category_006 <environment: 0x7fdd8371ac00>      1308601
265      Category_006 <environment: 0x7fdd8092f8c0>      1008368
266      Category_006 <environment: 0x7fdd80682d28>      1422566
267      Category_006 <environment: 0x7fdd806267f0>      2261507
268      Category_006 <environment: 0x7fdd80613c80>      1133425
269      Category_006 <environment: 0x7fdd805f5698>       999618
270      Category_006 <environment: 0x7fdd805eb200>      2366886
271      Category_006 <environment: 0x7fdd805dc710>      1561106
272      Category_006 <environment: 0x7fdd805d5468>      1366316
273      Category_006 <environment: 0x7fdd805cbeb0>       787024
274      Category_006 <environment: 0x7fdd805c0d30>      1237146
275      Category_006 <environment: 0x7fdd805b97b0>      1675824
276      Category_006 <environment: 0x7fdd805a8400>      1107213
277      Category_006 <environment: 0x7fdd8059c278>      1264628
278      Category_006 <environment: 0x7fdd80566c88>      1718522
279      Category_006 <environment: 0x7fdd8055c2b0>       912045
280      Category_006 <environment: 0x7fdd80554208>      1262838
281      Category_006 <environment: 0x7fdd8054b078>      1535479
282      Category_006 <environment: 0x7fdd801cdee8>      1672337
283      Category_006 <environment: 0x7fdd801ba278>      1418130
284      Category_006 <environment: 0x7fdd801b09e8>      1876127
285      Category_006 <environment: 0x7fdd801a5970>      1086245
286      Category_006 <environment: 0x7fdd8019dd60>      1628917
287      Category_006 <environment: 0x7fdd80193e08>       727843
288      Category_006 <environment: 0x7fdd80188748>      1093364
289      Category_006 <environment: 0x7fdd8017b2a8>      1673245
290      Category_006 <environment: 0x7fdd8014fb68>      1037428
291      Category_006 <environment: 0x7fdd80140710>       662778
292      Category_006 <environment: 0x7fdd80138e48>      1458092
293      Category_006 <environment: 0x7fdd8012c518>      1585331
294      Category_006 <environment: 0x7fdd80124710>       383023
295      Category_006 <environment: 0x7fdd8011ab38>      1781166
296      Category_006 <environment: 0x7fdd80113580>      1076225
297      Category_006 <environment: 0x7fdd80103858>      1042868
298      Category_006 <environment: 0x7fdd800f4c50>      1065933
299      Category_006 <environment: 0x7fdd80073190>       801602
300      Category_006 <environment: 0x7fdd8005beb0>      1224307
301      Category_006 <environment: 0x7fdd800518c8>      1287696
302      Category_006 <environment: 0x7fdd80014940>       915554
303      Category_006 <environment: 0x7fdd8000aba8>      1608873
304      Category_006 <environment: 0x7fdd77fb2be0>       890626
305      Category_006 <environment: 0x7fdd77fa2208>      1162875
306      Category_006 <environment: 0x7fdd77f97408>      1243658
307      Category_006 <environment: 0x7fdd77f8e278>      1184933
308      Category_006 <environment: 0x7fdd77d41798>       976428
309      Category_006 <environment: 0x7fdd77c0f8d8>      1074729
310      Category_006 <environment: 0x7fdd77bc4a48>      1496366
311      Category_006 <environment: 0x7fdd77bb82a0>      1547527
312      Category_006 <environment: 0x7fdd77bb0738>      1229810
313      Category_006 <environment: 0x7fdd77ba4070>       387043
314      Category_006 <environment: 0x7fdd77999778>       105960
315      Category_006 <environment: 0x7fdd77919078>      2040012
316      Category_006 <environment: 0x7fdd77908450>      1259511
317      Category_006 <environment: 0x7fdd776b7038>      1817145
318      Category_006 <environment: 0x7fdd776638c0>      1673778
319      Category_006 <environment: 0x7fdd77208ed0>      1414756
320      Category_006 <environment: 0x7fdd771fbb20>       642438
321      Category_006 <environment: 0x7fdd771f4d10>      1393671
322      Category_006 <environment: 0x7fdd771ea648>      1164057
323      Category_006 <environment: 0x7fdd771d87d0>      1965320
324      Category_006 <environment: 0x7fdd771c8c30>      1465928
325      Category_006 <environment: 0x7fdd77083468>      1481178
326      Category_006 <environment: 0x7fdd77070828>       856947
327      Category_006 <environment: 0x7fdd77064518>      1967026
328      Category_006 <environment: 0x7fdd7705b430>      1692845
329      Category_006 <environment: 0x7fdd77050240>      1156922
330      Category_006 <environment: 0x7fdd77047b68>      2065942
331      Category_006 <environment: 0x7fdd77036668>       977023
332      Category_006 <environment: 0x7fdd7702f078>      1832634
333      Category_006 <environment: 0x7fdd76fe1808>      1449013
334      Category_006 <environment: 0x7fdd76f5bfb8>      2129209
335      Category_006 <environment: 0x7fdd76f4ec68>      1388869
336      Category_006 <environment: 0x7fdd76f47480>      1620533
337      Category_006 <environment: 0x7fdd76f3d288>      1628113
338      Category_006 <environment: 0x7fdd76f12140>       890289
339      Category_006 <environment: 0x7fdd76ee6cd8>      1775656
340      Category_006 <environment: 0x7fdd76ece3e0>      1414814
341      Category_006 <environment: 0x7fdd76e8e700>      1748235
342      Category_006 <environment: 0x7fdd76e82cb0>      1431249
343      Category_006 <environment: 0x7fdd76e72ab8>      2013066
344      Category_006 <environment: 0x7fdd76e66d20>      2222782
345      Category_006 <environment: 0x7fdd76e5cb28>       911677
346      Category_006 <environment: 0x7fdd76e52310>       766589
347      Category_006 <environment: 0x7fdd76e463b8>      1990704
348      Category_006 <environment: 0x7fdd76e1a380>       985874
349      Category_006 <environment: 0x7fdd76e0d6d0>      2819516
350      Category_006 <environment: 0x7fdd76e067e0>      1519502
351      Category_006 <environment: 0x7fdd76dfa770>      1114232
352      Category_006 <environment: 0x7fdd76dda738>      1409169
353      Category_006 <environment: 0x7fdd76d67cc0>      2502680
354      Category_006 <environment: 0x7fdd76d549b8>      1887087
355      Category_006 <environment: 0x7fdd76d2d940>      1234730
356      Category_006 <environment: 0x7fdd76d07be0>      1702627
357      Category_006 <environment: 0x7fdd85be5540>      2594022
358      Category_006 <environment: 0x7fdd75b64920>      1290167
359      Category_006 <environment: 0x7fdd75c47368>      1686720
360      Category_006 <environment: 0x7fdd75c5e920>      1952192
361      Category_006 <environment: 0x7fdd75cace28>      1411350
362      Category_006 <environment: 0x7fdda633f668>      2320586
363      Category_006 <environment: 0x7fdda634a4e8>      1179806
364      Category_006 <environment: 0x7fdda67e3ab8>      2216652
365      Category_006 <environment: 0x7fdda67eb8f8>      1058562
366      Category_006 <environment: 0x7fdda67f5770>       287600
367      Category_006 <environment: 0x7fdd81809cf0>      2042312
368      Category_006 <environment: 0x7fdd81810978>      1436523
369      Category_006 <environment: 0x7fdd81830be0>      1603942
370      Category_006 <environment: 0x7fdd8183dee8>      1590625
371      Category_006 <environment: 0x7fdd81853200>      1713154
372      Category_006 <environment: 0x7fdd8186b858>      1226771
373      Category_006 <environment: 0x7fdd81877ba0>      1989813
374      Category_006 <environment: 0x7fdd8187f9e0>      1259072
375      Category_006 <environment: 0x7fdd8188ce48>      1944088
376      Category_006 <environment: 0x7fdd81894ef0>      1457191
377      Category_006 <environment: 0x7fdd8189e908>       995249
378      Category_006 <environment: 0x7fdd818a99a8>      1792059
379      Category_006 <environment: 0x7fdd818b1548>      2380981
380      Category_006 <environment: 0x7fdd818baf28>      1502884
381      Category_006 <environment: 0x7fdd818c4908>      1230676
382      Category_006 <environment: 0x7fdd818cc518>      1263344
383      Category_006 <environment: 0x7fddb651d9a8>      1772160
384      Category_006 <environment: 0x7fddb6313db8>      1303842
385      Category_006 <environment: 0x7fddb657b550>      1320084
386      Category_006 <environment: 0x7fddb62472a0>      1030861
387      Category_006 <environment: 0x7fddb6337070>      1291061
388      Category_006 <environment: 0x7fddb60e4d88>      2394231
389      Category_006 <environment: 0x7fddb6460670>      1505415
390      Category_006 <environment: 0x7fddb646a558>       717524
391      Category_006 <environment: 0x7fddb638f278>      1577452
392      Category_006 <environment: 0x7fddb6334348>      1450397
393      Category_006 <environment: 0x7fddb63a0430>      1526419
394      Category_006 <environment: 0x7fddb625ef20>       836218
395      Category_006 <environment: 0x7fddb62283c8>      1411605
396      Category_006 <environment: 0x7fddb60fb3a0>       910460
397      Category_006 <environment: 0x7fddb657da80>      1191560
398      Category_006 <environment: 0x7fddb6585968>      1048705
399      Category_006 <environment: 0x7fddb658f1c0>      1736478
400      Category_006 <environment: 0x7fddb659aa40>      1737965
401      Category_006 <environment: 0x7fddb65a19d8>      2813870
402      Category_006 <environment: 0x7fddb65ab818>       928372
403      Category_006 <environment: 0x7fddb65b3268>      1614771
404      Category_006 <environment: 0x7fddb65beb90>      1337119
405      Category_006 <environment: 0x7fddb65c8998>      2467368
406      Category_006 <environment: 0x7fddb65d08b8>      1291943
407      Category_006 <environment: 0x7fddb65eaa40>      1506215
408      Category_006 <environment: 0x7fddb65f4b20>      1005223
409      Category_006 <environment: 0x7fddb65fcc70>      2439746
410      Category_006 <environment: 0x7fddb6607888>      2270331
411      Category_006 <environment: 0x7fddb661c068>      2180941
412      Category_006 <environment: 0x7fddb6625d20>      1861232
413      Category_006 <environment: 0x7fddb662d9a0>      1158163
414      Category_006 <environment: 0x7fddb663b0a8>      2733442
415      Category_006 <environment: 0x7fddb6647380>      2193731
416      Category_006 <environment: 0x7fddb6666180>      1639524
417      Category_006 <environment: 0x7fddb666d1c0>      1089894
418      Category_006 <environment: 0x7fddb667ab90>       406000
419      Category_006 <environment: 0x7fddb6683d90>      2461259
420      Category_006 <environment: 0x7fddb668b888>      1508438
421      Category_006 <environment: 0x7fddb6693230>      2802442
422      Category_006 <environment: 0x7fddb669ae40>      1447350
423      Category_006 <environment: 0x7fddb66a7f18>      4145260
424      Category_006 <environment: 0x7fddb66af460>      1524911
425      Category_006 <environment: 0x7fddb66c1a48>      3198272
426      Category_006 <environment: 0x7fddb66c8f20>      1231234
427      Category_006 <environment: 0x7fddb66d4490>      1687348
428      Category_006 <environment: 0x7fddb66dd738>      1972495
429      Category_006 <environment: 0x7fddb66e8730>      1987933
430      Category_006 <environment: 0x7fddb66f1cb0>      2819138
431      Category_006 <environment: 0x7fddb6726ce0>      1995027
432      Category_006 <environment: 0x7fddb672f7a8>      1451722
433      Category_006 <environment: 0x7fddb673a9d0>      1776793
434      Category_006 <environment: 0x7fddb6745af0>      1986332
435      Category_006 <environment: 0x7fddb675cc00>       757132
436      Category_006 <environment: 0x7fddb6765f50>      1407730
437      Category_006 <environment: 0x7fddb67a2c38>      1362333
438      Category_006 <environment: 0x7fddb67acc38>      1151710
439      Category_006 <environment: 0x7fddb67b5658>      1761340
440      Category_006 <environment: 0x7fddb67bfb28>      2074883
441      Category_006 <environment: 0x7fddb67cebc8>      1998276
442      Category_006 <environment: 0x7fddb67e0eb0>      1282669
443      Category_006 <environment: 0x7fddb67fea78>      1703088
444      Category_006 <environment: 0x7fdd8201dc48>      2914253
445      Category_006 <environment: 0x7fdd8204fcf0>      1910954
446      Category_006 <environment: 0x7fdd8205bfc8>      1406728
447      Category_006 <environment: 0x7fdd820653c0>      1128144
448      Category_006 <environment: 0x7fdd8206ca90>      2843076
449      Category_006 <environment: 0x7fdd8208df90>      2587637
450      Category_006 <environment: 0x7fdd820950e8>       330609
451      Category_006 <environment: 0x7fdd820a1970>      1149263
452      Category_006 <environment: 0x7fdd820a82e8>      2705903
453      Category_006 <environment: 0x7fdd820b34d8>      1658982
454      Category_006 <environment: 0x7fdd820bc3c8>      1654774
455      Category_006 <environment: 0x7fdd820c78c8>      1006349
456      Category_006 <environment: 0x7fdd820ce9e8>      1129113
457      Category_006 <environment: 0x7fdd820d8240>      1558462
458      Category_006 <environment: 0x7fdd820e3970>      1528723
459      Category_006 <environment: 0x7fdd820eb0b0>      1724510
460      Category_006 <environment: 0x7fdd820f48d0>      1227210
461      Category_006 <environment: 0x7fdd82101e78>      1537935
462      Category_006 <environment: 0x7fdd821094d8>      2734378
463      Category_006 <environment: 0x7fdd82112550>      1686828
464      Category_006 <environment: 0x7fdd82122780>       978346
465      Category_006 <environment: 0x7fdd8212df58>      1494229
466      Category_006 <environment: 0x7fdd821379e0>      2672075
467      Category_006 <environment: 0x7fdd82149858>      2052043
468      Category_006 <environment: 0x7fdd821599a8>      1177765
469      Category_006 <environment: 0x7fdd821635b8>      1317446
470      Category_006 <environment: 0x7fdd8216abe0>       462453
471      Category_006 <environment: 0x7fdd82174978>      2343788
472      Category_006 <environment: 0x7fdd8218a940>       857697
473      Category_006 <environment: 0x7fdd82197f90>      1112724
474      Category_006 <environment: 0x7fdd821a0d68>      1079685
475      Category_006 <environment: 0x7fdd821c7cf0>      2963296
476      Category_006 <environment: 0x7fdd821d40e0>      1595933
477      Category_006 <environment: 0x7fdd821dbf58>      1164216
478      Category_006 <environment: 0x7fdd821e32e0>      1304127
479      Category_006 <environment: 0x7fdd821ecac8>      1529225
480      Category_006 <environment: 0x7fdd821f4a58>      1028654
481      Category_006 <environment: 0x7fdd82201dd0>      1149581
482      Category_006 <environment: 0x7fdd82209c48>      2711928
483      Category_006 <environment: 0x7fdd82213510>      1102023
484      Category_006 <environment: 0x7fdd8221cd68>      1737732
485      Category_006 <environment: 0x7fdd82224d30>      1893642
486      Category_006 <environment: 0x7fdd8222e780>      1215922
487      Category_006 <environment: 0x7fdd822366d8>       993844
488      Category_006 <environment: 0x7fdd82240240>      1285515
489      Category_006 <environment: 0x7fdd8224de40>      1621907
490      Category_006 <environment: 0x7fdd82255430>      1826965
491      Category_006 <environment: 0x7fdd8225ee10>      2108556
492      Category_006 <environment: 0x7fdd82284da0>      1687945
493      Category_006 <environment: 0x7fdd822b3ee8>       798938
494      Category_006 <environment: 0x7fdd822bb350>      1860921
495      Category_006 <environment: 0x7fdd822c2630>      1986480
496      Category_006 <environment: 0x7fdd822cfa18>      2864007
497      Category_006 <environment: 0x7fdd822d6ef0>      1395109
498      Category_006 <environment: 0x7fdd822e1cb8>      1913008
499      Category_006 <environment: 0x7fdd822eabe0>      1111038
500      Category_006 <environment: 0x7fdd822f55f0>      1174665
501      Category_006 <environment: 0x7fdd82301d60>      2433578
502      Category_006 <environment: 0x7fdd8230dfc8>       756605
503      Category_006 <environment: 0x7fdd82318b00>      1294216
504      Category_006 <environment: 0x7fdd82320470>      1160836
505      Category_006 <environment: 0x7fdd8232db30>      1551352
506      Category_006 <environment: 0x7fdd8233edd8>      2208616
507      Category_006 <environment: 0x7fdd8234cc88>       789725
508      Category_006 <environment: 0x7fdd8235bd28>      1259473
509      Category_006 <environment: 0x7fdd82369b68>      1495920
510      Category_006 <environment: 0x7fdd823717e8>      1834473
511      Category_006 <environment: 0x7fdd75cd0d80>      1604188
512      Category_006 <environment: 0x7fdd75cda178>      1395921
513      Category_006 <environment: 0x7fdd75ce4fb0>      1165121
514      Category_006 <environment: 0x7fdd75cf35d0>      1339812
515      Category_006 <environment: 0x7fdd75cfde68>      2172476
516      Category_006 <environment: 0x7fdd75d09330>      2262829
517      Category_006 <environment: 0x7fdd75d12568>       871730
518      Category_006 <environment: 0x7fdd75d1ed80>      3641728
519      Category_006 <environment: 0x7fdd75d27dc0>      2442216
520      Category_006 <environment: 0x7fdd75d352c0>       947865
521      Category_006 <environment: 0x7fdd75d3ec30>       870803
522      Category_006 <environment: 0x7fdd75d46220>       664712
523      Category_007 <environment: 0x7fdd75d534b8>       687953
524      Category_007 <environment: 0x7fdd75d5cd10>       326569
525      Category_007 <environment: 0x7fdd75d64568>       367456
526      Category_007 <environment: 0x7fdd75d6de30>       257725
527      Category_007 <environment: 0x7fdd75d75a40>      1513165
528      Category_007 <environment: 0x7fdd75d8b1a8>       160168
529      Category_007 <environment: 0x7fdd75d92a00>       852883
530      Category_007 <environment: 0x7fdd75d9c1e8>       163195
531      Category_007 <environment: 0x7fdd75da6f40>       372354
532      Category_007 <environment: 0x7fdd75daebf8>       375616
533      Category_007 <environment: 0x7fdd75db7f10>       463906
534      Category_007 <environment: 0x7fdd75dbfa08>       289604
535      Category_007 <environment: 0x7fdd75dcd330>      1143245
536      Category_007 <environment: 0x7fdd75ddc178>       324602
537      Category_007 <environment: 0x7fdd75de8798>       454912
538      Category_007 <environment: 0x7fdd75df2108>       435039
539      Category_007 <environment: 0x7fdd75e008b0>      1570089
540      Category_007 <environment: 0x7fdd75e29800>       184012
541      Category_007 <environment: 0x7fdd75e2ff80>       409518
542      Category_007 <environment: 0x7fdd75e3d480>       263109
543      Category_007 <environment: 0x7fdd75e44530>       420034
544      Category_007 <environment: 0x7fdd75e513a0>       732261
545      Category_007 <environment: 0x7fdd75ea6cd8>       163211
546      Category_007 <environment: 0x7fdd75eb73a0>       113344
547      Category_007 <environment: 0x7fdd75ebdfb8>       302326
548      Category_007 <environment: 0x7fdd75ecb250>      1017165
549      Category_007 <environment: 0x7fdd75ed43e0>       173917
550      Category_007 <environment: 0x7fdd75ede568>       333670
551      Category_007 <environment: 0x7fdd95813878>       420554
552      Category_007 <environment: 0x7fdd818e2eb8>       314336
553      Category_007 <environment: 0x7fdd818ea470>       504031
554      Category_007 <environment: 0x7fdd818f7698>       258578
555      Category_007 <environment: 0x7fdd81908da0>       211754
556      Category_007 <environment: 0x7fdd819106d8>       761053
557      Category_007 <environment: 0x7fdd8191de78>       816905
558      Category_007 <environment: 0x7fdd819273f8>       527019
559      Category_007 <environment: 0x7fdd8192e3c8>       457824
560      Category_007 <environment: 0x7fdd8193d628>       116144
561      Category_007 <environment: 0x7fdd8194ab38>       277956
562      Category_007 <environment: 0x7fdd81954208>      1021493
563      Category_007 <environment: 0x7fdd9581c678>       130922
564      Category_007 <environment: 0x7fdd81995318>       513087
565      Category_007 <environment: 0x7fdd819a5ba0>       369051
566      Category_007 <environment: 0x7fdd819b0898>       591771
567      Category_007 <environment: 0x7fdd819b8278>       474616
568      Category_007 <environment: 0x7fdd819d5008>       701120
569      Category_007 <environment: 0x7fdd819df0e8>       483316
570      Category_007 <environment: 0x7fdd819eb9a8>       394629
571      Category_007 <environment: 0x7fdd819f3858>       471334
572      Category_007 <environment: 0x7fdd819fd0b0>       221305
573      Category_007 <environment: 0x7fdd81a0ccf8>       696926
574      Category_007 <environment: 0x7fdd81a143c8>        68709
575      Category_007 <environment: 0x7fdd81a22070>        29619
576      Category_007 <environment: 0x7fdd81a2c038>       907845
577      Category_007 <environment: 0x7fdd81a33778>       489345
578      Category_007 <environment: 0x7fdd81a3c630>       439553
579      Category_007 <environment: 0x7fdd81a445f8>       936810
580      Category_007 <environment: 0x7fdd81a4e550>       548995
581      Category_007 <environment: 0x7fdd81a5b318>       153754
582      Category_007 <environment: 0x7fdd81a632e0>       783555
583      Category_007 <environment: 0x7fdd81a6ada0>      1742317
584      Category_007 <environment: 0x7fdd81a74b38>       488381
585      Category_007 <environment: 0x7fdd81a7cb00>       365016
586      Category_007 <environment: 0x7fdd81a849b0>       504043
587      Category_007 <environment: 0x7fdd81a8e2e8>       616726
588      Category_007 <environment: 0x7fdd81a96400>       436048
589      Category_007 <environment: 0x7fdd81a9e208>       724257
590      Category_007 <environment: 0x7fdd81aab468>       395049
591      Category_007 <environment: 0x7fdd81ab3580>       548336
592      Category_007 <environment: 0x7fdd81abb388>       730022
593      Category_007 <environment: 0x7fdd81ac52e0>       205331
594      Category_007 <environment: 0x7fdd81accf98>       604305
595      Category_007 <environment: 0x7fdd81ad6cf8>       595445
596      Category_007 <environment: 0x7fdd81adecc0>       883483
597      Category_007 <environment: 0x7fdd81ae8b38>       125483
598      Category_007 <environment: 0x7fdd81af3eb0>       344506
599      Category_007 <environment: 0x7fdd81afde78>       506535
600      Category_007 <environment: 0x7fdd81b07bd8>      1206897
601      Category_007 <environment: 0x7fdd81b0f820>       352684
602      Category_007 <environment: 0x7fdd81b197e8>       345913
603      Category_007 <environment: 0x7fdd81b205c0>       209258
604      Category_007 <environment: 0x7fdd81b2e0a8>       322367
605      Category_007 <environment: 0x7fdd81b322b0>       257233
606      Category_007 <environment: 0x7fdd81b3eeb8>       378073
607      Category_007 <environment: 0x7fdd81b4b350>       359597
608      Category_007 <environment: 0x7fdd81b65d60>       700010
609      Category_007 <environment: 0x7fdd81b72e10>       921339
610      Category_007 <environment: 0x7fdd81b7acc0>       186704
611      Category_007 <environment: 0x7fdd81b8add8>       438980
612      Category_007 <environment: 0x7fdd81b97e78>       206354
613      Category_007 <environment: 0x7fdd81b9fee8>       330068
614      Category_007 <environment: 0x7fdd81baa038>      1200961
615      Category_007 <environment: 0x7fdd81bae278>       431837
616      Category_007 <environment: 0x7fdd81bb63c8>       529948
617      Category_007 <environment: 0x7fdd81bc04a8>       787652
618      Category_007 <environment: 0x7fdd81bc85f8>       612502
619      Category_007 <environment: 0x7fdd81bd2748>       521633
620      Category_007 <environment: 0x7fdd81bda898>       485351
621      Category_007 <environment: 0x7fdd81be49e8>       381122
622      Category_007 <environment: 0x7fdd81becb38>       559787
623      Category_007 <environment: 0x7fdd81bf6c88>       988191
624      Category_007 <environment: 0x7fdd81bfeb00>       423942
625      Category_007 <environment: 0x7fdd81c08c50>       276312
626      Category_007 <environment: 0x7fdd81c12da0>       448059
627      Category_007 <environment: 0x7fdd81c1aef0>        18538
628      Category_007 <environment: 0x7fdd81c24e80>      1088715
629      Category_007 <environment: 0x7fdd81c2cf98>       351896
630      Category_007 <environment: 0x7fdd81c370b0>       732663
631      Category_007 <environment: 0x7fdd81c3f158>       407806
632      Category_007 <environment: 0x7fdd81c52cc0>       506282
633      Category_007 <environment: 0x7fdd81c5c9b0>       546118
634      Category_007 <environment: 0x7fdd81c669e8>       820200
635      Category_007 <environment: 0x7fdd81c6e898>       581896
636      Category_007 <environment: 0x7fdd81c76908>       715090
637      Category_007 <environment: 0x7fdd81c83708>       534125
638      Category_007 <environment: 0x7fdd81c8b778>      1017846
639      Category_007 <environment: 0x7fdd81c93890>       431907
640      Category_007 <environment: 0x7fdd81c9d9e0>       612295
641      Category_007 <environment: 0x7fdd81ca5b30>      1013887
642      Category_007 <environment: 0x7fdd81cad8c8>       259500
643      Category_007 <environment: 0x7fdd81cb59a8>       304688
644      Category_007 <environment: 0x7fdd81cca518>       437176
645      Category_007 <environment: 0x7fdd81cd45c0>       508684
646      Category_007 <environment: 0x7fdd81ce1d98>       331410
647      Category_007 <environment: 0x7fdd81cf9858>       369962
648      Category_007 <environment: 0x7fdd81d122b0>       681591
649      Category_007 <environment: 0x7fdd81d1f5f0>       714741
650      Category_007 <environment: 0x7fdd81d26dd8>       394856
651      Category_007 <environment: 0x7fdd81d30d68>       264924
652      Category_007 <environment: 0x7fdd81d3e038>       561405
653      Category_007 <environment: 0x7fdd81d46038>       775302
654      Category_007 <environment: 0x7fdd81d4a208>       484051
655      Category_007 <environment: 0x7fdd9512f678>       113103
656      Category_007 <environment: 0x7fdd95036190>       539890
657      Category_007 <environment: 0x7fdd951113c8>       282674
658      Category_007 <environment: 0x7fdd95117608>       664663
659      Category_007 <environment: 0x7fdd9512b358>        52446
660      Category_007 <environment: 0x7fdd9513f360>       465101
661      Category_007 <environment: 0x7fdd950b5f28>      1274737
662      Category_007 <environment: 0x7fdd9508d478>       166743
663      Category_007 <environment: 0x7fdd95059a10>       233018
664      Category_007 <environment: 0x7fdd950440b8>       248036
665      Category_007 <environment: 0x7fdd95009ba0>       239547
666      Category_007 <environment: 0x7fdd95013c48>       937713
667      Category_007 <environment: 0x7fdd9519ca88>       326602
668      Category_007 <environment: 0x7fdd951a4858>       590979
669      Category_007 <environment: 0x7fdd951b0f90>       381507
670      Category_007 <environment: 0x7fdd951b9898>      1286532
671      Category_007 <environment: 0x7fdd951c1390>       502841
672      Category_007 <environment: 0x7fdd951ceac0>       145383
673      Category_007 <environment: 0x7fdd951d59e8>       233992
674      Category_007 <environment: 0x7fdd951e4238>       932237
675      Category_007 <environment: 0x7fdd951f1e48>       287792
676      Category_007 <environment: 0x7fdd951fd470>       412471
677      Category_007 <environment: 0x7fdd823c72e0>       332245
678      Category_007 <environment: 0x7fdd823cee10>       774808
679      Category_007 <environment: 0x7fdd823d8b00>        38172
680      Category_007 <environment: 0x7fdd823e0b70>      1024676
681      Category_007 <environment: 0x7fdd823ebb68>       312673
682      Category_007 <environment: 0x7fdd823f5c48>       192562
683      Category_007 <environment: 0x7fdd823fd9e0>       216278
684      Category_007 <environment: 0x7fdd82405a50>       446273
685      Category_007 <environment: 0x7fdd8240fba0>       885064
686      Category_007 <environment: 0x7fdd82417bd8>       604470
687      Category_007 <environment: 0x7fdd8241f5f0>       155829
688      Category_007 <environment: 0x7fdd82447740>       681125
689      Category_007 <environment: 0x7fdd8244f740>       689480
690      Category_007 <environment: 0x7fdd824596d0>       478146
691      Category_007 <environment: 0x7fdd824616d0>      1640622
692      Category_007 <environment: 0x7fdd8246b6d0>      1890135
693      Category_007 <environment: 0x7fdd824757e8>       877187
694      Category_007 <environment: 0x7fdd824d3350>       577664
695      Category_007 <environment: 0x7fdd824db468>       114379
696      Category_007 <environment: 0x7fdd824e35b8>      1130181
697      Category_007 <environment: 0x7fdd824ed708>       113710
698      Category_007 <environment: 0x7fdd824f5858>       596084
699      Category_007 <environment: 0x7fdd824fd9a8>       433703
700      Category_007 <environment: 0x7fdd82507af8>       310775
701      Category_007 <environment: 0x7fdd8250fc48>       104931
702      Category_007 <environment: 0x7fdd82517740>       375690
703      Category_007 <environment: 0x7fdd82521820>       122757
704      Category_007 <environment: 0x7fdd82529970>       294718
705      Category_007 <environment: 0x7fdd82533ac0>       861685
706      Category_007 <environment: 0x7fdd8253b938>       312220
707      Category_007 <environment: 0x7fdd82546710>       307621
708      Category_007 <environment: 0x7fdd82550860>       134769
709      Category_007 <environment: 0x7fdd825589b0>       272157
710      Category_007 <environment: 0x7fdd82562b00>       459445
711      Category_007 <environment: 0x7fdd8256ac50>       189028
712      Category_007 <environment: 0x7fdd8257ae80>       295631
713      Category_007 <environment: 0x7fdd825897e8>       385053
714      Category_007 <environment: 0x7fdd825937e8>       783701
715      Category_007 <environment: 0x7fdd8259b938>       131633
716      Category_007 <environment: 0x7fdd825a5a88>       347897
717      Category_007 <environment: 0x7fdd825adba0>       136845
718      Category_007 <environment: 0x7fdd825b6d30>      2046209
719      Category_007 <environment: 0x7fdd825bee80>       280922
720      Category_007 <environment: 0x7fdd825c8fd0>       628280
721      Category_007 <environment: 0x7fdd825d4320>       307297
722      Category_007 <environment: 0x7fdd825dfe08>       210020
723      Category_007 <environment: 0x7fdd825e9f20>       724420
724      Category_007 <environment: 0x7fdd825f02e8>       220336
725      Category_007 <environment: 0x7fdd825f83c8>       135813
726      Category_007 <environment: 0x7fdd826024e0>       247655
727      Category_007 <environment: 0x7fdd8260a5c0>       646059
728      Category_007 <environment: 0x7fdd826126a0>       553420
729      Category_007 <environment: 0x7fdd8261c438>       116968
730      Category_007 <environment: 0x7fdd8262dac0>       210813
731      Category_007 <environment: 0x7fdd82637b30>       471317
732      Category_007 <environment: 0x7fdd8263fa88>       228729
733      Category_007 <environment: 0x7fdd8264fac0>       283979
734      Category_007 <environment: 0x7fdd82656cc0>       102558
735      Category_007 <environment: 0x7fdd826607b8>      1037268
736      Category_007 <environment: 0x7fdd8269f698>       497144
737      Category_007 <environment: 0x7fdd826a6be0>       585287
738      Category_007 <environment: 0x7fdd826b0be0>       235152
739      Category_007 <environment: 0x7fdd826b8a58>       389182
740      Category_007 <environment: 0x7fdd826c8000>       761812
741      Category_007 <environment: 0x7fdd826d00e0>       680013
742      Category_007 <environment: 0x7fdd826d80e0>       353043
743      Category_007 <environment: 0x7fdd826de2b0>       404700
744      Category_007 <environment: 0x7fdd826e8908>       945684
745      Category_007 <environment: 0x7fdd826f2588>      1006405
746      Category_007 <environment: 0x7fdd826fa518>       222184
747      Category_007 <environment: 0x7fdd827342b0>       634971
748      Category_007 <environment: 0x7fdd82744f28>       932460
749      Category_007 <environment: 0x7fdd827519e0>        42190
750      Category_007 <environment: 0x7fdd8275e070>       329656
751      Category_007 <environment: 0x7fdd827662b0>       128521
752      Category_007 <environment: 0x7fdd827726d8>       151914
753      Category_007 <environment: 0x7fdd8277c4e0>       392121
754      Category_007 <environment: 0x7fdd82789c10>       490072
755      Category_007 <environment: 0x7fdd82792320>       124529
756      Category_007 <environment: 0x7fdd8279f4d8>        98871
757      Category_007 <environment: 0x7fdd827b87f0>      1423012
758      Category_007 <environment: 0x7fdd827d6cc0>       445709
759      Category_007 <environment: 0x7fdd827de470>       488001
760      Category_007 <environment: 0x7fdd82816828>       201057
761      Category_007 <environment: 0x7fdd82821a50>       739498
762      Category_007 <environment: 0x7fdd8282b008>       258341
763      Category_007 <environment: 0x7fdd82836438>       225740
764      Category_007 <environment: 0x7fdda63a3a88>       186648
765      Category_007 <environment: 0x7fdd81d71830>       355509
766      Category_007 <environment: 0x7fdd81d8fdf0>       776558
767      Category_007 <environment: 0x7fdd81daf000>       767182
768      Category_007 <environment: 0x7fdd81dbb6c8>        75297
769      Category_007 <environment: 0x7fdd81dc50a8>       345613
770      Category_007 <environment: 0x7fdd81e139b8>       868491
771      Category_007 <environment: 0x7fdd81e1ae90>       292662
772      Category_007 <environment: 0x7fdd81e25520>       190060
773      Category_007 <environment: 0x7fdd75efbce0>       326094
774      Category_007 <environment: 0x7fdd75f07020>       922321
775      Category_007 <environment: 0x7fdd75f10808>       206650
776      Category_007 <environment: 0x7fdd75f28028>       441421
777      Category_007 <environment: 0x7fdd83258b38>       249135
778      Category_007 <environment: 0x7fdd83270a20>       256320
779      Category_007 <environment: 0x7fdd8327a208>       431547
780      Category_007 <environment: 0x7fdd8328b270>       233376
781      Category_007 <environment: 0x7fdd832afd28>       314232
782      Category_007 <environment: 0x7fdd832bbc80>       741318
783      Category_007 <environment: 0x7fdd832e1e40>        97993
784      Category_019 <environment: 0x7fdd8335d938>     13685930
785      Category_019 <environment: 0x7fdd833c67b8>     14223951
786      Category_019 <environment: 0x7fdd834080a8>     13488881
787      Category_019 <environment: 0x7fdd8342e470>     10814476
788      Category_019 <environment: 0x7fdd83448038>     17975601
789      Category_019 <environment: 0x7fdd83451cb8>     21091853
790      Category_019 <environment: 0x7fdd8345a828>     14856372
791      Category_019 <environment: 0x7fdd834705f8>     17068654
792      Category_019 <environment: 0x7fdd83482390>     19587845
793      Category_019 <environment: 0x7fdd8348e070>     19419962
794      Category_019 <environment: 0x7fdd83497eb0>     13458086
795      Category_019 <environment: 0x7fdd834a7740>     11977347
796      Category_019 <environment: 0x7fdd834b15b8>     17571590
797      Category_019 <environment: 0x7fdd834b93f8>     16726125
798      Category_019 <environment: 0x7fdd828453c0>     12855956
799      Category_019 <environment: 0x7fdd8284f350>     15996266
800      Category_019 <environment: 0x7fdd82856e80>     15238812
801      Category_019 <environment: 0x7fdd8285ee80>      8823136
802      Category_019 <environment: 0x7fdd82868e48>     20052897
803      Category_019 <environment: 0x7fdd82872dd8>     15882371
804      Category_019 <environment: 0x7fdd8287ce10>     16087036
805      Category_019 <environment: 0x7fdd82884e10>     15679670
806      Category_019 <environment: 0x7fdd82894438>     15050629
807      Category_019 <environment: 0x7fdd8289e400>     18817202
808      Category_019 <environment: 0x7fdd828a8390>     16333569
809      Category_019 <environment: 0x7fdd828b2320>     15205455
810      Category_019 <environment: 0x7fdd828ba320>     23010987
811      Category_019 <environment: 0x7fdd828c4320>     14494486
812      Category_019 <environment: 0x7fdd828cc2b0>     13299365
813      Category_019 <environment: 0x7fdd828d4240>     17889242
814      Category_019 <environment: 0x7fdd828dc278>     16814998
815      Category_019 <environment: 0x7fdd828e62b0>     14126358
816      Category_019 <environment: 0x7fdd828f20e0>      7165404
817      Category_019 <environment: 0x7fdd828fa0e0>     15633962
818      Category_019 <environment: 0x7fdd829040e0>     14214282
819      Category_019 <environment: 0x7fdd8290c070>     15486407
820      Category_019 <environment: 0x7fdd82916038>     14675314
821      Category_019 <environment: 0x7fdd8291dfc8>     10344153
822      Category_019 <environment: 0x7fdd82927c10>     11025308
823      Category_019 <environment: 0x7fdd8292fa18>     16702645
824      Category_019 <environment: 0x7fdd829397e8>     15792184
825      Category_019 <environment: 0x7fdd8294d628>     14452364
826      Category_019 <environment: 0x7fdd829567b8>     13841909
827      Category_019 <environment: 0x7fdd829604e0>     15638775
828      Category_019 <environment: 0x7fdd829684a8>     16264749
829      Category_019 <environment: 0x7fdd82973ac0>     11796153
830      Category_019 <environment: 0x7fdd8297d5b8>     11790010
831      Category_019 <environment: 0x7fdd829850b0>     18201288
832      Category_019 <environment: 0x7fdd8298c710>     18273160
833      Category_019 <environment: 0x7fdd82999e40>     15911228
834      Category_019 <environment: 0x7fdd829a1d28>     13193435
835      Category_019 <environment: 0x7fdd829a9cb8>     12059483
836      Category_019 <environment: 0x7fdd829b1c48>      7041563
837      Category_019 <environment: 0x7fdd829bbb30>     18950215
838      Category_019 <environment: 0x7fdd829c2fd0>     16384554
839      Category_019 <environment: 0x7fdd829cf4a0>     17163745
840      Category_019 <environment: 0x7fdd829e16d0>     17247307
841      Category_019 <environment: 0x7fdd829edee8>     19217241
842      Category_019 <environment: 0x7fdd829f4e80>     11547386
843      Category_019 <environment: 0x7fdd829fea58>     13732250
844      Category_019 <environment: 0x7fdd82a06780>     14555379
845      Category_019 <environment: 0x7fdd82a15190>     17954797
846      Category_019 <environment: 0x7fdd82a1fd98>     18792749
847      Category_019 <environment: 0x7fdd82a34da0>     13421712
848      Category_019 <environment: 0x7fdd82a42278>     14387836
849      Category_019 <environment: 0x7fdd82a55938>     18811468
850      Category_019 <environment: 0x7fdd82a677e8>     14135559
851      Category_019 <environment: 0x7fdd82a70b70>     15831964
852      Category_019 <environment: 0x7fdd82abc668>     17814226
853      Category_019 <environment: 0x7fdd82ac4470>     10764630
854      Category_019 <environment: 0x7fdd82ad20e0>     15364200
855      Category_019 <environment: 0x7fdd82ad9bd8>     15833484
856      Category_019 <environment: 0x7fdd82ae1200>     13131425
857      Category_019 <environment: 0x7fdd82aec828>     16655491
858      Category_019 <environment: 0x7fdd82af4748>     17984990
859      Category_019 <environment: 0x7fdd82afc5c0>     16211884
860      Category_019 <environment: 0x7fdd82b2beb0>     13480840
861      Category_019 <environment: 0x7fdd82b39580>     15552722
862      Category_019 <environment: 0x7fdd82b56038>     16010317
863      Category_019 <environment: 0x7fdd82b5d7e8>     13054846
864      Category_019 <environment: 0x7fdd82b696d0>     15270554
865      Category_019 <environment: 0x7fdd82b75120>     17970341
866      Category_019 <environment: 0x7fdd82b7c780>     18549401
867      Category_019 <environment: 0x7fdd82b8f628>     15289184
868      Category_019 <environment: 0x7fdd82b96748>      8598961
869      Category_019 <environment: 0x7fdd82bb2cc0>     17660309
870      Category_019 <environment: 0x7fdd82bbc9e8>     14353152
871      Category_019 <environment: 0x7fdd82bd64e0>     20360785
872      Category_019 <environment: 0x7fdd82be32a8>     14889263
873      Category_019 <environment: 0x7fdd82bed008>     12212447
874      Category_019 <environment: 0x7fdd82bf7cb8>     14992058
875      Category_019 <environment: 0x7fdd82c05bd8>     18127456
876      Category_019 <environment: 0x7fdd82c14eb8>     22898572
877      Category_019 <environment: 0x7fdd82c21190>     13371100
878      Category_019 <environment: 0x7fdd82c3a070>     17328618
879      Category_019 <environment: 0x7fdd82c44070>     17664929
880      Category_019 <environment: 0x7fdd82c4b388>     16705489
881      Category_019 <environment: 0x7fdd82c58070>     19894184
882      Category_019 <environment: 0x7fdd82c60038>     17644209
883      Category_019 <environment: 0x7fdd82c69f58>     20513659
884      Category_019 <environment: 0x7fdd82c73eb0>     17764596
885      Category_019 <environment: 0x7fdd82c7dd98>     15948338
886      Category_019 <environment: 0x7fdd82c85820>     19421374
887      Category_019 <environment: 0x7fdd82c8f6d0>     15883818
888      Category_019 <environment: 0x7fdd82c97628>      3823071
889      Category_019 <environment: 0x7fdd82ca15f0>     21350671
890      Category_019 <environment: 0x7fdd82ca95f0>     16191261
891      Category_019 <environment: 0x7fdd82cb1548>     19654708
892      Category_019 <environment: 0x7fdd82cbb468>     12843991
893      Category_019 <environment: 0x7fdd82cc30e8>     15506049
894      Category_019 <environment: 0x7fdd82ccaf98>     18605004
895      Category_019 <environment: 0x7fdd82cd6ef0>     17535761
896      Category_019 <environment: 0x7fdd82ce6940>     16418448
897      Category_019 <environment: 0x7fdd82cee8d0>     17574868
898      Category_019 <environment: 0x7fdd82d01b30>     17392392
899      Category_019 <environment: 0x7fdd82d09890>     21297898
900      Category_019 <environment: 0x7fdd82d11628>     18926899
901      Category_019 <environment: 0x7fdd82d1d040>     20717608
902      Category_019 <environment: 0x7fdd82d24c18>     16240827
903      Category_019 <environment: 0x7fdd82d2ca90>     17808011
904      Category_019 <environment: 0x7fdd82d3c0e0>     16263292
905      Category_019 <environment: 0x7fdd82d437b0>     15736283
906      Category_019 <environment: 0x7fdd82d4b510>     12847673
907      Category_019 <environment: 0x7fdd82d54588>     18222618
908      Category_019 <environment: 0x7fdd82d5e358>     19300944
909      Category_019 <environment: 0x7fdd82d78ac8>     14305296
910      Category_019 <environment: 0x7fdd82d85660>     18679631
911      Category_019 <environment: 0x7fdd82d920a8>     17553941
912      Category_019 <environment: 0x7fdd82d99f90>     20339284
913      Category_019 <environment: 0x7fdd82da3ee8>     16641363
914      Category_019 <environment: 0x7fdd82dc6be0>     17844129
915      Category_019 <environment: 0x7fdd82ddce10>     16065129
916      Category_019 <environment: 0x7fdd82de4da0>     20009261
917      Category_019 <environment: 0x7fdd82dee390>     15786726
918      Category_019 <environment: 0x7fdd82dfef60>     19664525
919      Category_019 <environment: 0x7fdd82e0c0e0>     15290126
920      Category_019 <environment: 0x7fdd82e32240>      7480633
921      Category_019 <environment: 0x7fdd82e4d8c8>     13754435
922      Category_019 <environment: 0x7fdd8383c748>     14402359
923      Category_019 <environment: 0x7fdd838472a8>     16925588
924      Category_019 <environment: 0x7fdd83850470>     18871842
925      Category_019 <environment: 0x7fdd8385ca58>     17919214
926      Category_019 <environment: 0x7fdd838740a8>     14599426
927      Category_019 <environment: 0x7fdd83881ac0>     17401238
928      Category_019 <environment: 0x7fdd838899e0>     16152810
929      Category_019 <environment: 0x7fdd838918c8>     14752541
930      Category_019 <environment: 0x7fdd8389b858>     17209206
931      Category_019 <environment: 0x7fdd838a3468>     19104484
932      Category_019 <environment: 0x7fdd838b27b8>     17641861
933      Category_019 <environment: 0x7fdd838bc4a8>     17795095
934      Category_019 <environment: 0x7fdd838ebeb0>     17593505
935      Category_019 <environment: 0x7fdd838f2c18>     18745836
936      Category_019 <environment: 0x7fdd838fc780>     25166340
937      Category_019 <environment: 0x7fdd83904208>     19292290
938      Category_019 <environment: 0x7fdd839100e0>     18539796
939      Category_019 <environment: 0x7fdd8391bd98>     12851387
940      Category_019 <environment: 0x7fdd83923c10>      3190812
941      Category_019 <environment: 0x7fdd8392d900>     24389498
942      Category_019 <environment: 0x7fdd839354d8>     18032022
943      Category_019 <environment: 0x7fdd83947cb8>     20183321
944      Category_019 <environment: 0x7fdd83955388>     21924884
945      Category_019 <environment: 0x7fdd8395eb70>     18824574
946      Category_019 <environment: 0x7fdd83969d60>     18487562
947      Category_019 <environment: 0x7fdd8397cba8>     15709019
948      Category_019 <environment: 0x7fdd83989900>     15812086
949      Category_019 <environment: 0x7fdd83995af8>     17741885
950      Category_019 <environment: 0x7fdd8399cef0>     20796635
951      Category_019 <environment: 0x7fdd839a63c8>     15768104
952      Category_019 <environment: 0x7fdd839b2eb8>     21000341
953      Category_019 <environment: 0x7fdd839bd9a8>     21279928
954      Category_019 <environment: 0x7fdd839c6550>     15496156
955      Category_019 <environment: 0x7fdd839d1f20>     15304333
956      Category_019 <environment: 0x7fdd839d9e78>     19363538
957      Category_019 <environment: 0x7fdd839e1a88>     15527758
958      Category_019 <environment: 0x7fdd839f0630>     12662589
959      Category_019 <environment: 0x7fdd839fbe08>     16339273
960      Category_019 <environment: 0x7fdd83a0e860>     20023111
961      Category_019 <environment: 0x7fdd83a25008>     16285277
962      Category_019 <environment: 0x7fdd83a2e7b8>     15747828
963      Category_019 <environment: 0x7fdd83a3d190>     17500917
964      Category_019 <environment: 0x7fdd83a44fd0>     17203942
965      Category_019 <environment: 0x7fdd83a4eb00>     17706355
966      Category_019 <environment: 0x7fdd83a566d8>     25211183
967      Category_019 <environment: 0x7fdd83a67ba0>     14933777
968      Category_019 <environment: 0x7fdd83a6f820>     19638789
969      Category_019 <environment: 0x7fdd83a99cb8>     16744063
970      Category_019 <environment: 0x7fdd83aa7c48>     20282635
971      Category_019 <environment: 0x7fdd83aaea58>     20701464
972      Category_019 <environment: 0x7fdd83abe9b0>      7993991
973      Category_019 <environment: 0x7fdd83acbb68>     19998267
974      Category_019 <environment: 0x7fdd83ad3660>     14620684
975      Category_019 <environment: 0x7fdd83adb2a8>     21011304
976      Category_019 <environment: 0x7fdd83ae5270>     19276603
977      Category_019 <environment: 0x7fdd83aecc88>     14493115
978      Category_019 <environment: 0x7fdd83afac18>      9469484
979      Category_019 <environment: 0x7fdd83b08b38>     19168283
980      Category_019 <environment: 0x7fdd83b13f90>     20262454
981      Category_019 <environment: 0x7fdd83b31970>     15761527
982      Category_019 <environment: 0x7fdd83b3df58>     15435767
983      Category_019 <environment: 0x7fdd83b45628>     15797656
984      Category_019 <environment: 0x7fdd83b545f8>     14432907
985      Category_019 <environment: 0x7fdd83b63ee8>     15567490
986      Category_019 <environment: 0x7fdd83bd0dd8>     16954444
987      Category_019 <environment: 0x7fdd83bd8748>     14039200
988      Category_019 <environment: 0x7fdd83be4a90>     18149258
989      Category_019 <environment: 0x7fdd834c1970>     19085739
990      Category_019 <environment: 0x7fdd834ea9e8>     17385033
991      Category_019 <environment: 0x7fdd834f27b8>     14239107
992      Category_019 <environment: 0x7fdd834fc630>      7350998
993      Category_019 <environment: 0x7fdd835084a8>     16914266
994      Category_019 <environment: 0x7fdd83547660>     17439213
995      Category_019 <environment: 0x7fdd8354e400>     19041651
996      Category_019 <environment: 0x7fdd835670e8>     12308274
997      Category_019 <environment: 0x7fdd8356eba8>     18963210
998      Category_019 <environment: 0x7fdd83578908>     10464392
999      Category_019 <environment: 0x7fdd83580630>     12611772
1000     Category_019 <environment: 0x7fdd83588358>     13670173
1001     Category_019 <environment: 0x7fdd835a37b0>     18570315
1002     Category_019 <environment: 0x7fdd835ab3c0>     16047002
1003     Category_019 <environment: 0x7fdd835b2ef0>     20168838
1004     Category_019 <environment: 0x7fdd6534c140>     14117064
1005     Category_019 <environment: 0x7fdd83702c38>     16351736
1006     Category_019 <environment: 0x7fdd77bda888>     16298618
1007     Category_019 <environment: 0x7fdd77f85158>     14419089
1008     Category_019 <environment: 0x7fdd652de478>     16363229
1009     Category_019 <environment: 0x7fdd847f01e0>     13405741
1010     Category_019 <environment: 0x7fdd651385a8>      9636963
1011     Category_019 <environment: 0x7fdd83870208>     18456110
1012     Category_019 <environment: 0x7fdd835b7740>     15869474
1013     Category_019 <environment: 0x7fdd76d15588>     16641908
1014     Category_019 <environment: 0x7fdd75f0bd18>     16012034
1015     Category_019 <environment: 0x7fdd84029b00>     15142555
1016     Category_019 <environment: 0x7fdd809308f0>     12011557
1017     Category_019 <environment: 0x7fdd8067dae0>     15573466
1018     Category_019 <environment: 0x7fdd80626ef0>     17800484
1019     Category_019 <environment: 0x7fdd80610780>     19060642
1020     Category_019 <environment: 0x7fdd805f2240>     14469315
1021     Category_019 <environment: 0x7fdd805ebc80>     14626519
1022     Category_019 <environment: 0x7fdd805dd2e0>     23214084
1023     Category_019 <environment: 0x7fdd805d60a8>     17691749
1024     Category_019 <environment: 0x7fdd805c8cf8>     12022160
1025     Category_019 <environment: 0x7fdd805c1c48>     11480016
1026     Category_019 <environment: 0x7fdd805b67f0>     15421303
1027     Category_019 <environment: 0x7fdd805a94a0>     15245060
1028     Category_019 <environment: 0x7fdd8059d3f8>     14014417
1029     Category_019 <environment: 0x7fdd80567f20>     12774541
1030     Category_019 <environment: 0x7fdd8055d660>     11545493
1031     Category_019 <environment: 0x7fdd805556d0>     19288874
1032     Category_019 <environment: 0x7fdd801d3238>     14267335
1033     Category_019 <environment: 0x7fdd801c9778>     17711158
1034     Category_019 <environment: 0x7fdd801bc070>     18111904
1035     Category_019 <environment: 0x7fdd801ae400>     16125720
1036     Category_019 <environment: 0x7fdd801a3660>     15478625
1037     Category_019 <environment: 0x7fdd8019bba0>     17939514
1038     Category_019 <environment: 0x7fdd80192000>     16303251
1039     Category_019 <environment: 0x7fdd80186cf8>     17053998
1040     Category_019 <environment: 0x7fdd801713c0>     20253370
1041     Category_019 <environment: 0x7fdd8014af28>     18314466
1042     Category_019 <environment: 0x7fdd8013e978>     16450229
1043     Category_019 <environment: 0x7fdd801372a8>     15482871
1044     Category_019 <environment: 0x7fdd8012aa58>      7239676
1045     Category_028 <environment: 0x7fdd80122cf8>       106139
1046     Category_028 <environment: 0x7fdd80119740>       121582
1047     Category_028 <environment: 0x7fdd80108b00>       122792
1048     Category_028 <environment: 0x7fdd800fea90>        84103
1049     Category_028 <environment: 0x7fdd800f3778>       104419
1050     Category_028 <environment: 0x7fdd80065548>       114419
1051     Category_028 <environment: 0x7fdd80056d30>       127128
1052     Category_028 <environment: 0x7fdd8004db30>       110036
1053     Category_028 <environment: 0x7fdd800138c8>       107950
1054     Category_028 <environment: 0x7fdd77ffd478>       185543
1055     Category_028 <environment: 0x7fdd77fa7c58>       148934
1056     Category_028 <environment: 0x7fdd77f9d520>       113525
1057     Category_028 <environment: 0x7fdd77f97120>        84103
1058     Category_028 <environment: 0x7fdd77f87a98>        85446
1059     Category_028 <environment: 0x7fdd77c19748>       105966
1060     Category_028 <environment: 0x7fdd77be17d8>        81976
1061     Category_028 <environment: 0x7fdd77bbf030>        97391
1062     Category_028 <environment: 0x7fdd77bb7c70>        44771
1063     Category_028 <environment: 0x7fdd77bac2a0>        48073
1064     Category_028 <environment: 0x7fdd779aef60>       200501
1065     Category_028 <environment: 0x7fdd77991578>       407361
1066     Category_028 <environment: 0x7fdd77915c00>        85118
1067     Category_028 <environment: 0x7fdd778fd238>       611556
1068     Category_028 <environment: 0x7fdd776af1c0>        62992
1069     Category_028 <environment: 0x7fdd77210798>       152851
1070     Category_028 <environment: 0x7fdd772051a8>       316914
1071     Category_028 <environment: 0x7fdd771f8ae0>       267120
1072     Category_028 <environment: 0x7fdd771edf80>       277876
1073     Category_028 <environment: 0x7fdd771dbc38>       157978
1074     Category_028 <environment: 0x7fdd771ccdb8>        98632
1075     Category_028 <environment: 0x7fdd771bed10>        81723
1076     Category_028 <environment: 0x7fdd7707c9e8>       223773
1077     Category_028 <environment: 0x7fdd7706a940>       105215
1078     Category_028 <environment: 0x7fdd7705ed30>       162854
1079     Category_028 <environment: 0x7fdd770549b0>        88280
1080     Category_028 <environment: 0x7fdd77048438>       266740
1081     Category_028 <environment: 0x7fdd7703b040>       199203
1082     Category_028 <environment: 0x7fdd77033890>       226312
1083     Category_028 <environment: 0x7fdd76fe6368>        98320
1084     Category_028 <environment: 0x7fdd76fdbc30>       260341
1085     Category_028 <environment: 0x7fdd76f53a08>       133352
1086     Category_028 <environment: 0x7fdd76f488b0>       324982
1087     Category_028 <environment: 0x7fdd76f40ae0>        96929
1088     Category_028 <environment: 0x7fdd76f16a38>       175753
1089     Category_028 <environment: 0x7fdd76f0b058>        70651
1090     Category_028 <environment: 0x7fdd76ed9b20>        59341
1091     Category_028 <environment: 0x7fdd76ea3498>        74026
1092     Category_028 <environment: 0x7fdd76e83fc8>        71505
1093     Category_028 <environment: 0x7fdd76e769d8>       103679
1094     Category_028 <environment: 0x7fdd76e69c48>       376458
1095     Category_028 <environment: 0x7fdd76e5e150>       133108
1096     Category_028 <environment: 0x7fdd76e533f8>        44167
1097     Category_028 <environment: 0x7fdd76e48188>       133002
1098     Category_028 <environment: 0x7fdd76e1c2a0>       182484
1099     Category_028 <environment: 0x7fdd76e0f5f0>       119555
1100     Category_028 <environment: 0x7fdd76e08ab8>       169764
1101     Category_028 <environment: 0x7fdd76dfca10>       237158
1102     Category_028 <environment: 0x7fdd76ddc930>       375073
1103     Category_028 <environment: 0x7fdd76d6c080>        48569
1104     Category_028 <environment: 0x7fdd76d56948>       192677
1105     Category_028 <environment: 0x7fdd76d37f98>       145490
1106     Category_028 <environment: 0x7fdd76d09b00>       113945
1107     Category_028 <environment: 0x7fdd85c015e8>        64552
1108     Category_028 <environment: 0x7fdda6397bd8>       149625
1109     Category_028 <environment: 0x7fdd75c3cf08>       113848
1110     Category_028 <environment: 0x7fdd75c5ba40>       244582
1111     Category_028 <environment: 0x7fdd75ca08e8>       145118
1112     Category_028 <environment: 0x7fdda6340430>       209633
1113     Category_028 <environment: 0x7fdda634b2b0>       142758
1114     Category_028 <environment: 0x7fdda67e0708>        53195
1115     Category_028 <environment: 0x7fdda67e8430>       292098
1116     Category_028 <environment: 0x7fdda67f2190>       124567
1117     Category_028 <environment: 0x7fdda67fe510>       105247
1118     Category_028 <environment: 0x7fdd81811120>       126839
1119     Category_028 <environment: 0x7fdd81831190>       196229
1120     Category_028 <environment: 0x7fdd8183a470>       119110
1121     Category_028 <environment: 0x7fdd81853580>       123806
1122     Category_028 <environment: 0x7fdd8186bac0>       223047
1123     Category_028 <environment: 0x7fdd81877cf0>       187542
1124     Category_028 <environment: 0x7fdd8187fa18>       164151
1125     Category_028 <environment: 0x7fdd8188cc88>       154113
1126     Category_028 <environment: 0x7fdd81894c18>       154775
1127     Category_028 <environment: 0x7fdd8189e518>       200558
1128     Category_028 <environment: 0x7fdd818a9468>       177929
1129     Category_028 <environment: 0x7fdd818b0f28>       147835
1130     Category_028 <environment: 0x7fdd818bdf90>       216361
1131     Category_028 <environment: 0x7fdd818c7f90>       346139
1132     Category_028 <environment: 0x7fdd818d0ba8>       132567
1133     Category_028 <environment: 0x7fddb651cf28>       206774
1134     Category_028 <environment: 0x7fddb6313220>       273559
1135     Category_028 <environment: 0x7fddb657a8a0>       263046
1136     Category_028 <environment: 0x7fddb62464d8>       211688
1137     Category_028 <environment: 0x7fddb633a0a0>       255801
1138     Category_028 <environment: 0x7fddb6561e68>        95908
1139     Category_028 <environment: 0x7fddb645f560>       201013
1140     Category_028 <environment: 0x7fddb6469330>       283894
1141     Category_028 <environment: 0x7fddb638faa0>       128988
1142     Category_028 <environment: 0x7fddb6398fc8>       228473
1143     Category_028 <environment: 0x7fddb6259bd0>       171975
1144     Category_028 <environment: 0x7fddb62617a8>       145906
1145     Category_028 <environment: 0x7fddb622ab38>       264977
1146     Category_028 <environment: 0x7fddb60ff9f8>       128454
1147     Category_028 <environment: 0x7fddb657ffc0>       117249
1148     Category_028 <environment: 0x7fddb6589d90>       141228
1149     Category_028 <environment: 0x7fddb65910e0>       133804
1150     Category_028 <environment: 0x7fddb659cb58>       166437
1151     Category_028 <environment: 0x7fddb65a5a48>       199690
1152     Category_028 <environment: 0x7fddb65ad7e0>       143576
1153     Category_028 <environment: 0x7fddb65b4f20>        81957
1154     Category_028 <environment: 0x7fddb65c2810>       142367
1155     Category_028 <environment: 0x7fddb65ca420>       141675
1156     Category_028 <environment: 0x7fddb65d21f0>       410440
1157     Category_028 <environment: 0x7fddb65ec490>       207489
1158     Category_028 <environment: 0x7fddb65f6458>       250156
1159     Category_028 <environment: 0x7fddb65fe490>       299862
1160     Category_028 <environment: 0x7fddb6608f90>       123067
1161     Category_028 <environment: 0x7fddb661d498>       257540
1162     Category_028 <environment: 0x7fddb6626fc8>       247338
1163     Category_028 <environment: 0x7fddb6634ab0>       133000
1164     Category_028 <environment: 0x7fddb6640180>       212576
1165     Category_028 <environment: 0x7fddb664c068>        96969
1166     Category_028 <environment: 0x7fddb666a880>        77824
1167     Category_028 <environment: 0x7fddb6673e70>       162910
1168     Category_028 <environment: 0x7fddb667b700>       151747
1169     Category_028 <environment: 0x7fddb6688618>       191714
1170     Category_028 <environment: 0x7fddb668fee0>       211403
1171     Category_028 <environment: 0x7fddb66979d8>       113115
1172     Category_028 <environment: 0x7fddb66a0ee8>       101798
1173     Category_028 <environment: 0x7fddb66abff8>       190653
1174     Category_028 <environment: 0x7fddb66b3658>        99371
1175     Category_028 <environment: 0x7fddb66c5af0>       161578
1176     Category_028 <environment: 0x7fddb66cce78>       154483
1177     Category_028 <environment: 0x7fddb66d8298>       107946
1178     Category_028 <environment: 0x7fddb66e0ee8>       225157
1179     Category_028 <environment: 0x7fddb66ec180>        69773
1180     Category_028 <environment: 0x7fddb66f5070>       162387
1181     Category_028 <environment: 0x7fddb6729ce8>        99669
1182     Category_028 <environment: 0x7fddb67330a8>       212734
1183     Category_028 <environment: 0x7fddb6741ee0>       249657
1184     Category_028 <environment: 0x7fddb67532a0>       169043
1185     Category_028 <environment: 0x7fddb6761d58>       223737
1186     Category_028 <environment: 0x7fddb67993b8>       286795
1187     Category_028 <environment: 0x7fddb67a87a0>       114959
1188     Category_028 <environment: 0x7fddb67af460>       221761
1189     Category_028 <environment: 0x7fddb67bba10>       338445
1190     Category_028 <environment: 0x7fddb67c61f0>        97176
1191     Category_028 <environment: 0x7fddb67d9b98>       184423
1192     Category_028 <environment: 0x7fddb67f89d0>       137260
1193     Category_028 <environment: 0x7fdd82010d30>       342327
1194     Category_028 <environment: 0x7fdd8203fd98>       294114
1195     Category_028 <environment: 0x7fdd820576d0>        75891
1196     Category_028 <environment: 0x7fdd8205e860>       666541
1197     Category_028 <environment: 0x7fdd8206b6d0>       265079
1198     Category_028 <environment: 0x7fdd82089820>       250671
1199     Category_028 <environment: 0x7fdd82093b68>       105554
1200     Category_028 <environment: 0x7fdd8209c828>        49218
1201     Category_028 <environment: 0x7fdd820a7008>        87152
1202     Category_028 <environment: 0x7fdd820b20e0>       369270
1203     Category_028 <environment: 0x7fdd820bb078>       132603
1204     Category_028 <environment: 0x7fdd820c5e08>       215319
1205     Category_028 <environment: 0x7fdd820ccfd0>       169294
1206     Category_028 <environment: 0x7fdd820d6748>       138777
1207     Category_028 <environment: 0x7fdd820e1cb8>       155203
1208     Category_028 <environment: 0x7fdd820e9190>       160135
1209     Category_028 <environment: 0x7fdd820f27f0>       265867
1210     Category_028 <environment: 0x7fdd820fdd60>       215862
1211     Category_028 <environment: 0x7fdd82107158>       157108
1212     Category_028 <environment: 0x7fdd821108d0>       341536
1213     Category_028 <environment: 0x7fdd82120518>       167008
1214     Category_028 <environment: 0x7fdd8212bac0>       316416
1215     Category_028 <environment: 0x7fdd821353c0>       241622
1216     Category_028 <environment: 0x7fdd82141580>       258752
1217     Category_028 <environment: 0x7fdd82156f98>       206003
1218     Category_028 <environment: 0x7fdd82160ac8>       142290
1219     Category_028 <environment: 0x7fdd8216bee8>       189658
1220     Category_028 <environment: 0x7fdd82175af8>       205587
1221     Category_028 <environment: 0x7fdd8218b938>       168690
1222     Category_028 <environment: 0x7fdd82192f98>        60576
1223     Category_028 <environment: 0x7fdd821a1eb0>        77575
1224     Category_028 <environment: 0x7fdd821c4a90>       188338
1225     Category_028 <environment: 0x7fdd821d0da0>       738588
1226     Category_028 <environment: 0x7fdd821d8ac8>       150392
1227     Category_028 <environment: 0x7fdd821e3c48>       139888
1228     Category_028 <environment: 0x7fdd821ed318>       106548
1229     Category_028 <environment: 0x7fdd821f5270>       177800
1230     Category_028 <environment: 0x7fdd821fe4e0>        65976
1231     Category_028 <environment: 0x7fdd82206278>       357609
1232     Category_028 <environment: 0x7fdd82213970>       195193
1233     Category_028 <environment: 0x7fdd8221d040>        88704
1234     Category_028 <environment: 0x7fdd82224ef0>       264795
1235     Category_028 <environment: 0x7fdd8222e828>        75082
1236     Category_028 <environment: 0x7fdd822365c0>       148934
1237     Category_028 <environment: 0x7fdd82243eb0>       177147
1238     Category_028 <environment: 0x7fdd8224dac0>       154514
1239     Category_028 <environment: 0x7fdd82254f98>       109435
1240     Category_028 <environment: 0x7fdd8225e860>       238830
1241     Category_028 <environment: 0x7fdd822a6898>       171944
1242     Category_028 <environment: 0x7fdd822b36d0>       163344
1243     Category_028 <environment: 0x7fdd822baa20>       256200
1244     Category_028 <environment: 0x7fdd822c5b30>       330083
1245     Category_028 <environment: 0x7fdd822ceeb8>       151900
1246     Category_028 <environment: 0x7fdd822d62b0>       264817
1247     Category_028 <environment: 0x7fdd822e0e80>       308326
1248     Category_028 <environment: 0x7fdd822ed6d0>       220656
1249     Category_028 <environment: 0x7fdd822f45c0>       171359
1250     Category_028 <environment: 0x7fdd82300c50>       153836
1251     Category_028 <environment: 0x7fdd8230cb00>       175820
1252     Category_028 <environment: 0x7fdd8231b740>      1446679
1253     Category_028 <environment: 0x7fdd82322da0>        97059
1254     Category_028 <environment: 0x7fdd8232f580>       130215
1255     Category_028 <environment: 0x7fdd823416d0>        57008
1256     Category_028 <environment: 0x7fdd8234f430>       171096
1257     Category_028 <environment: 0x7fdd8235a4e0>       147361
1258     Category_028 <environment: 0x7fdd8236c038>       141564
1259     Category_028 <environment: 0x7fdd82373b30>       186984
1260     Category_028 <environment: 0x7fdd75cd2ca0>       169375
1261     Category_028 <environment: 0x7fdd75cdbd50>        66572
1262     Category_028 <environment: 0x7fdd75ce7058>        79122
1263     Category_028 <environment: 0x7fdd75cf6a70>        93545
1264     Category_028 <environment: 0x7fdd75cffa08>       413691
1265     Category_028 <environment: 0x7fdd75d0cae0>        51509
1266     Category_028 <environment: 0x7fdd75d14108>       317813
1267     Category_028 <environment: 0x7fdd75d207d0>       193737
1268     Category_028 <environment: 0x7fdd75d2f720>       285831
1269     Category_028 <environment: 0x7fdd75d36610>        83444
1270     Category_028 <environment: 0x7fdd75d3fea0>       213747
1271     Category_028 <environment: 0x7fdd75d4cc30>       330586
1272     Category_028 <environment: 0x7fdd75d542c8>       110350
1273     Category_028 <environment: 0x7fdd75d5df80>       310205
1274     Category_028 <environment: 0x7fdd75d69410>       178177
1275     Category_028 <environment: 0x7fdd75d72b88>       154225
1276     Category_028 <environment: 0x7fdd75d7e840>       177296
1277     Category_028 <environment: 0x7fdd75d8c060>       219796
1278     Category_028 <environment: 0x7fdd75d97368>       115786
1279     Category_028 <environment: 0x7fdd75da0d80>       278813
1280     Category_028 <environment: 0x7fdd75da7c00>       536732
1281     Category_028 <environment: 0x7fdd75db2c30>       188817
1282     Category_028 <environment: 0x7fdd75dbc648>       128373
1283     Category_028 <environment: 0x7fdd75dc3f10>        81320
1284     Category_028 <environment: 0x7fdd75dd7330>       152737
1285     Category_028 <environment: 0x7fdd75de0450>        66329
1286     Category_028 <environment: 0x7fdd75dee8b0>       504021
1287     Category_028 <environment: 0x7fdd75df8418>       264275
1288     Category_028 <environment: 0x7fdd75e04bf8>       138669
1289     Category_028 <environment: 0x7fdd75e2c648>        76829
1290     Category_028 <environment: 0x7fdd75e33dc0>       659652
1291     Category_028 <environment: 0x7fdd75e40df0>        96980
1292     Category_028 <environment: 0x7fdd75e4d330>        98551
1293     Category_028 <environment: 0x7fdd75e54b88>       165424
1294     Category_028 <environment: 0x7fdd75eb0178>       389917
1295     Category_028 <environment: 0x7fdd75eb9df8>       123286
1296     Category_028 <environment: 0x7fdd75ec53a0>        96351
1297     Category_028 <environment: 0x7fdd75ed0530>       103490
1298     Category_028 <environment: 0x7fdd75edb640>        88217
1299     Category_028 <environment: 0x7fdd75ee7528>       134483
1300     Category_028 <environment: 0x7fdd818dd2e0>       109488
1301     Category_028 <environment: 0x7fdd818ea0a8>       160560
1302     Category_028 <environment: 0x7fdd818f2e80>       133733
1303     Category_028 <environment: 0x7fdd81904320>        94802
1304     Category_028 <environment: 0x7fdd8190fc48>        62418
1305     Category_028 <environment: 0x7fdd819190e8>        10986
Evaluation error: Only strings can be converted to symbols.
