[1] "Category_028"
     Product_Category                          Date Order_Demand
1        Category_005 <environment: 0x7fa541571938>       385765
2        Category_005 <environment: 0x7fa54158fd38>       720685
3        Category_005 <environment: 0x7fa5415a5b50>       901025
4        Category_005 <environment: 0x7fa5415cd508>       685745
5        Category_005 <environment: 0x7fa5415d7310>       727900
6        Category_005 <environment: 0x7fa5415e8a40>       785800
7        Category_005 <environment: 0x7fa541611cd8>       743925
8        Category_005 <environment: 0x7fa54163de88>       760275
9        Category_005 <environment: 0x7fa541644fa8>       810445
10       Category_005 <environment: 0x7fa54164fe88>       885165
11       Category_005 <environment: 0x7fa541682c88>       734075
12       Category_005 <environment: 0x7fa54168a390>       583270
13       Category_005 <environment: 0x7fa541697c10>       618370
14       Category_005 <environment: 0x7fa5416b0da0>       910275
15       Category_005 <environment: 0x7fa541a4eba8>       484680
16       Category_005 <environment: 0x7fa541a68780>       679055
17       Category_005 <environment: 0x7fa541a704a8>       533440
18       Category_005 <environment: 0x7fa541a80dd8>       525240
19       Category_005 <environment: 0x7fa541aa2208>      1041150
20       Category_005 <environment: 0x7fa541aae390>       695680
21       Category_005 <environment: 0x7fa541ad42e8>       811530
22       Category_005 <environment: 0x7fa541b50160>       581010
23       Category_005 <environment: 0x7fa541bbb8d8>       693625
24       Category_005 <environment: 0x7fa541bfac50>       885475
25       Category_005 <environment: 0x7fa541c26be0>       858765
26       Category_005 <environment: 0x7fa541c3ad68>       621525
27       Category_005 <environment: 0x7fa541c47078>       784970
28       Category_005 <environment: 0x7fa541c4d830>       670825
29       Category_005 <environment: 0x7fa541c6ada0>       581370
30       Category_005 <environment: 0x7fa541c75600>       653710
31       Category_005 <environment: 0x7fa541c7d600>       630345
32       Category_005 <environment: 0x7fa541c874e8>       745600
33       Category_005 <environment: 0x7fa541c9ada0>       239425
34       Category_005 <environment: 0x7fa541ca4d30>       772860
35       Category_005 <environment: 0x7fa541cacc88>       616000
36       Category_005 <environment: 0x7fa541cb4d68>       834920
37       Category_005 <environment: 0x7fa541cbee10>       505820
38       Category_005 <environment: 0x7fa541cc6b70>       592135
39       Category_005 <environment: 0x7fa541cceb70>       663525
40       Category_005 <environment: 0x7fa541cd8c50>       849075
41       Category_005 <environment: 0x7fa541ce2cf8>       381605
42       Category_005 <environment: 0x7fa541cece48>       555075
43       Category_005 <environment: 0x7fa541cf4f60>       623600
44       Category_005 <environment: 0x7fa541d046a0>       766500
45       Category_005 <environment: 0x7fa541d0e780>       713355
46       Category_005 <environment: 0x7fa541d18860>       599350
47       Category_005 <environment: 0x7fa541d228d0>       492115
48       Category_005 <environment: 0x7fa541d2a9e8>       587635
49       Category_005 <environment: 0x7fa541d34b00>       735770
50       Category_005 <environment: 0x7fa541d3cba8>       620375
51       Category_005 <environment: 0x7fa541d44c88>       623810
52       Category_005 <environment: 0x7fa541d4cda0>       457900
53       Category_005 <environment: 0x7fa541d56ef0>       311725
54       Category_005 <environment: 0x7fa541d5ef60>       952125
55       Category_005 <environment: 0x7fa541d67040>       558650
56       Category_005 <environment: 0x7fa541d6f158>       721015
57       Category_005 <environment: 0x7fa541d79270>       637525
58       Category_005 <environment: 0x7fa541d812e0>       756895
59       Category_005 <environment: 0x7fa541d874b0>       382625
60       Category_005 <environment: 0x7fa541d951c8>       687740
61       Category_005 <environment: 0x7fa541d9d078>       592150
62       Category_005 <environment: 0x7fa541da6ef0>       756270
63       Category_005 <environment: 0x7fa541dae588>       761765
64       Category_005 <environment: 0x7fa541dc42e8>       571575
65       Category_005 <environment: 0x7fa541dcdfa0>       757950
66       Category_005 <environment: 0x7fa541dd6080>       719875
67       Category_005 <environment: 0x7fa541ddda98>       509500
68       Category_005 <environment: 0x7fa541de7670>       618375
69       Category_005 <environment: 0x7fa541df3008>       545250
70       Category_005 <environment: 0x7fa541dfa7f0>       561670
71       Category_005 <environment: 0x7fa541e027b8>       571145
72       Category_005 <environment: 0x7fa541e0c080>       989625
73       Category_005 <environment: 0x7fa541e14128>       798385
74       Category_005 <environment: 0x7fa541e1c1d0>       707080
75       Category_005 <environment: 0x7fa541e26278>       789195
76       Category_005 <environment: 0x7fa541e2e278>       601700
77       Category_005 <environment: 0x7fa541e3b0e8>       611575
78       Category_005 <environment: 0x7fa541e49ec0>       852550
79       Category_005 <environment: 0x7fa541e54198>       740885
80       Category_005 <environment: 0x7fa541e60ac8>       490890
81       Category_005 <environment: 0x7fa541e67a98>       677345
82       Category_005 <environment: 0x7fa541e715c8>       906450
83       Category_005 <environment: 0x7fa541e7f238>       730510
84       Category_005 <environment: 0x7fa541e881d0>       607195
85       Category_005 <environment: 0x7fa541e960f0>       377925
86       Category_005 <environment: 0x7fa541eae828>       706000
87       Category_005 <environment: 0x7fa541eb8828>       945475
88       Category_005 <environment: 0x7fa541ecb9f0>       723350
89       Category_005 <environment: 0x7fa541edccf8>       791425
90       Category_005 <environment: 0x7fa541f28390>       707000
91       Category_005 <environment: 0x7fa541f2fe50>       691500
92       Category_005 <environment: 0x7fa541f37d00>       790325
93       Category_005 <environment: 0x7fa541f41ad0>       599660
94       Category_005 <environment: 0x7fa541f49590>       605050
95       Category_005 <environment: 0x7fa541f56780>      1153275
96       Category_005 <environment: 0x7fa541f60518>       610600
97       Category_005 <environment: 0x7fa541f68470>       751525
98       Category_005 <environment: 0x7fa541f74748>       602300
99       Category_005 <environment: 0x7fa541fa19b8>       713775
100      Category_005 <environment: 0x7fa541fbaa90>       662645
101      Category_005 <environment: 0x7fa541fc5e88>       843720
102      Category_005 <environment: 0x7fa541fcdb78>       911675
103      Category_005 <environment: 0x7fa541fd9b08>       834775
104      Category_005 <environment: 0x7fa541fe57f8>       557420
105      Category_005 <environment: 0x7fa541ff0e80>       347800
106      Category_005 <environment: 0x7fa54200bdd0>       903025
107      Category_005 <environment: 0x7fa542013eb0>      1074475
108      Category_005 <environment: 0x7fa54202c470>       863510
109      Category_005 <environment: 0x7fa542048908>       681920
110      Category_005 <environment: 0x7fa542055580>       628550
111      Category_005 <environment: 0x7fa54205cf60>       630350
112      Category_005 <environment: 0x7fa542066d68>       907145
113      Category_005 <environment: 0x7fa542071b68>       769130
114      Category_005 <environment: 0x7fa54207e978>       844475
115      Category_005 <environment: 0x7fa54208efd0>       832905
116      Category_005 <environment: 0x7fa54209b3c0>       839365
117      Category_005 <environment: 0x7fa5420b04a8>      1012535
118      Category_005 <environment: 0x7fa5420ba208>       757210
119      Category_005 <environment: 0x7fa5420c5858>       811170
120      Category_005 <environment: 0x7fa5420ce828>      1154225
121      Category_005 <environment: 0x7fa5420d6908>       607900
122      Category_005 <environment: 0x7fa5420e0940>       741775
123      Category_005 <environment: 0x7fa5420ea978>       689350
124      Category_005 <environment: 0x7fa5420f4898>       790950
125      Category_005 <environment: 0x7fa5420fc550>       872680
126      Category_005 <environment: 0x7fa542106518>       862070
127      Category_005 <environment: 0x7fa54210e588>       788450
128      Category_005 <environment: 0x7fa542118668>       814910
129      Category_005 <environment: 0x7fa542120710>       869390
130      Category_005 <environment: 0x7fa5421287f0>       584370
131      Category_005 <environment: 0x7fa542132828>      1025675
132      Category_005 <environment: 0x7fa54213a588>       879410
133      Category_005 <environment: 0x7fa542142588>       553650
134      Category_005 <environment: 0x7fa54214e588>       639925
135      Category_005 <environment: 0x7fa542162070>       957875
136      Category_005 <environment: 0x7fa542166208>       742780
137      Category_005 <environment: 0x7fa542179580>       455550
138      Category_005 <environment: 0x7fa5421813f8>       966470
139      Category_005 <environment: 0x7fa5421892a8>       671025
140      Category_005 <environment: 0x7fa542194dd8>       761565
141      Category_005 <environment: 0x7fa54219cac8>       943040
142      Category_005 <environment: 0x7fa5421a4a58>       849810
143      Category_005 <environment: 0x7fa5421b0390>       735695
144      Category_005 <environment: 0x7fa5421bbac0>      1537490
145      Category_005 <environment: 0x7fa5421c39e0>       733550
146      Category_005 <environment: 0x7fa5421cca90>       666000
147      Category_005 <environment: 0x7fa5421d69b0>       863650
148      Category_005 <environment: 0x7fa5421f1238>      1138615
149      Category_005 <environment: 0x7fa5421fdf20>       731050
150      Category_005 <environment: 0x7fa542206b38>       864460
151      Category_005 <environment: 0x7fa54220eb00>      1246810
152      Category_005 <environment: 0x7fa542218ba8>      1177510
153      Category_005 <environment: 0x7fa542220c18>       951850
154      Category_005 <environment: 0x7fa542255c48>       907620
155      Category_005 <environment: 0x7fa54225dc80>      1007165
156      Category_005 <environment: 0x7fa542267388>       740970
157      Category_005 <environment: 0x7fa542273008>       400500
158      Category_005 <environment: 0x7fa542281430>      1447635
159      Category_005 <environment: 0x7fa5422a8320>      1953800
160      Category_005 <environment: 0x7fa5422c2e48>       798735
161      Category_005 <environment: 0x7fa5424abd28>       665275
162      Category_005 <environment: 0x7fa5424b3b30>      1009110
163      Category_005 <environment: 0x7fa5424bc8d0>      1339450
164      Category_005 <environment: 0x7fa5424c8438>      1204590
165      Category_005 <environment: 0x7fa5424dccc0>      1158915
166      Category_005 <environment: 0x7fa5424ec0e0>       900045
167      Category_005 <environment: 0x7fa5424f56d0>       972025
168      Category_005 <environment: 0x7fa5424fd708>       946140
169      Category_005 <environment: 0x7fa5425077b0>      1505760
170      Category_005 <environment: 0x7fa54250f6d0>      1138650
171      Category_005 <environment: 0x7fa54251e908>       860060
172      Category_005 <environment: 0x7fa542528780>       853400
173      Category_005 <environment: 0x7fa542535cf0>       804770
174      Category_005 <environment: 0x7fa54255f660>       704060
175      Category_005 <environment: 0x7fa542568da0>       487575
176      Category_005 <environment: 0x7fa542570dd8>       802210
177      Category_005 <environment: 0x7fa5425789b0>       758725
178      Category_005 <environment: 0x7fa542584a20>       901875
179      Category_005 <environment: 0x7fa54258c748>       703250
180      Category_005 <environment: 0x7fa542594780>       719010
181      Category_005 <environment: 0x7fa54259e278>      1022580
182      Category_005 <environment: 0x7fa5425ac0e0>       617855
183      Category_005 <environment: 0x7fa5425ba8d0>       866850
184      Category_005 <environment: 0x7fa5425cbdd0>       617320
185      Category_005 <environment: 0x7fa5425d3938>       599645
186      Category_005 <environment: 0x7fa5425e67b8>       962260
187      Category_005 <environment: 0x7fa5425f1120>      1013550
188      Category_005 <environment: 0x7fa5425ff270>       622545
189      Category_005 <environment: 0x7fa5426067b8>       267200
190      Category_005 <environment: 0x7fa54260e2e8>      1139615
191      Category_005 <environment: 0x7fa54261cc18>       492135
192      Category_005 <environment: 0x7fa542627468>      1165380
193      Category_005 <environment: 0x7fa54262ef60>       543405
194      Category_005 <environment: 0x7fa54263bee8>       676350
195      Category_005 <environment: 0x7fa542643ba0>      1027085
196      Category_005 <environment: 0x7fa54264ba50>       758635
197      Category_005 <environment: 0x7fa542653778>       669950
198      Category_005 <environment: 0x7fa542662550>       838350
199      Category_005 <environment: 0x7fa5426794a0>       671845
200      Category_005 <environment: 0x7fa54268f938>       911595
201      Category_005 <environment: 0x7fa542699008>       590225
202      Category_005 <environment: 0x7fa5426a0710>       558855
203      Category_005 <environment: 0x7fa5426af660>      1192210
204      Category_005 <environment: 0x7fa5426b7350>       762810
205      Category_005 <environment: 0x7fa5426c1040>      1109400
206      Category_005 <environment: 0x7fa5426ccbe0>       860610
207      Category_005 <environment: 0x7fa5426d6588>       603960
208      Category_005 <environment: 0x7fa5426e1698>      1051625
209      Category_005 <environment: 0x7fa54270ae80>       409750
210      Category_005 <environment: 0x7fa542716710>      1110580
211      Category_005 <environment: 0x7fa5427206a0>       824430
212      Category_005 <environment: 0x7fa542731778>       843620
213      Category_005 <environment: 0x7fa54273ab00>       683975
214      Category_005 <environment: 0x7fa542742860>       742400
215      Category_005 <environment: 0x7fa54274c5f8>       516160
216      Category_005 <environment: 0x7fa542754518>       898075
217      Category_005 <environment: 0x7fa542761158>       676730
218      Category_005 <environment: 0x7fa54276dac0>       975890
219      Category_005 <environment: 0x7fa542778240>       595100
220      Category_005 <environment: 0x7fa542796828>       866785
221      Category_005 <environment: 0x7fa5427a1120>       718500
222      Category_005 <environment: 0x7fa5427ad708>       933530
223      Category_005 <environment: 0x7fa5427b6668>       612525
224      Category_005 <environment: 0x7fa5427c95b8>       768860
225      Category_005 <environment: 0x7fa5428415b8>       897450
226      Category_005 <environment: 0x7fa54284acc0>       731775
227      Category_005 <environment: 0x7fa542857f58>       545700
228      Category_005 <environment: 0x7fa54285ea20>       715425
229      Category_005 <environment: 0x7fa54286b970>       798760
230      Category_005 <environment: 0x7fa542894d68>       830910
231      Category_005 <environment: 0x7fa54289cc88>       919825
232      Category_005 <environment: 0x7fa5428a6c50>       456575
233      Category_005 <environment: 0x7fa5428b2ac8>       453330
234      Category_005 <environment: 0x7fa5428f1900>       672170
235      Category_005 <environment: 0x7fa5428ff740>       767600
236      Category_005 <environment: 0x7fa5429118c8>       503710
237      Category_005 <environment: 0x7fa542919548>       806500
238      Category_005 <environment: 0x7fa5429235b8>       445365
239      Category_005 <environment: 0x7fa54292b3f8>       656650
240      Category_005 <environment: 0x7fa542933270>       599825
241      Category_005 <environment: 0x7fa54294a860>       390200
242      Category_005 <environment: 0x7fa5429525f8>       850425
243      Category_005 <environment: 0x7fa54295e0e0>       706975
244      Category_005 <environment: 0x7fa542982f98>       876365
245      Category_005 <environment: 0x7fa54298cba8>       469325
246      Category_005 <environment: 0x7fa542999f90>       620725
247      Category_005 <environment: 0x7fa5429c40e0>       512075
248      Category_005 <environment: 0x7fa5429cb200>      1042875
249      Category_005 <environment: 0x7fa5429d4710>       689560
250      Category_005 <environment: 0x7fa5429e0bd0>       781300
251      Category_005 <environment: 0x7fa5429f1708>       770105
252      Category_005 <environment: 0x7fa542a081b0>       628510
253      Category_005 <environment: 0x7fa542a11810>       844650
254      Category_005 <environment: 0x7fa542a1c798>       712875
255      Category_005 <environment: 0x7fa542a27fc0>       817930
256      Category_005 <environment: 0x7fa542a33f18>       679960
257      Category_005 <environment: 0x7fa542a3dd90>      1325895
258      Category_005 <environment: 0x7fa542a5cee8>       717675
259      Category_005 <environment: 0x7fa542a95fc0>       666700
260      Category_005 <environment: 0x7fa542a9cee8>       702800
261      Category_005 <environment: 0x7fa542aaa0d8>       853100
262      Category_006 <environment: 0x7fa542ac5078>      1937725
263      Category_006 <environment: 0x7fa542ad22a0>      1634534
264      Category_006 <environment: 0x7fa542adb200>      1308601
265      Category_006 <environment: 0x7fa537345ec0>      1008368
266      Category_006 <environment: 0x7fa5370a1928>      1422566
267      Category_006 <environment: 0x7fa537044df0>      2261507
268      Category_006 <environment: 0x7fa537032280>      1133425
269      Category_006 <environment: 0x7fa537013698>       999618
270      Category_006 <environment: 0x7fa537009200>      2366886
271      Category_006 <environment: 0x7fa536ff2110>      1561106
272      Category_006 <environment: 0x7fa536feae68>      1366316
273      Category_006 <environment: 0x7fa536fe18b0>       787024
274      Category_006 <environment: 0x7fa536fd6730>      1237146
275      Category_006 <environment: 0x7fa536fcf1b0>      1675824
276      Category_006 <environment: 0x7fa536fbde00>      1107213
277      Category_006 <environment: 0x7fa536fb1c78>      1264628
278      Category_006 <environment: 0x7fa536f7c688>      1718522
279      Category_006 <environment: 0x7fa536f71cb0>       912045
280      Category_006 <environment: 0x7fa536f69c08>      1262838
281      Category_006 <environment: 0x7fa536f60a78>      1535479
282      Category_006 <environment: 0x7fa536be38e8>      1672337
283      Category_006 <environment: 0x7fa536bcfc78>      1418130
284      Category_006 <environment: 0x7fa536bc63e8>      1876127
285      Category_006 <environment: 0x7fa536bbb370>      1086245
286      Category_006 <environment: 0x7fa536bb3760>      1628917
287      Category_006 <environment: 0x7fa536ba9808>       727843
288      Category_006 <environment: 0x7fa536b9e148>      1093364
289      Category_006 <environment: 0x7fa536b90ca8>      1673245
290      Category_006 <environment: 0x7fa536b65568>      1037428
291      Category_006 <environment: 0x7fa536b56110>       662778
292      Category_006 <environment: 0x7fa536b4e848>      1458092
293      Category_006 <environment: 0x7fa536b41f18>      1585331
294      Category_006 <environment: 0x7fa536b3a110>       383023
295      Category_006 <environment: 0x7fa536b30538>      1781166
296      Category_006 <environment: 0x7fa536b28f80>      1076225
297      Category_006 <environment: 0x7fa536b19258>      1042868
298      Category_006 <environment: 0x7fa536b0a650>      1065933
299      Category_006 <environment: 0x7fa536a88b90>       801602
300      Category_006 <environment: 0x7fa536a718b0>      1224307
301      Category_006 <environment: 0x7fa536a672c8>      1287696
302      Category_006 <environment: 0x7fa536a2a340>       915554
303      Category_006 <environment: 0x7fa536a205a8>      1608873
304      Category_006 <environment: 0x7fa5369d13e0>       890626
305      Category_006 <environment: 0x7fa5369c0a08>      1162875
306      Category_006 <environment: 0x7fa5369b5c08>      1243658
307      Category_006 <environment: 0x7fa5369aca78>      1184933
308      Category_006 <environment: 0x7fa536757998>       976428
309      Category_006 <environment: 0x7fa536625ad8>      1074729
310      Category_006 <environment: 0x7fa5365dac48>      1496366
311      Category_006 <environment: 0x7fa5365ce4a0>      1547527
312      Category_006 <environment: 0x7fa5365c6938>      1229810
313      Category_006 <environment: 0x7fa5365ba270>       387043
314      Category_006 <environment: 0x7fa5363af978>       105960
315      Category_006 <environment: 0x7fa53632f278>      2040012
316      Category_006 <environment: 0x7fa53631e650>      1259511
317      Category_006 <environment: 0x7fa5360d5638>      1817145
318      Category_006 <environment: 0x7fa536081ec0>      1673778
319      Category_006 <environment: 0x7fa535c1eed0>      1414756
320      Category_006 <environment: 0x7fa535c11b20>       642438
321      Category_006 <environment: 0x7fa535c0ad10>      1393671
322      Category_006 <environment: 0x7fa535c00648>      1164057
323      Category_006 <environment: 0x7fa535bee7d0>      1965320
324      Category_006 <environment: 0x7fa535bdec30>      1465928
325      Category_006 <environment: 0x7fa535a98268>      1481178
326      Category_006 <environment: 0x7fa535a85628>       856947
327      Category_006 <environment: 0x7fa535a79318>      1967026
328      Category_006 <environment: 0x7fa535a70230>      1692845
329      Category_006 <environment: 0x7fa535a65040>      1156922
330      Category_006 <environment: 0x7fa535a5c968>      2065942
331      Category_006 <environment: 0x7fa535a4b468>       977023
332      Category_006 <environment: 0x7fa535a43e78>      1832634
333      Category_006 <environment: 0x7fa5359ffe08>      1449013
334      Category_006 <environment: 0x7fa53597a5b8>      2129209
335      Category_006 <environment: 0x7fa53596d268>      1388869
336      Category_006 <environment: 0x7fa535965a80>      1620533
337      Category_006 <environment: 0x7fa53595b888>      1628113
338      Category_006 <environment: 0x7fa535930740>       890289
339      Category_006 <environment: 0x7fa5359052d8>      1775656
340      Category_006 <environment: 0x7fa5358ec9e0>      1414814
341      Category_006 <environment: 0x7fa5358ad900>      1748235
342      Category_006 <environment: 0x7fa5358a1eb0>      1431249
343      Category_006 <environment: 0x7fa535891cb8>      2013066
344      Category_006 <environment: 0x7fa535885f20>      2222782
345      Category_006 <environment: 0x7fa53587bd28>       911677
346      Category_006 <environment: 0x7fa535871510>       766589
347      Category_006 <environment: 0x7fa5358655b8>      1990704
348      Category_006 <environment: 0x7fa535839580>       985874
349      Category_006 <environment: 0x7fa53582c8d0>      2819516
350      Category_006 <environment: 0x7fa5358259e0>      1519502
351      Category_006 <environment: 0x7fa535819970>      1114232
352      Category_006 <environment: 0x7fa566ff0b38>      1409169
353      Category_006 <environment: 0x7fa566f7e0c0>      2502680
354      Category_006 <environment: 0x7fa566f6adb8>      1887087
355      Category_006 <environment: 0x7fa566f43d40>      1234730
356      Category_006 <environment: 0x7fa566f1dfe0>      1702627
357      Category_006 <environment: 0x7fa5651dc940>      2594022
358      Category_006 <environment: 0x7fa555fce720>      1290167
359      Category_006 <environment: 0x7fa5400b9b68>      1686720
360      Category_006 <environment: 0x7fa5400d1120>      1952192
361      Category_006 <environment: 0x7fa54011f628>      1411350
362      Category_006 <environment: 0x7fa540136668>      2320586
363      Category_006 <environment: 0x7fa5401402e8>      1179806
364      Category_006 <environment: 0x7fa54014bcb8>      2216652
365      Category_006 <environment: 0x7fa540153af8>      1058562
366      Category_006 <environment: 0x7fa54015d970>       287600
367      Category_006 <environment: 0x7fa540169cf0>      2042312
368      Category_006 <environment: 0x7fa540170978>      1436523
369      Category_006 <environment: 0x7fa540190be0>      1603942
370      Category_006 <environment: 0x7fa54019dee8>      1590625
371      Category_006 <environment: 0x7fa5401b3200>      1713154
372      Category_006 <environment: 0x7fa5401cb858>      1226771
373      Category_006 <environment: 0x7fa5401d7ba0>      1989813
374      Category_006 <environment: 0x7fa5401df9e0>      1259072
375      Category_006 <environment: 0x7fa5401ece48>      1944088
376      Category_006 <environment: 0x7fa5401f4ef0>      1457191
377      Category_006 <environment: 0x7fa5401fe908>       995249
378      Category_006 <environment: 0x7fa5402099a8>      1792059
379      Category_006 <environment: 0x7fa540211548>      2380981
380      Category_006 <environment: 0x7fa54021af28>      1502884
381      Category_006 <environment: 0x7fa540224908>      1230676
382      Category_006 <environment: 0x7fa54022c518>      1263344
383      Category_006 <environment: 0x7fa5402419a8>      1772160
384      Category_006 <environment: 0x7fa5402615b8>      1303842
385      Category_006 <environment: 0x7fa54026b350>      1320084
386      Category_006 <environment: 0x7fa5402754a0>      1030861
387      Category_006 <environment: 0x7fa54028a470>      1291061
388      Category_006 <environment: 0x7fa540294588>      2394231
389      Category_006 <environment: 0x7fa5402a0070>      1505415
390      Category_006 <environment: 0x7fa5402a9f58>       717524
391      Category_006 <environment: 0x7fa5402b3e78>      1577452
392      Category_006 <environment: 0x7fa5402bd548>      1450397
393      Category_006 <environment: 0x7fa5402c7430>      1526419
394      Category_006 <environment: 0x7fa5402cf120>       836218
395      Category_006 <environment: 0x7fa5402d91c8>      1411605
396      Category_006 <environment: 0x7fa5402e0da0>       910460
397      Category_006 <environment: 0x7fa5402eae80>      1191560
398      Category_006 <environment: 0x7fa5402f2d68>      1048705
399      Category_006 <environment: 0x7fa5402fc5c0>      1736478
400      Category_006 <environment: 0x7fa540307e40>      1737965
401      Category_006 <environment: 0x7fa54030edd8>      2813870
402      Category_006 <environment: 0x7fa540318c18>       928372
403      Category_006 <environment: 0x7fa540320668>      1614771
404      Category_006 <environment: 0x7fa54032bf90>      1337119
405      Category_006 <environment: 0x7fa540335d98>      2467368
406      Category_006 <environment: 0x7fa54033dcb8>      1291943
407      Category_006 <environment: 0x7fa540357e40>      1506215
408      Category_006 <environment: 0x7fa540361f20>      1005223
409      Category_006 <environment: 0x7fa54036a070>      2439746
410      Category_006 <environment: 0x7fa540374c88>      2270331
411      Category_006 <environment: 0x7fa540389468>      2180941
412      Category_006 <environment: 0x7fa540393120>      1861232
413      Category_006 <environment: 0x7fa54039ada0>      1158163
414      Category_006 <environment: 0x7fa5403a84a8>      2733442
415      Category_006 <environment: 0x7fa5403b4780>      2193731
416      Category_006 <environment: 0x7fa5403d3580>      1639524
417      Category_006 <environment: 0x7fa5403da5c0>      1089894
418      Category_006 <environment: 0x7fa5403e7f90>       406000
419      Category_006 <environment: 0x7fa5403f1190>      2461259
420      Category_006 <environment: 0x7fa5403f8c88>      1508438
421      Category_006 <environment: 0x7fa540400630>      2802442
422      Category_006 <environment: 0x7fa540408240>      1447350
423      Category_006 <environment: 0x7fa540415318>      4145260
424      Category_006 <environment: 0x7fa54041c860>      1524911
425      Category_006 <environment: 0x7fa54042ee48>      3198272
426      Category_006 <environment: 0x7fa540436320>      1231234
427      Category_006 <environment: 0x7fa540441890>      1687348
428      Category_006 <environment: 0x7fa54044ab38>      1972495
429      Category_006 <environment: 0x7fa540455b30>      1987933
430      Category_006 <environment: 0x7fa54045f0b0>      2819138
431      Category_006 <environment: 0x7fa5404940e0>      1995027
432      Category_006 <environment: 0x7fa54049cba8>      1451722
433      Category_006 <environment: 0x7fa5404a7dd0>      1776793
434      Category_006 <environment: 0x7fa5404b2ef0>      1986332
435      Category_006 <environment: 0x7fa5404ca000>       757132
436      Category_006 <environment: 0x7fa5404d3350>      1407730
437      Category_006 <environment: 0x7fa540510038>      1362333
438      Category_006 <environment: 0x7fa54051a038>      1151710
439      Category_006 <environment: 0x7fa540522a58>      1761340
440      Category_006 <environment: 0x7fa54052cf28>      2074883
441      Category_006 <environment: 0x7fa54053bfc8>      1998276
442      Category_006 <environment: 0x7fa54054e2b0>      1282669
443      Category_006 <environment: 0x7fa54056be78>      1703088
444      Category_006 <environment: 0x7fa540581c48>      2914253
445      Category_006 <environment: 0x7fa5405b3cf0>      1910954
446      Category_006 <environment: 0x7fa5405bffc8>      1406728
447      Category_006 <environment: 0x7fa5405c93c0>      1128144
448      Category_006 <environment: 0x7fa5405d0a90>      2843076
449      Category_006 <environment: 0x7fa5405f1f90>      2587637
450      Category_006 <environment: 0x7fa5405f90e8>       330609
451      Category_006 <environment: 0x7fa540605970>      1149263
452      Category_006 <environment: 0x7fa54060c2e8>      2705903
453      Category_006 <environment: 0x7fa5406174d8>      1658982
454      Category_006 <environment: 0x7fa5406203c8>      1654774
455      Category_006 <environment: 0x7fa54062b8c8>      1006349
456      Category_006 <environment: 0x7fa5406329e8>      1129113
457      Category_006 <environment: 0x7fa54063c240>      1558462
458      Category_006 <environment: 0x7fa540647970>      1528723
459      Category_006 <environment: 0x7fa54064f0b0>      1724510
460      Category_006 <environment: 0x7fa5406588d0>      1227210
461      Category_006 <environment: 0x7fa540665e78>      1537935
462      Category_006 <environment: 0x7fa54066d4d8>      2734378
463      Category_006 <environment: 0x7fa540676550>      1686828
464      Category_006 <environment: 0x7fa540686780>       978346
465      Category_006 <environment: 0x7fa540691f58>      1494229
466      Category_006 <environment: 0x7fa54069b9e0>      2672075
467      Category_006 <environment: 0x7fa5406ad858>      2052043
468      Category_006 <environment: 0x7fa5406bd9a8>      1177765
469      Category_006 <environment: 0x7fa5406c75b8>      1317446
470      Category_006 <environment: 0x7fa5406cebe0>       462453
471      Category_006 <environment: 0x7fa5406d8978>      2343788
472      Category_006 <environment: 0x7fa5406ee940>       857697
473      Category_006 <environment: 0x7fa5406fbf90>      1112724
474      Category_006 <environment: 0x7fa540704d68>      1079685
475      Category_006 <environment: 0x7fa54072bcf0>      2963296
476      Category_006 <environment: 0x7fa5407380e0>      1595933
477      Category_006 <environment: 0x7fa54073ff58>      1164216
478      Category_006 <environment: 0x7fa5407472e0>      1304127
479      Category_006 <environment: 0x7fa540750ac8>      1529225
480      Category_006 <environment: 0x7fa540758a58>      1028654
481      Category_006 <environment: 0x7fa540765dd0>      1149581
482      Category_006 <environment: 0x7fa54076dc48>      2711928
483      Category_006 <environment: 0x7fa540777510>      1102023
484      Category_006 <environment: 0x7fa540780d68>      1737732
485      Category_006 <environment: 0x7fa540788d30>      1893642
486      Category_006 <environment: 0x7fa540792780>      1215922
487      Category_006 <environment: 0x7fa54079a6d8>       993844
488      Category_006 <environment: 0x7fa5407a4240>      1285515
489      Category_006 <environment: 0x7fa5407b1e40>      1621907
490      Category_006 <environment: 0x7fa5407b9430>      1826965
491      Category_006 <environment: 0x7fa5407c2e10>      2108556
492      Category_006 <environment: 0x7fa5407e8da0>      1687945
493      Category_006 <environment: 0x7fa540821ee8>       798938
494      Category_006 <environment: 0x7fa540829350>      1860921
495      Category_006 <environment: 0x7fa540830630>      1986480
496      Category_006 <environment: 0x7fa54083da18>      2864007
497      Category_006 <environment: 0x7fa540844ef0>      1395109
498      Category_006 <environment: 0x7fa54084fcb8>      1913008
499      Category_006 <environment: 0x7fa540858be0>      1111038
500      Category_006 <environment: 0x7fa5408635f0>      1174665
501      Category_006 <environment: 0x7fa54086fd60>      2433578
502      Category_006 <environment: 0x7fa54087bfc8>       756605
503      Category_006 <environment: 0x7fa540886b00>      1294216
504      Category_006 <environment: 0x7fa54088e470>      1160836
505      Category_006 <environment: 0x7fa54089bb30>      1551352
506      Category_006 <environment: 0x7fa5408acdd8>      2208616
507      Category_006 <environment: 0x7fa5408bac88>       789725
508      Category_006 <environment: 0x7fa5408c9d28>      1259473
509      Category_006 <environment: 0x7fa5408d7b68>      1495920
510      Category_006 <environment: 0x7fa5408df7e8>      1834473
511      Category_006 <environment: 0x7fa540947580>      1604188
512      Category_006 <environment: 0x7fa540950978>      1395921
513      Category_006 <environment: 0x7fa54095b7b0>      1165121
514      Category_006 <environment: 0x7fa540969dd0>      1339812
515      Category_006 <environment: 0x7fa540974668>      2172476
516      Category_006 <environment: 0x7fa54097fb30>      2262829
517      Category_006 <environment: 0x7fa540988d68>       871730
518      Category_006 <environment: 0x7fa540995580>      3641728
519      Category_006 <environment: 0x7fa54099e5c0>      2442216
520      Category_006 <environment: 0x7fa5409abac0>       947865
521      Category_006 <environment: 0x7fa5409b5430>       870803
522      Category_006 <environment: 0x7fa5409bca20>       664712
523      Category_007 <environment: 0x7fa5409c9cb8>       687953
524      Category_007 <environment: 0x7fa5409d3510>       326569
525      Category_007 <environment: 0x7fa5409dad68>       367456
526      Category_007 <environment: 0x7fa5409e4630>       257725
527      Category_007 <environment: 0x7fa5409ec240>      1513165
528      Category_007 <environment: 0x7fa540a019a8>       160168
529      Category_007 <environment: 0x7fa540a09200>       852883
530      Category_007 <environment: 0x7fa540a129e8>       163195
531      Category_007 <environment: 0x7fa540a1d740>       372354
532      Category_007 <environment: 0x7fa540a253f8>       375616
533      Category_007 <environment: 0x7fa540a2e710>       463906
534      Category_007 <environment: 0x7fa540a36208>       289604
535      Category_007 <environment: 0x7fa540a43b30>      1143245
536      Category_007 <environment: 0x7fa540a52978>       324602
537      Category_007 <environment: 0x7fa540a5ef98>       454912
538      Category_007 <environment: 0x7fa540a68908>       435039
539      Category_007 <environment: 0x7fa540a770b0>      1570089
540      Category_007 <environment: 0x7fa540aa0000>       184012
541      Category_007 <environment: 0x7fa540aa6780>       409518
542      Category_007 <environment: 0x7fa540ab3c80>       263109
543      Category_007 <environment: 0x7fa540abad30>       420034
544      Category_007 <environment: 0x7fa540ac7ba0>       732261
545      Category_007 <environment: 0x7fa540b1d4d8>       163211
546      Category_007 <environment: 0x7fa540b2dba0>       113344
547      Category_007 <environment: 0x7fa540b347b8>       302326
548      Category_007 <environment: 0x7fa540b41a50>      1017165
549      Category_007 <environment: 0x7fa540b4abe0>       173917
550      Category_007 <environment: 0x7fa540b54d68>       333670
551      Category_007 <environment: 0x7fa540b5e278>       420554
552      Category_007 <environment: 0x7fa540b6aeb8>       314336
553      Category_007 <environment: 0x7fa540b72470>       504031
554      Category_007 <environment: 0x7fa540b7f698>       258578
555      Category_007 <environment: 0x7fa540b90da0>       211754
556      Category_007 <environment: 0x7fa540b986d8>       761053
557      Category_007 <environment: 0x7fa540ba5e78>       816905
558      Category_007 <environment: 0x7fa540baf3f8>       527019
559      Category_007 <environment: 0x7fa540bb63c8>       457824
560      Category_007 <environment: 0x7fa540bc5628>       116144
561      Category_007 <environment: 0x7fa540bd2b38>       277956
562      Category_007 <environment: 0x7fa540bdc208>      1021493
563      Category_007 <environment: 0x7fa540c11e78>       130922
564      Category_007 <environment: 0x7fa540c23318>       513087
565      Category_007 <environment: 0x7fa540c33ba0>       369051
566      Category_007 <environment: 0x7fa540c3e898>       591771
567      Category_007 <environment: 0x7fa540c46278>       474616
568      Category_007 <environment: 0x7fa540c63008>       701120
569      Category_007 <environment: 0x7fa540c6d0e8>       483316
570      Category_007 <environment: 0x7fa540c799a8>       394629
571      Category_007 <environment: 0x7fa540c81858>       471334
572      Category_007 <environment: 0x7fa540c8b0b0>       221305
573      Category_007 <environment: 0x7fa540c9acf8>       696926
574      Category_007 <environment: 0x7fa540ca23c8>        68709
575      Category_007 <environment: 0x7fa540cb0070>        29619
576      Category_007 <environment: 0x7fa540cba038>       907845
577      Category_007 <environment: 0x7fa540cc1778>       489345
578      Category_007 <environment: 0x7fa540cca630>       439553
579      Category_007 <environment: 0x7fa540cd25f8>       936810
580      Category_007 <environment: 0x7fa540cdc550>       548995
581      Category_007 <environment: 0x7fa540ce9318>       153754
582      Category_007 <environment: 0x7fa540cf12e0>       783555
583      Category_007 <environment: 0x7fa540cf8da0>      1742317
584      Category_007 <environment: 0x7fa540d02b38>       488381
585      Category_007 <environment: 0x7fa540d0ab00>       365016
586      Category_007 <environment: 0x7fa540d129b0>       504043
587      Category_007 <environment: 0x7fa540d1c2e8>       616726
588      Category_007 <environment: 0x7fa540d24400>       436048
589      Category_007 <environment: 0x7fa540d2c208>       724257
590      Category_007 <environment: 0x7fa540d39468>       395049
591      Category_007 <environment: 0x7fa540d41580>       548336
592      Category_007 <environment: 0x7fa540d49388>       730022
593      Category_007 <environment: 0x7fa540d532e0>       205331
594      Category_007 <environment: 0x7fa540d5af98>       604305
595      Category_007 <environment: 0x7fa540d64cf8>       595445
596      Category_007 <environment: 0x7fa540d6ccc0>       883483
597      Category_007 <environment: 0x7fa540d76b38>       125483
598      Category_007 <environment: 0x7fa540d81eb0>       344506
599      Category_007 <environment: 0x7fa540d8be78>       506535
600      Category_007 <environment: 0x7fa540d95bd8>      1206897
601      Category_007 <environment: 0x7fa540d9d820>       352684
602      Category_007 <environment: 0x7fa540da77e8>       345913
603      Category_007 <environment: 0x7fa540dae5c0>       209258
604      Category_007 <environment: 0x7fa540dbc0a8>       322367
605      Category_007 <environment: 0x7fa540dc02b0>       257233
606      Category_007 <environment: 0x7fa540dcceb8>       378073
607      Category_007 <environment: 0x7fa540dd9350>       359597
608      Category_007 <environment: 0x7fa540df3d60>       700010
609      Category_007 <environment: 0x7fa540e00e10>       921339
610      Category_007 <environment: 0x7fa540e08cc0>       186704
611      Category_007 <environment: 0x7fa540e18dd8>       438980
612      Category_007 <environment: 0x7fa540e25e78>       206354
613      Category_007 <environment: 0x7fa540e2dee8>       330068
614      Category_007 <environment: 0x7fa540e38038>      1200961
615      Category_007 <environment: 0x7fa540e3c278>       431837
616      Category_007 <environment: 0x7fa540e443c8>       529948
617      Category_007 <environment: 0x7fa540e4e4a8>       787652
618      Category_007 <environment: 0x7fa540e565f8>       612502
619      Category_007 <environment: 0x7fa540e60748>       521633
620      Category_007 <environment: 0x7fa540e68898>       485351
621      Category_007 <environment: 0x7fa540e729e8>       381122
622      Category_007 <environment: 0x7fa540e7ab38>       559787
623      Category_007 <environment: 0x7fa540e84c88>       988191
624      Category_007 <environment: 0x7fa540e8cb00>       423942
625      Category_007 <environment: 0x7fa540e96c50>       276312
626      Category_007 <environment: 0x7fa540ea0da0>       448059
627      Category_007 <environment: 0x7fa540ea8ef0>        18538
628      Category_007 <environment: 0x7fa540eb2e80>      1088715
629      Category_007 <environment: 0x7fa540ebaf98>       351896
630      Category_007 <environment: 0x7fa540ec50b0>       732663
631      Category_007 <environment: 0x7fa540ecd158>       407806
632      Category_007 <environment: 0x7fa540ee0cc0>       506282
633      Category_007 <environment: 0x7fa540eea9b0>       546118
634      Category_007 <environment: 0x7fa540ef49e8>       820200
635      Category_007 <environment: 0x7fa540efc898>       581896
636      Category_007 <environment: 0x7fa540f04908>       715090
637      Category_007 <environment: 0x7fa540f11708>       534125
638      Category_007 <environment: 0x7fa540f19778>      1017846
639      Category_007 <environment: 0x7fa540f21890>       431907
640      Category_007 <environment: 0x7fa540f2b9e0>       612295
641      Category_007 <environment: 0x7fa540f33b30>      1013887
642      Category_007 <environment: 0x7fa540f3b8c8>       259500
643      Category_007 <environment: 0x7fa540f439a8>       304688
644      Category_007 <environment: 0x7fa540f58518>       437176
645      Category_007 <environment: 0x7fa540f625c0>       508684
646      Category_007 <environment: 0x7fa540f6fd98>       331410
647      Category_007 <environment: 0x7fa540f87858>       369962
648      Category_007 <environment: 0x7fa540fa02b0>       681591
649      Category_007 <environment: 0x7fa540fad5f0>       714741
650      Category_007 <environment: 0x7fa540fb4dd8>       394856
651      Category_007 <environment: 0x7fa540fbed68>       264924
652      Category_007 <environment: 0x7fa540fcc038>       561405
653      Category_007 <environment: 0x7fa540fd4038>       775302
654      Category_007 <environment: 0x7fa540fd8208>       484051
655      Category_007 <environment: 0x7fa540ffa278>       113103
656      Category_007 <environment: 0x7fa54100ff90>       539890
657      Category_007 <environment: 0x7fa541019fc8>       282674
658      Category_007 <environment: 0x7fa54101e208>       664663
659      Category_007 <environment: 0x7fa54102bf58>        52446
660      Category_007 <environment: 0x7fa541035d60>       465101
661      Category_007 <environment: 0x7fa54103dd28>      1274737
662      Category_007 <environment: 0x7fa541045e78>       166743
663      Category_007 <environment: 0x7fa541051c10>       233018
664      Category_007 <environment: 0x7fa54105fcb8>       248036
665      Category_007 <environment: 0x7fa541069ba0>       239547
666      Category_007 <environment: 0x7fa541073c48>       937713
667      Category_007 <environment: 0x7fa541095a88>       326602
668      Category_007 <environment: 0x7fa54109d858>       590979
669      Category_007 <environment: 0x7fa5410a9f90>       381507
670      Category_007 <environment: 0x7fa5410b2898>      1286532
671      Category_007 <environment: 0x7fa5410ba390>       502841
672      Category_007 <environment: 0x7fa5410c7ac0>       145383
673      Category_007 <environment: 0x7fa5410ce9e8>       233992
674      Category_007 <environment: 0x7fa5410dd238>       932237
675      Category_007 <environment: 0x7fa5410eae48>       287792
676      Category_007 <environment: 0x7fa5410f6470>       412471
677      Category_007 <environment: 0x7fa5411012e0>       332245
678      Category_007 <environment: 0x7fa541108e10>       774808
679      Category_007 <environment: 0x7fa541112b00>        38172
680      Category_007 <environment: 0x7fa54111ab70>      1024676
681      Category_007 <environment: 0x7fa541125b68>       312673
682      Category_007 <environment: 0x7fa54112fc48>       192562
683      Category_007 <environment: 0x7fa5411379e0>       216278
684      Category_007 <environment: 0x7fa54113fa50>       446273
685      Category_007 <environment: 0x7fa541149ba0>       885064
686      Category_007 <environment: 0x7fa541151bd8>       604470
687      Category_007 <environment: 0x7fa5411595f0>       155829
688      Category_007 <environment: 0x7fa541181740>       681125
689      Category_007 <environment: 0x7fa541189740>       689480
690      Category_007 <environment: 0x7fa5411936d0>       478146
691      Category_007 <environment: 0x7fa54119b6d0>      1640622
692      Category_007 <environment: 0x7fa5411a56d0>      1890135
693      Category_007 <environment: 0x7fa5411af7e8>       877187
694      Category_007 <environment: 0x7fa54120d350>       577664
695      Category_007 <environment: 0x7fa541215468>       114379
696      Category_007 <environment: 0x7fa54121d5b8>      1130181
697      Category_007 <environment: 0x7fa541227708>       113710
698      Category_007 <environment: 0x7fa54122f858>       596084
699      Category_007 <environment: 0x7fa5412379a8>       433703
700      Category_007 <environment: 0x7fa541241af8>       310775
701      Category_007 <environment: 0x7fa541249c48>       104931
702      Category_007 <environment: 0x7fa541251740>       375690
703      Category_007 <environment: 0x7fa54125b820>       122757
704      Category_007 <environment: 0x7fa541263970>       294718
705      Category_007 <environment: 0x7fa54126dac0>       861685
706      Category_007 <environment: 0x7fa541275938>       312220
707      Category_007 <environment: 0x7fa541280710>       307621
708      Category_007 <environment: 0x7fa54128a860>       134769
709      Category_007 <environment: 0x7fa5412929b0>       272157
710      Category_007 <environment: 0x7fa54129cb00>       459445
711      Category_007 <environment: 0x7fa5412a4c50>       189028
712      Category_007 <environment: 0x7fa5412b4e80>       295631
713      Category_007 <environment: 0x7fa5412c37e8>       385053
714      Category_007 <environment: 0x7fa5412cd7e8>       783701
715      Category_007 <environment: 0x7fa5412d5938>       131633
716      Category_007 <environment: 0x7fa5412dfa88>       347897
717      Category_007 <environment: 0x7fa5412e7ba0>       136845
718      Category_007 <environment: 0x7fa5412f0d30>      2046209
719      Category_007 <environment: 0x7fa5412f8e80>       280922
720      Category_007 <environment: 0x7fa541302fd0>       628280
721      Category_007 <environment: 0x7fa54130e320>       307297
722      Category_007 <environment: 0x7fa541319e08>       210020
723      Category_007 <environment: 0x7fa541323f20>       724420
724      Category_007 <environment: 0x7fa54132a2e8>       220336
725      Category_007 <environment: 0x7fa5413323c8>       135813
726      Category_007 <environment: 0x7fa54133c4e0>       247655
727      Category_007 <environment: 0x7fa5413445c0>       646059
728      Category_007 <environment: 0x7fa54134c6a0>       553420
729      Category_007 <environment: 0x7fa541356438>       116968
730      Category_007 <environment: 0x7fa541367ac0>       210813
731      Category_007 <environment: 0x7fa541371b30>       471317
732      Category_007 <environment: 0x7fa541379a88>       228729
733      Category_007 <environment: 0x7fa541389ac0>       283979
734      Category_007 <environment: 0x7fa541390cc0>       102558
735      Category_007 <environment: 0x7fa54139a7b8>      1037268
736      Category_007 <environment: 0x7fa5413d9698>       497144
737      Category_007 <environment: 0x7fa5413e0be0>       585287
738      Category_007 <environment: 0x7fa5413eabe0>       235152
739      Category_007 <environment: 0x7fa5413f2a58>       389182
740      Category_007 <environment: 0x7fa541402000>       761812
741      Category_007 <environment: 0x7fa54140a0e0>       680013
742      Category_007 <environment: 0x7fa5414120e0>       353043
743      Category_007 <environment: 0x7fa5414182b0>       404700
744      Category_007 <environment: 0x7fa541422908>       945684
745      Category_007 <environment: 0x7fa54142c588>      1006405
746      Category_007 <environment: 0x7fa541434518>       222184
747      Category_007 <environment: 0x7fa54146e2b0>       634971
748      Category_007 <environment: 0x7fa54147ef28>       932460
749      Category_007 <environment: 0x7fa54148b9e0>        42190
750      Category_007 <environment: 0x7fa541498070>       329656
751      Category_007 <environment: 0x7fa5414a02b0>       128521
752      Category_007 <environment: 0x7fa5414ac6d8>       151914
753      Category_007 <environment: 0x7fa5414b64e0>       392121
754      Category_007 <environment: 0x7fa5414c3c10>       490072
755      Category_007 <environment: 0x7fa5414cc320>       124529
756      Category_007 <environment: 0x7fa5414d94d8>        98871
757      Category_007 <environment: 0x7fa5414f27f0>      1423012
758      Category_007 <environment: 0x7fa541513cc0>       445709
759      Category_007 <environment: 0x7fa54151b470>       488001
760      Category_007 <environment: 0x7fa541549828>       201057
761      Category_007 <environment: 0x7fa541554a50>       739498
762      Category_007 <environment: 0x7fa54155e008>       258341
763      Category_007 <environment: 0x7fa54156c438>       225740
764      Category_007 <environment: 0x7fa54158de88>       186648
765      Category_007 <environment: 0x7fa541597830>       355509
766      Category_007 <environment: 0x7fa5415b5df0>       776558
767      Category_007 <environment: 0x7fa5415d5000>       767182
768      Category_007 <environment: 0x7fa5415e16c8>        75297
769      Category_007 <environment: 0x7fa5415ed0a8>       345613
770      Category_007 <environment: 0x7fa54163b9b8>       868491
771      Category_007 <environment: 0x7fa541642e90>       292662
772      Category_007 <environment: 0x7fa54164d520>       190060
773      Category_007 <environment: 0x7fa5416804e0>       326094
774      Category_007 <environment: 0x7fa54168b820>       922321
775      Category_007 <environment: 0x7fa541695008>       206650
776      Category_007 <environment: 0x7fa5416ac828>       441421
777      Category_007 <environment: 0x7fa541a4bd38>       249135
778      Category_007 <environment: 0x7fa541a63c20>       256320
779      Category_007 <environment: 0x7fa541a6d408>       431547
780      Category_007 <environment: 0x7fa541a7e470>       233376
781      Category_007 <environment: 0x7fa541aa2f28>       314232
782      Category_007 <environment: 0x7fa541aaee80>       741318
783      Category_007 <environment: 0x7fa541ad5040>        97993
784      Category_019 <environment: 0x7fa541b50b38>     13685930
785      Category_019 <environment: 0x7fa541bb99b8>     14223951
786      Category_019 <environment: 0x7fa541bfb2a8>     13488881
787      Category_019 <environment: 0x7fa541c21670>     10814476
788      Category_019 <environment: 0x7fa541c3b238>     17975601
789      Category_019 <environment: 0x7fa541c44eb8>     21091853
790      Category_019 <environment: 0x7fa541c4da28>     14856372
791      Category_019 <environment: 0x7fa541c637f8>     17068654
792      Category_019 <environment: 0x7fa541c75590>     19587845
793      Category_019 <environment: 0x7fa541c81270>     19419962
794      Category_019 <environment: 0x7fa541c8b0b0>     13458086
795      Category_019 <environment: 0x7fa541c9a940>     11977347
796      Category_019 <environment: 0x7fa541ca47b8>     17571590
797      Category_019 <environment: 0x7fa541cac5f8>     16726125
798      Category_019 <environment: 0x7fa541cb45c0>     12855956
799      Category_019 <environment: 0x7fa541cbe550>     15996266
800      Category_019 <environment: 0x7fa541cc6080>     15238812
801      Category_019 <environment: 0x7fa541cce080>      8823136
802      Category_019 <environment: 0x7fa541cd8048>     20052897
803      Category_019 <environment: 0x7fa541ce1fd8>     15882371
804      Category_019 <environment: 0x7fa541cec010>     16087036
805      Category_019 <environment: 0x7fa541cf4010>     15679670
806      Category_019 <environment: 0x7fa541d03638>     15050629
807      Category_019 <environment: 0x7fa541d0d600>     18817202
808      Category_019 <environment: 0x7fa541d17590>     16333569
809      Category_019 <environment: 0x7fa541d21520>     15205455
810      Category_019 <environment: 0x7fa541d29520>     23010987
811      Category_019 <environment: 0x7fa541d33520>     14494486
812      Category_019 <environment: 0x7fa541d3b4b0>     13299365
813      Category_019 <environment: 0x7fa541d43440>     17889242
814      Category_019 <environment: 0x7fa541d4b478>     16814998
815      Category_019 <environment: 0x7fa541d554b0>     14126358
816      Category_019 <environment: 0x7fa541d612e0>      7165404
817      Category_019 <environment: 0x7fa541d692e0>     15633962
818      Category_019 <environment: 0x7fa541d732e0>     14214282
819      Category_019 <environment: 0x7fa541d7b270>     15486407
820      Category_019 <environment: 0x7fa541d85238>     14675314
821      Category_019 <environment: 0x7fa541d8d1c8>     10344153
822      Category_019 <environment: 0x7fa541d96e10>     11025308
823      Category_019 <environment: 0x7fa541d9ec18>     16702645
824      Category_019 <environment: 0x7fa541da89e8>     15792184
825      Category_019 <environment: 0x7fa541dbc828>     14452364
826      Category_019 <environment: 0x7fa541dc59b8>     13841909
827      Category_019 <environment: 0x7fa541dcf6e0>     15638775
828      Category_019 <environment: 0x7fa541dd76a8>     16264749
829      Category_019 <environment: 0x7fa541de2cc0>     11796153
830      Category_019 <environment: 0x7fa541dec7b8>     11790010
831      Category_019 <environment: 0x7fa541df42b0>     18201288
832      Category_019 <environment: 0x7fa541dfb910>     18273160
833      Category_019 <environment: 0x7fa541e09040>     15911228
834      Category_019 <environment: 0x7fa541e10f28>     13193435
835      Category_019 <environment: 0x7fa541e18eb8>     12059483
836      Category_019 <environment: 0x7fa541e20e48>      7041563
837      Category_019 <environment: 0x7fa541e2ad30>     18950215
838      Category_019 <environment: 0x7fa541e321d0>     16384554
839      Category_019 <environment: 0x7fa541e3e6a0>     17163745
840      Category_019 <environment: 0x7fa541e508d0>     17247307
841      Category_019 <environment: 0x7fa541e5d0e8>     19217241
842      Category_019 <environment: 0x7fa541e64080>     11547386
843      Category_019 <environment: 0x7fa541e6dc58>     13732250
844      Category_019 <environment: 0x7fa541e75980>     14555379
845      Category_019 <environment: 0x7fa541e84390>     17954797
846      Category_019 <environment: 0x7fa541e8ef98>     18792749
847      Category_019 <environment: 0x7fa541ea3fa0>     13421712
848      Category_019 <environment: 0x7fa541eb1478>     14387836
849      Category_019 <environment: 0x7fa541ec4b38>     18811468
850      Category_019 <environment: 0x7fa541ed69e8>     14135559
851      Category_019 <environment: 0x7fa541edfd70>     15831964
852      Category_019 <environment: 0x7fa541f2b868>     17814226
853      Category_019 <environment: 0x7fa541f33670>     10764630
854      Category_019 <environment: 0x7fa541f412e0>     15364200
855      Category_019 <environment: 0x7fa541f48dd8>     15833484
856      Category_019 <environment: 0x7fa541f50400>     13131425
857      Category_019 <environment: 0x7fa541f5ba28>     16655491
858      Category_019 <environment: 0x7fa541f63948>     17984990
859      Category_019 <environment: 0x7fa541f6b7c0>     16211884
860      Category_019 <environment: 0x7fa541f9b0b0>     13480840
861      Category_019 <environment: 0x7fa541fa8780>     15552722
862      Category_019 <environment: 0x7fa541fc5238>     16010317
863      Category_019 <environment: 0x7fa541fcc9e8>     13054846
864      Category_019 <environment: 0x7fa541fd88d0>     15270554
865      Category_019 <environment: 0x7fa541fe4320>     17970341
866      Category_019 <environment: 0x7fa541feb980>     18549401
867      Category_019 <environment: 0x7fa541ffe828>     15289184
868      Category_019 <environment: 0x7fa54200e748>      8598961
869      Category_019 <environment: 0x7fa54202acc0>     17660309
870      Category_019 <environment: 0x7fa5420349e8>     14353152
871      Category_019 <environment: 0x7fa54204e4e0>     20360785
872      Category_019 <environment: 0x7fa54205b2a8>     14889263
873      Category_019 <environment: 0x7fa542065008>     12212447
874      Category_019 <environment: 0x7fa54206fcb8>     14992058
875      Category_019 <environment: 0x7fa54207dbd8>     18127456
876      Category_019 <environment: 0x7fa54208ceb8>     22898572
877      Category_019 <environment: 0x7fa542099190>     13371100
878      Category_019 <environment: 0x7fa5420b2070>     17328618
879      Category_019 <environment: 0x7fa5420bc070>     17664929
880      Category_019 <environment: 0x7fa5420c3388>     16705489
881      Category_019 <environment: 0x7fa5420d0070>     19894184
882      Category_019 <environment: 0x7fa5420d8038>     17644209
883      Category_019 <environment: 0x7fa5420e1f58>     20513659
884      Category_019 <environment: 0x7fa5420ebeb0>     17764596
885      Category_019 <environment: 0x7fa5420f5d98>     15948338
886      Category_019 <environment: 0x7fa5420fd820>     19421374
887      Category_019 <environment: 0x7fa5421076d0>     15883818
888      Category_019 <environment: 0x7fa54210f628>      3823071
889      Category_019 <environment: 0x7fa5421195f0>     21350671
890      Category_019 <environment: 0x7fa5421215f0>     16191261
891      Category_019 <environment: 0x7fa542129548>     19654708
892      Category_019 <environment: 0x7fa542133468>     12843991
893      Category_019 <environment: 0x7fa54213b0e8>     15506049
894      Category_019 <environment: 0x7fa542142f98>     18605004
895      Category_019 <environment: 0x7fa54214eef0>     17535761
896      Category_019 <environment: 0x7fa54215e940>     16418448
897      Category_019 <environment: 0x7fa5421668d0>     17574868
898      Category_019 <environment: 0x7fa542179b30>     17392392
899      Category_019 <environment: 0x7fa542181890>     21297898
900      Category_019 <environment: 0x7fa542189628>     18926899
901      Category_019 <environment: 0x7fa542195040>     20717608
902      Category_019 <environment: 0x7fa54219cc18>     16240827
903      Category_019 <environment: 0x7fa5421a4a90>     17808011
904      Category_019 <environment: 0x7fa5421b40e0>     16263292
905      Category_019 <environment: 0x7fa5421bb7b0>     15736283
906      Category_019 <environment: 0x7fa5421c3510>     12847673
907      Category_019 <environment: 0x7fa5421cc588>     18222618
908      Category_019 <environment: 0x7fa5421d6358>     19300944
909      Category_019 <environment: 0x7fa5421f0ac8>     14305296
910      Category_019 <environment: 0x7fa5421fd660>     18679631
911      Category_019 <environment: 0x7fa54220a0a8>     17553941
912      Category_019 <environment: 0x7fa542211f90>     20339284
913      Category_019 <environment: 0x7fa54221bee8>     16641363
914      Category_019 <environment: 0x7fa54223ebe0>     17844129
915      Category_019 <environment: 0x7fa542254e10>     16065129
916      Category_019 <environment: 0x7fa54225cda0>     20009261
917      Category_019 <environment: 0x7fa542266390>     15786726
918      Category_019 <environment: 0x7fa542276f60>     19664525
919      Category_019 <environment: 0x7fa5422840e0>     15290126
920      Category_019 <environment: 0x7fa5422aa240>      7480633
921      Category_019 <environment: 0x7fa5422c58c8>     13754435
922      Category_019 <environment: 0x7fa5424aa748>     14402359
923      Category_019 <environment: 0x7fa5424b52a8>     16925588
924      Category_019 <environment: 0x7fa5424be470>     18871842
925      Category_019 <environment: 0x7fa5424caa58>     17919214
926      Category_019 <environment: 0x7fa5424e20a8>     14599426
927      Category_019 <environment: 0x7fa5424efac0>     17401238
928      Category_019 <environment: 0x7fa5424f79e0>     16152810
929      Category_019 <environment: 0x7fa5424ff8c8>     14752541
930      Category_019 <environment: 0x7fa542509858>     17209206
931      Category_019 <environment: 0x7fa542511468>     19104484
932      Category_019 <environment: 0x7fa5425207b8>     17641861
933      Category_019 <environment: 0x7fa54252a4a8>     17795095
934      Category_019 <environment: 0x7fa542559eb0>     17593505
935      Category_019 <environment: 0x7fa542560c18>     18745836
936      Category_019 <environment: 0x7fa54256a780>     25166340
937      Category_019 <environment: 0x7fa542572208>     19292290
938      Category_019 <environment: 0x7fa54257e0e0>     18539796
939      Category_019 <environment: 0x7fa542589d98>     12851387
940      Category_019 <environment: 0x7fa542591c10>      3190812
941      Category_019 <environment: 0x7fa54259b900>     24389498
942      Category_019 <environment: 0x7fa5425a34d8>     18032022
943      Category_019 <environment: 0x7fa5425b5cb8>     20183321
944      Category_019 <environment: 0x7fa5425c3388>     21924884
945      Category_019 <environment: 0x7fa5425ccb70>     18824574
946      Category_019 <environment: 0x7fa5425d7d60>     18487562
947      Category_019 <environment: 0x7fa5425eaba8>     15709019
948      Category_019 <environment: 0x7fa5425f7900>     15812086
949      Category_019 <environment: 0x7fa542603af8>     17741885
950      Category_019 <environment: 0x7fa54260aef0>     20796635
951      Category_019 <environment: 0x7fa5426143c8>     15768104
952      Category_019 <environment: 0x7fa542620eb8>     21000341
953      Category_019 <environment: 0x7fa54262b9a8>     21279928
954      Category_019 <environment: 0x7fa542634550>     15496156
955      Category_019 <environment: 0x7fa54263ff20>     15304333
956      Category_019 <environment: 0x7fa542647e78>     19363538
957      Category_019 <environment: 0x7fa54264fa88>     15527758
958      Category_019 <environment: 0x7fa54265e630>     12662589
959      Category_019 <environment: 0x7fa542669e08>     16339273
960      Category_019 <environment: 0x7fa54267c860>     20023111
961      Category_019 <environment: 0x7fa542693008>     16285277
962      Category_019 <environment: 0x7fa54269c7b8>     15747828
963      Category_019 <environment: 0x7fa5426ab190>     17500917
964      Category_019 <environment: 0x7fa5426b2fd0>     17203942
965      Category_019 <environment: 0x7fa5426bcb00>     17706355
966      Category_019 <environment: 0x7fa5426c46d8>     25211183
967      Category_019 <environment: 0x7fa5426d5ba0>     14933777
968      Category_019 <environment: 0x7fa5426dd820>     19638789
969      Category_019 <environment: 0x7fa542707cb8>     16744063
970      Category_019 <environment: 0x7fa542715c48>     20282635
971      Category_019 <environment: 0x7fa54271ca58>     20701464
972      Category_019 <environment: 0x7fa54272c9b0>      7993991
973      Category_019 <environment: 0x7fa542739b68>     19998267
974      Category_019 <environment: 0x7fa542741660>     14620684
975      Category_019 <environment: 0x7fa5427492a8>     21011304
976      Category_019 <environment: 0x7fa542753270>     19276603
977      Category_019 <environment: 0x7fa54275ac88>     14493115
978      Category_019 <environment: 0x7fa542768c18>      9469484
979      Category_019 <environment: 0x7fa542776b38>     19168283
980      Category_019 <environment: 0x7fa542781f90>     20262454
981      Category_019 <environment: 0x7fa54279f970>     15761527
982      Category_019 <environment: 0x7fa5427abf58>     15435767
983      Category_019 <environment: 0x7fa5427b3628>     15797656
984      Category_019 <environment: 0x7fa5427c25f8>     14432907
985      Category_019 <environment: 0x7fa5427d1ee8>     15567490
986      Category_019 <environment: 0x7fa542848dd8>     16954444
987      Category_019 <environment: 0x7fa542850748>     14039200
988      Category_019 <environment: 0x7fa54285ca90>     18149258
989      Category_019 <environment: 0x7fa542869970>     19085739
990      Category_019 <environment: 0x7fa5428929e8>     17385033
991      Category_019 <environment: 0x7fa54289a7b8>     14239107
992      Category_019 <environment: 0x7fa5428a4630>      7350998
993      Category_019 <environment: 0x7fa5428b04a8>     16914266
994      Category_019 <environment: 0x7fa5428ef660>     17439213
995      Category_019 <environment: 0x7fa5428f6400>     19041651
996      Category_019 <environment: 0x7fa54290f0e8>     12308274
997      Category_019 <environment: 0x7fa542916ba8>     18963210
998      Category_019 <environment: 0x7fa542920908>     10464392
999      Category_019 <environment: 0x7fa542928630>     12611772
1000     Category_019 <environment: 0x7fa542930358>     13670173
1001     Category_019 <environment: 0x7fa54294b7b0>     18570315
1002     Category_019 <environment: 0x7fa5429533c0>     16047002
1003     Category_019 <environment: 0x7fa54295aef0>     20168838
1004     Category_019 <environment: 0x7fa543a95940>     14117064
1005     Category_019 <environment: 0x7fa542ac3238>     16351736
1006     Category_019 <environment: 0x7fa5365f0a88>     16298618
1007     Category_019 <environment: 0x7fa5369a3958>     14419089
1008     Category_019 <environment: 0x7fa543a27478>     16363229
1009     Category_019 <environment: 0x7fa54349e9e0>     13405741
1010     Category_019 <environment: 0x7fa5435deba8>      9636963
1011     Category_019 <environment: 0x7fa5424de208>     18456110
1012     Category_019 <environment: 0x7fa54295f740>     15869474
1013     Category_019 <environment: 0x7fa566f2b988>     16641908
1014     Category_019 <environment: 0x7fa541690518>     16012034
1015     Category_019 <environment: 0x7fa542c01b00>     15142555
1016     Category_019 <environment: 0x7fa537346ef0>     12011557
1017     Category_019 <environment: 0x7fa53709c6e0>     15573466
1018     Category_019 <environment: 0x7fa5370454f0>     17800484
1019     Category_019 <environment: 0x7fa53702ed80>     19060642
1020     Category_019 <environment: 0x7fa537010240>     14469315
1021     Category_019 <environment: 0x7fa537009c80>     14626519
1022     Category_019 <environment: 0x7fa536ff2ce0>     23214084
1023     Category_019 <environment: 0x7fa536febaa8>     17691749
1024     Category_019 <environment: 0x7fa536fde6f8>     12022160
1025     Category_019 <environment: 0x7fa536fd7648>     11480016
1026     Category_019 <environment: 0x7fa536fcc1f0>     15421303
1027     Category_019 <environment: 0x7fa536fbeea0>     15245060
1028     Category_019 <environment: 0x7fa536fb2df8>     14014417
1029     Category_019 <environment: 0x7fa536f7d920>     12774541
1030     Category_019 <environment: 0x7fa536f73060>     11545493
1031     Category_019 <environment: 0x7fa536f6b0d0>     19288874
1032     Category_019 <environment: 0x7fa536be8c38>     14267335
1033     Category_019 <environment: 0x7fa536bdf178>     17711158
1034     Category_019 <environment: 0x7fa536bd1a70>     18111904
1035     Category_019 <environment: 0x7fa536bc3e00>     16125720
1036     Category_019 <environment: 0x7fa536bb9060>     15478625
1037     Category_019 <environment: 0x7fa536bb15a0>     17939514
1038     Category_019 <environment: 0x7fa536ba7a00>     16303251
1039     Category_019 <environment: 0x7fa536b9c6f8>     17053998
1040     Category_019 <environment: 0x7fa536b86dc0>     20253370
1041     Category_019 <environment: 0x7fa536b60928>     18314466
1042     Category_019 <environment: 0x7fa536b54378>     16450229
1043     Category_019 <environment: 0x7fa536b4cca8>     15482871
1044     Category_019 <environment: 0x7fa536b40458>      7239676
1045     Category_028 <environment: 0x7fa536b386f8>       106139
1046     Category_028 <environment: 0x7fa536b2f140>       121582
1047     Category_028 <environment: 0x7fa536b1e500>       122792
1048     Category_028 <environment: 0x7fa536b14490>        84103
1049     Category_028 <environment: 0x7fa536b09178>       104419
1050     Category_028 <environment: 0x7fa536a7af48>       114419
1051     Category_028 <environment: 0x7fa536a6c730>       127128
1052     Category_028 <environment: 0x7fa536a63530>       110036
1053     Category_028 <environment: 0x7fa536a292c8>       107950
1054     Category_028 <environment: 0x7fa536a1bc78>       185543
1055     Category_028 <environment: 0x7fa5369c6458>       148934
1056     Category_028 <environment: 0x7fa5369bbd20>       113525
1057     Category_028 <environment: 0x7fa5369b5920>        84103
1058     Category_028 <environment: 0x7fa5369a6298>        85446
1059     Category_028 <environment: 0x7fa53662f948>       105966
1060     Category_028 <environment: 0x7fa5365f79d8>        81976
1061     Category_028 <environment: 0x7fa5365d5230>        97391
1062     Category_028 <environment: 0x7fa5365cde70>        44771
1063     Category_028 <environment: 0x7fa5365c24a0>        48073
1064     Category_028 <environment: 0x7fa5363c5160>       200501
1065     Category_028 <environment: 0x7fa5363a7778>       407361
1066     Category_028 <environment: 0x7fa53632be00>        85118
1067     Category_028 <environment: 0x7fa536313438>       611556
1068     Category_028 <environment: 0x7fa5360cd7c0>        62992
1069     Category_028 <environment: 0x7fa535c26798>       152851
1070     Category_028 <environment: 0x7fa535c1b1a8>       316914
1071     Category_028 <environment: 0x7fa535c0eae0>       267120
1072     Category_028 <environment: 0x7fa535c03f80>       277876
1073     Category_028 <environment: 0x7fa535bf1c38>       157978
1074     Category_028 <environment: 0x7fa535be2db8>        98632
1075     Category_028 <environment: 0x7fa535bd4d10>        81723
1076     Category_028 <environment: 0x7fa535a917e8>       223773
1077     Category_028 <environment: 0x7fa535a7f740>       105215
1078     Category_028 <environment: 0x7fa535a73b30>       162854
1079     Category_028 <environment: 0x7fa535a697b0>        88280
1080     Category_028 <environment: 0x7fa535a5d238>       266740
1081     Category_028 <environment: 0x7fa535a4fe40>       199203
1082     Category_028 <environment: 0x7fa535a48690>       226312
1083     Category_028 <environment: 0x7fa535a04968>        98320
1084     Category_028 <environment: 0x7fa5359fa230>       260341
1085     Category_028 <environment: 0x7fa535972008>       133352
1086     Category_028 <environment: 0x7fa535966eb0>       324982
1087     Category_028 <environment: 0x7fa53595f0e0>        96929
1088     Category_028 <environment: 0x7fa535935038>       175753
1089     Category_028 <environment: 0x7fa535929658>        70651
1090     Category_028 <environment: 0x7fa5358f8120>        59341
1091     Category_028 <environment: 0x7fa5358c1a98>        74026
1092     Category_028 <environment: 0x7fa5358a31c8>        71505
1093     Category_028 <environment: 0x7fa535895bd8>       103679
1094     Category_028 <environment: 0x7fa535888e48>       376458
1095     Category_028 <environment: 0x7fa53587d350>       133108
1096     Category_028 <environment: 0x7fa5358725f8>        44167
1097     Category_028 <environment: 0x7fa535867388>       133002
1098     Category_028 <environment: 0x7fa53583b4a0>       182484
1099     Category_028 <environment: 0x7fa53582e7f0>       119555
1100     Category_028 <environment: 0x7fa535827cb8>       169764
1101     Category_028 <environment: 0x7fa53581bc10>       237158
1102     Category_028 <environment: 0x7fa566ff2d30>       375073
1103     Category_028 <environment: 0x7fa566f82480>        48569
1104     Category_028 <environment: 0x7fa566f6cd48>       192677
1105     Category_028 <environment: 0x7fa566f4e398>       145490
1106     Category_028 <environment: 0x7fa566f1ff00>       113945
1107     Category_028 <environment: 0x7fa5651f77e8>        64552
1108     Category_028 <environment: 0x7fa5859ff1d8>       149625
1109     Category_028 <environment: 0x7fa5400af708>       113848
1110     Category_028 <environment: 0x7fa5400ce240>       244582
1111     Category_028 <environment: 0x7fa5401130e8>       145118
1112     Category_028 <environment: 0x7fa540137430>       209633
1113     Category_028 <environment: 0x7fa5401410b0>       142758
1114     Category_028 <environment: 0x7fa540148908>        53195
1115     Category_028 <environment: 0x7fa540150630>       292098
1116     Category_028 <environment: 0x7fa54015a390>       124567
1117     Category_028 <environment: 0x7fa540166710>       105247
1118     Category_028 <environment: 0x7fa540171120>       126839
1119     Category_028 <environment: 0x7fa540191190>       196229
1120     Category_028 <environment: 0x7fa54019a470>       119110
1121     Category_028 <environment: 0x7fa5401b3580>       123806
1122     Category_028 <environment: 0x7fa5401cbac0>       223047
1123     Category_028 <environment: 0x7fa5401d7cf0>       187542
1124     Category_028 <environment: 0x7fa5401dfa18>       164151
1125     Category_028 <environment: 0x7fa5401ecc88>       154113
1126     Category_028 <environment: 0x7fa5401f4c18>       154775
1127     Category_028 <environment: 0x7fa5401fe518>       200558
1128     Category_028 <environment: 0x7fa540209468>       177929
1129     Category_028 <environment: 0x7fa540210f28>       147835
1130     Category_028 <environment: 0x7fa54021df90>       216361
1131     Category_028 <environment: 0x7fa540227f90>       346139
1132     Category_028 <environment: 0x7fa540230ba8>       132567
1133     Category_028 <environment: 0x7fa540240f28>       206774
1134     Category_028 <environment: 0x7fa540260a20>       273559
1135     Category_028 <environment: 0x7fa54026a6a0>       263046
1136     Category_028 <environment: 0x7fa5402746d8>       211688
1137     Category_028 <environment: 0x7fa54028d4a0>       255801
1138     Category_028 <environment: 0x7fa540297468>        95908
1139     Category_028 <environment: 0x7fa54029ef60>       201013
1140     Category_028 <environment: 0x7fa5402a8d30>       283894
1141     Category_028 <environment: 0x7fa5402b46a0>       128988
1142     Category_028 <environment: 0x7fa5402bffc8>       228473
1143     Category_028 <environment: 0x7fa5402c9dd0>       171975
1144     Category_028 <environment: 0x7fa5402d19a8>       145906
1145     Category_028 <environment: 0x7fa5402db938>       264977
1146     Category_028 <environment: 0x7fa5402e53f8>       128454
1147     Category_028 <environment: 0x7fa5402ed3c0>       117249
1148     Category_028 <environment: 0x7fa5402f7190>       141228
1149     Category_028 <environment: 0x7fa5402fe4e0>       133804
1150     Category_028 <environment: 0x7fa540309f58>       166437
1151     Category_028 <environment: 0x7fa540312e48>       199690
1152     Category_028 <environment: 0x7fa54031abe0>       143576
1153     Category_028 <environment: 0x7fa540322320>        81957
1154     Category_028 <environment: 0x7fa54032fc10>       142367
1155     Category_028 <environment: 0x7fa540337820>       141675
1156     Category_028 <environment: 0x7fa54033f5f0>       410440
1157     Category_028 <environment: 0x7fa540359890>       207489
1158     Category_028 <environment: 0x7fa540363858>       250156
1159     Category_028 <environment: 0x7fa54036b890>       299862
1160     Category_028 <environment: 0x7fa540376390>       123067
1161     Category_028 <environment: 0x7fa54038a898>       257540
1162     Category_028 <environment: 0x7fa5403943c8>       247338
1163     Category_028 <environment: 0x7fa5403a1eb0>       133000
1164     Category_028 <environment: 0x7fa5403ad580>       212576
1165     Category_028 <environment: 0x7fa5403b9468>        96969
1166     Category_028 <environment: 0x7fa5403d7c80>        77824
1167     Category_028 <environment: 0x7fa5403e1270>       162910
1168     Category_028 <environment: 0x7fa5403e8b00>       151747
1169     Category_028 <environment: 0x7fa5403f5a18>       191714
1170     Category_028 <environment: 0x7fa5403fd2e0>       211403
1171     Category_028 <environment: 0x7fa540404dd8>       113115
1172     Category_028 <environment: 0x7fa54040e2e8>       101798
1173     Category_028 <environment: 0x7fa5404193f8>       190653
1174     Category_028 <environment: 0x7fa540420a58>        99371
1175     Category_028 <environment: 0x7fa540432ef0>       161578
1176     Category_028 <environment: 0x7fa54043a278>       154483
1177     Category_028 <environment: 0x7fa540445698>       107946
1178     Category_028 <environment: 0x7fa54044e2e8>       225157
1179     Category_028 <environment: 0x7fa540459580>        69773
1180     Category_028 <environment: 0x7fa540462470>       162387
1181     Category_028 <environment: 0x7fa5404970e8>        99669
1182     Category_028 <environment: 0x7fa5404a04a8>       212734
1183     Category_028 <environment: 0x7fa5404af2e0>       249657
1184     Category_028 <environment: 0x7fa5404c06a0>       169043
1185     Category_028 <environment: 0x7fa5404cf158>       223737
1186     Category_028 <environment: 0x7fa5405067b8>       286795
1187     Category_028 <environment: 0x7fa540515ba0>       114959
1188     Category_028 <environment: 0x7fa54051c860>       221761
1189     Category_028 <environment: 0x7fa540528e10>       338445
1190     Category_028 <environment: 0x7fa5405335f0>        97176
1191     Category_028 <environment: 0x7fa540546f98>       184423
1192     Category_028 <environment: 0x7fa540565dd0>       137260
1193     Category_028 <environment: 0x7fa540574d30>       342327
1194     Category_028 <environment: 0x7fa5405a3d98>       294114
1195     Category_028 <environment: 0x7fa5405bb6d0>        75891
1196     Category_028 <environment: 0x7fa5405c2860>       666541
1197     Category_028 <environment: 0x7fa5405cf6d0>       265079
1198     Category_028 <environment: 0x7fa5405ed820>       250671
1199     Category_028 <environment: 0x7fa5405f7b68>       105554
1200     Category_028 <environment: 0x7fa540600828>        49218
1201     Category_028 <environment: 0x7fa54060b008>        87152
1202     Category_028 <environment: 0x7fa5406160e0>       369270
1203     Category_028 <environment: 0x7fa54061f078>       132603
1204     Category_028 <environment: 0x7fa540629e08>       215319
1205     Category_028 <environment: 0x7fa540630fd0>       169294
1206     Category_028 <environment: 0x7fa54063a748>       138777
1207     Category_028 <environment: 0x7fa540645cb8>       155203
1208     Category_028 <environment: 0x7fa54064d190>       160135
1209     Category_028 <environment: 0x7fa5406567f0>       265867
1210     Category_028 <environment: 0x7fa540661d60>       215862
1211     Category_028 <environment: 0x7fa54066b158>       157108
1212     Category_028 <environment: 0x7fa5406748d0>       341536
1213     Category_028 <environment: 0x7fa540684518>       167008
1214     Category_028 <environment: 0x7fa54068fac0>       316416
1215     Category_028 <environment: 0x7fa5406993c0>       241622
1216     Category_028 <environment: 0x7fa5406a5580>       258752
1217     Category_028 <environment: 0x7fa5406baf98>       206003
1218     Category_028 <environment: 0x7fa5406c4ac8>       142290
1219     Category_028 <environment: 0x7fa5406cfee8>       189658
1220     Category_028 <environment: 0x7fa5406d9af8>       205587
1221     Category_028 <environment: 0x7fa5406ef938>       168690
1222     Category_028 <environment: 0x7fa5406f6f98>        60576
1223     Category_028 <environment: 0x7fa540705eb0>        77575
1224     Category_028 <environment: 0x7fa540728a90>       188338
1225     Category_028 <environment: 0x7fa540734da0>       738588
1226     Category_028 <environment: 0x7fa54073cac8>       150392
1227     Category_028 <environment: 0x7fa540747c48>       139888
1228     Category_028 <environment: 0x7fa540751318>       106548
1229     Category_028 <environment: 0x7fa540759270>       177800
1230     Category_028 <environment: 0x7fa5407624e0>        65976
1231     Category_028 <environment: 0x7fa54076a278>       357609
1232     Category_028 <environment: 0x7fa540777970>       195193
1233     Category_028 <environment: 0x7fa540781040>        88704
1234     Category_028 <environment: 0x7fa540788ef0>       264795
1235     Category_028 <environment: 0x7fa540792828>        75082
1236     Category_028 <environment: 0x7fa54079a5c0>       148934
1237     Category_028 <environment: 0x7fa5407a7eb0>       177147
1238     Category_028 <environment: 0x7fa5407b1ac0>       154514
1239     Category_028 <environment: 0x7fa5407b8f98>       109435
1240     Category_028 <environment: 0x7fa5407c2860>       238830
1241     Category_028 <environment: 0x7fa540814898>       171944
1242     Category_028 <environment: 0x7fa5408216d0>       163344
1243     Category_028 <environment: 0x7fa540828a20>       256200
1244     Category_028 <environment: 0x7fa540833b30>       330083
1245     Category_028 <environment: 0x7fa54083ceb8>       151900
1246     Category_028 <environment: 0x7fa5408442b0>       264817
1247     Category_028 <environment: 0x7fa54084ee80>       308326
1248     Category_028 <environment: 0x7fa54085b6d0>       220656
1249     Category_028 <environment: 0x7fa5408625c0>       171359
1250     Category_028 <environment: 0x7fa54086ec50>       153836
1251     Category_028 <environment: 0x7fa54087ab00>       175820
1252     Category_028 <environment: 0x7fa540889740>      1446679
1253     Category_028 <environment: 0x7fa540890da0>        97059
1254     Category_028 <environment: 0x7fa54089d580>       130215
1255     Category_028 <environment: 0x7fa5408af6d0>        57008
1256     Category_028 <environment: 0x7fa5408bd430>       171096
1257     Category_028 <environment: 0x7fa5408c84e0>       147361
1258     Category_028 <environment: 0x7fa5408da038>       141564
1259     Category_028 <environment: 0x7fa5408e1b30>       186984
1260     Category_028 <environment: 0x7fa5409494a0>       169375
1261     Category_028 <environment: 0x7fa540952550>        66572
1262     Category_028 <environment: 0x7fa54095d858>        79122
1263     Category_028 <environment: 0x7fa54096d270>        93545
1264     Category_028 <environment: 0x7fa540976208>       413691
1265     Category_028 <environment: 0x7fa5409832e0>        51509
1266     Category_028 <environment: 0x7fa54098a908>       317813
1267     Category_028 <environment: 0x7fa540996fd0>       193737
1268     Category_028 <environment: 0x7fa5409a5f20>       285831
1269     Category_028 <environment: 0x7fa5409ace10>        83444
1270     Category_028 <environment: 0x7fa5409b66a0>       213747
1271     Category_028 <environment: 0x7fa5409c3430>       330586
1272     Category_028 <environment: 0x7fa5409caac8>       110350
1273     Category_028 <environment: 0x7fa5409d4780>       310205
1274     Category_028 <environment: 0x7fa5409dfc10>       178177
1275     Category_028 <environment: 0x7fa5409e9388>       154225
1276     Category_028 <environment: 0x7fa5409f5040>       177296
1277     Category_028 <environment: 0x7fa540a02860>       219796
1278     Category_028 <environment: 0x7fa540a0db68>       115786
1279     Category_028 <environment: 0x7fa540a17580>       278813
1280     Category_028 <environment: 0x7fa540a1e400>       536732
1281     Category_028 <environment: 0x7fa540a29430>       188817
1282     Category_028 <environment: 0x7fa540a32e48>       128373
1283     Category_028 <environment: 0x7fa540a3a710>        81320
1284     Category_028 <environment: 0x7fa540a4db30>       152737
1285     Category_028 <environment: 0x7fa540a56c50>        66329
1286     Category_028 <environment: 0x7fa540a650b0>       504021
1287     Category_028 <environment: 0x7fa540a6ec18>       264275
1288     Category_028 <environment: 0x7fa540a7b3f8>       138669
1289     Category_028 <environment: 0x7fa540aa2e48>        76829
1290     Category_028 <environment: 0x7fa540aaa5c0>       659652
1291     Category_028 <environment: 0x7fa540ab75f0>        96980
1292     Category_028 <environment: 0x7fa540ac3b30>        98551
1293     Category_028 <environment: 0x7fa540acb388>       165424
1294     Category_028 <environment: 0x7fa540b26978>       389917
1295     Category_028 <environment: 0x7fa540b305f8>       123286
1296     Category_028 <environment: 0x7fa540b3bba0>        96351
1297     Category_028 <environment: 0x7fa540b46d30>       103490
1298     Category_028 <environment: 0x7fa540b51e40>        88217
1299     Category_028 <environment: 0x7fa540b5dd28>       134483
1300     Category_028 <environment: 0x7fa540b652e0>       109488
1301     Category_028 <environment: 0x7fa540b720a8>       160560
[KILLED BY ORCHESTRATOR]
1302     Category_028 <environment: 0x7fa540b7ae80>       133733
1303     Category_028 <environment: 0x7fa540b8c320>        94802
1304     Category_028 <environment: 0x7fa540b97c48>        62418
1305     Category_028 <environment: 0x7fa540ba10e8>        10986
Evaluation error: Only strings can be converted to symbols.
