[1] "Category_019"
    Product_Category                          Date Order_Demand
1       Category_019 <environment: 0x7f9b0ea896e0>     13685930
2       Category_019 <environment: 0x7f9b0eabc6a0>     14223951
3       Category_019 <environment: 0x7f9b0eac7af8>     13488881
4       Category_019 <environment: 0x7f9b0ead14d8>     10814476
5       Category_019 <environment: 0x7f9b0eae77b0>     17975601
6       Category_019 <environment: 0x7f9b0eecf2d0>     21091853
7       Category_019 <environment: 0x7f9b0ef91ae8>     14856372
8       Category_019 <environment: 0x7f9b0efefce0>     17068654
9       Category_019 <environment: 0x7f9b0f02aa90>     19587845
10      Category_019 <environment: 0x7f9b0f03dc48>     19419962
11      Category_019 <environment: 0x7f9b0f047200>     13458086
12      Category_019 <environment: 0x7f9b0f04f158>     11977347
13      Category_019 <environment: 0x7f9b0f05b318>     17571590
14      Category_019 <environment: 0x7f9b0f070c18>     16726125
15      Category_019 <environment: 0x7f9b0f080b00>     12855956
16      Category_019 <environment: 0x7f9b0f08bcb8>     15996266
17      Category_019 <environment: 0x7f9b0f0a17e8>     15238812
18      Category_019 <environment: 0x7f9b0f0aba50>      8823136
19      Category_019 <environment: 0x7f9b0f0b64e0>     20052897
20      Category_019 <environment: 0x7f9b0f0c5120>     15882371
21      Category_019 <environment: 0x7f9b0f0cccf8>     16087036
22      Category_019 <environment: 0x7f9b0f0d6c50>     15679670
23      Category_019 <environment: 0x7f9b0f0deb00>     15050629
24      Category_019 <environment: 0x7f9b0f0e8908>     18817202
25      Category_019 <environment: 0x7f9b0f0f08d0>     16333569
26      Category_019 <environment: 0x7f9b0f0fa8d0>     15205455
27      Category_019 <environment: 0x7f9b0f10bc80>     23010987
28      Category_019 <environment: 0x7f9b0f113b30>     14494486
29      Category_019 <environment: 0x7f9b0f11db30>     13299365
30      Category_019 <environment: 0x7f9b0f125a88>     17889242
31      Category_019 <environment: 0x7f9b0f12da88>     16814998
32      Category_019 <environment: 0x7f9b0f139a50>     14126358
33      Category_019 <environment: 0x7f9b0f1419e0>      7165404
34      Category_019 <environment: 0x7f9b0f14b9e0>     15633962
35      Category_019 <environment: 0x7f9b0f1559e0>     14214282
36      Category_019 <environment: 0x7f9b0f15d9a8>     15486407
37      Category_019 <environment: 0x7f9b0f167938>     14675314
38      Category_019 <environment: 0x7f9b0f171970>     10344153
39      Category_019 <environment: 0x7f9b0f17b900>     11025308
40      Category_019 <environment: 0x7f9b0f1838c8>     16702645
41      Category_019 <environment: 0x7f9b0f18b890>     15792184
42      Category_019 <environment: 0x7f9b0f1957e8>     14452364
43      Category_019 <environment: 0x7f9b0f19d708>     13841909
44      Category_019 <environment: 0x7f9b0f1a5430>     15638775
45      Category_019 <environment: 0x7f9b0f1af3c0>     16264749
46      Category_019 <environment: 0x7f9b0f1c3fc8>     11796153
47      Category_019 <environment: 0x7f9b0f1cd858>     11790010
48      Category_019 <environment: 0x7f9b0f1d55b8>     18201288
49      Category_019 <environment: 0x7f9b0f1df510>     18273160
50      Category_019 <environment: 0x7f9b0f1e6a90>     15911228
51      Category_019 <environment: 0x7f9b0f1f40a8>     13193435
52      Category_019 <environment: 0x7f9b0f1fb900>     12059483
53      Category_019 <environment: 0x7f9b0f2053c0>      7041563
54      Category_019 <environment: 0x7f9b0f20c898>     18950215
55      Category_019 <environment: 0x7f9b0f219820>     16384554
56      Category_019 <environment: 0x7f9b0f2213f8>     17163745
57      Category_019 <environment: 0x7f9b0f22dd60>     17247307
58      Category_019 <environment: 0x7f9b0f23dc10>     19217241
59      Category_019 <environment: 0x7f9b0f24a0e0>     11547386
60      Category_019 <environment: 0x7f9b0f250748>     13732250
61      Category_019 <environment: 0x7f9b0f2586d8>     14555379
62      Category_019 <environment: 0x7f9b0f262668>     17954797
63      Category_019 <environment: 0x7f9b0f26ef98>     18792749
64      Category_019 <environment: 0x7f9b0f279660>     13421712
65      Category_019 <environment: 0x7f9b0f28e780>     14387836
66      Category_019 <environment: 0x7f9b0f2a1c10>     18811468
67      Category_019 <environment: 0x7f9b0f2b1f90>     14135559
68      Category_019 <environment: 0x7f9b0f2c3190>     15831964
69      Category_019 <environment: 0x7f9b0f2cca90>     17814226
70      Category_019 <environment: 0x7f9b0f2e5628>     10764630
71      Category_019 <environment: 0x7f9b0f2ec6d8>     15364200
72      Category_019 <environment: 0x7f9b0f314828>     15833484
73      Category_019 <environment: 0x7f9b0f321820>     13131425
74      Category_019 <environment: 0x7f9b0f32b7b0>     16655491
75      Category_019 <environment: 0x7f9b0f333548>     17984990
76      Category_019 <environment: 0x7f9b0f33cef0>     16211884
77      Category_019 <environment: 0x7f9b0f346240>     13480840
78      Category_019 <environment: 0x7f9b0f353ba0>     15552722
79      Category_019 <environment: 0x7f9b0f35fcb8>     16010317
80      Category_019 <environment: 0x7f9b0f376550>     13054846
81      Category_019 <environment: 0x7f9b0f383e08>     15270554
82      Category_019 <environment: 0x7f9b0f38b938>     17970341
83      Category_019 <environment: 0x7f9b0f393318>     18549401
84      Category_019 <environment: 0x7f9b0f39ce48>     15289184
85      Category_019 <environment: 0x7f9b0f3a49e8>      8598961
86      Category_019 <environment: 0x7f9b0f3b49e8>     17660309
87      Category_019 <environment: 0x7f9b0f3bfbd8>     14353152
88      Category_019 <environment: 0x7f9b0f3cfb30>     20360785
89      Category_019 <environment: 0x7f9b0f3fcef0>     14889263
90      Category_019 <environment: 0x7f9b0f41eeb8>     12212447
91      Category_019 <environment: 0x7f9b0f43faf8>     14992058
92      Category_019 <environment: 0x7f9b0f449cf0>     18127456
93      Category_019 <environment: 0x7f9b0f458828>     22898572
94      Category_019 <environment: 0x7f9b0f468780>     13371100
95      Category_019 <environment: 0x7f9b0f4749e8>     17328618
96      Category_019 <environment: 0x7f9b0f4959e0>     17664929
97      Category_019 <environment: 0x7f9b0f49d6d0>     16705489
98      Category_019 <environment: 0x7f9b0f4a6dd8>     19894184
99      Category_019 <environment: 0x7f9b0f4aed30>     17644209
100     Category_019 <environment: 0x7f9b0f4b8c50>     20513659
101     Category_019 <environment: 0x7f9b0f4c3970>     17764596
102     Category_019 <environment: 0x7f9b0f4cca58>     15948338
103     Category_019 <environment: 0x7f9b0f4d4908>     19421374
104     Category_019 <environment: 0x7f9b0f4df740>     15883818
105     Category_019 <environment: 0x7f9b0f4e9708>      3823071
106     Category_019 <environment: 0x7f9b0f4f1660>     21350671
107     Category_019 <environment: 0x7f9b0f4f9580>     16191261
108     Category_019 <environment: 0x7f9b0f5031c8>     19654708
109     Category_019 <environment: 0x7f9b0f50aef0>     12843991
110     Category_019 <environment: 0x7f9b0f512e10>     15506049
111     Category_019 <environment: 0x7f9b0f51ad30>     18605004
112     Category_019 <environment: 0x7f9b0f524d30>     17535761
113     Category_019 <environment: 0x7f9b0f52cd30>     16418448
114     Category_019 <environment: 0x7f9b0f5406d8>     17574868
115     Category_019 <environment: 0x7f9b0f54a2b0>     17392392
116     Category_019 <environment: 0x7f9b0f5580a8>     21297898
117     Category_019 <environment: 0x7f9b0f560000>     18926899
118     Category_019 <environment: 0x7f9b0f569f90>     20717608
119     Category_019 <environment: 0x7f9b0f571f58>     16240827
120     Category_019 <environment: 0x7f9b0f579b68>     17808011
121     Category_019 <environment: 0x7f9b0f589120>     16263292
122     Category_019 <environment: 0x7f9b0f590b00>     15736283
123     Category_019 <environment: 0x7f9b0f59fe08>     12847673
124     Category_019 <environment: 0x7f9b0f5a9d98>     18222618
125     Category_019 <environment: 0x7f9b0f5b0da0>     19300944
126     Category_019 <environment: 0x7f9b0f5bd158>     14305296
127     Category_019 <environment: 0x7f9b0f5d4898>     18679631
128     Category_019 <environment: 0x7f9b0f5e15f0>     17553941
129     Category_019 <environment: 0x7f9b0f5e8278>     20339284
130     Category_019 <environment: 0x7f9b0f5f0208>     16641363
131     Category_019 <environment: 0x7f9b0f5fc038>     17844129
132     Category_019 <environment: 0x7f9b0f605938>     16065129
133     Category_019 <environment: 0x7f9b0f60d7e8>     20009261
134     Category_019 <environment: 0x7f9b0f6157b0>     15786726
135     Category_019 <environment: 0x7f9b0f61f6d0>     19664525
136     Category_019 <environment: 0x7f9b0f62ecc0>     15290126
137     Category_019 <environment: 0x7f9b0f63e278>      7480633
138     Category_019 <environment: 0x7f9b0f64c038>     13754435
139     Category_019 <environment: 0x7f9b0f653eb0>     14402359
140     Category_019 <environment: 0x7f9b0f65dc10>     16925588
141     Category_019 <environment: 0x7f9b0f6653f8>     18871842
142     Category_019 <environment: 0x7f9b0f6795f0>     17919214
143     Category_019 <environment: 0x7f9b0f68af60>     14599426
144     Category_019 <environment: 0x7f9b0f6a0898>     17401238
145     Category_019 <environment: 0x7f9b0f6ac470>     16152810
146     Category_019 <environment: 0x7f9b0f6b94a0>     14752541
147     Category_019 <environment: 0x7f9b0f6c9238>     17209206
148     Category_019 <environment: 0x7f9b0f6d52e0>     19104484
149     Category_019 <environment: 0x7f9b0f6dceb8>     17641861
150     Category_019 <environment: 0x7f9b0f7006d8>     17795095
151     Category_019 <environment: 0x7f9b0f716b70>     17593505
152     Category_019 <environment: 0x7f9b0f909ac0>     18745836
153     Category_019 <environment: 0x7f9b0f910e10>     25166340
154     Category_019 <environment: 0x7f9b0f91df58>     19292290
155     Category_019 <environment: 0x7f9b0f938070>     18539796
156     Category_019 <environment: 0x7f9b0f9462e8>     12851387
157     Category_019 <environment: 0x7f9b0f96f0e8>      3190812
158     Category_019 <environment: 0x7f9b0f97bf20>     24389498
159     Category_019 <environment: 0x7f9b0f985d98>     18032022
160     Category_019 <environment: 0x7f9b0f98f820>     20183321
161     Category_019 <environment: 0x7f9b0f999430>     21924884
162     Category_019 <environment: 0x7f9b0f9a4070>     18824574
163     Category_019 <environment: 0x7f9b0f9adc80>     18487562
164     Category_019 <environment: 0x7f9b0f9b5938>     15709019
165     Category_019 <environment: 0x7f9b0f9c4438>     15812086
166     Category_019 <environment: 0x7f9b0f9d0e80>     17741885
167     Category_019 <environment: 0x7f9b0f9d86d8>     20796635
168     Category_019 <environment: 0x7f9b0f9f17e8>     15768104
169     Category_019 <environment: 0x7f9b0f9fa978>     21000341
170     Category_019 <environment: 0x7f9b0fa074d8>     21279928
171     Category_019 <environment: 0x7f9b0fa15660>     15496156
172     Category_019 <environment: 0x7f9b0fa1f510>     15304333
173     Category_019 <environment: 0x7f9b0fa28e10>     19363538
174     Category_019 <environment: 0x7f9b0fa36630>     15527758
175     Category_019 <environment: 0x7f9b0fa3e438>     12662589
176     Category_019 <environment: 0x7f9b0fa49e08>     16339273
177     Category_019 <environment: 0x7f9b0fa538c8>     20023111
178     Category_019 <environment: 0x7f9b0fa60c50>     16285277
179     Category_019 <environment: 0x7f9b0fa6abe0>     15747828
180     Category_019 <environment: 0x7f9b0fa7f200>     17500917
181     Category_019 <environment: 0x7f9b0fa95a50>     17203942
182     Category_019 <environment: 0x7f9b0fa9d4a0>     17706355
183     Category_019 <environment: 0x7f9b0faa4b70>     25211183
184     Category_019 <environment: 0x7f9b0faac2e8>     14933777
185     Category_019 <environment: 0x7f9b0faba8d0>     19638789
186     Category_019 <environment: 0x7f9b0fac5a88>     16744063
187     Category_019 <environment: 0x7f9b0faccfd0>     20282635
188     Category_019 <environment: 0x7f9b0fad6390>     20701464
189     Category_019 <environment: 0x7f9b0fae4940>      7993991
190     Category_019 <environment: 0x7f9b0faec5f8>     19998267
191     Category_019 <environment: 0x7f9b0fafe208>     14620684
192     Category_019 <environment: 0x7f9b0fb23698>     21011304
193     Category_019 <environment: 0x7f9b0fb2f8c8>     19276603
194     Category_019 <environment: 0x7f9b0fb38390>     14493115
195     Category_019 <environment: 0x7f9b0fb44ef0>      9469484
196     Category_019 <environment: 0x7f9b0fb504a8>     19168283
197     Category_019 <environment: 0x7f9b0fb5b970>     20262454
198     Category_019 <environment: 0x7f9b0fb65820>     15761527
199     Category_019 <environment: 0x7f9b0fb70470>     15435767
200     Category_019 <environment: 0x7f9b0fb7af28>     15797656
201     Category_019 <environment: 0x7f9b0fb8b740>     14432907
202     Category_019 <environment: 0x7f9b0fb953c0>     15567490
203     Category_019 <environment: 0x7f9b0fbb14d8>     16954444
204     Category_019 <environment: 0x7f9b0fbbb778>     14039200
205     Category_019 <environment: 0x7f9b0fbc50e8>     18149258
206     Category_019 <environment: 0x7f9b0fbd5dd0>     19085739
207     Category_019 <environment: 0x7f9b0fbe9eb0>     17385033
208     Category_019 <environment: 0x7f9b0fbf4038>     14239107
209     Category_019 <environment: 0x7f9b0fc5c070>      7350998
210     Category_019 <environment: 0x7f9b0fc654a0>     16914266
211     Category_019 <environment: 0x7f9b0fc6f238>     17439213
212     Category_019 <environment: 0x7f9b0fc806a0>     19041651
213     Category_019 <environment: 0x7f9b0fcbaac8>     12308274
214     Category_019 <environment: 0x7f9b0fce5fc8>     18963210
215     Category_019 <environment: 0x7f9b0fcecba8>     10464392
216     Category_019 <environment: 0x7f9b0fcf6320>     12611772
217     Category_019 <environment: 0x7f9b0fd03fc8>     13670173
218     Category_019 <environment: 0x7f9b0fd17388>     18570315
219     Category_019 <environment: 0x7f9b0fd1f120>     16047002
220     Category_019 <environment: 0x7f9b0fd26e80>     20168838
221     Category_019 <environment: 0x7f9b0fd30e10>     14117064
222     Category_019 <environment: 0x7f9b0fd38ba8>     16351736
223     Category_019 <environment: 0x7f9b1eda8b70>     16298618
224     Category_019 <environment: 0x7f9b185c8320>     14419089
225     Category_019 <environment: 0x7f9b185aa8a8>     16363229
226     Category_019 <environment: 0x7f9b1e8a4070>     13405741
227     Category_019 <environment: 0x7f9b0f387af8>      9636963
228     Category_019 <environment: 0x7f9b3ec2c968>     18456110
229     Category_019 <environment: 0x7f9b0fb85e08>     15869474
230     Category_019 <environment: 0x7f9b0fe23a18>     16641908
[KILLED BY ORCHESTRATOR]
231     Category_019 <environment: 0x7f9b0e1cc358>     16012034
232     Category_019 <environment: 0x7f9b0f2492a8>     15142555
233     Category_019 <environment: 0x7f9b0dba2860>     12011557
234     Category_019 <environment: 0x7f9b3ec925b0>     15573466
235     Category_019 <environment: 0x7f9b1f190090>     17800484
236     Category_019 <environment: 0x7f9b1f027c08>     19060642
237     Category_019 <environment: 0x7f9b1ef62e08>     14469315
238     Category_019 <environment: 0x7f9b1ef55f88>     14626519
239     Category_019 <environment: 0x7f9b1ef3dfc0>     23214084
240     Category_019 <environment: 0x7f9b1ef265e0>     17691749
241     Category_019 <environment: 0x7f9b1ef19330>     12022160
242     Category_019 <environment: 0x7f9b1ef0aae0>     11480016
243     Category_019 <environment: 0x7f9b1eee8798>     15421303
244     Category_019 <environment: 0x7f9b1eedc478>     15245060
245     Category_019 <environment: 0x7f9b1eed4688>     14014417
246     Category_019 <environment: 0x7f9b1ee8a208>     12774541
247     Category_019 <environment: 0x7f9b1ee7ebe0>     11545493
248     Category_019 <environment: 0x7f9b1ee75708>     19288874
249     Category_019 <environment: 0x7f9b1ee59fc8>     14267335
250     Category_019 <environment: 0x7f9b1ee4eda0>     17711158
251     Category_019 <environment: 0x7f9b1ee45388>     18111904
252     Category_019 <environment: 0x7f9b1ee3ddd0>     16125720
253     Category_019 <environment: 0x7f9b1ee337b0>     15478625
254     Category_019 <environment: 0x7f9b1ee21698>     17939514
255     Category_019 <environment: 0x7f9b1ee1a0e0>     16303251
256     Category_019 <environment: 0x7f9b1ee0c2e8>     17053998
257     Category_019 <environment: 0x7f9b1edc6208>     20253370
258     Category_019 <environment: 0x7f9b1edbff58>     18314466
259     Category_019 <environment: 0x7f9b1edb8038>     16450229
260     Category_019 <environment: 0x7f9b1edab0e8>     15482871
261     Category_019 <environment: 0x7f9b1ea32c18>      7239676
Evaluation error: Only strings can be converted to symbols.
