[1] "Category_019"
     Product_Category                          Date Order_Demand
1        Category_005 <environment: 0x7fa14c044938>       385765
2        Category_005 <environment: 0x7fa14c065f38>       720685
3        Category_005 <environment: 0x7fa14c07ef50>       901025
4        Category_005 <environment: 0x7fa14c0ad708>       685745
5        Category_005 <environment: 0x7fa14c0b7b10>       727900
6        Category_005 <environment: 0x7fa14c0c9240>       785800
7        Category_005 <environment: 0x7fa14c0f6ed8>       743925
8        Category_005 <environment: 0x7fa14c125c88>       760275
9        Category_005 <environment: 0x7fa14c12cda8>       810445
10       Category_005 <environment: 0x7fa14c137c88>       885165
11       Category_005 <environment: 0x7fa14c16c288>       734075
12       Category_005 <environment: 0x7fa14c173990>       583270
13       Category_005 <environment: 0x7fa14c181210>       618370
14       Category_005 <environment: 0x7fa14c19a3a0>       910275
15       Category_005 <environment: 0x7fa14c54f1a8>       484680
16       Category_005 <environment: 0x7fa14c568d80>       679055
17       Category_005 <environment: 0x7fa14c570aa8>       533440
18       Category_005 <environment: 0x7fa14c5813d8>       525240
19       Category_005 <environment: 0x7fa14c5a2808>      1041150
20       Category_005 <environment: 0x7fa14c5ae990>       695680
21       Category_005 <environment: 0x7fa14c5d48e8>       811530
22       Category_005 <environment: 0x7fa14c650760>       581010
23       Category_005 <environment: 0x7fa14c6bbed8>       693625
24       Category_005 <environment: 0x7fa14c6fb250>       885475
25       Category_005 <environment: 0x7fa14c7271e0>       858765
26       Category_005 <environment: 0x7fa14c73b368>       621525
27       Category_005 <environment: 0x7fa14c747678>       784970
28       Category_005 <environment: 0x7fa14c74de30>       670825
29       Category_005 <environment: 0x7fa14c76b3a0>       581370
30       Category_005 <environment: 0x7fa14c775c00>       653710
31       Category_005 <environment: 0x7fa14c77dc00>       630345
32       Category_005 <environment: 0x7fa14c787ae8>       745600
33       Category_005 <environment: 0x7fa14c79b3a0>       239425
34       Category_005 <environment: 0x7fa14c7a5330>       772860
35       Category_005 <environment: 0x7fa14c7ad288>       616000
36       Category_005 <environment: 0x7fa14c7b5368>       834920
37       Category_005 <environment: 0x7fa14c7bf410>       505820
38       Category_005 <environment: 0x7fa14c7c7170>       592135
39       Category_005 <environment: 0x7fa14c7cf170>       663525
40       Category_005 <environment: 0x7fa14c7d9250>       849075
41       Category_005 <environment: 0x7fa14c7e32f8>       381605
42       Category_005 <environment: 0x7fa14c7ed448>       555075
43       Category_005 <environment: 0x7fa14c7f5560>       623600
44       Category_005 <environment: 0x7fa13a80d4a0>       766500
45       Category_005 <environment: 0x7fa13a817580>       713355
46       Category_005 <environment: 0x7fa13a821660>       599350
47       Category_005 <environment: 0x7fa13a82b6d0>       492115
48       Category_005 <environment: 0x7fa13a8337e8>       587635
49       Category_005 <environment: 0x7fa13a83d900>       735770
50       Category_005 <environment: 0x7fa13a8459a8>       620375
51       Category_005 <environment: 0x7fa13a84da88>       623810
52       Category_005 <environment: 0x7fa13a855ba0>       457900
53       Category_005 <environment: 0x7fa13a85fcf0>       311725
54       Category_005 <environment: 0x7fa13a867d60>       952125
55       Category_005 <environment: 0x7fa13a86fe40>       558650
56       Category_005 <environment: 0x7fa13a877f58>       721015
57       Category_005 <environment: 0x7fa13a882070>       637525
58       Category_005 <environment: 0x7fa13a88a0e0>       756895
59       Category_005 <environment: 0x7fa13a8902b0>       382625
60       Category_005 <environment: 0x7fa13a89dfc8>       687740
61       Category_005 <environment: 0x7fa13a8a5e78>       592150
62       Category_005 <environment: 0x7fa13a8afcf0>       756270
63       Category_005 <environment: 0x7fa13a8b7388>       761765
64       Category_005 <environment: 0x7fa13a8cd0e8>       571575
65       Category_005 <environment: 0x7fa13a8d6da0>       757950
66       Category_005 <environment: 0x7fa13a8dee80>       719875
67       Category_005 <environment: 0x7fa13a8e6898>       509500
68       Category_005 <environment: 0x7fa13a8f0470>       618375
69       Category_005 <environment: 0x7fa13a8fbe08>       545250
70       Category_005 <environment: 0x7fa13a9035f0>       561670
71       Category_005 <environment: 0x7fa13a90b5b8>       571145
72       Category_005 <environment: 0x7fa13a914e80>       989625
73       Category_005 <environment: 0x7fa13a91cf28>       798385
74       Category_005 <environment: 0x7fa13a924fd0>       707080
75       Category_005 <environment: 0x7fa13a92f078>       789195
76       Category_005 <environment: 0x7fa13a937078>       601700
77       Category_005 <environment: 0x7fa13a943ee8>       611575
78       Category_005 <environment: 0x7fa13a952cc0>       852550
79       Category_005 <environment: 0x7fa13a95cf98>       740885
80       Category_005 <environment: 0x7fa13a9698c8>       490890
81       Category_005 <environment: 0x7fa13a970898>       677345
82       Category_005 <environment: 0x7fa13a97a3c8>       906450
83       Category_005 <environment: 0x7fa13a988038>       730510
84       Category_005 <environment: 0x7fa13a990fd0>       607195
85       Category_005 <environment: 0x7fa13a99eef0>       377925
86       Category_005 <environment: 0x7fa13a9b7628>       706000
87       Category_005 <environment: 0x7fa13a9c1628>       945475
88       Category_005 <environment: 0x7fa13a9d47f0>       723350
89       Category_005 <environment: 0x7fa13a9e5af8>       791425
90       Category_005 <environment: 0x7fa13aa31190>       707000
91       Category_005 <environment: 0x7fa13aa38c50>       691500
92       Category_005 <environment: 0x7fa13aa40b00>       790325
93       Category_005 <environment: 0x7fa13aa4a8d0>       599660
94       Category_005 <environment: 0x7fa13aa52390>       605050
95       Category_005 <environment: 0x7fa13aa5f580>      1153275
96       Category_005 <environment: 0x7fa13aa69318>       610600
97       Category_005 <environment: 0x7fa13aa71270>       751525
98       Category_005 <environment: 0x7fa13aa7d548>       602300
99       Category_005 <environment: 0x7fa13aaaa7b8>       713775
100      Category_005 <environment: 0x7fa13aac3890>       662645
101      Category_005 <environment: 0x7fa13aacec88>       843720
102      Category_005 <environment: 0x7fa13aad6978>       911675
103      Category_005 <environment: 0x7fa13aae2908>       834775
104      Category_005 <environment: 0x7fa13aaee5f8>       557420
105      Category_005 <environment: 0x7fa13aaf9c80>       347800
106      Category_005 <environment: 0x7fa13ab0bdd0>       903025
107      Category_005 <environment: 0x7fa13ab13eb0>      1074475
108      Category_005 <environment: 0x7fa13ab2c470>       863510
109      Category_005 <environment: 0x7fa13ab48908>       681920
110      Category_005 <environment: 0x7fa13ab55580>       628550
111      Category_005 <environment: 0x7fa13ab5cf60>       630350
112      Category_005 <environment: 0x7fa13ab66d68>       907145
113      Category_005 <environment: 0x7fa13ab71b68>       769130
114      Category_005 <environment: 0x7fa13ab7e978>       844475
115      Category_005 <environment: 0x7fa13ab8efd0>       832905
116      Category_005 <environment: 0x7fa13ab9b3c0>       839365
117      Category_005 <environment: 0x7fa13abb04a8>      1012535
118      Category_005 <environment: 0x7fa13abba208>       757210
119      Category_005 <environment: 0x7fa13abc5858>       811170
120      Category_005 <environment: 0x7fa13abce828>      1154225
121      Category_005 <environment: 0x7fa13abd6908>       607900
122      Category_005 <environment: 0x7fa13abe0940>       741775
123      Category_005 <environment: 0x7fa13abea978>       689350
124      Category_005 <environment: 0x7fa13abf4898>       790950
125      Category_005 <environment: 0x7fa13abfc550>       872680
126      Category_005 <environment: 0x7fa13ac06518>       862070
127      Category_005 <environment: 0x7fa13ac0e588>       788450
128      Category_005 <environment: 0x7fa13ac18668>       814910
129      Category_005 <environment: 0x7fa13ac20710>       869390
130      Category_005 <environment: 0x7fa13ac287f0>       584370
131      Category_005 <environment: 0x7fa13ac32828>      1025675
132      Category_005 <environment: 0x7fa13ac3a588>       879410
133      Category_005 <environment: 0x7fa13ac42588>       553650
134      Category_005 <environment: 0x7fa13ac4e588>       639925
135      Category_005 <environment: 0x7fa13ac62670>       957875
136      Category_005 <environment: 0x7fa13ac66808>       742780
137      Category_005 <environment: 0x7fa13ac79b80>       455550
138      Category_005 <environment: 0x7fa13ac819f8>       966470
139      Category_005 <environment: 0x7fa13ac898a8>       671025
140      Category_005 <environment: 0x7fa13ac953d8>       761565
141      Category_005 <environment: 0x7fa13ac9d0c8>       943040
142      Category_005 <environment: 0x7fa13aca5058>       849810
143      Category_005 <environment: 0x7fa13acb0990>       735695
144      Category_005 <environment: 0x7fa13acbc0c0>      1537490
145      Category_005 <environment: 0x7fa13acc3fe0>       733550
146      Category_005 <environment: 0x7fa13accd090>       666000
147      Category_005 <environment: 0x7fa13acd6fb0>       863650
148      Category_005 <environment: 0x7fa13acf1838>      1138615
149      Category_005 <environment: 0x7fa13acfe520>       731050
150      Category_005 <environment: 0x7fa13ad07138>       864460
151      Category_005 <environment: 0x7fa13ad0f100>      1246810
152      Category_005 <environment: 0x7fa13ad191a8>      1177510
153      Category_005 <environment: 0x7fa13ad21218>       951850
154      Category_005 <environment: 0x7fa13ad56248>       907620
155      Category_005 <environment: 0x7fa13ad5e280>      1007165
156      Category_005 <environment: 0x7fa13ad67988>       740970
157      Category_005 <environment: 0x7fa13ad73608>       400500
158      Category_005 <environment: 0x7fa13ad81a30>      1447635
159      Category_005 <environment: 0x7fa13ada8920>      1953800
160      Category_005 <environment: 0x7fa13adc3448>       798735
161      Category_005 <environment: 0x7fa13afac328>       665275
162      Category_005 <environment: 0x7fa13afb4130>      1009110
163      Category_005 <environment: 0x7fa13afbced0>      1339450
164      Category_005 <environment: 0x7fa13afc8a38>      1204590
165      Category_005 <environment: 0x7fa13afdd2c0>      1158915
166      Category_005 <environment: 0x7fa13afec6e0>       900045
167      Category_005 <environment: 0x7fa13aff5cd0>       972025
168      Category_005 <environment: 0x7fa13affdd08>       946140
169      Category_005 <environment: 0x7fa13b0117b0>      1505760
170      Category_005 <environment: 0x7fa13b0196d0>      1138650
171      Category_005 <environment: 0x7fa13b028908>       860060
172      Category_005 <environment: 0x7fa13b032780>       853400
173      Category_005 <environment: 0x7fa13b03fcf0>       804770
174      Category_005 <environment: 0x7fa13b069660>       704060
175      Category_005 <environment: 0x7fa13b072da0>       487575
176      Category_005 <environment: 0x7fa13b07add8>       802210
177      Category_005 <environment: 0x7fa13b0829b0>       758725
178      Category_005 <environment: 0x7fa13b08ea20>       901875
179      Category_005 <environment: 0x7fa13b096748>       703250
180      Category_005 <environment: 0x7fa13b09e780>       719010
181      Category_005 <environment: 0x7fa13b0a8278>      1022580
182      Category_005 <environment: 0x7fa13b0b60e0>       617855
183      Category_005 <environment: 0x7fa13b0c48d0>       866850
184      Category_005 <environment: 0x7fa13b0d5dd0>       617320
185      Category_005 <environment: 0x7fa13b0dd938>       599645
186      Category_005 <environment: 0x7fa13b0f07b8>       962260
187      Category_005 <environment: 0x7fa13b0fb120>      1013550
188      Category_005 <environment: 0x7fa13b109270>       622545
189      Category_005 <environment: 0x7fa13b1107b8>       267200
190      Category_005 <environment: 0x7fa13b1182e8>      1139615
191      Category_005 <environment: 0x7fa13b126c18>       492135
192      Category_005 <environment: 0x7fa13b131468>      1165380
193      Category_005 <environment: 0x7fa13b138f60>       543405
194      Category_005 <environment: 0x7fa13b145ee8>       676350
195      Category_005 <environment: 0x7fa13b14dba0>      1027085
196      Category_005 <environment: 0x7fa13b155a50>       758635
197      Category_005 <environment: 0x7fa13b15d778>       669950
198      Category_005 <environment: 0x7fa13b16c550>       838350
199      Category_005 <environment: 0x7fa13b1834a0>       671845
200      Category_005 <environment: 0x7fa13b199938>       911595
201      Category_005 <environment: 0x7fa13b1a3008>       590225
202      Category_005 <environment: 0x7fa13b1aa710>       558855
203      Category_005 <environment: 0x7fa13b1b9660>      1192210
204      Category_005 <environment: 0x7fa13b1c1350>       762810
205      Category_005 <environment: 0x7fa13b1cb040>      1109400
206      Category_005 <environment: 0x7fa13b1d6be0>       860610
207      Category_005 <environment: 0x7fa13b1e0588>       603960
208      Category_005 <environment: 0x7fa13b1eb698>      1051625
209      Category_005 <environment: 0x7fa13b214e80>       409750
210      Category_005 <environment: 0x7fa13b220710>      1110580
211      Category_005 <environment: 0x7fa13b22a6a0>       824430
212      Category_005 <environment: 0x7fa13b23b778>       843620
213      Category_005 <environment: 0x7fa13b244b00>       683975
214      Category_005 <environment: 0x7fa13b24c860>       742400
215      Category_005 <environment: 0x7fa13b2565f8>       516160
216      Category_005 <environment: 0x7fa13b25e518>       898075
217      Category_005 <environment: 0x7fa13b26b158>       676730
218      Category_005 <environment: 0x7fa13b277ac0>       975890
219      Category_005 <environment: 0x7fa13b282240>       595100
220      Category_005 <environment: 0x7fa13b2a0828>       866785
221      Category_005 <environment: 0x7fa13b2ab120>       718500
222      Category_005 <environment: 0x7fa13b2b7708>       933530
223      Category_005 <environment: 0x7fa13b2c0668>       612525
224      Category_005 <environment: 0x7fa13b2d35b8>       768860
225      Category_005 <environment: 0x7fa13b3415b8>       897450
226      Category_005 <environment: 0x7fa13b34acc0>       731775
227      Category_005 <environment: 0x7fa13b357f58>       545700
228      Category_005 <environment: 0x7fa13b35ea20>       715425
229      Category_005 <environment: 0x7fa13b36b970>       798760
230      Category_005 <environment: 0x7fa13b394d68>       830910
231      Category_005 <environment: 0x7fa13b39cc88>       919825
232      Category_005 <environment: 0x7fa13b3a6c50>       456575
233      Category_005 <environment: 0x7fa13b3b2ac8>       453330
234      Category_005 <environment: 0x7fa13b3f1900>       672170
235      Category_005 <environment: 0x7fa13b3ff740>       767600
236      Category_005 <environment: 0x7fa13b4118c8>       503710
237      Category_005 <environment: 0x7fa13b419548>       806500
238      Category_005 <environment: 0x7fa13b4235b8>       445365
239      Category_005 <environment: 0x7fa13b42b3f8>       656650
240      Category_005 <environment: 0x7fa13b433270>       599825
241      Category_005 <environment: 0x7fa13b44a860>       390200
242      Category_005 <environment: 0x7fa13b4525f8>       850425
243      Category_005 <environment: 0x7fa13b45e0e0>       706975
244      Category_005 <environment: 0x7fa13b482f98>       876365
245      Category_005 <environment: 0x7fa13b48cba8>       469325
246      Category_005 <environment: 0x7fa13b499f90>       620725
247      Category_005 <environment: 0x7fa13b4c40e0>       512075
248      Category_005 <environment: 0x7fa13b4cb200>      1042875
249      Category_005 <environment: 0x7fa13b4d4710>       689560
250      Category_005 <environment: 0x7fa13b4e11d0>       781300
251      Category_005 <environment: 0x7fa13b4f1d08>       770105
252      Category_005 <environment: 0x7fa13b5087b0>       628510
253      Category_005 <environment: 0x7fa13b511e10>       844650
254      Category_005 <environment: 0x7fa13b51cd98>       712875
255      Category_005 <environment: 0x7fa13b5285c0>       817930
256      Category_005 <environment: 0x7fa13b534518>       679960
257      Category_005 <environment: 0x7fa13b53e390>      1325895
258      Category_005 <environment: 0x7fa13b55d4e8>       717675
259      Category_005 <environment: 0x7fa13b5965c0>       666700
260      Category_005 <environment: 0x7fa13b59d4e8>       702800
261      Category_005 <environment: 0x7fa13b5aa6d8>       853100
262      Category_006 <environment: 0x7fa13b5c5678>      1937725
263      Category_006 <environment: 0x7fa13b5d28a0>      1634534
264      Category_006 <environment: 0x7fa13b5db800>      1308601
265      Category_006 <environment: 0x7fa15c010cc0>      1008368
266      Category_006 <environment: 0x7fa18c4cd128>      1422566
267      Category_006 <environment: 0x7fa18c46f7f0>      2261507
268      Category_006 <environment: 0x7fa18c45cc80>      1133425
269      Category_006 <environment: 0x7fa18c43e098>       999618
270      Category_006 <environment: 0x7fa18c433c00>      2366886
271      Category_006 <environment: 0x7fa18c425110>      1561106
272      Category_006 <environment: 0x7fa18c41de68>      1366316
273      Category_006 <environment: 0x7fa18c4148b0>       787024
274      Category_006 <environment: 0x7fa18c409730>      1237146
275      Category_006 <environment: 0x7fa18c4021b0>      1675824
276      Category_006 <environment: 0x7fa18c3f0e00>      1107213
277      Category_006 <environment: 0x7fa18c3e4c78>      1264628
278      Category_006 <environment: 0x7fa18c3af688>      1718522
279      Category_006 <environment: 0x7fa18c3a4cb0>       912045
280      Category_006 <environment: 0x7fa18c39cc08>      1262838
281      Category_006 <environment: 0x7fa18c393a78>      1535479
282      Category_006 <environment: 0x7fa15ba2fee8>      1672337
283      Category_006 <environment: 0x7fa15ba1c278>      1418130
284      Category_006 <environment: 0x7fa15ba129e8>      1876127
285      Category_006 <environment: 0x7fa15ba07970>      1086245
286      Category_006 <environment: 0x7fa15b9ffd60>      1628917
287      Category_006 <environment: 0x7fa15b9f5e08>       727843
288      Category_006 <environment: 0x7fa15b9ea748>      1093364
289      Category_006 <environment: 0x7fa15b9dd2a8>      1673245
290      Category_006 <environment: 0x7fa15b9b1b68>      1037428
291      Category_006 <environment: 0x7fa15b9a2710>       662778
292      Category_006 <environment: 0x7fa15b99ae48>      1458092
293      Category_006 <environment: 0x7fa15b98e518>      1585331
294      Category_006 <environment: 0x7fa15b986710>       383023
295      Category_006 <environment: 0x7fa15b97cb38>      1781166
296      Category_006 <environment: 0x7fa15b975580>      1076225
297      Category_006 <environment: 0x7fa15b965858>      1042868
298      Category_006 <environment: 0x7fa15b956c50>      1065933
299      Category_006 <environment: 0x7fa15b8d5190>       801602
300      Category_006 <environment: 0x7fa15b8bdeb0>      1224307
301      Category_006 <environment: 0x7fa15b8b38c8>      1287696
302      Category_006 <environment: 0x7fa15b876940>       915554
303      Category_006 <environment: 0x7fa15b86cba8>      1608873
304      Category_006 <environment: 0x7fa15b81d9e0>       890626
305      Category_006 <environment: 0x7fa15b80d008>      1162875
306      Category_006 <environment: 0x7fa19aff9208>      1243658
307      Category_006 <environment: 0x7fa19aff0078>      1184933
308      Category_006 <environment: 0x7fa19ac6fb98>       976428
309      Category_006 <environment: 0x7fa15b50e8d8>      1074729
310      Category_006 <environment: 0x7fa15b4c3a48>      1496366
311      Category_006 <environment: 0x7fa15b4b72a0>      1547527
312      Category_006 <environment: 0x7fa15b4af738>      1229810
313      Category_006 <environment: 0x7fa15b4a3070>       387043
314      Category_006 <environment: 0x7fa15b298778>       105960
315      Category_006 <environment: 0x7fa15b218078>      2040012
316      Category_006 <environment: 0x7fa15b207450>      1259511
317      Category_006 <environment: 0x7fa15afb6238>      1817145
318      Category_006 <environment: 0x7fa16bda6ec0>      1673778
319      Category_006 <environment: 0x7fa15ad244d0>      1414756
320      Category_006 <environment: 0x7fa15ad17120>       642438
321      Category_006 <environment: 0x7fa15ad10310>      1393671
322      Category_006 <environment: 0x7fa15ad05c48>      1164057
323      Category_006 <environment: 0x7fa15acf3dd0>      1965320
324      Category_006 <environment: 0x7fa15ace4230>      1465928
325      Category_006 <environment: 0x7fa15ab9d868>      1481178
326      Category_006 <environment: 0x7fa15ab8ac28>       856947
327      Category_006 <environment: 0x7fa15ab7e918>      1967026
328      Category_006 <environment: 0x7fa15ab75830>      1692845
329      Category_006 <environment: 0x7fa15ab6a640>      1156922
330      Category_006 <environment: 0x7fa15ab61f68>      2065942
331      Category_006 <environment: 0x7fa15ab50a68>       977023
332      Category_006 <environment: 0x7fa15ab49478>      1832634
333      Category_006 <environment: 0x7fa15ab05408>      1449013
334      Category_006 <environment: 0x7fa15aa7fbb8>      2129209
335      Category_006 <environment: 0x7fa15aa72868>      1388869
336      Category_006 <environment: 0x7fa15aa6b080>      1620533
337      Category_006 <environment: 0x7fa15aa60e88>      1628113
338      Category_006 <environment: 0x7fa15aa35d40>       890289
339      Category_006 <environment: 0x7fa15aa0a8d8>      1775656
340      Category_006 <environment: 0x7fa15a9f1fe0>      1414814
341      Category_006 <environment: 0x7fa15a9b2300>      1748235
342      Category_006 <environment: 0x7fa15a9a68b0>      1431249
343      Category_006 <environment: 0x7fa15a9966b8>      2013066
344      Category_006 <environment: 0x7fa15a98a920>      2222782
345      Category_006 <environment: 0x7fa15a980728>       911677
346      Category_006 <environment: 0x7fa15a975f10>       766589
347      Category_006 <environment: 0x7fa15a969fb8>      1990704
348      Category_006 <environment: 0x7fa15a93df80>       985874
349      Category_006 <environment: 0x7fa15a9312d0>      2819516
350      Category_006 <environment: 0x7fa15a92a3e0>      1519502
351      Category_006 <environment: 0x7fa15a91e370>      1114232
352      Category_006 <environment: 0x7fa15a8fe338>      1409169
353      Category_006 <environment: 0x7fa15a88b8c0>      2502680
354      Category_006 <environment: 0x7fa15a8785b8>      1887087
355      Category_006 <environment: 0x7fa15a851540>      1234730
356      Category_006 <environment: 0x7fa15a82b7e0>      1702627
357      Category_006 <environment: 0x7fa19bd3ab40>      2594022
358      Category_006 <environment: 0x7fa16b29ab20>      1290167
359      Category_006 <environment: 0x7fa16b37d568>      1686720
360      Category_006 <environment: 0x7fa16b394b20>      1952192
361      Category_006 <environment: 0x7fa16b3e3028>      1411350
362      Category_006 <environment: 0x7fa16b3fa068>      2320586
363      Category_006 <environment: 0x7fa16b403ce8>      1179806
364      Category_006 <environment: 0x7fa16b40f6b8>      2216652
365      Category_006 <environment: 0x7fa16b4174f8>      1058562
366      Category_006 <environment: 0x7fa16b421370>       287600
367      Category_006 <environment: 0x7fa16b42d6f0>      2042312
368      Category_006 <environment: 0x7fa16b434378>      1436523
369      Category_006 <environment: 0x7fa16b4545e0>      1603942
370      Category_006 <environment: 0x7fa16b4618e8>      1590625
371      Category_006 <environment: 0x7fa16b476c00>      1713154
372      Category_006 <environment: 0x7fa16b48f258>      1226771
373      Category_006 <environment: 0x7fa16b49b5a0>      1989813
374      Category_006 <environment: 0x7fa16b4a33e0>      1259072
375      Category_006 <environment: 0x7fa16b4b0848>      1944088
376      Category_006 <environment: 0x7fa16b4b88f0>      1457191
377      Category_006 <environment: 0x7fa16b4c2308>       995249
378      Category_006 <environment: 0x7fa16b4cd3a8>      1792059
379      Category_006 <environment: 0x7fa16b4d4f48>      2380981
380      Category_006 <environment: 0x7fa16b4de928>      1502884
381      Category_006 <environment: 0x7fa16b4e8308>      1230676
382      Category_006 <environment: 0x7fa16b4eff18>      1263344
383      Category_006 <environment: 0x7fa16b5053a8>      1772160
384      Category_006 <environment: 0x7fa16b524fb8>      1303842
385      Category_006 <environment: 0x7fa16b52ed50>      1320084
386      Category_006 <environment: 0x7fa16b538ea0>      1030861
387      Category_006 <environment: 0x7fa16b54de70>      1291061
388      Category_006 <environment: 0x7fa16b557f88>      2394231
389      Category_006 <environment: 0x7fa16b563a70>      1505415
390      Category_006 <environment: 0x7fa16b56d958>       717524
391      Category_006 <environment: 0x7fa16b577878>      1577452
392      Category_006 <environment: 0x7fa16b580f48>      1450397
393      Category_006 <environment: 0x7fa16b58ae30>      1526419
394      Category_006 <environment: 0x7fa16b592b20>       836218
395      Category_006 <environment: 0x7fa16b59cbc8>      1411605
396      Category_006 <environment: 0x7fa16b5a47a0>       910460
397      Category_006 <environment: 0x7fa16b5ae880>      1191560
398      Category_006 <environment: 0x7fa16b5b6768>      1048705
399      Category_006 <environment: 0x7fa16b5bffc0>      1736478
400      Category_006 <environment: 0x7fa16b5cb840>      1737965
401      Category_006 <environment: 0x7fa16b5d27d8>      2813870
402      Category_006 <environment: 0x7fa16b5dc618>       928372
403      Category_006 <environment: 0x7fa16b5e4068>      1614771
404      Category_006 <environment: 0x7fa16b5ef990>      1337119
405      Category_006 <environment: 0x7fa16b5f9798>      2467368
406      Category_006 <environment: 0x7fa16b6016b8>      1291943
407      Category_006 <environment: 0x7fa16b61b840>      1506215
408      Category_006 <environment: 0x7fa16b625920>      1005223
409      Category_006 <environment: 0x7fa16b62da70>      2439746
410      Category_006 <environment: 0x7fa16b638688>      2270331
411      Category_006 <environment: 0x7fa16b64ce68>      2180941
412      Category_006 <environment: 0x7fa16b656b20>      1861232
413      Category_006 <environment: 0x7fa16b65e7a0>      1158163
414      Category_006 <environment: 0x7fa16b66bea8>      2733442
415      Category_006 <environment: 0x7fa16b678180>      2193731
416      Category_006 <environment: 0x7fa16b696f80>      1639524
417      Category_006 <environment: 0x7fa16b69dfc0>      1089894
418      Category_006 <environment: 0x7fa16b6ab990>       406000
419      Category_006 <environment: 0x7fa16b6b4b90>      2461259
420      Category_006 <environment: 0x7fa16b6bc688>      1508438
421      Category_006 <environment: 0x7fa16b6c4030>      2802442
422      Category_006 <environment: 0x7fa16b6cbc40>      1447350
423      Category_006 <environment: 0x7fa16b6d8d18>      4145260
424      Category_006 <environment: 0x7fa16b6e0260>      1524911
425      Category_006 <environment: 0x7fa16b6f2848>      3198272
426      Category_006 <environment: 0x7fa16b6f9d20>      1231234
427      Category_006 <environment: 0x7fa16b705290>      1687348
428      Category_006 <environment: 0x7fa16b70e538>      1972495
429      Category_006 <environment: 0x7fa16b719530>      1987933
430      Category_006 <environment: 0x7fa16b722ab0>      2819138
431      Category_006 <environment: 0x7fa16b757ae0>      1995027
432      Category_006 <environment: 0x7fa16b7605a8>      1451722
433      Category_006 <environment: 0x7fa16b76b7d0>      1776793
434      Category_006 <environment: 0x7fa16b7768f0>      1986332
435      Category_006 <environment: 0x7fa16b78da00>       757132
436      Category_006 <environment: 0x7fa16b796d50>      1407730
437      Category_006 <environment: 0x7fa16b7d3a38>      1362333
438      Category_006 <environment: 0x7fa16b7dda38>      1151710
439      Category_006 <environment: 0x7fa16b7e6458>      1761340
440      Category_006 <environment: 0x7fa16b7f0928>      2074883
441      Category_006 <environment: 0x7fa16b7ff9c8>      1998276
442      Category_006 <environment: 0x7fa14b01a2b0>      1282669
443      Category_006 <environment: 0x7fa14b037e78>      1703088
444      Category_006 <environment: 0x7fa14b04dc48>      2914253
445      Category_006 <environment: 0x7fa14b07fcf0>      1910954
446      Category_006 <environment: 0x7fa14b08bfc8>      1406728
447      Category_006 <environment: 0x7fa14b0953c0>      1128144
448      Category_006 <environment: 0x7fa14b09ca90>      2843076
449      Category_006 <environment: 0x7fa14b0bdf90>      2587637
450      Category_006 <environment: 0x7fa14b0c50e8>       330609
451      Category_006 <environment: 0x7fa14b0d1970>      1149263
452      Category_006 <environment: 0x7fa14b0d82e8>      2705903
453      Category_006 <environment: 0x7fa14b0e34d8>      1658982
454      Category_006 <environment: 0x7fa14b0ec3c8>      1654774
455      Category_006 <environment: 0x7fa14b0f78c8>      1006349
456      Category_006 <environment: 0x7fa14b0fe9e8>      1129113
457      Category_006 <environment: 0x7fa14b108240>      1558462
458      Category_006 <environment: 0x7fa14b113970>      1528723
459      Category_006 <environment: 0x7fa14b11b0b0>      1724510
460      Category_006 <environment: 0x7fa14b1248d0>      1227210
461      Category_006 <environment: 0x7fa14b131e78>      1537935
462      Category_006 <environment: 0x7fa14b1394d8>      2734378
463      Category_006 <environment: 0x7fa14b142550>      1686828
464      Category_006 <environment: 0x7fa14b152780>       978346
465      Category_006 <environment: 0x7fa14b15df58>      1494229
466      Category_006 <environment: 0x7fa14b1679e0>      2672075
467      Category_006 <environment: 0x7fa14b179858>      2052043
468      Category_006 <environment: 0x7fa14b1899a8>      1177765
469      Category_006 <environment: 0x7fa14b1935b8>      1317446
470      Category_006 <environment: 0x7fa14b19abe0>       462453
471      Category_006 <environment: 0x7fa14b1a4978>      2343788
472      Category_006 <environment: 0x7fa14b1ba940>       857697
473      Category_006 <environment: 0x7fa14b1c7f90>      1112724
474      Category_006 <environment: 0x7fa14b1d0d68>      1079685
475      Category_006 <environment: 0x7fa14b1f7cf0>      2963296
476      Category_006 <environment: 0x7fa14b2040e0>      1595933
477      Category_006 <environment: 0x7fa14b20bf58>      1164216
478      Category_006 <environment: 0x7fa14b2132e0>      1304127
479      Category_006 <environment: 0x7fa14b21cac8>      1529225
480      Category_006 <environment: 0x7fa14b224a58>      1028654
481      Category_006 <environment: 0x7fa14b231dd0>      1149581
482      Category_006 <environment: 0x7fa14b239c48>      2711928
483      Category_006 <environment: 0x7fa14b243510>      1102023
484      Category_006 <environment: 0x7fa14b24cd68>      1737732
485      Category_006 <environment: 0x7fa14b254d30>      1893642
486      Category_006 <environment: 0x7fa14b25e780>      1215922
487      Category_006 <environment: 0x7fa14b2666d8>       993844
488      Category_006 <environment: 0x7fa14b270240>      1285515
489      Category_006 <environment: 0x7fa14b27de40>      1621907
490      Category_006 <environment: 0x7fa14b285430>      1826965
491      Category_006 <environment: 0x7fa14b28ee10>      2108556
492      Category_006 <environment: 0x7fa14b2b4da0>      1687945
493      Category_006 <environment: 0x7fa14b2e3ee8>       798938
494      Category_006 <environment: 0x7fa14b2eb350>      1860921
495      Category_006 <environment: 0x7fa14b2f2630>      1986480
496      Category_006 <environment: 0x7fa14b2ffa18>      2864007
497      Category_006 <environment: 0x7fa14b306ef0>      1395109
498      Category_006 <environment: 0x7fa14b311cb8>      1913008
499      Category_006 <environment: 0x7fa14b31abe0>      1111038
500      Category_006 <environment: 0x7fa14b3255f0>      1174665
501      Category_006 <environment: 0x7fa14b331d60>      2433578
502      Category_006 <environment: 0x7fa14b33dfc8>       756605
503      Category_006 <environment: 0x7fa14b348b00>      1294216
504      Category_006 <environment: 0x7fa14b350470>      1160836
505      Category_006 <environment: 0x7fa14b35db30>      1551352
506      Category_006 <environment: 0x7fa14b36edd8>      2208616
507      Category_006 <environment: 0x7fa14b37cc88>       789725
508      Category_006 <environment: 0x7fa14b38bd28>      1259473
509      Category_006 <environment: 0x7fa14b399b68>      1495920
510      Category_006 <environment: 0x7fa14b3a17e8>      1834473
511      Category_006 <environment: 0x7fa14b409580>      1604188
512      Category_006 <environment: 0x7fa14b412978>      1395921
513      Category_006 <environment: 0x7fa14b41d7b0>      1165121
514      Category_006 <environment: 0x7fa14b42bdd0>      1339812
515      Category_006 <environment: 0x7fa14b436668>      2172476
516      Category_006 <environment: 0x7fa14b441b30>      2262829
517      Category_006 <environment: 0x7fa14b44ad68>       871730
518      Category_006 <environment: 0x7fa14b457580>      3641728
519      Category_006 <environment: 0x7fa14b4605c0>      2442216
520      Category_006 <environment: 0x7fa14b46dac0>       947865
521      Category_006 <environment: 0x7fa14b477430>       870803
522      Category_006 <environment: 0x7fa14b47ea20>       664712
523      Category_007 <environment: 0x7fa14b48bcb8>       687953
524      Category_007 <environment: 0x7fa14b495510>       326569
525      Category_007 <environment: 0x7fa14b49cd68>       367456
526      Category_007 <environment: 0x7fa14b4a6630>       257725
527      Category_007 <environment: 0x7fa14b4ae240>      1513165
528      Category_007 <environment: 0x7fa14b4c39a8>       160168
529      Category_007 <environment: 0x7fa14b4cb200>       852883
530      Category_007 <environment: 0x7fa14b4d49e8>       163195
531      Category_007 <environment: 0x7fa14b4df740>       372354
532      Category_007 <environment: 0x7fa14b4e73f8>       375616
533      Category_007 <environment: 0x7fa14b4f0710>       463906
534      Category_007 <environment: 0x7fa14b4f8208>       289604
535      Category_007 <environment: 0x7fa14b505b30>      1143245
536      Category_007 <environment: 0x7fa14b514978>       324602
537      Category_007 <environment: 0x7fa14b520f98>       454912
538      Category_007 <environment: 0x7fa14b52a908>       435039
539      Category_007 <environment: 0x7fa14b5390b0>      1570089
540      Category_007 <environment: 0x7fa14b562000>       184012
541      Category_007 <environment: 0x7fa14b568780>       409518
542      Category_007 <environment: 0x7fa14b575c80>       263109
543      Category_007 <environment: 0x7fa14b57cd30>       420034
544      Category_007 <environment: 0x7fa14b589ba0>       732261
545      Category_007 <environment: 0x7fa14b5df4d8>       163211
546      Category_007 <environment: 0x7fa14b5efba0>       113344
547      Category_007 <environment: 0x7fa14b5f67b8>       302326
548      Category_007 <environment: 0x7fa14b603a50>      1017165
549      Category_007 <environment: 0x7fa14b60cbe0>       173917
550      Category_007 <environment: 0x7fa14b616d68>       333670
551      Category_007 <environment: 0x7fa14b620278>       420554
552      Category_007 <environment: 0x7fa14b62ceb8>       314336
553      Category_007 <environment: 0x7fa14b634470>       504031
554      Category_007 <environment: 0x7fa14b641698>       258578
555      Category_007 <environment: 0x7fa14b652da0>       211754
556      Category_007 <environment: 0x7fa14b65a6d8>       761053
557      Category_007 <environment: 0x7fa14b667e78>       816905
558      Category_007 <environment: 0x7fa14b6713f8>       527019
559      Category_007 <environment: 0x7fa14b6783c8>       457824
560      Category_007 <environment: 0x7fa14b687628>       116144
561      Category_007 <environment: 0x7fa14b694b38>       277956
562      Category_007 <environment: 0x7fa14b69e208>      1021493
563      Category_007 <environment: 0x7fa14b6d3e78>       130922
564      Category_007 <environment: 0x7fa14b6e5318>       513087
565      Category_007 <environment: 0x7fa14b6f5ba0>       369051
566      Category_007 <environment: 0x7fa14b700898>       591771
567      Category_007 <environment: 0x7fa14b708278>       474616
568      Category_007 <environment: 0x7fa14b725008>       701120
569      Category_007 <environment: 0x7fa14b72f0e8>       483316
570      Category_007 <environment: 0x7fa14b73b9a8>       394629
571      Category_007 <environment: 0x7fa14b743858>       471334
572      Category_007 <environment: 0x7fa14b74d0b0>       221305
573      Category_007 <environment: 0x7fa14b75ccf8>       696926
574      Category_007 <environment: 0x7fa14b7643c8>        68709
575      Category_007 <environment: 0x7fa14b772070>        29619
576      Category_007 <environment: 0x7fa14b77c038>       907845
577      Category_007 <environment: 0x7fa14b783778>       489345
578      Category_007 <environment: 0x7fa14b78c630>       439553
579      Category_007 <environment: 0x7fa14b7945f8>       936810
580      Category_007 <environment: 0x7fa14b79e550>       548995
581      Category_007 <environment: 0x7fa14b7ab318>       153754
582      Category_007 <environment: 0x7fa14b7b32e0>       783555
583      Category_007 <environment: 0x7fa14b7bada0>      1742317
584      Category_007 <environment: 0x7fa14b7c4b38>       488381
585      Category_007 <environment: 0x7fa14b7ccb00>       365016
586      Category_007 <environment: 0x7fa14b7d49b0>       504043
587      Category_007 <environment: 0x7fa14b7de2e8>       616726
588      Category_007 <environment: 0x7fa14b7e6400>       436048
589      Category_007 <environment: 0x7fa14b7ee208>       724257
590      Category_007 <environment: 0x7fa14b7fb468>       395049
591      Category_007 <environment: 0x7fa14b80d580>       548336
592      Category_007 <environment: 0x7fa14b815388>       730022
593      Category_007 <environment: 0x7fa14b81f2e0>       205331
594      Category_007 <environment: 0x7fa14b826f98>       604305
595      Category_007 <environment: 0x7fa14b830cf8>       595445
596      Category_007 <environment: 0x7fa14b838cc0>       883483
597      Category_007 <environment: 0x7fa14b842b38>       125483
598      Category_007 <environment: 0x7fa14b84deb0>       344506
599      Category_007 <environment: 0x7fa14b857e78>       506535
600      Category_007 <environment: 0x7fa14b861bd8>      1206897
601      Category_007 <environment: 0x7fa14b869820>       352684
602      Category_007 <environment: 0x7fa14b8737e8>       345913
603      Category_007 <environment: 0x7fa14b87a5c0>       209258
604      Category_007 <environment: 0x7fa14b8880a8>       322367
605      Category_007 <environment: 0x7fa14b88c2b0>       257233
606      Category_007 <environment: 0x7fa14b898eb8>       378073
607      Category_007 <environment: 0x7fa14b8a5350>       359597
608      Category_007 <environment: 0x7fa14b8bfd60>       700010
609      Category_007 <environment: 0x7fa14b8cce10>       921339
610      Category_007 <environment: 0x7fa14b8d4cc0>       186704
611      Category_007 <environment: 0x7fa14b8e4dd8>       438980
612      Category_007 <environment: 0x7fa14b8f1e78>       206354
613      Category_007 <environment: 0x7fa14b8f9ee8>       330068
614      Category_007 <environment: 0x7fa14b904038>      1200961
615      Category_007 <environment: 0x7fa14b908278>       431837
616      Category_007 <environment: 0x7fa14b9103c8>       529948
617      Category_007 <environment: 0x7fa14b91a4a8>       787652
618      Category_007 <environment: 0x7fa14b9225f8>       612502
619      Category_007 <environment: 0x7fa14b92c748>       521633
620      Category_007 <environment: 0x7fa14b934898>       485351
621      Category_007 <environment: 0x7fa14b93e9e8>       381122
622      Category_007 <environment: 0x7fa14b946b38>       559787
623      Category_007 <environment: 0x7fa14b950c88>       988191
624      Category_007 <environment: 0x7fa14b958b00>       423942
625      Category_007 <environment: 0x7fa14b962c50>       276312
626      Category_007 <environment: 0x7fa14b96cda0>       448059
627      Category_007 <environment: 0x7fa14b974ef0>        18538
628      Category_007 <environment: 0x7fa14b97ee80>      1088715
629      Category_007 <environment: 0x7fa14b986f98>       351896
630      Category_007 <environment: 0x7fa14b9910b0>       732663
631      Category_007 <environment: 0x7fa14b999158>       407806
632      Category_007 <environment: 0x7fa14b9accc0>       506282
633      Category_007 <environment: 0x7fa14b9b69b0>       546118
634      Category_007 <environment: 0x7fa14b9c09e8>       820200
635      Category_007 <environment: 0x7fa14b9c8898>       581896
636      Category_007 <environment: 0x7fa14b9d0908>       715090
637      Category_007 <environment: 0x7fa14b9dd708>       534125
638      Category_007 <environment: 0x7fa14b9e5778>      1017846
639      Category_007 <environment: 0x7fa14b9ed890>       431907
640      Category_007 <environment: 0x7fa14b9f79e0>       612295
641      Category_007 <environment: 0x7fa14b9ffb30>      1013887
642      Category_007 <environment: 0x7fa14ba078c8>       259500
643      Category_007 <environment: 0x7fa14ba0f9a8>       304688
644      Category_007 <environment: 0x7fa14ba24518>       437176
645      Category_007 <environment: 0x7fa14ba2e5c0>       508684
646      Category_007 <environment: 0x7fa14ba3bd98>       331410
647      Category_007 <environment: 0x7fa14ba53858>       369962
648      Category_007 <environment: 0x7fa14ba6c2b0>       681591
649      Category_007 <environment: 0x7fa14ba795f0>       714741
650      Category_007 <environment: 0x7fa14ba80dd8>       394856
651      Category_007 <environment: 0x7fa14ba8ad68>       264924
652      Category_007 <environment: 0x7fa14ba98038>       561405
653      Category_007 <environment: 0x7fa14baa0038>       775302
654      Category_007 <environment: 0x7fa14baa4208>       484051
655      Category_007 <environment: 0x7fa14bac6278>       113103
656      Category_007 <environment: 0x7fa14bad1f90>       539890
657      Category_007 <environment: 0x7fa14badbfc8>       282674
658      Category_007 <environment: 0x7fa14bae0208>       664663
659      Category_007 <environment: 0x7fa14baedf58>        52446
660      Category_007 <environment: 0x7fa14baf7d60>       465101
661      Category_007 <environment: 0x7fa14baffd28>      1274737
662      Category_007 <environment: 0x7fa14bb07e78>       166743
663      Category_007 <environment: 0x7fa14bb13c10>       233018
664      Category_007 <environment: 0x7fa14bb21cb8>       248036
665      Category_007 <environment: 0x7fa14bb2bba0>       239547
666      Category_007 <environment: 0x7fa14bb35c48>       937713
667      Category_007 <environment: 0x7fa14bb57a88>       326602
668      Category_007 <environment: 0x7fa14bb5f858>       590979
669      Category_007 <environment: 0x7fa14bb6bf90>       381507
670      Category_007 <environment: 0x7fa14bb74898>      1286532
671      Category_007 <environment: 0x7fa14bb7c390>       502841
672      Category_007 <environment: 0x7fa14bb89ac0>       145383
673      Category_007 <environment: 0x7fa14bb909e8>       233992
674      Category_007 <environment: 0x7fa14bb9f238>       932237
675      Category_007 <environment: 0x7fa14bbace48>       287792
676      Category_007 <environment: 0x7fa14bbb8470>       412471
677      Category_007 <environment: 0x7fa14bbc32e0>       332245
678      Category_007 <environment: 0x7fa14bbcae10>       774808
679      Category_007 <environment: 0x7fa14bbd4b00>        38172
680      Category_007 <environment: 0x7fa14bbdcb70>      1024676
681      Category_007 <environment: 0x7fa14bbe7b68>       312673
682      Category_007 <environment: 0x7fa14bbf1c48>       192562
683      Category_007 <environment: 0x7fa14bbf99e0>       216278
684      Category_007 <environment: 0x7fa14bc01a50>       446273
685      Category_007 <environment: 0x7fa14bc0bba0>       885064
686      Category_007 <environment: 0x7fa14bc13bd8>       604470
687      Category_007 <environment: 0x7fa14bc1b5f0>       155829
688      Category_007 <environment: 0x7fa14bc43740>       681125
689      Category_007 <environment: 0x7fa14bc4b740>       689480
690      Category_007 <environment: 0x7fa14bc556d0>       478146
691      Category_007 <environment: 0x7fa14bc5d6d0>      1640622
692      Category_007 <environment: 0x7fa14bc676d0>      1890135
693      Category_007 <environment: 0x7fa14bc717e8>       877187
694      Category_007 <environment: 0x7fa14bccf350>       577664
695      Category_007 <environment: 0x7fa14bcd7468>       114379
696      Category_007 <environment: 0x7fa14bcdf5b8>      1130181
697      Category_007 <environment: 0x7fa14bce9708>       113710
698      Category_007 <environment: 0x7fa14bcf1858>       596084
699      Category_007 <environment: 0x7fa14bcf99a8>       433703
700      Category_007 <environment: 0x7fa14bd03af8>       310775
701      Category_007 <environment: 0x7fa14bd0bc48>       104931
702      Category_007 <environment: 0x7fa14bd13740>       375690
703      Category_007 <environment: 0x7fa14bd1d820>       122757
704      Category_007 <environment: 0x7fa14bd25970>       294718
705      Category_007 <environment: 0x7fa14bd2fac0>       861685
706      Category_007 <environment: 0x7fa14bd37938>       312220
707      Category_007 <environment: 0x7fa14bd42710>       307621
708      Category_007 <environment: 0x7fa14bd4c860>       134769
709      Category_007 <environment: 0x7fa14bd549b0>       272157
710      Category_007 <environment: 0x7fa14bd5eb00>       459445
711      Category_007 <environment: 0x7fa14bd66c50>       189028
712      Category_007 <environment: 0x7fa14bd76e80>       295631
713      Category_007 <environment: 0x7fa14bd857e8>       385053
714      Category_007 <environment: 0x7fa14bd8f7e8>       783701
715      Category_007 <environment: 0x7fa14bd97938>       131633
716      Category_007 <environment: 0x7fa14bda1a88>       347897
717      Category_007 <environment: 0x7fa14bda9ba0>       136845
718      Category_007 <environment: 0x7fa14bdb2d30>      2046209
719      Category_007 <environment: 0x7fa14bdbae80>       280922
720      Category_007 <environment: 0x7fa14bdc4fd0>       628280
721      Category_007 <environment: 0x7fa14bdd0320>       307297
722      Category_007 <environment: 0x7fa14bddbe08>       210020
723      Category_007 <environment: 0x7fa14bde5f20>       724420
724      Category_007 <environment: 0x7fa14bdec2e8>       220336
725      Category_007 <environment: 0x7fa14bdf43c8>       135813
726      Category_007 <environment: 0x7fa14bdfe4e0>       247655
727      Category_007 <environment: 0x7fa14be065c0>       646059
728      Category_007 <environment: 0x7fa14be0e6a0>       553420
729      Category_007 <environment: 0x7fa14be18438>       116968
730      Category_007 <environment: 0x7fa14be29ac0>       210813
731      Category_007 <environment: 0x7fa14be33b30>       471317
732      Category_007 <environment: 0x7fa14be3ba88>       228729
733      Category_007 <environment: 0x7fa14be4bac0>       283979
734      Category_007 <environment: 0x7fa14be52cc0>       102558
735      Category_007 <environment: 0x7fa14be5c7b8>      1037268
736      Category_007 <environment: 0x7fa14be9b698>       497144
737      Category_007 <environment: 0x7fa14bea2be0>       585287
738      Category_007 <environment: 0x7fa14beacbe0>       235152
739      Category_007 <environment: 0x7fa14beb4a58>       389182
740      Category_007 <environment: 0x7fa14bec4000>       761812
741      Category_007 <environment: 0x7fa14becc0e0>       680013
742      Category_007 <environment: 0x7fa14bed40e0>       353043
743      Category_007 <environment: 0x7fa14beda2b0>       404700
744      Category_007 <environment: 0x7fa14bee4908>       945684
745      Category_007 <environment: 0x7fa14beee588>      1006405
746      Category_007 <environment: 0x7fa14bef6518>       222184
747      Category_007 <environment: 0x7fa14bf304b0>       634971
748      Category_007 <environment: 0x7fa14bf41128>       932460
749      Category_007 <environment: 0x7fa14bf4dbe0>        42190
750      Category_007 <environment: 0x7fa14bf5a270>       329656
751      Category_007 <environment: 0x7fa14bf624b0>       128521
752      Category_007 <environment: 0x7fa14bf6e8d8>       151914
753      Category_007 <environment: 0x7fa14bf786e0>       392121
754      Category_007 <environment: 0x7fa14bf85e10>       490072
755      Category_007 <environment: 0x7fa14bf8e520>       124529
756      Category_007 <environment: 0x7fa14bf9b6d8>        98871
757      Category_007 <environment: 0x7fa14bfb49f0>      1423012
758      Category_007 <environment: 0x7fa14bfdd8c0>       445709
759      Category_007 <environment: 0x7fa14bfe5070>       488001
760      Category_007 <environment: 0x7fa14c01c828>       201057
761      Category_007 <environment: 0x7fa14c027a50>       739498
762      Category_007 <environment: 0x7fa14c031008>       258341
763      Category_007 <environment: 0x7fa14c03f438>       225740
764      Category_007 <environment: 0x7fa14c063088>       186648
765      Category_007 <environment: 0x7fa14c06f030>       355509
766      Category_007 <environment: 0x7fa14c091df0>       776558
767      Category_007 <environment: 0x7fa14c0b5800>       767182
768      Category_007 <environment: 0x7fa14c0c1ec8>        75297
769      Category_007 <environment: 0x7fa14c0cfaa8>       345613
770      Category_007 <environment: 0x7fa14c1237b8>       868491
771      Category_007 <environment: 0x7fa14c12ac90>       292662
772      Category_007 <environment: 0x7fa14c135320>       190060
773      Category_007 <environment: 0x7fa14c169ae0>       326094
774      Category_007 <environment: 0x7fa14c174e20>       922321
775      Category_007 <environment: 0x7fa14c17e608>       206650
776      Category_007 <environment: 0x7fa14c195e28>       441421
777      Category_007 <environment: 0x7fa14c54c338>       249135
778      Category_007 <environment: 0x7fa14c564220>       256320
779      Category_007 <environment: 0x7fa14c56da08>       431547
780      Category_007 <environment: 0x7fa14c57ea70>       233376
781      Category_007 <environment: 0x7fa14c5a3528>       314232
782      Category_007 <environment: 0x7fa14c5af480>       741318
783      Category_007 <environment: 0x7fa14c5d5640>        97993
784      Category_019 <environment: 0x7fa14c651138>     13685930
785      Category_019 <environment: 0x7fa14c6b9fb8>     14223951
786      Category_019 <environment: 0x7fa14c6fb8a8>     13488881
787      Category_019 <environment: 0x7fa14c721c70>     10814476
788      Category_019 <environment: 0x7fa14c73b838>     17975601
789      Category_019 <environment: 0x7fa14c7454b8>     21091853
790      Category_019 <environment: 0x7fa14c74e028>     14856372
791      Category_019 <environment: 0x7fa14c763df8>     17068654
792      Category_019 <environment: 0x7fa14c775b90>     19587845
793      Category_019 <environment: 0x7fa14c781870>     19419962
794      Category_019 <environment: 0x7fa14c78b6b0>     13458086
795      Category_019 <environment: 0x7fa14c79af40>     11977347
796      Category_019 <environment: 0x7fa14c7a4db8>     17571590
797      Category_019 <environment: 0x7fa14c7acbf8>     16726125
798      Category_019 <environment: 0x7fa14c7b4bc0>     12855956
799      Category_019 <environment: 0x7fa14c7beb50>     15996266
800      Category_019 <environment: 0x7fa14c7c6680>     15238812
801      Category_019 <environment: 0x7fa14c7ce680>      8823136
802      Category_019 <environment: 0x7fa14c7d8648>     20052897
803      Category_019 <environment: 0x7fa14c7e25d8>     15882371
804      Category_019 <environment: 0x7fa14c7ec610>     16087036
805      Category_019 <environment: 0x7fa14c7f4610>     15679670
806      Category_019 <environment: 0x7fa13a80c438>     15050629
807      Category_019 <environment: 0x7fa13a816400>     18817202
808      Category_019 <environment: 0x7fa13a820390>     16333569
809      Category_019 <environment: 0x7fa13a82a320>     15205455
810      Category_019 <environment: 0x7fa13a832320>     23010987
811      Category_019 <environment: 0x7fa13a83c320>     14494486
812      Category_019 <environment: 0x7fa13a8442b0>     13299365
813      Category_019 <environment: 0x7fa13a84c240>     17889242
814      Category_019 <environment: 0x7fa13a854278>     16814998
815      Category_019 <environment: 0x7fa13a85e2b0>     14126358
816      Category_019 <environment: 0x7fa13a86a0e0>      7165404
817      Category_019 <environment: 0x7fa13a8720e0>     15633962
818      Category_019 <environment: 0x7fa13a87c0e0>     14214282
819      Category_019 <environment: 0x7fa13a884070>     15486407
820      Category_019 <environment: 0x7fa13a88e038>     14675314
821      Category_019 <environment: 0x7fa13a895fc8>     10344153
822      Category_019 <environment: 0x7fa13a89fc10>     11025308
823      Category_019 <environment: 0x7fa13a8a7a18>     16702645
824      Category_019 <environment: 0x7fa13a8b17e8>     15792184
825      Category_019 <environment: 0x7fa13a8c5628>     14452364
826      Category_019 <environment: 0x7fa13a8ce7b8>     13841909
827      Category_019 <environment: 0x7fa13a8d84e0>     15638775
828      Category_019 <environment: 0x7fa13a8e04a8>     16264749
829      Category_019 <environment: 0x7fa13a8ebac0>     11796153
830      Category_019 <environment: 0x7fa13a8f55b8>     11790010
831      Category_019 <environment: 0x7fa13a8fd0b0>     18201288
832      Category_019 <environment: 0x7fa13a904710>     18273160
833      Category_019 <environment: 0x7fa13a911e40>     15911228
834      Category_019 <environment: 0x7fa13a919d28>     13193435
835      Category_019 <environment: 0x7fa13a921cb8>     12059483
836      Category_019 <environment: 0x7fa13a929c48>      7041563
837      Category_019 <environment: 0x7fa13a933b30>     18950215
838      Category_019 <environment: 0x7fa13a93afd0>     16384554
839      Category_019 <environment: 0x7fa13a9474a0>     17163745
840      Category_019 <environment: 0x7fa13a9596d0>     17247307
841      Category_019 <environment: 0x7fa13a965ee8>     19217241
842      Category_019 <environment: 0x7fa13a96ce80>     11547386
843      Category_019 <environment: 0x7fa13a976a58>     13732250
844      Category_019 <environment: 0x7fa13a97e780>     14555379
845      Category_019 <environment: 0x7fa13a98d190>     17954797
846      Category_019 <environment: 0x7fa13a997d98>     18792749
847      Category_019 <environment: 0x7fa13a9acda0>     13421712
848      Category_019 <environment: 0x7fa13a9ba278>     14387836
849      Category_019 <environment: 0x7fa13a9cd938>     18811468
850      Category_019 <environment: 0x7fa13a9df7e8>     14135559
851      Category_019 <environment: 0x7fa13a9e8b70>     15831964
852      Category_019 <environment: 0x7fa13aa34668>     17814226
853      Category_019 <environment: 0x7fa13aa3c470>     10764630
854      Category_019 <environment: 0x7fa13aa4a0e0>     15364200
855      Category_019 <environment: 0x7fa13aa51bd8>     15833484
856      Category_019 <environment: 0x7fa13aa59200>     13131425
857      Category_019 <environment: 0x7fa13aa64828>     16655491
858      Category_019 <environment: 0x7fa13aa6c748>     17984990
859      Category_019 <environment: 0x7fa13aa745c0>     16211884
860      Category_019 <environment: 0x7fa13aaa3eb0>     13480840
861      Category_019 <environment: 0x7fa13aab1580>     15552722
862      Category_019 <environment: 0x7fa13aace038>     16010317
863      Category_019 <environment: 0x7fa13aad57e8>     13054846
864      Category_019 <environment: 0x7fa13aae16d0>     15270554
865      Category_019 <environment: 0x7fa13aaed120>     17970341
866      Category_019 <environment: 0x7fa13aaf4780>     18549401
867      Category_019 <environment: 0x7fa13ab07628>     15289184
868      Category_019 <environment: 0x7fa13ab0e748>      8598961
869      Category_019 <environment: 0x7fa13ab2acc0>     17660309
870      Category_019 <environment: 0x7fa13ab349e8>     14353152
871      Category_019 <environment: 0x7fa13ab4e4e0>     20360785
872      Category_019 <environment: 0x7fa13ab5b2a8>     14889263
873      Category_019 <environment: 0x7fa13ab65008>     12212447
874      Category_019 <environment: 0x7fa13ab6fcb8>     14992058
875      Category_019 <environment: 0x7fa13ab7dbd8>     18127456
876      Category_019 <environment: 0x7fa13ab8ceb8>     22898572
877      Category_019 <environment: 0x7fa13ab99190>     13371100
878      Category_019 <environment: 0x7fa13abb2070>     17328618
879      Category_019 <environment: 0x7fa13abbc070>     17664929
880      Category_019 <environment: 0x7fa13abc3388>     16705489
881      Category_019 <environment: 0x7fa13abd0070>     19894184
882      Category_019 <environment: 0x7fa13abd8038>     17644209
883      Category_019 <environment: 0x7fa13abe1f58>     20513659
884      Category_019 <environment: 0x7fa13abebeb0>     17764596
885      Category_019 <environment: 0x7fa13abf5d98>     15948338
886      Category_019 <environment: 0x7fa13abfd820>     19421374
887      Category_019 <environment: 0x7fa13ac076d0>     15883818
888      Category_019 <environment: 0x7fa13ac0f628>      3823071
889      Category_019 <environment: 0x7fa13ac195f0>     21350671
890      Category_019 <environment: 0x7fa13ac215f0>     16191261
891      Category_019 <environment: 0x7fa13ac29548>     19654708
892      Category_019 <environment: 0x7fa13ac33468>     12843991
893      Category_019 <environment: 0x7fa13ac3b0e8>     15506049
894      Category_019 <environment: 0x7fa13ac42f98>     18605004
895      Category_019 <environment: 0x7fa13ac4eef0>     17535761
896      Category_019 <environment: 0x7fa13ac5ef40>     16418448
897      Category_019 <environment: 0x7fa13ac66ed0>     17574868
898      Category_019 <environment: 0x7fa13ac7a130>     17392392
899      Category_019 <environment: 0x7fa13ac81e90>     21297898
900      Category_019 <environment: 0x7fa13ac89c28>     18926899
901      Category_019 <environment: 0x7fa13ac95640>     20717608
902      Category_019 <environment: 0x7fa13ac9d218>     16240827
903      Category_019 <environment: 0x7fa13aca5090>     17808011
904      Category_019 <environment: 0x7fa13acb46e0>     16263292
905      Category_019 <environment: 0x7fa13acbbdb0>     15736283
906      Category_019 <environment: 0x7fa13acc3b10>     12847673
907      Category_019 <environment: 0x7fa13acccb88>     18222618
908      Category_019 <environment: 0x7fa13acd6958>     19300944
909      Category_019 <environment: 0x7fa13acf10c8>     14305296
910      Category_019 <environment: 0x7fa13acfdc60>     18679631
911      Category_019 <environment: 0x7fa13ad0a6a8>     17553941
912      Category_019 <environment: 0x7fa13ad12590>     20339284
913      Category_019 <environment: 0x7fa13ad1c4e8>     16641363
914      Category_019 <environment: 0x7fa13ad3f1e0>     17844129
915      Category_019 <environment: 0x7fa13ad55410>     16065129
916      Category_019 <environment: 0x7fa13ad5d3a0>     20009261
917      Category_019 <environment: 0x7fa13ad66990>     15786726
918      Category_019 <environment: 0x7fa13ad77560>     19664525
919      Category_019 <environment: 0x7fa13ad846e0>     15290126
920      Category_019 <environment: 0x7fa13adaa840>      7480633
921      Category_019 <environment: 0x7fa13adc5ec8>     13754435
922      Category_019 <environment: 0x7fa13afaad48>     14402359
923      Category_019 <environment: 0x7fa13afb58a8>     16925588
924      Category_019 <environment: 0x7fa13afbea70>     18871842
925      Category_019 <environment: 0x7fa13afcb058>     17919214
926      Category_019 <environment: 0x7fa13afe26a8>     14599426
927      Category_019 <environment: 0x7fa13aff00c0>     17401238
928      Category_019 <environment: 0x7fa13aff7fe0>     16152810
929      Category_019 <environment: 0x7fa13b0098c8>     14752541
930      Category_019 <environment: 0x7fa13b013858>     17209206
931      Category_019 <environment: 0x7fa13b01b468>     19104484
932      Category_019 <environment: 0x7fa13b02a7b8>     17641861
933      Category_019 <environment: 0x7fa13b0344a8>     17795095
934      Category_019 <environment: 0x7fa13b063eb0>     17593505
935      Category_019 <environment: 0x7fa13b06ac18>     18745836
936      Category_019 <environment: 0x7fa13b074780>     25166340
937      Category_019 <environment: 0x7fa13b07c208>     19292290
938      Category_019 <environment: 0x7fa13b0880e0>     18539796
939      Category_019 <environment: 0x7fa13b093d98>     12851387
940      Category_019 <environment: 0x7fa13b09bc10>      3190812
941      Category_019 <environment: 0x7fa13b0a5900>     24389498
942      Category_019 <environment: 0x7fa13b0ad4d8>     18032022
943      Category_019 <environment: 0x7fa13b0bfcb8>     20183321
944      Category_019 <environment: 0x7fa13b0cd388>     21924884
945      Category_019 <environment: 0x7fa13b0d6b70>     18824574
946      Category_019 <environment: 0x7fa13b0e1d60>     18487562
947      Category_019 <environment: 0x7fa13b0f4ba8>     15709019
948      Category_019 <environment: 0x7fa13b101900>     15812086
949      Category_019 <environment: 0x7fa13b10daf8>     17741885
950      Category_019 <environment: 0x7fa13b114ef0>     20796635
951      Category_019 <environment: 0x7fa13b11e3c8>     15768104
952      Category_019 <environment: 0x7fa13b12aeb8>     21000341
953      Category_019 <environment: 0x7fa13b1359a8>     21279928
954      Category_019 <environment: 0x7fa13b13e550>     15496156
955      Category_019 <environment: 0x7fa13b149f20>     15304333
956      Category_019 <environment: 0x7fa13b151e78>     19363538
957      Category_019 <environment: 0x7fa13b159a88>     15527758
958      Category_019 <environment: 0x7fa13b168630>     12662589
959      Category_019 <environment: 0x7fa13b173e08>     16339273
960      Category_019 <environment: 0x7fa13b186860>     20023111
961      Category_019 <environment: 0x7fa13b19d008>     16285277
962      Category_019 <environment: 0x7fa13b1a67b8>     15747828
963      Category_019 <environment: 0x7fa13b1b5190>     17500917
964      Category_019 <environment: 0x7fa13b1bcfd0>     17203942
965      Category_019 <environment: 0x7fa13b1c6b00>     17706355
966      Category_019 <environment: 0x7fa13b1ce6d8>     25211183
967      Category_019 <environment: 0x7fa13b1dfba0>     14933777
968      Category_019 <environment: 0x7fa13b1e7820>     19638789
969      Category_019 <environment: 0x7fa13b211cb8>     16744063
970      Category_019 <environment: 0x7fa13b21fc48>     20282635
971      Category_019 <environment: 0x7fa13b226a58>     20701464
972      Category_019 <environment: 0x7fa13b2369b0>      7993991
973      Category_019 <environment: 0x7fa13b243b68>     19998267
974      Category_019 <environment: 0x7fa13b24b660>     14620684
975      Category_019 <environment: 0x7fa13b2532a8>     21011304
976      Category_019 <environment: 0x7fa13b25d270>     19276603
977      Category_019 <environment: 0x7fa13b264c88>     14493115
978      Category_019 <environment: 0x7fa13b272c18>      9469484
979      Category_019 <environment: 0x7fa13b280b38>     19168283
980      Category_019 <environment: 0x7fa13b28bf90>     20262454
981      Category_019 <environment: 0x7fa13b2a9970>     15761527
982      Category_019 <environment: 0x7fa13b2b5f58>     15435767
983      Category_019 <environment: 0x7fa13b2bd628>     15797656
984      Category_019 <environment: 0x7fa13b2cc5f8>     14432907
985      Category_019 <environment: 0x7fa13b2dbee8>     15567490
986      Category_019 <environment: 0x7fa13b348dd8>     16954444
987      Category_019 <environment: 0x7fa13b350748>     14039200
988      Category_019 <environment: 0x7fa13b35ca90>     18149258
989      Category_019 <environment: 0x7fa13b369970>     19085739
990      Category_019 <environment: 0x7fa13b3929e8>     17385033
991      Category_019 <environment: 0x7fa13b39a7b8>     14239107
992      Category_019 <environment: 0x7fa13b3a4630>      7350998
993      Category_019 <environment: 0x7fa13b3b04a8>     16914266
994      Category_019 <environment: 0x7fa13b3ef660>     17439213
995      Category_019 <environment: 0x7fa13b3f6400>     19041651
996      Category_019 <environment: 0x7fa13b40f0e8>     12308274
997      Category_019 <environment: 0x7fa13b416ba8>     18963210
998      Category_019 <environment: 0x7fa13b420908>     10464392
999      Category_019 <environment: 0x7fa13b428630>     12611772
1000     Category_019 <environment: 0x7fa13b430358>     13670173
1001     Category_019 <environment: 0x7fa13b44b7b0>     18570315
1002     Category_019 <environment: 0x7fa13b4533c0>     16047002
1003     Category_019 <environment: 0x7fa13b45aef0>     20168838
1004     Category_019 <environment: 0x7fa15bdbc340>     14117064
1005     Category_019 <environment: 0x7fa13b5c3838>     16351736
1006     Category_019 <environment: 0x7fa15b4d9888>     16298618
1007     Category_019 <environment: 0x7fa19afe6f58>     14419089
1008     Category_019 <environment: 0x7fa15bd53478>     16363229
1009     Category_019 <environment: 0x7fa13bf9efe0>     13405741
1010     Category_019 <environment: 0x7fa13c0e73a8>      9636963
1011     Category_019 <environment: 0x7fa13afde808>     18456110
1012     Category_019 <environment: 0x7fa13b45f740>     15869474
1013     Category_019 <environment: 0x7fa15a839188>     16641908
1014     Category_019 <environment: 0x7fa14c179b18>     16012034
1015     Category_019 <environment: 0x7fa13b702100>     15142555
1016     Category_019 <environment: 0x7fa15c011cf0>     12011557
1017     Category_019 <environment: 0x7fa18c4c70e0>     15573466
1018     Category_019 <environment: 0x7fa18c46fef0>     17800484
1019     Category_019 <environment: 0x7fa18c459780>     19060642
1020     Category_019 <environment: 0x7fa18c43ac40>     14469315
1021     Category_019 <environment: 0x7fa18c434680>     14626519
1022     Category_019 <environment: 0x7fa18c425ce0>     23214084
1023     Category_019 <environment: 0x7fa18c41eaa8>     17691749
1024     Category_019 <environment: 0x7fa18c4116f8>     12022160
1025     Category_019 <environment: 0x7fa18c40a648>     11480016
1026     Category_019 <environment: 0x7fa18c3ff1f0>     15421303
1027     Category_019 <environment: 0x7fa18c3f1ea0>     15245060
1028     Category_019 <environment: 0x7fa18c3e5df8>     14014417
1029     Category_019 <environment: 0x7fa18c3b0920>     12774541
1030     Category_019 <environment: 0x7fa18c3a6060>     11545493
1031     Category_019 <environment: 0x7fa18c39e0d0>     19288874
1032     Category_019 <environment: 0x7fa15ba35238>     14267335
1033     Category_019 <environment: 0x7fa15ba2b778>     17711158
1034     Category_019 <environment: 0x7fa15ba1e070>     18111904
1035     Category_019 <environment: 0x7fa15ba10400>     16125720
1036     Category_019 <environment: 0x7fa15ba05660>     15478625
1037     Category_019 <environment: 0x7fa15b9fdba0>     17939514
1038     Category_019 <environment: 0x7fa15b9f4000>     16303251
1039     Category_019 <environment: 0x7fa15b9e8cf8>     17053998
1040     Category_019 <environment: 0x7fa15b9d33c0>     20253370
1041     Category_019 <environment: 0x7fa15b9acf28>     18314466
1042     Category_019 <environment: 0x7fa15b9a0978>     16450229
1043     Category_019 <environment: 0x7fa15b9992a8>     15482871
1044     Category_019 <environment: 0x7fa15b98ca58>      7239676
1045     Category_028 <environment: 0x7fa15b984cf8>       106139
1046     Category_028 <environment: 0x7fa15b97b740>       121582
1047     Category_028 <environment: 0x7fa15b96ab00>       122792
1048     Category_028 <environment: 0x7fa15b960a90>        84103
1049     Category_028 <environment: 0x7fa15b955778>       104419
1050     Category_028 <environment: 0x7fa15b8c7548>       114419
1051     Category_028 <environment: 0x7fa15b8b8d30>       127128
1052     Category_028 <environment: 0x7fa15b8afb30>       110036
1053     Category_028 <environment: 0x7fa15b8758c8>       107950
1054     Category_028 <environment: 0x7fa15b868278>       185543
1055     Category_028 <environment: 0x7fa15b812a58>       148934
1056     Category_028 <environment: 0x7fa15b808320>       113525
1057     Category_028 <environment: 0x7fa19aff8f20>        84103
1058     Category_028 <environment: 0x7fa19afe9898>        85446
1059     Category_028 <environment: 0x7fa15b518748>       105966
1060     Category_028 <environment: 0x7fa15b4e07d8>        81976
1061     Category_028 <environment: 0x7fa15b4be030>        97391
1062     Category_028 <environment: 0x7fa15b4b6c70>        44771
1063     Category_028 <environment: 0x7fa15b4ab2a0>        48073
1064     Category_028 <environment: 0x7fa15b2adf60>       200501
1065     Category_028 <environment: 0x7fa15b290578>       407361
1066     Category_028 <environment: 0x7fa15b214c00>        85118
1067     Category_028 <environment: 0x7fa15b1fc238>       611556
1068     Category_028 <environment: 0x7fa15afae3c0>        62992
1069     Category_028 <environment: 0x7fa15ad2bd98>       152851
1070     Category_028 <environment: 0x7fa15ad207a8>       316914
1071     Category_028 <environment: 0x7fa15ad140e0>       267120
1072     Category_028 <environment: 0x7fa15ad09580>       277876
1073     Category_028 <environment: 0x7fa15acf7238>       157978
1074     Category_028 <environment: 0x7fa15ace83b8>        98632
1075     Category_028 <environment: 0x7fa15acda310>        81723
1076     Category_028 <environment: 0x7fa15ab96de8>       223773
1077     Category_028 <environment: 0x7fa15ab84d40>       105215
1078     Category_028 <environment: 0x7fa15ab79130>       162854
1079     Category_028 <environment: 0x7fa15ab6edb0>        88280
1080     Category_028 <environment: 0x7fa15ab62838>       266740
1081     Category_028 <environment: 0x7fa15ab55440>       199203
1082     Category_028 <environment: 0x7fa15ab4dc90>       226312
1083     Category_028 <environment: 0x7fa15ab09f68>        98320
1084     Category_028 <environment: 0x7fa15aaff830>       260341
1085     Category_028 <environment: 0x7fa15aa77608>       133352
1086     Category_028 <environment: 0x7fa15aa6c4b0>       324982
1087     Category_028 <environment: 0x7fa15aa646e0>        96929
1088     Category_028 <environment: 0x7fa15aa3a638>       175753
1089     Category_028 <environment: 0x7fa15aa2ec58>        70651
1090     Category_028 <environment: 0x7fa15a9fd720>        59341
1091     Category_028 <environment: 0x7fa15a9c7098>        74026
1092     Category_028 <environment: 0x7fa15a9a7bc8>        71505
1093     Category_028 <environment: 0x7fa15a99a5d8>       103679
1094     Category_028 <environment: 0x7fa15a98d848>       376458
1095     Category_028 <environment: 0x7fa15a981d50>       133108
1096     Category_028 <environment: 0x7fa15a976ff8>        44167
1097     Category_028 <environment: 0x7fa15a96bd88>       133002
1098     Category_028 <environment: 0x7fa15a93fea0>       182484
1099     Category_028 <environment: 0x7fa15a9331f0>       119555
1100     Category_028 <environment: 0x7fa15a92c6b8>       169764
1101     Category_028 <environment: 0x7fa15a920610>       237158
1102     Category_028 <environment: 0x7fa15a900530>       375073
1103     Category_028 <environment: 0x7fa15a88fc80>        48569
1104     Category_028 <environment: 0x7fa15a87a548>       192677
1105     Category_028 <environment: 0x7fa15a85bb98>       145490
1106     Category_028 <environment: 0x7fa15a82d700>       113945
1107     Category_028 <environment: 0x7fa19bd56be8>        64552
1108     Category_028 <environment: 0x7fa18a97e7d8>       149625
1109     Category_028 <environment: 0x7fa16b373108>       113848
1110     Category_028 <environment: 0x7fa16b391c40>       244582
1111     Category_028 <environment: 0x7fa16b3d6ae8>       145118
1112     Category_028 <environment: 0x7fa16b3fae30>       209633
1113     Category_028 <environment: 0x7fa16b404ab0>       142758
1114     Category_028 <environment: 0x7fa16b40c308>        53195
1115     Category_028 <environment: 0x7fa16b414030>       292098
1116     Category_028 <environment: 0x7fa16b41dd90>       124567
1117     Category_028 <environment: 0x7fa16b42a110>       105247
1118     Category_028 <environment: 0x7fa16b434b20>       126839
1119     Category_028 <environment: 0x7fa16b454b90>       196229
1120     Category_028 <environment: 0x7fa16b45de70>       119110
1121     Category_028 <environment: 0x7fa16b476f80>       123806
1122     Category_028 <environment: 0x7fa16b48f4c0>       223047
1123     Category_028 <environment: 0x7fa16b49b6f0>       187542
1124     Category_028 <environment: 0x7fa16b4a3418>       164151
1125     Category_028 <environment: 0x7fa16b4b0688>       154113
1126     Category_028 <environment: 0x7fa16b4b8618>       154775
1127     Category_028 <environment: 0x7fa16b4c1f18>       200558
1128     Category_028 <environment: 0x7fa16b4cce68>       177929
1129     Category_028 <environment: 0x7fa16b4d4928>       147835
1130     Category_028 <environment: 0x7fa16b4e1990>       216361
1131     Category_028 <environment: 0x7fa16b4eb990>       346139
1132     Category_028 <environment: 0x7fa16b4f45a8>       132567
1133     Category_028 <environment: 0x7fa16b504928>       206774
1134     Category_028 <environment: 0x7fa16b524420>       273559
1135     Category_028 <environment: 0x7fa16b52e0a0>       263046
1136     Category_028 <environment: 0x7fa16b5380d8>       211688
1137     Category_028 <environment: 0x7fa16b550ea0>       255801
1138     Category_028 <environment: 0x7fa16b55ae68>        95908
1139     Category_028 <environment: 0x7fa16b562960>       201013
1140     Category_028 <environment: 0x7fa16b56c730>       283894
1141     Category_028 <environment: 0x7fa16b5780a0>       128988
1142     Category_028 <environment: 0x7fa16b5839c8>       228473
1143     Category_028 <environment: 0x7fa16b58d7d0>       171975
1144     Category_028 <environment: 0x7fa16b5953a8>       145906
1145     Category_028 <environment: 0x7fa16b59f338>       264977
1146     Category_028 <environment: 0x7fa16b5a8df8>       128454
1147     Category_028 <environment: 0x7fa16b5b0dc0>       117249
1148     Category_028 <environment: 0x7fa16b5bab90>       141228
1149     Category_028 <environment: 0x7fa16b5c1ee0>       133804
1150     Category_028 <environment: 0x7fa16b5cd958>       166437
1151     Category_028 <environment: 0x7fa16b5d6848>       199690
1152     Category_028 <environment: 0x7fa16b5de5e0>       143576
1153     Category_028 <environment: 0x7fa16b5e5d20>        81957
1154     Category_028 <environment: 0x7fa16b5f3610>       142367
1155     Category_028 <environment: 0x7fa16b5fb220>       141675
1156     Category_028 <environment: 0x7fa16b602ff0>       410440
1157     Category_028 <environment: 0x7fa16b61d290>       207489
1158     Category_028 <environment: 0x7fa16b627258>       250156
1159     Category_028 <environment: 0x7fa16b62f290>       299862
1160     Category_028 <environment: 0x7fa16b639d90>       123067
1161     Category_028 <environment: 0x7fa16b64e298>       257540
1162     Category_028 <environment: 0x7fa16b657dc8>       247338
1163     Category_028 <environment: 0x7fa16b6658b0>       133000
1164     Category_028 <environment: 0x7fa16b670f80>       212576
1165     Category_028 <environment: 0x7fa16b67ce68>        96969
1166     Category_028 <environment: 0x7fa16b69b680>        77824
1167     Category_028 <environment: 0x7fa16b6a4c70>       162910
1168     Category_028 <environment: 0x7fa16b6ac500>       151747
1169     Category_028 <environment: 0x7fa16b6b9418>       191714
1170     Category_028 <environment: 0x7fa16b6c0ce0>       211403
1171     Category_028 <environment: 0x7fa16b6c87d8>       113115
1172     Category_028 <environment: 0x7fa16b6d1ce8>       101798
1173     Category_028 <environment: 0x7fa16b6dcdf8>       190653
1174     Category_028 <environment: 0x7fa16b6e4458>        99371
1175     Category_028 <environment: 0x7fa16b6f68f0>       161578
1176     Category_028 <environment: 0x7fa16b6fdc78>       154483
1177     Category_028 <environment: 0x7fa16b709098>       107946
1178     Category_028 <environment: 0x7fa16b711ce8>       225157
1179     Category_028 <environment: 0x7fa16b71cf80>        69773
1180     Category_028 <environment: 0x7fa16b725e70>       162387
1181     Category_028 <environment: 0x7fa16b75aae8>        99669
1182     Category_028 <environment: 0x7fa16b763ea8>       212734
1183     Category_028 <environment: 0x7fa16b772ce0>       249657
1184     Category_028 <environment: 0x7fa16b7840a0>       169043
1185     Category_028 <environment: 0x7fa16b792b58>       223737
1186     Category_028 <environment: 0x7fa16b7ca1b8>       286795
1187     Category_028 <environment: 0x7fa16b7d95a0>       114959
1188     Category_028 <environment: 0x7fa16b7e0260>       221761
1189     Category_028 <environment: 0x7fa16b7ec810>       338445
1190     Category_028 <environment: 0x7fa16b7f6ff0>        97176
1191     Category_028 <environment: 0x7fa14b012f98>       184423
1192     Category_028 <environment: 0x7fa14b031dd0>       137260
1193     Category_028 <environment: 0x7fa14b040d30>       342327
1194     Category_028 <environment: 0x7fa14b06fd98>       294114
1195     Category_028 <environment: 0x7fa14b0876d0>        75891
1196     Category_028 <environment: 0x7fa14b08e860>       666541
1197     Category_028 <environment: 0x7fa14b09b6d0>       265079
1198     Category_028 <environment: 0x7fa14b0b9820>       250671
1199     Category_028 <environment: 0x7fa14b0c3b68>       105554
1200     Category_028 <environment: 0x7fa14b0cc828>        49218
1201     Category_028 <environment: 0x7fa14b0d7008>        87152
1202     Category_028 <environment: 0x7fa14b0e20e0>       369270
1203     Category_028 <environment: 0x7fa14b0eb078>       132603
1204     Category_028 <environment: 0x7fa14b0f5e08>       215319
1205     Category_028 <environment: 0x7fa14b0fcfd0>       169294
1206     Category_028 <environment: 0x7fa14b106748>       138777
1207     Category_028 <environment: 0x7fa14b111cb8>       155203
1208     Category_028 <environment: 0x7fa14b119190>       160135
1209     Category_028 <environment: 0x7fa14b1227f0>       265867
1210     Category_028 <environment: 0x7fa14b12dd60>       215862
1211     Category_028 <environment: 0x7fa14b137158>       157108
1212     Category_028 <environment: 0x7fa14b1408d0>       341536
1213     Category_028 <environment: 0x7fa14b150518>       167008
1214     Category_028 <environment: 0x7fa14b15bac0>       316416
1215     Category_028 <environment: 0x7fa14b1653c0>       241622
1216     Category_028 <environment: 0x7fa14b171580>       258752
1217     Category_028 <environment: 0x7fa14b186f98>       206003
1218     Category_028 <environment: 0x7fa14b190ac8>       142290
1219     Category_028 <environment: 0x7fa14b19bee8>       189658
1220     Category_028 <environment: 0x7fa14b1a5af8>       205587
1221     Category_028 <environment: 0x7fa14b1bb938>       168690
1222     Category_028 <environment: 0x7fa14b1c2f98>        60576
1223     Category_028 <environment: 0x7fa14b1d1eb0>        77575
1224     Category_028 <environment: 0x7fa14b1f4a90>       188338
1225     Category_028 <environment: 0x7fa14b200da0>       738588
1226     Category_028 <environment: 0x7fa14b208ac8>       150392
1227     Category_028 <environment: 0x7fa14b213c48>       139888
1228     Category_028 <environment: 0x7fa14b21d318>       106548
1229     Category_028 <environment: 0x7fa14b225270>       177800
1230     Category_028 <environment: 0x7fa14b22e4e0>        65976
1231     Category_028 <environment: 0x7fa14b236278>       357609
1232     Category_028 <environment: 0x7fa14b243970>       195193
1233     Category_028 <environment: 0x7fa14b24d040>        88704
1234     Category_028 <environment: 0x7fa14b254ef0>       264795
1235     Category_028 <environment: 0x7fa14b25e828>        75082
1236     Category_028 <environment: 0x7fa14b2665c0>       148934
1237     Category_028 <environment: 0x7fa14b273eb0>       177147
1238     Category_028 <environment: 0x7fa14b27dac0>       154514
1239     Category_028 <environment: 0x7fa14b284f98>       109435
1240     Category_028 <environment: 0x7fa14b28e860>       238830
1241     Category_028 <environment: 0x7fa14b2d6898>       171944
1242     Category_028 <environment: 0x7fa14b2e36d0>       163344
1243     Category_028 <environment: 0x7fa14b2eaa20>       256200
1244     Category_028 <environment: 0x7fa14b2f5b30>       330083
1245     Category_028 <environment: 0x7fa14b2feeb8>       151900
1246     Category_028 <environment: 0x7fa14b3062b0>       264817
1247     Category_028 <environment: 0x7fa14b310e80>       308326
1248     Category_028 <environment: 0x7fa14b31d6d0>       220656
1249     Category_028 <environment: 0x7fa14b3245c0>       171359
1250     Category_028 <environment: 0x7fa14b330c50>       153836
1251     Category_028 <environment: 0x7fa14b33cb00>       175820
1252     Category_028 <environment: 0x7fa14b34b740>      1446679
1253     Category_028 <environment: 0x7fa14b352da0>        97059
1254     Category_028 <environment: 0x7fa14b35f580>       130215
1255     Category_028 <environment: 0x7fa14b3716d0>        57008
1256     Category_028 <environment: 0x7fa14b37f430>       171096
1257     Category_028 <environment: 0x7fa14b38a4e0>       147361
1258     Category_028 <environment: 0x7fa14b39c038>       141564
1259     Category_028 <environment: 0x7fa14b3a3b30>       186984
1260     Category_028 <environment: 0x7fa14b40b4a0>       169375
1261     Category_028 <environment: 0x7fa14b414550>        66572
1262     Category_028 <environment: 0x7fa14b41f858>        79122
1263     Category_028 <environment: 0x7fa14b42f270>        93545
1264     Category_028 <environment: 0x7fa14b438208>       413691
1265     Category_028 <environment: 0x7fa14b4452e0>        51509
1266     Category_028 <environment: 0x7fa14b44c908>       317813
1267     Category_028 <environment: 0x7fa14b458fd0>       193737
1268     Category_028 <environment: 0x7fa14b467f20>       285831
1269     Category_028 <environment: 0x7fa14b46ee10>        83444
1270     Category_028 <environment: 0x7fa14b4786a0>       213747
1271     Category_028 <environment: 0x7fa14b485430>       330586
1272     Category_028 <environment: 0x7fa14b48cac8>       110350
1273     Category_028 <environment: 0x7fa14b496780>       310205
1274     Category_028 <environment: 0x7fa14b4a1c10>       178177
1275     Category_028 <environment: 0x7fa14b4ab388>       154225
1276     Category_028 <environment: 0x7fa14b4b7040>       177296
1277     Category_028 <environment: 0x7fa14b4c4860>       219796
1278     Category_028 <environment: 0x7fa14b4cfb68>       115786
1279     Category_028 <environment: 0x7fa14b4d9580>       278813
1280     Category_028 <environment: 0x7fa14b4e0400>       536732
1281     Category_028 <environment: 0x7fa14b4eb430>       188817
1282     Category_028 <environment: 0x7fa14b4f4e48>       128373
1283     Category_028 <environment: 0x7fa14b4fc710>        81320
1284     Category_028 <environment: 0x7fa14b50fb30>       152737
1285     Category_028 <environment: 0x7fa14b518c50>        66329
1286     Category_028 <environment: 0x7fa14b5270b0>       504021
1287     Category_028 <environment: 0x7fa14b530c18>       264275
1288     Category_028 <environment: 0x7fa14b53d3f8>       138669
1289     Category_028 <environment: 0x7fa14b564e48>        76829
1290     Category_028 <environment: 0x7fa14b56c5c0>       659652
1291     Category_028 <environment: 0x7fa14b5795f0>        96980
1292     Category_028 <environment: 0x7fa14b585b30>        98551
1293     Category_028 <environment: 0x7fa14b58d388>       165424
1294     Category_028 <environment: 0x7fa14b5e8978>       389917
1295     Category_028 <environment: 0x7fa14b5f25f8>       123286
1296     Category_028 <environment: 0x7fa14b5fdba0>        96351
1297     Category_028 <environment: 0x7fa14b608d30>       103490
1298     Category_028 <environment: 0x7fa14b613e40>        88217
1299     Category_028 <environment: 0x7fa14b61fd28>       134483
[KILLED BY ORCHESTRATOR]
1300     Category_028 <environment: 0x7fa14b6272e0>       109488
1301     Category_028 <environment: 0x7fa14b6340a8>       160560
1302     Category_028 <environment: 0x7fa14b63ce80>       133733
1303     Category_028 <environment: 0x7fa14b64e320>        94802
1304     Category_028 <environment: 0x7fa14b659c48>        62418
1305     Category_028 <environment: 0x7fa14b6630e8>        10986
Evaluation error: Only strings can be converted to symbols.
