    Product_Category Date Order_Demand
1       Category_019 <NA>     13685930
2       Category_019 <NA>     14223951
3       Category_019 <NA>     13488881
4       Category_019 <NA>     10814476
5       Category_019 <NA>     17975601
6       Category_019 <NA>     21091853
7       Category_019 <NA>     14856372
8       Category_019 <NA>     17068654
9       Category_019 <NA>     19587845
10      Category_019 <NA>     19419962
11      Category_019 <NA>     13458086
12      Category_019 <NA>     11977347
13      Category_019 <NA>     17571590
14      Category_019 <NA>     16726125
15      Category_019 <NA>     12855956
16      Category_019 <NA>     15996266
17      Category_019 <NA>     15238812
18      Category_019 <NA>      8823136
19      Category_019 <NA>     20052897
20      Category_019 <NA>     15882371
21      Category_019 <NA>     16087036
22      Category_019 <NA>     15679670
23      Category_019 <NA>     15050629
24      Category_019 <NA>     18817202
25      Category_019 <NA>     16333569
26      Category_019 <NA>     15205455
27      Category_019 <NA>     23010987
28      Category_019 <NA>     14494486
29      Category_019 <NA>     13299365
30      Category_019 <NA>     17889242
31      Category_019 <NA>     16814998
32      Category_019 <NA>     14126358
33      Category_019 <NA>      7165404
34      Category_019 <NA>     15633962
35      Category_019 <NA>     14214282
36      Category_019 <NA>     15486407
37      Category_019 <NA>     14675314
38      Category_019 <NA>     10344153
39      Category_019 <NA>     11025308
40      Category_019 <NA>     16702645
41      Category_019 <NA>     15792184
42      Category_019 <NA>     14452364
43      Category_019 <NA>     13841909
44      Category_019 <NA>     15638775
45      Category_019 <NA>     16264749
46      Category_019 <NA>     11796153
47      Category_019 <NA>     11790010
48      Category_019 <NA>     18201288
49      Category_019 <NA>     18273160
50      Category_019 <NA>     15911228
51      Category_019 <NA>     13193435
52      Category_019 <NA>     12059483
53      Category_019 <NA>      7041563
54      Category_019 <NA>     18950215
55      Category_019 <NA>     16384554
[KILLED BY ORCHESTRATOR]
56      Category_019 <NA>     17163745
57      Category_019 <NA>     17247307
58      Category_019 <NA>     19217241
59      Category_019 <NA>     11547386
60      Category_019 <NA>     13732250
61      Category_019 <NA>     14555379
62      Category_019 <NA>     17954797
63      Category_019 <NA>     18792749
64      Category_019 <NA>     13421712
65      Category_019 <NA>     14387836
66      Category_019 <NA>     18811468
67      Category_019 <NA>     14135559
68      Category_019 <NA>     15831964
69      Category_019 <NA>     17814226
70      Category_019 <NA>     10764630
71      Category_019 <NA>     15364200
72      Category_019 <NA>     15833484
73      Category_019 <NA>     13131425
74      Category_019 <NA>     16655491
75      Category_019 <NA>     17984990
76      Category_019 <NA>     16211884
77      Category_019 <NA>     13480840
78      Category_019 <NA>     15552722
79      Category_019 <NA>     16010317
80      Category_019 <NA>     13054846
81      Category_019 <NA>     15270554
82      Category_019 <NA>     17970341
83      Category_019 <NA>     18549401
84      Category_019 <NA>     15289184
85      Category_019 <NA>      8598961
86      Category_019 <NA>     17660309
87      Category_019 <NA>     14353152
88      Category_019 <NA>     20360785
89      Category_019 <NA>     14889263
90      Category_019 <NA>     12212447
91      Category_019 <NA>     14992058
92      Category_019 <NA>     18127456
93      Category_019 <NA>     22898572
94      Category_019 <NA>     13371100
95      Category_019 <NA>     17328618
96      Category_019 <NA>     17664929
97      Category_019 <NA>     16705489
98      Category_019 <NA>     19894184
99      Category_019 <NA>     17644209
100     Category_019 <NA>     20513659
101     Category_019 <NA>     17764596
102     Category_019 <NA>     15948338
103     Category_019 <NA>     19421374
104     Category_019 <NA>     15883818
105     Category_019 <NA>      3823071
106     Category_019 <NA>     21350671
107     Category_019 <NA>     16191261
108     Category_019 <NA>     19654708
109     Category_019 <NA>     12843991
110     Category_019 <NA>     15506049
111     Category_019 <NA>     18605004
112     Category_019 <NA>     17535761
113     Category_019 <NA>     16418448
114     Category_019 <NA>     17574868
115     Category_019 <NA>     17392392
116     Category_019 <NA>     21297898
117     Category_019 <NA>     18926899
118     Category_019 <NA>     20717608
119     Category_019 <NA>     16240827
120     Category_019 <NA>     17808011
121     Category_019 <NA>     16263292
122     Category_019 <NA>     15736283
123     Category_019 <NA>     12847673
124     Category_019 <NA>     18222618
125     Category_019 <NA>     19300944
126     Category_019 <NA>     14305296
127     Category_019 <NA>     18679631
128     Category_019 <NA>     17553941
129     Category_019 <NA>     20339284
130     Category_019 <NA>     16641363
131     Category_019 <NA>     17844129
132     Category_019 <NA>     16065129
133     Category_019 <NA>     20009261
134     Category_019 <NA>     15786726
135     Category_019 <NA>     19664525
136     Category_019 <NA>     15290126
137     Category_019 <NA>      7480633
138     Category_019 <NA>     13754435
139     Category_019 <NA>     14402359
140     Category_019 <NA>     16925588
141     Category_019 <NA>     18871842
142     Category_019 <NA>     17919214
143     Category_019 <NA>     14599426
144     Category_019 <NA>     17401238
145     Category_019 <NA>     16152810
146     Category_019 <NA>     14752541
147     Category_019 <NA>     17209206
148     Category_019 <NA>     19104484
149     Category_019 <NA>     17641861
150     Category_019 <NA>     17795095
151     Category_019 <NA>     17593505
152     Category_019 <NA>     18745836
153     Category_019 <NA>     25166340
154     Category_019 <NA>     19292290
155     Category_019 <NA>     18539796
156     Category_019 <NA>     12851387
157     Category_019 <NA>      3190812
158     Category_019 <NA>     24389498
159     Category_019 <NA>     18032022
160     Category_019 <NA>     20183321
161     Category_019 <NA>     21924884
162     Category_019 <NA>     18824574
163     Category_019 <NA>     18487562
164     Category_019 <NA>     15709019
165     Category_019 <NA>     15812086
166     Category_019 <NA>     17741885
167     Category_019 <NA>     20796635
168     Category_019 <NA>     15768104
169     Category_019 <NA>     21000341
170     Category_019 <NA>     21279928
171     Category_019 <NA>     15496156
172     Category_019 <NA>     15304333
173     Category_019 <NA>     19363538
174     Category_019 <NA>     15527758
175     Category_019 <NA>     12662589
176     Category_019 <NA>     16339273
177     Category_019 <NA>     20023111
178     Category_019 <NA>     16285277
179     Category_019 <NA>     15747828
180     Category_019 <NA>     17500917
181     Category_019 <NA>     17203942
182     Category_019 <NA>     17706355
183     Category_019 <NA>     25211183
184     Category_019 <NA>     14933777
185     Category_019 <NA>     19638789
186     Category_019 <NA>     16744063
187     Category_019 <NA>     20282635
188     Category_019 <NA>     20701464
189     Category_019 <NA>      7993991
190     Category_019 <NA>     19998267
191     Category_019 <NA>     14620684
192     Category_019 <NA>     21011304
193     Category_019 <NA>     19276603
194     Category_019 <NA>     14493115
195     Category_019 <NA>      9469484
196     Category_019 <NA>     19168283
197     Category_019 <NA>     20262454
198     Category_019 <NA>     15761527
199     Category_019 <NA>     15435767
200     Category_019 <NA>     15797656
201     Category_019 <NA>     14432907
202     Category_019 <NA>     15567490
203     Category_019 <NA>     16954444
204     Category_019 <NA>     14039200
205     Category_019 <NA>     18149258
206     Category_019 <NA>     19085739
207     Category_019 <NA>     17385033
208     Category_019 <NA>     14239107
209     Category_019 <NA>      7350998
210     Category_019 <NA>     16914266
211     Category_019 <NA>     17439213
212     Category_019 <NA>     19041651
213     Category_019 <NA>     12308274
214     Category_019 <NA>     18963210
215     Category_019 <NA>     10464392
216     Category_019 <NA>     12611772
217     Category_019 <NA>     13670173
218     Category_019 <NA>     18570315
219     Category_019 <NA>     16047002
220     Category_019 <NA>     20168838
221     Category_019 <NA>     14117064
222     Category_019 <NA>     16351736
223     Category_019 <NA>     16298618
224     Category_019 <NA>     14419089
225     Category_019 <NA>     16363229
226     Category_019 <NA>     13405741
227     Category_019 <NA>      9636963
228     Category_019 <NA>     18456110
229     Category_019 <NA>     15869474
230     Category_019 <NA>     16641908
231     Category_019 <NA>     16012034
232     Category_019 <NA>     15142555
233     Category_019 <NA>     12011557
234     Category_019 <NA>     15573466
235     Category_019 <NA>     17800484
236     Category_019 <NA>     19060642
237     Category_019 <NA>     14469315
238     Category_019 <NA>     14626519
239     Category_019 <NA>     23214084
240     Category_019 <NA>     17691749
241     Category_019 <NA>     12022160
242     Category_019 <NA>     11480016
243     Category_019 <NA>     15421303
244     Category_019 <NA>     15245060
245     Category_019 <NA>     14014417
246     Category_019 <NA>     12774541
247     Category_019 <NA>     11545493
248     Category_019 <NA>     19288874
249     Category_019 <NA>     14267335
250     Category_019 <NA>     17711158
251     Category_019 <NA>     18111904
252     Category_019 <NA>     16125720
253     Category_019 <NA>     15478625
254     Category_019 <NA>     17939514
255     Category_019 <NA>     16303251
256     Category_019 <NA>     17053998
257     Category_019 <NA>     20253370
258     Category_019 <NA>     18314466
259     Category_019 <NA>     16450229
260     Category_019 <NA>     15482871
261     Category_019 <NA>      7239676
Evaluation error: Problem with `filter()` input `..1`.
[31mx[39m missing value where TRUE/FALSE needed
[34mℹ[39m Input `..1` is `Date %>% between_time("start", idx[1] %+time% period)`..
