    Product_Category       Date Order_Demand
1       Category_019 2012-01-01     13685930
2       Category_019 2012-01-08     14223951
3       Category_019 2012-01-15     13488881
4       Category_019 2012-01-22     10814476
5       Category_019 2012-01-29     17975601
6       Category_019 2012-02-05     21091853
7       Category_019 2012-02-12     14856372
8       Category_019 2012-02-19     17068654
9       Category_019 2012-02-26     19587845
10      Category_019 2012-03-04     19419962
11      Category_019 2012-03-11     13458086
12      Category_019 2012-03-18     11977347
13      Category_019 2012-03-25     17571590
14      Category_019 2012-04-01     16726125
15      Category_019 2012-04-08     12855956
16      Category_019 2012-04-15     15996266
17      Category_019 2012-04-22     15238812
18      Category_019 2012-04-29      8823136
19      Category_019 2012-05-06     20052897
20      Category_019 2012-05-13     15882371
21      Category_019 2012-05-20     16087036
22      Category_019 2012-05-27     15679670
23      Category_019 2012-06-03     15050629
24      Category_019 2012-06-10     18817202
25      Category_019 2012-06-17     16333569
26      Category_019 2012-06-24     15205455
27      Category_019 2012-07-01     23010987
28      Category_019 2012-07-08     14494486
29      Category_019 2012-07-15     13299365
30      Category_019 2012-07-22     17889242
31      Category_019 2012-07-29     16814998
32      Category_019 2012-08-05     14126358
33      Category_019 2012-08-12      7165404
34      Category_019 2012-08-19     15633962
35      Category_019 2012-08-26     14214282
36      Category_019 2012-09-02     15486407
37      Category_019 2012-09-09     14675314
38      Category_019 2012-09-16     10344153
39      Category_019 2012-09-23     11025308
40      Category_019 2012-09-30     16702645
41      Category_019 2012-10-07     15792184
42      Category_019 2012-10-14     14452364
43      Category_019 2012-10-21     13841909
44      Category_019 2012-10-28     15638775
45      Category_019 2012-11-04     16264749
46      Category_019 2012-11-11     11796153
47      Category_019 2012-11-18     11790010
48      Category_019 2012-11-25     18201288
49      Category_019 2012-12-02     18273160
50      Category_019 2012-12-09     15911228
51      Category_019 2012-12-16     13193435
52      Category_019 2012-12-23     12059483
53      Category_019 2012-12-30      7041563
54      Category_019 2013-01-06     18950215
55      Category_019 2013-01-13     16384554
56      Category_019 2013-01-20     17163745
57      Category_019 2013-01-27     17247307
58      Category_019 2013-02-03     19217241
59      Category_019 2013-02-10     11547386
60      Category_019 2013-02-17     13732250
61      Category_019 2013-02-24     14555379
62      Category_019 2013-03-03     17954797
63      Category_019 2013-03-10     18792749
64      Category_019 2013-03-17     13421712
65      Category_019 2013-03-24     14387836
66      Category_019 2013-03-31     18811468
67      Category_019 2013-04-07     14135559
68      Category_019 2013-04-14     15831964
69      Category_019 2013-04-21     17814226
70      Category_019 2013-04-28     10764630
71      Category_019 2013-05-05     15364200
72      Category_019 2013-05-12     15833484
73      Category_019 2013-05-19     13131425
74      Category_019 2013-05-26     16655491
75      Category_019 2013-06-02     17984990
76      Category_019 2013-06-09     16211884
77      Category_019 2013-06-16     13480840
78      Category_019 2013-06-23     15552722
79      Category_019 2013-06-30     16010317
80      Category_019 2013-07-07     13054846
81      Category_019 2013-07-14     15270554
82      Category_019 2013-07-21     17970341
83      Category_019 2013-07-28     18549401
84      Category_019 2013-08-04     15289184
85      Category_019 2013-08-11      8598961
86      Category_019 2013-08-18     17660309
87      Category_019 2013-08-25     14353152
88      Category_019 2013-09-01     20360785
89      Category_019 2013-09-08     14889263
90      Category_019 2013-09-15     12212447
91      Category_019 2013-09-22     14992058
92      Category_019 2013-09-29     18127456
93      Category_019 2013-10-06     22898572
94      Category_019 2013-10-13     13371100
95      Category_019 2013-10-20     17328618
96      Category_019 2013-10-27     17664929
97      Category_019 2013-11-03     16705489
98      Category_019 2013-11-10     19894184
99      Category_019 2013-11-17     17644209
100     Category_019 2013-11-24     20513659
101     Category_019 2013-12-01     17764596
102     Category_019 2013-12-08     15948338
103     Category_019 2013-12-15     19421374
104     Category_019 2013-12-22     15883818
105     Category_019 2013-12-29      3823071
106     Category_019 2014-01-05     21350671
107     Category_019 2014-01-12     16191261
108     Category_019 2014-01-19     19654708
109     Category_019 2014-01-26     12843991
110     Category_019 2014-02-02     15506049
111     Category_019 2014-02-09     18605004
112     Category_019 2014-02-16     17535761
113     Category_019 2014-02-23     16418448
114     Category_019 2014-03-02     17574868
115     Category_019 2014-03-09     17392392
116     Category_019 2014-03-16     21297898
117     Category_019 2014-03-23     18926899
118     Category_019 2014-03-30     20717608
119     Category_019 2014-04-06     16240827
120     Category_019 2014-04-13     17808011
121     Category_019 2014-04-20     16263292
122     Category_019 2014-04-27     15736283
123     Category_019 2014-05-04     12847673
124     Category_019 2014-05-11     18222618
125     Category_019 2014-05-18     19300944
126     Category_019 2014-05-25     14305296
127     Category_019 2014-06-01     18679631
128     Category_019 2014-06-08     17553941
129     Category_019 2014-06-15     20339284
130     Category_019 2014-06-22     16641363
131     Category_019 2014-06-29     17844129
132     Category_019 2014-07-06     16065129
133     Category_019 2014-07-13     20009261
134     Category_019 2014-07-20     15786726
135     Category_019 2014-07-27     19664525
136     Category_019 2014-08-03     15290126
137     Category_019 2014-08-10      7480633
138     Category_019 2014-08-17     13754435
139     Category_019 2014-08-24     14402359
140     Category_019 2014-08-31     16925588
141     Category_019 2014-09-07     18871842
142     Category_019 2014-09-14     17919214
143     Category_019 2014-09-21     14599426
144     Category_019 2014-09-28     17401238
145     Category_019 2014-10-05     16152810
146     Category_019 2014-10-12     14752541
147     Category_019 2014-10-19     17209206
148     Category_019 2014-10-26     19104484
149     Category_019 2014-11-02     17641861
150     Category_019 2014-11-09     17795095
151     Category_019 2014-11-16     17593505
152     Category_019 2014-11-23     18745836
153     Category_019 2014-11-30     25166340
154     Category_019 2014-12-07     19292290
155     Category_019 2014-12-14     18539796
156     Category_019 2014-12-21     12851387
157     Category_019 2014-12-28      3190812
158     Category_019 2015-01-04     24389498
159     Category_019 2015-01-11     18032022
160     Category_019 2015-01-18     20183321
161     Category_019 2015-01-25     21924884
162     Category_019 2015-02-01     18824574
163     Category_019 2015-02-08     18487562
164     Category_019 2015-02-15     15709019
165     Category_019 2015-02-22     15812086
166     Category_019 2015-03-01     17741885
167     Category_019 2015-03-08     20796635
168     Category_019 2015-03-15     15768104
169     Category_019 2015-03-22     21000341
170     Category_019 2015-03-29     21279928
171     Category_019 2015-04-05     15496156
172     Category_019 2015-04-12     15304333
173     Category_019 2015-04-19     19363538
174     Category_019 2015-04-26     15527758
175     Category_019 2015-05-03     12662589
176     Category_019 2015-05-10     16339273
177     Category_019 2015-05-17     20023111
178     Category_019 2015-05-24     16285277
179     Category_019 2015-05-31     15747828
180     Category_019 2015-06-07     17500917
181     Category_019 2015-06-14     17203942
182     Category_019 2015-06-21     17706355
183     Category_019 2015-06-28     25211183
184     Category_019 2015-07-05     14933777
185     Category_019 2015-07-12     19638789
186     Category_019 2015-07-19     16744063
187     Category_019 2015-07-26     20282635
188     Category_019 2015-08-02     20701464
189     Category_019 2015-08-09      7993991
190     Category_019 2015-08-16     19998267
191     Category_019 2015-08-23     14620684
192     Category_019 2015-08-30     21011304
193     Category_019 2015-09-06     19276603
194     Category_019 2015-09-13     14493115
195     Category_019 2015-09-20      9469484
196     Category_019 2015-09-27     19168283
197     Category_019 2015-10-04     20262454
198     Category_019 2015-10-11     15761527
199     Category_019 2015-10-18     15435767
200     Category_019 2015-10-25     15797656
201     Category_019 2015-11-01     14432907
202     Category_019 2015-11-08     15567490
203     Category_019 2015-11-15     16954444
204     Category_019 2015-11-22     14039200
205     Category_019 2015-11-29     18149258
206     Category_019 2015-12-06     19085739
207     Category_019 2015-12-13     17385033
208     Category_019 2015-12-20     14239107
209     Category_019 2015-12-27      7350998
210     Category_019 2016-01-03     16914266
211     Category_019 2016-01-10     17439213
212     Category_019 2016-01-17     19041651
213     Category_019 2016-01-24     12308274
214     Category_019 2016-01-31     18963210
215     Category_019 2016-02-07     10464392
216     Category_019 2016-02-14     12611772
217     Category_019 2016-02-21     13670173
218     Category_019 2016-02-28     18570315
219     Category_019 2016-03-06     16047002
220     Category_019 2016-03-13     20168838
221     Category_019 2016-03-20     14117064
222     Category_019 2016-03-27     16351736
223     Category_019 2016-04-03     16298618
224     Category_019 2016-04-10     14419089
225     Category_019 2016-04-17     16363229
226     Category_019 2016-04-24     13405741
227     Category_019 2016-05-01      9636963
228     Category_019 2016-05-08     18456110
229     Category_019 2016-05-15     15869474
230     Category_019 2016-05-22     16641908
231     Category_019 2016-05-29     16012034
232     Category_019 2016-06-05     15142555
233     Category_019 2016-06-12     12011557
234     Category_019 2016-06-19     15573466
235     Category_019 2016-06-26     17800484
236     Category_019 2016-07-03     19060642
237     Category_019 2016-07-10     14469315
238     Category_019 2016-07-17     14626519
239     Category_019 2016-07-24     23214084
240     Category_019 2016-07-31     17691749
241     Category_019 2016-08-07     12022160
242     Category_019 2016-08-14     11480016
243     Category_019 2016-08-21     15421303
244     Category_019 2016-08-28     15245060
245     Category_019 2016-09-04     14014417
246     Category_019 2016-09-11     12774541
247     Category_019 2016-09-18     11545493
248     Category_019 2016-09-25     19288874
249     Category_019 2016-10-02     14267335
250     Category_019 2016-10-09     17711158
251     Category_019 2016-10-16     18111904
252     Category_019 2016-10-23     16125720
253     Category_019 2016-10-30     15478625
254     Category_019 2016-11-06     17939514
255     Category_019 2016-11-13     16303251
256     Category_019 2016-11-20     17053998
257     Category_019 2016-11-27     20253370
258     Category_019 2016-12-04     18314466
259     Category_019 2016-12-11     16450229
260     Category_019 2016-12-18     15482871
261     Category_019 2016-12-25      7239676
