    Product_Category Date Order_Demand
1       Category_005 <NA>       385765
2       Category_005 <NA>       720685
3       Category_005 <NA>       901025
4       Category_005 <NA>       685745
5       Category_005 <NA>       727900
6       Category_005 <NA>       785800
7       Category_005 <NA>       743925
8       Category_005 <NA>       760275
9       Category_005 <NA>       810445
10      Category_005 <NA>       885165
11      Category_005 <NA>       734075
12      Category_005 <NA>       583270
13      Category_005 <NA>       618370
14      Category_005 <NA>       910275
15      Category_005 <NA>       484680
16      Category_005 <NA>       679055
17      Category_005 <NA>       533440
18      Category_005 <NA>       525240
19      Category_005 <NA>      1041150
20      Category_005 <NA>       695680
21      Category_005 <NA>       811530
22      Category_005 <NA>       581010
23      Category_005 <NA>       693625
24      Category_005 <NA>       885475
25      Category_005 <NA>       858765
26      Category_005 <NA>       621525
27      Category_005 <NA>       784970
28      Category_005 <NA>       670825
29      Category_005 <NA>       581370
30      Category_005 <NA>       653710
31      Category_005 <NA>       630345
32      Category_005 <NA>       745600
33      Category_005 <NA>       239425
34      Category_005 <NA>       772860
35      Category_005 <NA>       616000
36      Category_005 <NA>       834920
37      Category_005 <NA>       505820
38      Category_005 <NA>       592135
39      Category_005 <NA>       663525
40      Category_005 <NA>       849075
41      Category_005 <NA>       381605
42      Category_005 <NA>       555075
43      Category_005 <NA>       623600
44      Category_005 <NA>       766500
45      Category_005 <NA>       713355
46      Category_005 <NA>       599350
47      Category_005 <NA>       492115
48      Category_005 <NA>       587635
49      Category_005 <NA>       735770
50      Category_005 <NA>       620375
51      Category_005 <NA>       623810
52      Category_005 <NA>       457900
53      Category_005 <NA>       311725
54      Category_005 <NA>       952125
55      Category_005 <NA>       558650
56      Category_005 <NA>       721015
57      Category_005 <NA>       637525
58      Category_005 <NA>       756895
59      Category_005 <NA>       382625
60      Category_005 <NA>       687740
61      Category_005 <NA>       592150
62      Category_005 <NA>       756270
63      Category_005 <NA>       761765
64      Category_005 <NA>       571575
65      Category_005 <NA>       757950
66      Category_005 <NA>       719875
67      Category_005 <NA>       509500
68      Category_005 <NA>       618375
69      Category_005 <NA>       545250
70      Category_005 <NA>       561670
71      Category_005 <NA>       571145
72      Category_005 <NA>       989625
73      Category_005 <NA>       798385
74      Category_005 <NA>       707080
75      Category_005 <NA>       789195
76      Category_005 <NA>       601700
77      Category_005 <NA>       611575
78      Category_005 <NA>       852550
79      Category_005 <NA>       740885
80      Category_005 <NA>       490890
81      Category_005 <NA>       677345
82      Category_005 <NA>       906450
83      Category_005 <NA>       730510
84      Category_005 <NA>       607195
85      Category_005 <NA>       377925
86      Category_005 <NA>       706000
87      Category_005 <NA>       945475
88      Category_005 <NA>       723350
89      Category_005 <NA>       791425
90      Category_005 <NA>       707000
91      Category_005 <NA>       691500
92      Category_005 <NA>       790325
93      Category_005 <NA>       599660
94      Category_005 <NA>       605050
95      Category_005 <NA>      1153275
96      Category_005 <NA>       610600
97      Category_005 <NA>       751525
98      Category_005 <NA>       602300
99      Category_005 <NA>       713775
100     Category_005 <NA>       662645
101     Category_005 <NA>       843720
102     Category_005 <NA>       911675
103     Category_005 <NA>       834775
104     Category_005 <NA>       557420
105     Category_005 <NA>       347800
106     Category_005 <NA>       903025
107     Category_005 <NA>      1074475
108     Category_005 <NA>       863510
109     Category_005 <NA>       681920
110     Category_005 <NA>       628550
111     Category_005 <NA>       630350
112     Category_005 <NA>       907145
113     Category_005 <NA>       769130
114     Category_005 <NA>       844475
115     Category_005 <NA>       832905
116     Category_005 <NA>       839365
117     Category_005 <NA>      1012535
118     Category_005 <NA>       757210
119     Category_005 <NA>       811170
120     Category_005 <NA>      1154225
121     Category_005 <NA>       607900
122     Category_005 <NA>       741775
123     Category_005 <NA>       689350
124     Category_005 <NA>       790950
125     Category_005 <NA>       872680
126     Category_005 <NA>       862070
127     Category_005 <NA>       788450
128     Category_005 <NA>       814910
129     Category_005 <NA>       869390
130     Category_005 <NA>       584370
131     Category_005 <NA>      1025675
132     Category_005 <NA>       879410
133     Category_005 <NA>       553650
134     Category_005 <NA>       639925
135     Category_005 <NA>       957875
136     Category_005 <NA>       742780
137     Category_005 <NA>       455550
138     Category_005 <NA>       966470
139     Category_005 <NA>       671025
140     Category_005 <NA>       761565
141     Category_005 <NA>       943040
142     Category_005 <NA>       849810
143     Category_005 <NA>       735695
144     Category_005 <NA>      1537490
145     Category_005 <NA>       733550
146     Category_005 <NA>       666000
147     Category_005 <NA>       863650
148     Category_005 <NA>      1138615
149     Category_005 <NA>       731050
150     Category_005 <NA>       864460
151     Category_005 <NA>      1246810
152     Category_005 <NA>      1177510
153     Category_005 <NA>       951850
154     Category_005 <NA>       907620
155     Category_005 <NA>      1007165
156     Category_005 <NA>       740970
157     Category_005 <NA>       400500
158     Category_005 <NA>      1447635
159     Category_005 <NA>      1953800
160     Category_005 <NA>       798735
161     Category_005 <NA>       665275
162     Category_005 <NA>      1009110
163     Category_005 <NA>      1339450
164     Category_005 <NA>      1204590
165     Category_005 <NA>      1158915
166     Category_005 <NA>       900045
167     Category_005 <NA>       972025
168     Category_005 <NA>       946140
169     Category_005 <NA>      1505760
170     Category_005 <NA>      1138650
171     Category_005 <NA>       860060
172     Category_005 <NA>       853400
173     Category_005 <NA>       804770
174     Category_005 <NA>       704060
175     Category_005 <NA>       487575
176     Category_005 <NA>       802210
177     Category_005 <NA>       758725
178     Category_005 <NA>       901875
179     Category_005 <NA>       703250
180     Category_005 <NA>       719010
181     Category_005 <NA>      1022580
182     Category_005 <NA>       617855
183     Category_005 <NA>       866850
184     Category_005 <NA>       617320
185     Category_005 <NA>       599645
186     Category_005 <NA>       962260
187     Category_005 <NA>      1013550
188     Category_005 <NA>       622545
189     Category_005 <NA>       267200
190     Category_005 <NA>      1139615
191     Category_005 <NA>       492135
192     Category_005 <NA>      1165380
193     Category_005 <NA>       543405
194     Category_005 <NA>       676350
195     Category_005 <NA>      1027085
196     Category_005 <NA>       758635
197     Category_005 <NA>       669950
198     Category_005 <NA>       838350
199     Category_005 <NA>       671845
200     Category_005 <NA>       911595
201     Category_005 <NA>       590225
202     Category_005 <NA>       558855
203     Category_005 <NA>      1192210
204     Category_005 <NA>       762810
205     Category_005 <NA>      1109400
206     Category_005 <NA>       860610
207     Category_005 <NA>       603960
208     Category_005 <NA>      1051625
209     Category_005 <NA>       409750
210     Category_005 <NA>      1110580
211     Category_005 <NA>       824430
212     Category_005 <NA>       843620
213     Category_005 <NA>       683975
214     Category_005 <NA>       742400
215     Category_005 <NA>       516160
216     Category_005 <NA>       898075
217     Category_005 <NA>       676730
218     Category_005 <NA>       975890
219     Category_005 <NA>       595100
220     Category_005 <NA>       866785
221     Category_005 <NA>       718500
222     Category_005 <NA>       933530
223     Category_005 <NA>       612525
224     Category_005 <NA>       768860
225     Category_005 <NA>       897450
226     Category_005 <NA>       731775
227     Category_005 <NA>       545700
228     Category_005 <NA>       715425
229     Category_005 <NA>       798760
230     Category_005 <NA>       830910
231     Category_005 <NA>       919825
232     Category_005 <NA>       456575
233     Category_005 <NA>       453330
234     Category_005 <NA>       672170
235     Category_005 <NA>       767600
236     Category_005 <NA>       503710
237     Category_005 <NA>       806500
238     Category_005 <NA>       445365
239     Category_005 <NA>       656650
240     Category_005 <NA>       599825
241     Category_005 <NA>       390200
242     Category_005 <NA>       850425
243     Category_005 <NA>       706975
244     Category_005 <NA>       876365
245     Category_005 <NA>       469325
246     Category_005 <NA>       620725
247     Category_005 <NA>       512075
248     Category_005 <NA>      1042875
249     Category_005 <NA>       689560
250     Category_005 <NA>       781300
251     Category_005 <NA>       770105
252     Category_005 <NA>       628510
253     Category_005 <NA>       844650
254     Category_005 <NA>       712875
255     Category_005 <NA>       817930
256     Category_005 <NA>       679960
257     Category_005 <NA>      1325895
258     Category_005 <NA>       717675
259     Category_005 <NA>       666700
260     Category_005 <NA>       702800
261     Category_005 <NA>       853100
Evaluation error: Problem with `filter()` input `..1`.
[31mx[39m missing value where TRUE/FALSE needed
[34mℹ[39m Input `..1` is `Date %>% between_time("start", idx[1] %+time% period)`..
