    Product_Category Date Order_Demand
1       Category_006 <NA>      1937725
2       Category_006 <NA>      1634534
3       Category_006 <NA>      1308601
4       Category_006 <NA>      1008368
5       Category_006 <NA>      1422566
6       Category_006 <NA>      2261507
7       Category_006 <NA>      1133425
8       Category_006 <NA>       999618
9       Category_006 <NA>      2366886
10      Category_006 <NA>      1561106
11      Category_006 <NA>      1366316
12      Category_006 <NA>       787024
13      Category_006 <NA>      1237146
14      Category_006 <NA>      1675824
15      Category_006 <NA>      1107213
16      Category_006 <NA>      1264628
17      Category_006 <NA>      1718522
18      Category_006 <NA>       912045
19      Category_006 <NA>      1262838
20      Category_006 <NA>      1535479
21      Category_006 <NA>      1672337
22      Category_006 <NA>      1418130
23      Category_006 <NA>      1876127
24      Category_006 <NA>      1086245
25      Category_006 <NA>      1628917
26      Category_006 <NA>       727843
27      Category_006 <NA>      1093364
28      Category_006 <NA>      1673245
29      Category_006 <NA>      1037428
30      Category_006 <NA>       662778
31      Category_006 <NA>      1458092
32      Category_006 <NA>      1585331
33      Category_006 <NA>       383023
34      Category_006 <NA>      1781166
35      Category_006 <NA>      1076225
36      Category_006 <NA>      1042868
37      Category_006 <NA>      1065933
38      Category_006 <NA>       801602
39      Category_006 <NA>      1224307
40      Category_006 <NA>      1287696
41      Category_006 <NA>       915554
42      Category_006 <NA>      1608873
43      Category_006 <NA>       890626
44      Category_006 <NA>      1162875
45      Category_006 <NA>      1243658
46      Category_006 <NA>      1184933
47      Category_006 <NA>       976428
48      Category_006 <NA>      1074729
49      Category_006 <NA>      1496366
50      Category_006 <NA>      1547527
51      Category_006 <NA>      1229810
52      Category_006 <NA>       387043
53      Category_006 <NA>       105960
54      Category_006 <NA>      2040012
55      Category_006 <NA>      1259511
56      Category_006 <NA>      1817145
57      Category_006 <NA>      1673778
58      Category_006 <NA>      1414756
59      Category_006 <NA>       642438
60      Category_006 <NA>      1393671
61      Category_006 <NA>      1164057
62      Category_006 <NA>      1965320
63      Category_006 <NA>      1465928
64      Category_006 <NA>      1481178
65      Category_006 <NA>       856947
66      Category_006 <NA>      1967026
67      Category_006 <NA>      1692845
68      Category_006 <NA>      1156922
69      Category_006 <NA>      2065942
70      Category_006 <NA>       977023
71      Category_006 <NA>      1832634
72      Category_006 <NA>      1449013
73      Category_006 <NA>      2129209
74      Category_006 <NA>      1388869
75      Category_006 <NA>      1620533
76      Category_006 <NA>      1628113
77      Category_006 <NA>       890289
78      Category_006 <NA>      1775656
79      Category_006 <NA>      1414814
80      Category_006 <NA>      1748235
81      Category_006 <NA>      1431249
82      Category_006 <NA>      2013066
83      Category_006 <NA>      2222782
84      Category_006 <NA>       911677
85      Category_006 <NA>       766589
86      Category_006 <NA>      1990704
87      Category_006 <NA>       985874
88      Category_006 <NA>      2819516
89      Category_006 <NA>      1519502
90      Category_006 <NA>      1114232
91      Category_006 <NA>      1409169
92      Category_006 <NA>      2502680
93      Category_006 <NA>      1887087
94      Category_006 <NA>      1234730
95      Category_006 <NA>      1702627
96      Category_006 <NA>      2594022
97      Category_006 <NA>      1290167
98      Category_006 <NA>      1686720
99      Category_006 <NA>      1952192
100     Category_006 <NA>      1411350
101     Category_006 <NA>      2320586
102     Category_006 <NA>      1179806
103     Category_006 <NA>      2216652
104     Category_006 <NA>      1058562
105     Category_006 <NA>       287600
106     Category_006 <NA>      2042312
107     Category_006 <NA>      1436523
108     Category_006 <NA>      1603942
109     Category_006 <NA>      1590625
110     Category_006 <NA>      1713154
111     Category_006 <NA>      1226771
112     Category_006 <NA>      1989813
113     Category_006 <NA>      1259072
114     Category_006 <NA>      1944088
115     Category_006 <NA>      1457191
116     Category_006 <NA>       995249
117     Category_006 <NA>      1792059
118     Category_006 <NA>      2380981
119     Category_006 <NA>      1502884
120     Category_006 <NA>      1230676
121     Category_006 <NA>      1263344
122     Category_006 <NA>      1772160
123     Category_006 <NA>      1303842
124     Category_006 <NA>      1320084
125     Category_006 <NA>      1030861
126     Category_006 <NA>      1291061
127     Category_006 <NA>      2394231
128     Category_006 <NA>      1505415
129     Category_006 <NA>       717524
130     Category_006 <NA>      1577452
131     Category_006 <NA>      1450397
132     Category_006 <NA>      1526419
133     Category_006 <NA>       836218
134     Category_006 <NA>      1411605
135     Category_006 <NA>       910460
136     Category_006 <NA>      1191560
137     Category_006 <NA>      1048705
138     Category_006 <NA>      1736478
139     Category_006 <NA>      1737965
140     Category_006 <NA>      2813870
141     Category_006 <NA>       928372
142     Category_006 <NA>      1614771
143     Category_006 <NA>      1337119
144     Category_006 <NA>      2467368
145     Category_006 <NA>      1291943
146     Category_006 <NA>      1506215
147     Category_006 <NA>      1005223
148     Category_006 <NA>      2439746
149     Category_006 <NA>      2270331
150     Category_006 <NA>      2180941
151     Category_006 <NA>      1861232
152     Category_006 <NA>      1158163
153     Category_006 <NA>      2733442
154     Category_006 <NA>      2193731
155     Category_006 <NA>      1639524
156     Category_006 <NA>      1089894
[KILLED BY ORCHESTRATOR]
157     Category_006 <NA>       406000
158     Category_006 <NA>      2461259
159     Category_006 <NA>      1508438
160     Category_006 <NA>      2802442
161     Category_006 <NA>      1447350
162     Category_006 <NA>      4145260
163     Category_006 <NA>      1524911
164     Category_006 <NA>      3198272
165     Category_006 <NA>      1231234
166     Category_006 <NA>      1687348
167     Category_006 <NA>      1972495
168     Category_006 <NA>      1987933
169     Category_006 <NA>      2819138
170     Category_006 <NA>      1995027
171     Category_006 <NA>      1451722
172     Category_006 <NA>      1776793
173     Category_006 <NA>      1986332
174     Category_006 <NA>       757132
175     Category_006 <NA>      1407730
176     Category_006 <NA>      1362333
177     Category_006 <NA>      1151710
178     Category_006 <NA>      1761340
179     Category_006 <NA>      2074883
180     Category_006 <NA>      1998276
181     Category_006 <NA>      1282669
182     Category_006 <NA>      1703088
183     Category_006 <NA>      2914253
184     Category_006 <NA>      1910954
185     Category_006 <NA>      1406728
186     Category_006 <NA>      1128144
187     Category_006 <NA>      2843076
188     Category_006 <NA>      2587637
189     Category_006 <NA>       330609
190     Category_006 <NA>      1149263
191     Category_006 <NA>      2705903
192     Category_006 <NA>      1658982
193     Category_006 <NA>      1654774
194     Category_006 <NA>      1006349
195     Category_006 <NA>      1129113
196     Category_006 <NA>      1558462
197     Category_006 <NA>      1528723
198     Category_006 <NA>      1724510
199     Category_006 <NA>      1227210
200     Category_006 <NA>      1537935
201     Category_006 <NA>      2734378
202     Category_006 <NA>      1686828
203     Category_006 <NA>       978346
204     Category_006 <NA>      1494229
205     Category_006 <NA>      2672075
206     Category_006 <NA>      2052043
207     Category_006 <NA>      1177765
208     Category_006 <NA>      1317446
209     Category_006 <NA>       462453
210     Category_006 <NA>      2343788
211     Category_006 <NA>       857697
212     Category_006 <NA>      1112724
213     Category_006 <NA>      1079685
214     Category_006 <NA>      2963296
215     Category_006 <NA>      1595933
216     Category_006 <NA>      1164216
217     Category_006 <NA>      1304127
218     Category_006 <NA>      1529225
219     Category_006 <NA>      1028654
220     Category_006 <NA>      1149581
221     Category_006 <NA>      2711928
222     Category_006 <NA>      1102023
223     Category_006 <NA>      1737732
224     Category_006 <NA>      1893642
225     Category_006 <NA>      1215922
226     Category_006 <NA>       993844
227     Category_006 <NA>      1285515
228     Category_006 <NA>      1621907
229     Category_006 <NA>      1826965
230     Category_006 <NA>      2108556
231     Category_006 <NA>      1687945
232     Category_006 <NA>       798938
233     Category_006 <NA>      1860921
234     Category_006 <NA>      1986480
235     Category_006 <NA>      2864007
236     Category_006 <NA>      1395109
237     Category_006 <NA>      1913008
238     Category_006 <NA>      1111038
239     Category_006 <NA>      1174665
240     Category_006 <NA>      2433578
241     Category_006 <NA>       756605
242     Category_006 <NA>      1294216
243     Category_006 <NA>      1160836
244     Category_006 <NA>      1551352
245     Category_006 <NA>      2208616
246     Category_006 <NA>       789725
247     Category_006 <NA>      1259473
248     Category_006 <NA>      1495920
249     Category_006 <NA>      1834473
250     Category_006 <NA>      1604188
251     Category_006 <NA>      1395921
252     Category_006 <NA>      1165121
253     Category_006 <NA>      1339812
254     Category_006 <NA>      2172476
255     Category_006 <NA>      2262829
256     Category_006 <NA>       871730
257     Category_006 <NA>      3641728
258     Category_006 <NA>      2442216
259     Category_006 <NA>       947865
260     Category_006 <NA>       870803
261     Category_006 <NA>       664712
Evaluation error: Problem with `filter()` input `..1`.
[31mx[39m missing value where TRUE/FALSE needed
[34mℹ[39m Input `..1` is `Date %>% between_time("start", idx[1] %+time% period)`..
